[0.372s] Invoking command in '/home/otete/colcon_ws_controller/src/hello': PYTHONPATH=/home/otete/colcon_ws_controller/build/hello/prefix_override:/home/otete/colcon_ws_controller/install/hello/lib/python3.10/site-packages:${PYTHONPATH} /usr/bin/python3 -W ignore:setup.py install is deprecated setup.py egg_info --egg-base ../../build/hello build --build-base /home/otete/colcon_ws_controller/build/hello/build install --record /home/otete/colcon_ws_controller/build/hello/install.log --single-version-externally-managed install_data
[0.525s] running egg_info
[0.525s] writing ../../build/hello/hello.egg-info/PKG-INFO
[0.525s] writing dependency_links to ../../build/hello/hello.egg-info/dependency_links.txt
[0.526s] writing entry points to ../../build/hello/hello.egg-info/entry_points.txt
[0.526s] writing requirements to ../../build/hello/hello.egg-info/requires.txt
[0.526s] writing top-level names to ../../build/hello/hello.egg-info/top_level.txt
[0.526s] reading manifest file '../../build/hello/hello.egg-info/SOURCES.txt'
[0.527s] writing manifest file '../../build/hello/hello.egg-info/SOURCES.txt'
[0.527s] running build
[0.527s] running build_py
[0.527s] copying hello/talker.py -> /home/otete/colcon_ws_controller/build/hello/build/lib/hello
[0.527s] running install
[0.528s] running install_lib
[0.528s] copying /home/otete/colcon_ws_controller/build/hello/build/lib/hello/talker.py -> /home/otete/colcon_ws_controller/install/hello/lib/python3.10/site-packages/hello
[0.528s] byte-compiling /home/otete/colcon_ws_controller/install/hello/lib/python3.10/site-packages/hello/talker.py to talker.cpython-310.pyc
[0.529s] Sorry: TabError: inconsistent use of tabs and spaces in indentation (talker.py, line 22)
[0.529s] running install_data
[0.529s] running install_egg_info
[0.530s] removing '/home/otete/colcon_ws_controller/install/hello/lib/python3.10/site-packages/hello-0.0.0-py3.10.egg-info' (and everything under it)
[0.530s] Copying ../../build/hello/hello.egg-info to /home/otete/colcon_ws_controller/install/hello/lib/python3.10/site-packages/hello-0.0.0-py3.10.egg-info
[0.530s] running install_scripts
[0.545s] Installing listener script to /home/otete/colcon_ws_controller/install/hello/lib/hello
[0.546s] Installing talker script to /home/otete/colcon_ws_controller/install/hello/lib/hello
[0.546s] writing list of installed files to '/home/otete/colcon_ws_controller/build/hello/install.log'
[0.561s] Invoked command in '/home/otete/colcon_ws_controller/src/hello' returned '0': PYTHONPATH=/home/otete/colcon_ws_controller/build/hello/prefix_override:/home/otete/colcon_ws_controller/install/hello/lib/python3.10/site-packages:${PYTHONPATH} /usr/bin/python3 -W ignore:setup.py install is deprecated setup.py egg_info --egg-base ../../build/hello build --build-base /home/otete/colcon_ws_controller/build/hello/build install --record /home/otete/colcon_ws_controller/build/hello/install.log --single-version-externally-managed install_data
