[0.390s] Invoking command in '/home/otete/colcon_ws_controller/src/hello': PYTHONPATH=/home/otete/colcon_ws_controller/build/hello/prefix_override:/home/otete/colcon_ws_controller/install/hello/lib/python3.10/site-packages:${PYTHONPATH} /usr/bin/python3 -W ignore:setup.py install is deprecated setup.py egg_info --egg-base ../../build/hello build --build-base /home/otete/colcon_ws_controller/build/hello/build install --record /home/otete/colcon_ws_controller/build/hello/install.log --single-version-externally-managed install_data
[0.552s] running egg_info
[0.552s] writing ../../build/hello/hello.egg-info/PKG-INFO
[0.552s] writing dependency_links to ../../build/hello/hello.egg-info/dependency_links.txt
[0.552s] writing entry points to ../../build/hello/hello.egg-info/entry_points.txt
[0.553s] writing requirements to ../../build/hello/hello.egg-info/requires.txt
[0.553s] writing top-level names to ../../build/hello/hello.egg-info/top_level.txt
[0.554s] reading manifest file '../../build/hello/hello.egg-info/SOURCES.txt'
[0.554s] writing manifest file '../../build/hello/hello.egg-info/SOURCES.txt'
[0.555s] running build
[0.555s] running build_py
[0.555s] running install
[0.555s] running install_lib
[0.556s] byte-compiling /home/otete/colcon_ws_controller/install/hello/lib/python3.10/site-packages/hello/talker.py to talker.cpython-310.pyc
[0.556s] Sorry: TabError: inconsistent use of tabs and spaces in indentation (talker.py, line 22)
[0.556s] running install_data
[0.556s] running install_egg_info
[0.557s] removing '/home/otete/colcon_ws_controller/install/hello/lib/python3.10/site-packages/hello-0.0.0-py3.10.egg-info' (and everything under it)
[0.558s] Copying ../../build/hello/hello.egg-info to /home/otete/colcon_ws_controller/install/hello/lib/python3.10/site-packages/hello-0.0.0-py3.10.egg-info
[0.558s] running install_scripts
[0.574s] Installing listener script to /home/otete/colcon_ws_controller/install/hello/lib/hello
[0.574s] Installing talker script to /home/otete/colcon_ws_controller/install/hello/lib/hello
[0.574s] writing list of installed files to '/home/otete/colcon_ws_controller/build/hello/install.log'
[0.590s] Invoked command in '/home/otete/colcon_ws_controller/src/hello' returned '0': PYTHONPATH=/home/otete/colcon_ws_controller/build/hello/prefix_override:/home/otete/colcon_ws_controller/install/hello/lib/python3.10/site-packages:${PYTHONPATH} /usr/bin/python3 -W ignore:setup.py install is deprecated setup.py egg_info --egg-base ../../build/hello build --build-base /home/otete/colcon_ws_controller/build/hello/build install --record /home/otete/colcon_ws_controller/build/hello/install.log --single-version-externally-managed install_data
