[0.154s] Invoking command in '/home/otete/topic_communication_with_ps4controller/build/hello_interfaces': CMAKE_PREFIX_PATH=/opt/ros/humble /usr/bin/cmake --build /home/otete/topic_communication_with_ps4controller/build/hello_interfaces -- -j16 -l16
[0.178s] [35m[1mConsolidate compiler generated dependencies of target hello_interfaces__rosidl_generator_c[0m
[0.184s] [  3%] Built target hello_interfaces__cpp
[0.184s] [ 12%] Built target hello_interfaces__rosidl_generator_c
[0.190s] [35m[1mConsolidate compiler generated dependencies of target hello_interfaces__rosidl_typesupport_fastrtps_cpp[0m
[0.190s] [35m[1mConsolidate compiler generated dependencies of target hello_interfaces__rosidl_typesupport_introspection_cpp[0m
[0.190s] [35m[1mConsolidate compiler generated dependencies of target hello_interfaces__rosidl_typesupport_fastrtps_c[0m
[0.192s] [ 12%] Built target ament_cmake_python_copy_hello_interfaces
[0.194s] [35m[1mConsolidate compiler generated dependencies of target hello_interfaces__rosidl_typesupport_cpp[0m
[0.197s] [ 29%] Built target hello_interfaces__rosidl_typesupport_introspection_cpp
[0.198s] [ 32%] Built target hello_interfaces__rosidl_typesupport_fastrtps_cpp
[0.198s] [35m[1mConsolidate compiler generated dependencies of target hello_interfaces__rosidl_typesupport_introspection_c[0m
[0.201s] [ 41%] Built target hello_interfaces__rosidl_typesupport_fastrtps_c
[0.202s] [35m[1mConsolidate compiler generated dependencies of target hello_interfaces__rosidl_typesupport_c[0m
[0.203s] [ 51%] Built target hello_interfaces__rosidl_typesupport_cpp
[0.204s] [ 61%] Built target hello_interfaces__rosidl_typesupport_introspection_c
[0.209s] [ 70%] Built target hello_interfaces__rosidl_typesupport_c
[0.221s] [ 70%] Built target hello_interfaces
[0.234s] [ 74%] Built target hello_interfaces__py
[0.240s] [35m[1mConsolidate compiler generated dependencies of target hello_interfaces__rosidl_generator_py[0m
[0.248s] [ 80%] Built target hello_interfaces__rosidl_generator_py
[0.256s] [35m[1mConsolidate compiler generated dependencies of target hello_interfaces__rosidl_typesupport_fastrtps_c__pyext[0m
[0.259s] [35m[1mConsolidate compiler generated dependencies of target hello_interfaces__rosidl_typesupport_introspection_c__pyext[0m
[0.259s] [35m[1mConsolidate compiler generated dependencies of target hello_interfaces__rosidl_typesupport_c__pyext[0m
[0.265s] [ 87%] Built target hello_interfaces__rosidl_typesupport_fastrtps_c__pyext
[0.272s] [ 93%] Built target hello_interfaces__rosidl_typesupport_introspection_c__pyext
[0.273s] [100%] Built target hello_interfaces__rosidl_typesupport_c__pyext
[0.363s] running egg_info
[0.363s] writing hello_interfaces.egg-info/PKG-INFO
[0.364s] writing dependency_links to hello_interfaces.egg-info/dependency_links.txt
[0.364s] writing top-level names to hello_interfaces.egg-info/top_level.txt
[0.365s] reading manifest file 'hello_interfaces.egg-info/SOURCES.txt'
[0.366s] writing manifest file 'hello_interfaces.egg-info/SOURCES.txt'
[0.386s] [100%] Built target ament_cmake_python_build_hello_interfaces_egg
[0.394s] Invoked command in '/home/otete/topic_communication_with_ps4controller/build/hello_interfaces' returned '0': CMAKE_PREFIX_PATH=/opt/ros/humble /usr/bin/cmake --build /home/otete/topic_communication_with_ps4controller/build/hello_interfaces -- -j16 -l16
[0.439s] Invoking command in '/home/otete/topic_communication_with_ps4controller/build/hello_interfaces': CMAKE_PREFIX_PATH=/opt/ros/humble /usr/bin/cmake --install /home/otete/topic_communication_with_ps4controller/build/hello_interfaces
[0.445s] -- Install configuration: ""
[0.446s] -- Up-to-date: /home/otete/topic_communication_with_ps4controller/install/hello_interfaces/share/ament_index/resource_index/rosidl_interfaces/hello_interfaces
[0.446s] -- Up-to-date: /home/otete/topic_communication_with_ps4controller/install/hello_interfaces/include/hello_interfaces/hello_interfaces
[0.446s] -- Up-to-date: /home/otete/topic_communication_with_ps4controller/install/hello_interfaces/include/hello_interfaces/hello_interfaces/msg
[0.446s] -- Up-to-date: /home/otete/topic_communication_with_ps4controller/install/hello_interfaces/include/hello_interfaces/hello_interfaces/msg/detail
[0.446s] -- Up-to-date: /home/otete/topic_communication_with_ps4controller/install/hello_interfaces/include/hello_interfaces/hello_interfaces/msg/detail/my_string__functions.h
[0.446s] -- Up-to-date: /home/otete/topic_communication_with_ps4controller/install/hello_interfaces/include/hello_interfaces/hello_interfaces/msg/detail/my_string__functions.c
[0.446s] -- Up-to-date: /home/otete/topic_communication_with_ps4controller/install/hello_interfaces/include/hello_interfaces/hello_interfaces/msg/detail/my_string__type_support.h
[0.446s] -- Up-to-date: /home/otete/topic_communication_with_ps4controller/install/hello_interfaces/include/hello_interfaces/hello_interfaces/msg/detail/my_string__struct.h
[0.447s] -- Up-to-date: /home/otete/topic_communication_with_ps4controller/install/hello_interfaces/include/hello_interfaces/hello_interfaces/msg/rosidl_generator_c__visibility_control.h
[0.447s] -- Up-to-date: /home/otete/topic_communication_with_ps4controller/install/hello_interfaces/include/hello_interfaces/hello_interfaces/msg/my_string.h
[0.447s] -- Up-to-date: /home/otete/topic_communication_with_ps4controller/install/hello_interfaces/share/hello_interfaces/environment/library_path.sh
[0.447s] -- Up-to-date: /home/otete/topic_communication_with_ps4controller/install/hello_interfaces/share/hello_interfaces/environment/library_path.dsv
[0.447s] -- Up-to-date: /home/otete/topic_communication_with_ps4controller/install/hello_interfaces/lib/libhello_interfaces__rosidl_generator_c.so
[0.447s] -- Up-to-date: /home/otete/topic_communication_with_ps4controller/install/hello_interfaces/include/hello_interfaces/hello_interfaces
[0.447s] -- Up-to-date: /home/otete/topic_communication_with_ps4controller/install/hello_interfaces/include/hello_interfaces/hello_interfaces/msg
[0.447s] -- Up-to-date: /home/otete/topic_communication_with_ps4controller/install/hello_interfaces/include/hello_interfaces/hello_interfaces/msg/detail
[0.448s] -- Up-to-date: /home/otete/topic_communication_with_ps4controller/install/hello_interfaces/include/hello_interfaces/hello_interfaces/msg/detail/my_string__rosidl_typesupport_fastrtps_c.h
[0.448s] -- Up-to-date: /home/otete/topic_communication_with_ps4controller/install/hello_interfaces/include/hello_interfaces/hello_interfaces/msg/rosidl_typesupport_fastrtps_c__visibility_control.h
[0.448s] -- Up-to-date: /home/otete/topic_communication_with_ps4controller/install/hello_interfaces/lib/libhello_interfaces__rosidl_typesupport_fastrtps_c.so
[0.448s] -- Up-to-date: /home/otete/topic_communication_with_ps4controller/install/hello_interfaces/include/hello_interfaces/hello_interfaces
[0.448s] -- Up-to-date: /home/otete/topic_communication_with_ps4controller/install/hello_interfaces/include/hello_interfaces/hello_interfaces/msg
[0.448s] -- Up-to-date: /home/otete/topic_communication_with_ps4controller/install/hello_interfaces/include/hello_interfaces/hello_interfaces/msg/detail
[0.448s] -- Up-to-date: /home/otete/topic_communication_with_ps4controller/install/hello_interfaces/include/hello_interfaces/hello_interfaces/msg/detail/my_string__rosidl_typesupport_introspection_c.h
[0.448s] -- Up-to-date: /home/otete/topic_communication_with_ps4controller/install/hello_interfaces/include/hello_interfaces/hello_interfaces/msg/detail/my_string__type_support.c
[0.448s] -- Up-to-date: /home/otete/topic_communication_with_ps4controller/install/hello_interfaces/include/hello_interfaces/hello_interfaces/msg/rosidl_typesupport_introspection_c__visibility_control.h
[0.448s] -- Up-to-date: /home/otete/topic_communication_with_ps4controller/install/hello_interfaces/lib/libhello_interfaces__rosidl_typesupport_introspection_c.so
[0.449s] -- Up-to-date: /home/otete/topic_communication_with_ps4controller/install/hello_interfaces/lib/libhello_interfaces__rosidl_typesupport_c.so
[0.449s] -- Up-to-date: /home/otete/topic_communication_with_ps4controller/install/hello_interfaces/include/hello_interfaces/hello_interfaces
[0.449s] -- Up-to-date: /home/otete/topic_communication_with_ps4controller/install/hello_interfaces/include/hello_interfaces/hello_interfaces/msg
[0.449s] -- Up-to-date: /home/otete/topic_communication_with_ps4controller/install/hello_interfaces/include/hello_interfaces/hello_interfaces/msg/detail
[0.449s] -- Up-to-date: /home/otete/topic_communication_with_ps4controller/install/hello_interfaces/include/hello_interfaces/hello_interfaces/msg/detail/my_string__struct.hpp
[0.449s] -- Up-to-date: /home/otete/topic_communication_with_ps4controller/install/hello_interfaces/include/hello_interfaces/hello_interfaces/msg/detail/my_string__builder.hpp
[0.449s] -- Up-to-date: /home/otete/topic_communication_with_ps4controller/install/hello_interfaces/include/hello_interfaces/hello_interfaces/msg/detail/my_string__traits.hpp
[0.449s] -- Up-to-date: /home/otete/topic_communication_with_ps4controller/install/hello_interfaces/include/hello_interfaces/hello_interfaces/msg/my_string.hpp
[0.449s] -- Up-to-date: /home/otete/topic_communication_with_ps4controller/install/hello_interfaces/include/hello_interfaces/hello_interfaces
[0.449s] -- Up-to-date: /home/otete/topic_communication_with_ps4controller/install/hello_interfaces/include/hello_interfaces/hello_interfaces/msg
[0.449s] -- Up-to-date: /home/otete/topic_communication_with_ps4controller/install/hello_interfaces/include/hello_interfaces/hello_interfaces/msg/rosidl_typesupport_fastrtps_cpp__visibility_control.h
[0.449s] -- Up-to-date: /home/otete/topic_communication_with_ps4controller/install/hello_interfaces/include/hello_interfaces/hello_interfaces/msg/detail
[0.450s] -- Up-to-date: /home/otete/topic_communication_with_ps4controller/install/hello_interfaces/include/hello_interfaces/hello_interfaces/msg/detail/dds_fastrtps
[0.450s] -- Up-to-date: /home/otete/topic_communication_with_ps4controller/install/hello_interfaces/include/hello_interfaces/hello_interfaces/msg/detail/my_string__rosidl_typesupport_fastrtps_cpp.hpp
[0.450s] -- Up-to-date: /home/otete/topic_communication_with_ps4controller/install/hello_interfaces/lib/libhello_interfaces__rosidl_typesupport_fastrtps_cpp.so
[0.450s] -- Up-to-date: /home/otete/topic_communication_with_ps4controller/install/hello_interfaces/include/hello_interfaces/hello_interfaces
[0.450s] -- Up-to-date: /home/otete/topic_communication_with_ps4controller/install/hello_interfaces/include/hello_interfaces/hello_interfaces/msg
[0.450s] -- Up-to-date: /home/otete/topic_communication_with_ps4controller/install/hello_interfaces/include/hello_interfaces/hello_interfaces/msg/detail
[0.450s] -- Up-to-date: /home/otete/topic_communication_with_ps4controller/install/hello_interfaces/include/hello_interfaces/hello_interfaces/msg/detail/my_string__type_support.cpp
[0.450s] -- Up-to-date: /home/otete/topic_communication_with_ps4controller/install/hello_interfaces/include/hello_interfaces/hello_interfaces/msg/detail/my_string__rosidl_typesupport_introspection_cpp.hpp
[0.450s] -- Up-to-date: /home/otete/topic_communication_with_ps4controller/install/hello_interfaces/lib/libhello_interfaces__rosidl_typesupport_introspection_cpp.so
[0.450s] -- Up-to-date: /home/otete/topic_communication_with_ps4controller/install/hello_interfaces/lib/libhello_interfaces__rosidl_typesupport_cpp.so
[0.450s] -- Up-to-date: /home/otete/topic_communication_with_ps4controller/install/hello_interfaces/share/hello_interfaces/environment/pythonpath.sh
[0.451s] -- Up-to-date: /home/otete/topic_communication_with_ps4controller/install/hello_interfaces/share/hello_interfaces/environment/pythonpath.dsv
[0.451s] -- Up-to-date: /home/otete/topic_communication_with_ps4controller/install/hello_interfaces/local/lib/python3.10/dist-packages/hello_interfaces-0.0.0-py3.10.egg-info
[0.451s] -- Installing: /home/otete/topic_communication_with_ps4controller/install/hello_interfaces/local/lib/python3.10/dist-packages/hello_interfaces-0.0.0-py3.10.egg-info/PKG-INFO
[0.451s] -- Installing: /home/otete/topic_communication_with_ps4controller/install/hello_interfaces/local/lib/python3.10/dist-packages/hello_interfaces-0.0.0-py3.10.egg-info/top_level.txt
[0.451s] -- Installing: /home/otete/topic_communication_with_ps4controller/install/hello_interfaces/local/lib/python3.10/dist-packages/hello_interfaces-0.0.0-py3.10.egg-info/dependency_links.txt
[0.451s] -- Installing: /home/otete/topic_communication_with_ps4controller/install/hello_interfaces/local/lib/python3.10/dist-packages/hello_interfaces-0.0.0-py3.10.egg-info/SOURCES.txt
[0.451s] -- Up-to-date: /home/otete/topic_communication_with_ps4controller/install/hello_interfaces/local/lib/python3.10/dist-packages/hello_interfaces
[0.451s] -- Up-to-date: /home/otete/topic_communication_with_ps4controller/install/hello_interfaces/local/lib/python3.10/dist-packages/hello_interfaces/_hello_interfaces_s.ep.rosidl_typesupport_c.c
[0.451s] -- Up-to-date: /home/otete/topic_communication_with_ps4controller/install/hello_interfaces/local/lib/python3.10/dist-packages/hello_interfaces/hello_interfaces_s__rosidl_typesupport_fastrtps_c.cpython-310-x86_64-linux-gnu.so
[0.451s] -- Up-to-date: /home/otete/topic_communication_with_ps4controller/install/hello_interfaces/local/lib/python3.10/dist-packages/hello_interfaces/libhello_interfaces__rosidl_generator_py.so
[0.451s] -- Up-to-date: /home/otete/topic_communication_with_ps4controller/install/hello_interfaces/local/lib/python3.10/dist-packages/hello_interfaces/hello_interfaces_s__rosidl_typesupport_introspection_c.cpython-310-x86_64-linux-gnu.so
[0.452s] -- Up-to-date: /home/otete/topic_communication_with_ps4controller/install/hello_interfaces/local/lib/python3.10/dist-packages/hello_interfaces/hello_interfaces_s__rosidl_typesupport_c.cpython-310-x86_64-linux-gnu.so
[0.452s] -- Up-to-date: /home/otete/topic_communication_with_ps4controller/install/hello_interfaces/local/lib/python3.10/dist-packages/hello_interfaces/__init__.py
[0.452s] -- Up-to-date: /home/otete/topic_communication_with_ps4controller/install/hello_interfaces/local/lib/python3.10/dist-packages/hello_interfaces/_hello_interfaces_s.ep.rosidl_typesupport_fastrtps_c.c
[0.452s] -- Up-to-date: /home/otete/topic_communication_with_ps4controller/install/hello_interfaces/local/lib/python3.10/dist-packages/hello_interfaces/msg
[0.452s] -- Up-to-date: /home/otete/topic_communication_with_ps4controller/install/hello_interfaces/local/lib/python3.10/dist-packages/hello_interfaces/msg/_my_string_s.c
[0.452s] -- Up-to-date: /home/otete/topic_communication_with_ps4controller/install/hello_interfaces/local/lib/python3.10/dist-packages/hello_interfaces/msg/_my_string.py
[0.452s] -- Up-to-date: /home/otete/topic_communication_with_ps4controller/install/hello_interfaces/local/lib/python3.10/dist-packages/hello_interfaces/msg/__init__.py
[0.452s] -- Up-to-date: /home/otete/topic_communication_with_ps4controller/install/hello_interfaces/local/lib/python3.10/dist-packages/hello_interfaces/_hello_interfaces_s.ep.rosidl_typesupport_introspection_c.c
[0.473s] Listing '/home/otete/topic_communication_with_ps4controller/install/hello_interfaces/local/lib/python3.10/dist-packages/hello_interfaces'...
[0.473s] Listing '/home/otete/topic_communication_with_ps4controller/install/hello_interfaces/local/lib/python3.10/dist-packages/hello_interfaces/msg'...
[0.476s] -- Up-to-date: /home/otete/topic_communication_with_ps4controller/install/hello_interfaces/local/lib/python3.10/dist-packages/hello_interfaces/hello_interfaces_s__rosidl_typesupport_fastrtps_c.cpython-310-x86_64-linux-gnu.so
[0.477s] -- Up-to-date: /home/otete/topic_communication_with_ps4controller/install/hello_interfaces/local/lib/python3.10/dist-packages/hello_interfaces/hello_interfaces_s__rosidl_typesupport_introspection_c.cpython-310-x86_64-linux-gnu.so
[0.477s] -- Up-to-date: /home/otete/topic_communication_with_ps4controller/install/hello_interfaces/local/lib/python3.10/dist-packages/hello_interfaces/hello_interfaces_s__rosidl_typesupport_c.cpython-310-x86_64-linux-gnu.so
[0.477s] -- Up-to-date: /home/otete/topic_communication_with_ps4controller/install/hello_interfaces/lib/libhello_interfaces__rosidl_generator_py.so
[0.478s] -- Up-to-date: /home/otete/topic_communication_with_ps4controller/install/hello_interfaces/share/hello_interfaces/msg/MyString.idl
[0.478s] -- Up-to-date: /home/otete/topic_communication_with_ps4controller/install/hello_interfaces/share/hello_interfaces/msg/MyString.msg
[0.478s] -- Up-to-date: /home/otete/topic_communication_with_ps4controller/install/hello_interfaces/share/ament_index/resource_index/package_run_dependencies/hello_interfaces
[0.478s] -- Up-to-date: /home/otete/topic_communication_with_ps4controller/install/hello_interfaces/share/ament_index/resource_index/parent_prefix_path/hello_interfaces
[0.478s] -- Up-to-date: /home/otete/topic_communication_with_ps4controller/install/hello_interfaces/share/hello_interfaces/environment/ament_prefix_path.sh
[0.478s] -- Up-to-date: /home/otete/topic_communication_with_ps4controller/install/hello_interfaces/share/hello_interfaces/environment/ament_prefix_path.dsv
[0.478s] -- Up-to-date: /home/otete/topic_communication_with_ps4controller/install/hello_interfaces/share/hello_interfaces/environment/path.sh
[0.478s] -- Up-to-date: /home/otete/topic_communication_with_ps4controller/install/hello_interfaces/share/hello_interfaces/environment/path.dsv
[0.478s] -- Up-to-date: /home/otete/topic_communication_with_ps4controller/install/hello_interfaces/share/hello_interfaces/local_setup.bash
[0.478s] -- Up-to-date: /home/otete/topic_communication_with_ps4controller/install/hello_interfaces/share/hello_interfaces/local_setup.sh
[0.478s] -- Up-to-date: /home/otete/topic_communication_with_ps4controller/install/hello_interfaces/share/hello_interfaces/local_setup.zsh
[0.478s] -- Up-to-date: /home/otete/topic_communication_with_ps4controller/install/hello_interfaces/share/hello_interfaces/local_setup.dsv
[0.478s] -- Installing: /home/otete/topic_communication_with_ps4controller/install/hello_interfaces/share/hello_interfaces/package.dsv
[0.478s] -- Up-to-date: /home/otete/topic_communication_with_ps4controller/install/hello_interfaces/share/ament_index/resource_index/packages/hello_interfaces
[0.478s] -- Up-to-date: /home/otete/topic_communication_with_ps4controller/install/hello_interfaces/share/hello_interfaces/cmake/export_hello_interfaces__rosidl_generator_cExport.cmake
[0.478s] -- Up-to-date: /home/otete/topic_communication_with_ps4controller/install/hello_interfaces/share/hello_interfaces/cmake/export_hello_interfaces__rosidl_generator_cExport-noconfig.cmake
[0.478s] -- Up-to-date: /home/otete/topic_communication_with_ps4controller/install/hello_interfaces/share/hello_interfaces/cmake/export_hello_interfaces__rosidl_typesupport_fastrtps_cExport.cmake
[0.478s] -- Up-to-date: /home/otete/topic_communication_with_ps4controller/install/hello_interfaces/share/hello_interfaces/cmake/export_hello_interfaces__rosidl_typesupport_fastrtps_cExport-noconfig.cmake
[0.478s] -- Up-to-date: /home/otete/topic_communication_with_ps4controller/install/hello_interfaces/share/hello_interfaces/cmake/hello_interfaces__rosidl_typesupport_introspection_cExport.cmake
[0.478s] -- Up-to-date: /home/otete/topic_communication_with_ps4controller/install/hello_interfaces/share/hello_interfaces/cmake/hello_interfaces__rosidl_typesupport_introspection_cExport-noconfig.cmake
[0.478s] -- Up-to-date: /home/otete/topic_communication_with_ps4controller/install/hello_interfaces/share/hello_interfaces/cmake/hello_interfaces__rosidl_typesupport_cExport.cmake
[0.478s] -- Up-to-date: /home/otete/topic_communication_with_ps4controller/install/hello_interfaces/share/hello_interfaces/cmake/hello_interfaces__rosidl_typesupport_cExport-noconfig.cmake
[0.479s] -- Up-to-date: /home/otete/topic_communication_with_ps4controller/install/hello_interfaces/share/hello_interfaces/cmake/export_hello_interfaces__rosidl_generator_cppExport.cmake
[0.479s] -- Up-to-date: /home/otete/topic_communication_with_ps4controller/install/hello_interfaces/share/hello_interfaces/cmake/export_hello_interfaces__rosidl_typesupport_fastrtps_cppExport.cmake
[0.479s] -- Up-to-date: /home/otete/topic_communication_with_ps4controller/install/hello_interfaces/share/hello_interfaces/cmake/export_hello_interfaces__rosidl_typesupport_fastrtps_cppExport-noconfig.cmake
[0.479s] -- Up-to-date: /home/otete/topic_communication_with_ps4controller/install/hello_interfaces/share/hello_interfaces/cmake/hello_interfaces__rosidl_typesupport_introspection_cppExport.cmake
[0.479s] -- Up-to-date: /home/otete/topic_communication_with_ps4controller/install/hello_interfaces/share/hello_interfaces/cmake/hello_interfaces__rosidl_typesupport_introspection_cppExport-noconfig.cmake
[0.479s] -- Up-to-date: /home/otete/topic_communication_with_ps4controller/install/hello_interfaces/share/hello_interfaces/cmake/hello_interfaces__rosidl_typesupport_cppExport.cmake
[0.479s] -- Up-to-date: /home/otete/topic_communication_with_ps4controller/install/hello_interfaces/share/hello_interfaces/cmake/hello_interfaces__rosidl_typesupport_cppExport-noconfig.cmake
[0.479s] -- Up-to-date: /home/otete/topic_communication_with_ps4controller/install/hello_interfaces/share/hello_interfaces/cmake/export_hello_interfaces__rosidl_generator_pyExport.cmake
[0.479s] -- Up-to-date: /home/otete/topic_communication_with_ps4controller/install/hello_interfaces/share/hello_interfaces/cmake/export_hello_interfaces__rosidl_generator_pyExport-noconfig.cmake
[0.479s] -- Up-to-date: /home/otete/topic_communication_with_ps4controller/install/hello_interfaces/share/hello_interfaces/cmake/rosidl_cmake-extras.cmake
[0.479s] -- Up-to-date: /home/otete/topic_communication_with_ps4controller/install/hello_interfaces/share/hello_interfaces/cmake/ament_cmake_export_include_directories-extras.cmake
[0.479s] -- Up-to-date: /home/otete/topic_communication_with_ps4controller/install/hello_interfaces/share/hello_interfaces/cmake/ament_cmake_export_libraries-extras.cmake
[0.479s] -- Up-to-date: /home/otete/topic_communication_with_ps4controller/install/hello_interfaces/share/hello_interfaces/cmake/ament_cmake_export_targets-extras.cmake
[0.479s] -- Up-to-date: /home/otete/topic_communication_with_ps4controller/install/hello_interfaces/share/hello_interfaces/cmake/rosidl_cmake_export_typesupport_targets-extras.cmake
[0.479s] -- Up-to-date: /home/otete/topic_communication_with_ps4controller/install/hello_interfaces/share/hello_interfaces/cmake/ament_cmake_export_dependencies-extras.cmake
[0.479s] -- Up-to-date: /home/otete/topic_communication_with_ps4controller/install/hello_interfaces/share/hello_interfaces/cmake/rosidl_cmake_export_typesupport_libraries-extras.cmake
[0.479s] -- Up-to-date: /home/otete/topic_communication_with_ps4controller/install/hello_interfaces/share/hello_interfaces/cmake/hello_interfacesConfig.cmake
[0.479s] -- Up-to-date: /home/otete/topic_communication_with_ps4controller/install/hello_interfaces/share/hello_interfaces/cmake/hello_interfacesConfig-version.cmake
[0.479s] -- Up-to-date: /home/otete/topic_communication_with_ps4controller/install/hello_interfaces/share/hello_interfaces/package.xml
[0.480s] Invoked command in '/home/otete/topic_communication_with_ps4controller/build/hello_interfaces' returned '0': CMAKE_PREFIX_PATH=/opt/ros/humble /usr/bin/cmake --install /home/otete/topic_communication_with_ps4controller/build/hello_interfaces
