-- Found ament_cmake: 1.3.10 (/opt/ros/humble/share/ament_cmake/cmake)
-- Found rosidl_default_generators: 1.2.0 (/opt/ros/humble/share/rosidl_default_generators/cmake)
-- Using all available rosidl_typesupport_c: rosidl_typesupport_fastrtps_c;rosidl_typesupport_introspection_c
-- Found rosidl_adapter: 3.1.5 (/opt/ros/humble/share/rosidl_adapter/cmake)
-- Using all available rosidl_typesupport_cpp: rosidl_typesupport_fastrtps_cpp;rosidl_typesupport_introspection_cpp
-- Found ament_cmake_ros: 0.10.0 (/opt/ros/humble/share/ament_cmake_ros/cmake)
-- Using all available rosidl_typesupport_c: rosidl_typesupport_fastrtps_c;rosidl_typesupport_introspection_c
-- Using all available rosidl_typesupport_cpp: rosidl_typesupport_fastrtps_cpp;rosidl_typesupport_introspection_cpp
-- Found python_cmake_module: 0.10.0 (/opt/ros/humble/share/python_cmake_module/cmake)
-- Using PYTHON_EXECUTABLE: /usr/bin/python3
-- Using PYTHON_INCLUDE_DIRS: /usr/include/python3.10
-- Using PYTHON_LIBRARIES: /usr/lib/x86_64-linux-gnu/libpython3.10.so
-- Found ament_lint_auto: 0.12.11 (/opt/ros/humble/share/ament_lint_auto/cmake)
-- Added test 'lint_cmake' to check CMake code style
-- Added test 'xmllint' to check XML markup files
-- Configuring done
-- Generating done
-- Build files have been written to: /home/otete/topic_communication_with_ps4controller/build/hello_interfaces
[35m[1mConsolidate compiler generated dependencies of target hello_interfaces__rosidl_generator_c[0m
[  3%] Built target hello_interfaces__cpp
[  6%] [32m[1mLinking C shared library libhello_interfaces__rosidl_generator_c.so[0m
[  6%] Built target ament_cmake_python_copy_hello_interfaces
[35m[1mConsolidate compiler generated dependencies of target hello_interfaces__rosidl_typesupport_introspection_cpp[0m
[35m[1mConsolidate compiler generated dependencies of target hello_interfaces__rosidl_typesupport_fastrtps_cpp[0m
[35m[1mConsolidate compiler generated dependencies of target hello_interfaces__rosidl_typesupport_cpp[0m
[  9%] [32mBuilding CXX object CMakeFiles/hello_interfaces__rosidl_typesupport_introspection_cpp.dir/rosidl_typesupport_introspection_cpp/hello_interfaces/msg/detail/my_string__type_support.cpp.o[0m
[ 12%] [32mBuilding CXX object CMakeFiles/hello_interfaces__rosidl_typesupport_fastrtps_cpp.dir/rosidl_typesupport_fastrtps_cpp/hello_interfaces/msg/detail/dds_fastrtps/my_string__type_support.cpp.o[0m
[ 16%] [32mBuilding CXX object CMakeFiles/hello_interfaces__rosidl_typesupport_cpp.dir/rosidl_typesupport_cpp/hello_interfaces/msg/my_string__type_support.cpp.o[0m
[ 22%] Built target hello_interfaces__rosidl_generator_c
[35m[1mConsolidate compiler generated dependencies of target hello_interfaces__rosidl_typesupport_fastrtps_c[0m
[35m[1mConsolidate compiler generated dependencies of target hello_interfaces__rosidl_typesupport_c[0m
[35m[1mConsolidate compiler generated dependencies of target hello_interfaces__rosidl_typesupport_introspection_c[0m
[ 25%] [32mBuilding CXX object CMakeFiles/hello_interfaces__rosidl_typesupport_fastrtps_c.dir/rosidl_typesupport_fastrtps_c/hello_interfaces/msg/detail/my_string__type_support_c.cpp.o[0m
[ 29%] [32m[1mLinking C shared library libhello_interfaces__rosidl_typesupport_introspection_c.so[0m
[ 32%] [32m[1mLinking CXX shared library libhello_interfaces__rosidl_typesupport_c.so[0m
[ 38%] Built target hello_interfaces__rosidl_typesupport_introspection_c
[ 45%] Built target hello_interfaces__rosidl_typesupport_c
running egg_info
writing hello_interfaces.egg-info/PKG-INFO
writing dependency_links to hello_interfaces.egg-info/dependency_links.txt
writing top-level names to hello_interfaces.egg-info/top_level.txt
reading manifest file 'hello_interfaces.egg-info/SOURCES.txt'
writing manifest file 'hello_interfaces.egg-info/SOURCES.txt'
[ 45%] Built target ament_cmake_python_build_hello_interfaces_egg
[ 48%] [32m[1mLinking CXX shared library libhello_interfaces__rosidl_typesupport_cpp.so[0m
[ 51%] [32m[1mLinking CXX shared library libhello_interfaces__rosidl_typesupport_introspection_cpp.so[0m
[ 54%] [32m[1mLinking CXX shared library libhello_interfaces__rosidl_typesupport_fastrtps_cpp.so[0m
[ 58%] Built target hello_interfaces__rosidl_typesupport_cpp
[ 61%] Built target hello_interfaces__rosidl_typesupport_introspection_cpp
[ 64%] [32m[1mLinking CXX shared library libhello_interfaces__rosidl_typesupport_fastrtps_c.so[0m
[ 67%] Built target hello_interfaces__rosidl_typesupport_fastrtps_cpp
[ 70%] Built target hello_interfaces__rosidl_typesupport_fastrtps_c
[ 70%] Built target hello_interfaces
[ 74%] Built target hello_interfaces__py
[35m[1mConsolidate compiler generated dependencies of target hello_interfaces__rosidl_generator_py[0m
[ 77%] [32mBuilding C object CMakeFiles/hello_interfaces__rosidl_generator_py.dir/rosidl_generator_py/hello_interfaces/msg/_my_string_s.c.o[0m
[ 80%] [32m[1mLinking C shared library rosidl_generator_py/hello_interfaces/libhello_interfaces__rosidl_generator_py.so[0m
[ 80%] Built target hello_interfaces__rosidl_generator_py
[35m[1mConsolidate compiler generated dependencies of target hello_interfaces__rosidl_typesupport_introspection_c__pyext[0m
[35m[1mConsolidate compiler generated dependencies of target hello_interfaces__rosidl_typesupport_c__pyext[0m
[35m[1mConsolidate compiler generated dependencies of target hello_interfaces__rosidl_typesupport_fastrtps_c__pyext[0m
[ 87%] [32mBuilding C object CMakeFiles/hello_interfaces__rosidl_typesupport_introspection_c__pyext.dir/rosidl_generator_py/hello_interfaces/_hello_interfaces_s.ep.rosidl_typesupport_introspection_c.c.o[0m
[ 87%] [32mBuilding C object CMakeFiles/hello_interfaces__rosidl_typesupport_c__pyext.dir/rosidl_generator_py/hello_interfaces/_hello_interfaces_s.ep.rosidl_typesupport_c.c.o[0m
[ 90%] [32mBuilding C object CMakeFiles/hello_interfaces__rosidl_typesupport_fastrtps_c__pyext.dir/rosidl_generator_py/hello_interfaces/_hello_interfaces_s.ep.rosidl_typesupport_fastrtps_c.c.o[0m
[ 96%] [32m[1mLinking C shared library rosidl_generator_py/hello_interfaces/hello_interfaces_s__rosidl_typesupport_c.cpython-310-x86_64-linux-gnu.so[0m
[ 96%] [32m[1mLinking C shared library rosidl_generator_py/hello_interfaces/hello_interfaces_s__rosidl_typesupport_introspection_c.cpython-310-x86_64-linux-gnu.so[0m
[100%] [32m[1mLinking C shared library rosidl_generator_py/hello_interfaces/hello_interfaces_s__rosidl_typesupport_fastrtps_c.cpython-310-x86_64-linux-gnu.so[0m
[100%] Built target hello_interfaces__rosidl_typesupport_c__pyext
[100%] Built target hello_interfaces__rosidl_typesupport_introspection_c__pyext
[100%] Built target hello_interfaces__rosidl_typesupport_fastrtps_c__pyext
-- Install configuration: ""
-- Up-to-date: /home/otete/topic_communication_with_ps4controller/install/hello_interfaces/share/ament_index/resource_index/rosidl_interfaces/hello_interfaces
-- Up-to-date: /home/otete/topic_communication_with_ps4controller/install/hello_interfaces/include/hello_interfaces/hello_interfaces
-- Up-to-date: /home/otete/topic_communication_with_ps4controller/install/hello_interfaces/include/hello_interfaces/hello_interfaces/msg
-- Up-to-date: /home/otete/topic_communication_with_ps4controller/install/hello_interfaces/include/hello_interfaces/hello_interfaces/msg/detail
-- Up-to-date: /home/otete/topic_communication_with_ps4controller/install/hello_interfaces/include/hello_interfaces/hello_interfaces/msg/detail/my_string__functions.h
-- Up-to-date: /home/otete/topic_communication_with_ps4controller/install/hello_interfaces/include/hello_interfaces/hello_interfaces/msg/detail/my_string__functions.c
-- Up-to-date: /home/otete/topic_communication_with_ps4controller/install/hello_interfaces/include/hello_interfaces/hello_interfaces/msg/detail/my_string__type_support.h
-- Up-to-date: /home/otete/topic_communication_with_ps4controller/install/hello_interfaces/include/hello_interfaces/hello_interfaces/msg/detail/my_string__struct.h
-- Up-to-date: /home/otete/topic_communication_with_ps4controller/install/hello_interfaces/include/hello_interfaces/hello_interfaces/msg/rosidl_generator_c__visibility_control.h
-- Up-to-date: /home/otete/topic_communication_with_ps4controller/install/hello_interfaces/include/hello_interfaces/hello_interfaces/msg/my_string.h
-- Up-to-date: /home/otete/topic_communication_with_ps4controller/install/hello_interfaces/share/hello_interfaces/environment/library_path.sh
-- Installing: /home/otete/topic_communication_with_ps4controller/install/hello_interfaces/share/hello_interfaces/environment/library_path.dsv
-- Installing: /home/otete/topic_communication_with_ps4controller/install/hello_interfaces/lib/libhello_interfaces__rosidl_generator_c.so
-- Set runtime path of "/home/otete/topic_communication_with_ps4controller/install/hello_interfaces/lib/libhello_interfaces__rosidl_generator_c.so" to ""
-- Up-to-date: /home/otete/topic_communication_with_ps4controller/install/hello_interfaces/include/hello_interfaces/hello_interfaces
-- Up-to-date: /home/otete/topic_communication_with_ps4controller/install/hello_interfaces/include/hello_interfaces/hello_interfaces/msg
-- Up-to-date: /home/otete/topic_communication_with_ps4controller/install/hello_interfaces/include/hello_interfaces/hello_interfaces/msg/detail
-- Up-to-date: /home/otete/topic_communication_with_ps4controller/install/hello_interfaces/include/hello_interfaces/hello_interfaces/msg/detail/my_string__rosidl_typesupport_fastrtps_c.h
-- Up-to-date: /home/otete/topic_communication_with_ps4controller/install/hello_interfaces/include/hello_interfaces/hello_interfaces/msg/rosidl_typesupport_fastrtps_c__visibility_control.h
-- Installing: /home/otete/topic_communication_with_ps4controller/install/hello_interfaces/lib/libhello_interfaces__rosidl_typesupport_fastrtps_c.so
-- Set runtime path of "/home/otete/topic_communication_with_ps4controller/install/hello_interfaces/lib/libhello_interfaces__rosidl_typesupport_fastrtps_c.so" to ""
-- Up-to-date: /home/otete/topic_communication_with_ps4controller/install/hello_interfaces/include/hello_interfaces/hello_interfaces
-- Up-to-date: /home/otete/topic_communication_with_ps4controller/install/hello_interfaces/include/hello_interfaces/hello_interfaces/msg
-- Up-to-date: /home/otete/topic_communication_with_ps4controller/install/hello_interfaces/include/hello_interfaces/hello_interfaces/msg/detail
-- Up-to-date: /home/otete/topic_communication_with_ps4controller/install/hello_interfaces/include/hello_interfaces/hello_interfaces/msg/detail/my_string__rosidl_typesupport_introspection_c.h
-- Up-to-date: /home/otete/topic_communication_with_ps4controller/install/hello_interfaces/include/hello_interfaces/hello_interfaces/msg/detail/my_string__type_support.c
-- Up-to-date: /home/otete/topic_communication_with_ps4controller/install/hello_interfaces/include/hello_interfaces/hello_interfaces/msg/rosidl_typesupport_introspection_c__visibility_control.h
-- Installing: /home/otete/topic_communication_with_ps4controller/install/hello_interfaces/lib/libhello_interfaces__rosidl_typesupport_introspection_c.so
-- Set runtime path of "/home/otete/topic_communication_with_ps4controller/install/hello_interfaces/lib/libhello_interfaces__rosidl_typesupport_introspection_c.so" to ""
-- Installing: /home/otete/topic_communication_with_ps4controller/install/hello_interfaces/lib/libhello_interfaces__rosidl_typesupport_c.so
-- Set runtime path of "/home/otete/topic_communication_with_ps4controller/install/hello_interfaces/lib/libhello_interfaces__rosidl_typesupport_c.so" to ""
-- Up-to-date: /home/otete/topic_communication_with_ps4controller/install/hello_interfaces/include/hello_interfaces/hello_interfaces
-- Up-to-date: /home/otete/topic_communication_with_ps4controller/install/hello_interfaces/include/hello_interfaces/hello_interfaces/msg
-- Up-to-date: /home/otete/topic_communication_with_ps4controller/install/hello_interfaces/include/hello_interfaces/hello_interfaces/msg/detail
-- Up-to-date: /home/otete/topic_communication_with_ps4controller/install/hello_interfaces/include/hello_interfaces/hello_interfaces/msg/detail/my_string__struct.hpp
-- Up-to-date: /home/otete/topic_communication_with_ps4controller/install/hello_interfaces/include/hello_interfaces/hello_interfaces/msg/detail/my_string__builder.hpp
-- Up-to-date: /home/otete/topic_communication_with_ps4controller/install/hello_interfaces/include/hello_interfaces/hello_interfaces/msg/detail/my_string__traits.hpp
-- Up-to-date: /home/otete/topic_communication_with_ps4controller/install/hello_interfaces/include/hello_interfaces/hello_interfaces/msg/my_string.hpp
-- Up-to-date: /home/otete/topic_communication_with_ps4controller/install/hello_interfaces/include/hello_interfaces/hello_interfaces
-- Up-to-date: /home/otete/topic_communication_with_ps4controller/install/hello_interfaces/include/hello_interfaces/hello_interfaces/msg
-- Up-to-date: /home/otete/topic_communication_with_ps4controller/install/hello_interfaces/include/hello_interfaces/hello_interfaces/msg/rosidl_typesupport_fastrtps_cpp__visibility_control.h
-- Up-to-date: /home/otete/topic_communication_with_ps4controller/install/hello_interfaces/include/hello_interfaces/hello_interfaces/msg/detail
-- Up-to-date: /home/otete/topic_communication_with_ps4controller/install/hello_interfaces/include/hello_interfaces/hello_interfaces/msg/detail/dds_fastrtps
-- Up-to-date: /home/otete/topic_communication_with_ps4controller/install/hello_interfaces/include/hello_interfaces/hello_interfaces/msg/detail/my_string__rosidl_typesupport_fastrtps_cpp.hpp
-- Installing: /home/otete/topic_communication_with_ps4controller/install/hello_interfaces/lib/libhello_interfaces__rosidl_typesupport_fastrtps_cpp.so
-- Set runtime path of "/home/otete/topic_communication_with_ps4controller/install/hello_interfaces/lib/libhello_interfaces__rosidl_typesupport_fastrtps_cpp.so" to ""
-- Up-to-date: /home/otete/topic_communication_with_ps4controller/install/hello_interfaces/include/hello_interfaces/hello_interfaces
-- Up-to-date: /home/otete/topic_communication_with_ps4controller/install/hello_interfaces/include/hello_interfaces/hello_interfaces/msg
-- Up-to-date: /home/otete/topic_communication_with_ps4controller/install/hello_interfaces/include/hello_interfaces/hello_interfaces/msg/detail
-- Up-to-date: /home/otete/topic_communication_with_ps4controller/install/hello_interfaces/include/hello_interfaces/hello_interfaces/msg/detail/my_string__type_support.cpp
-- Up-to-date: /home/otete/topic_communication_with_ps4controller/install/hello_interfaces/include/hello_interfaces/hello_interfaces/msg/detail/my_string__rosidl_typesupport_introspection_cpp.hpp
-- Installing: /home/otete/topic_communication_with_ps4controller/install/hello_interfaces/lib/libhello_interfaces__rosidl_typesupport_introspection_cpp.so
-- Set runtime path of "/home/otete/topic_communication_with_ps4controller/install/hello_interfaces/lib/libhello_interfaces__rosidl_typesupport_introspection_cpp.so" to ""
-- Installing: /home/otete/topic_communication_with_ps4controller/install/hello_interfaces/lib/libhello_interfaces__rosidl_typesupport_cpp.so
-- Set runtime path of "/home/otete/topic_communication_with_ps4controller/install/hello_interfaces/lib/libhello_interfaces__rosidl_typesupport_cpp.so" to ""
-- Up-to-date: /home/otete/topic_communication_with_ps4controller/install/hello_interfaces/share/hello_interfaces/environment/pythonpath.sh
-- Installing: /home/otete/topic_communication_with_ps4controller/install/hello_interfaces/share/hello_interfaces/environment/pythonpath.dsv
-- Up-to-date: /home/otete/topic_communication_with_ps4controller/install/hello_interfaces/local/lib/python3.10/dist-packages/hello_interfaces-0.0.0-py3.10.egg-info
-- Installing: /home/otete/topic_communication_with_ps4controller/install/hello_interfaces/local/lib/python3.10/dist-packages/hello_interfaces-0.0.0-py3.10.egg-info/PKG-INFO
-- Installing: /home/otete/topic_communication_with_ps4controller/install/hello_interfaces/local/lib/python3.10/dist-packages/hello_interfaces-0.0.0-py3.10.egg-info/top_level.txt
-- Installing: /home/otete/topic_communication_with_ps4controller/install/hello_interfaces/local/lib/python3.10/dist-packages/hello_interfaces-0.0.0-py3.10.egg-info/dependency_links.txt
-- Installing: /home/otete/topic_communication_with_ps4controller/install/hello_interfaces/local/lib/python3.10/dist-packages/hello_interfaces-0.0.0-py3.10.egg-info/SOURCES.txt
-- Up-to-date: /home/otete/topic_communication_with_ps4controller/install/hello_interfaces/local/lib/python3.10/dist-packages/hello_interfaces
-- Up-to-date: /home/otete/topic_communication_with_ps4controller/install/hello_interfaces/local/lib/python3.10/dist-packages/hello_interfaces/_hello_interfaces_s.ep.rosidl_typesupport_c.c
-- Installing: /home/otete/topic_communication_with_ps4controller/install/hello_interfaces/local/lib/python3.10/dist-packages/hello_interfaces/hello_interfaces_s__rosidl_typesupport_fastrtps_c.cpython-310-x86_64-linux-gnu.so
-- Installing: /home/otete/topic_communication_with_ps4controller/install/hello_interfaces/local/lib/python3.10/dist-packages/hello_interfaces/libhello_interfaces__rosidl_generator_py.so
-- Installing: /home/otete/topic_communication_with_ps4controller/install/hello_interfaces/local/lib/python3.10/dist-packages/hello_interfaces/hello_interfaces_s__rosidl_typesupport_introspection_c.cpython-310-x86_64-linux-gnu.so
-- Installing: /home/otete/topic_communication_with_ps4controller/install/hello_interfaces/local/lib/python3.10/dist-packages/hello_interfaces/hello_interfaces_s__rosidl_typesupport_c.cpython-310-x86_64-linux-gnu.so
-- Installing: /home/otete/topic_communication_with_ps4controller/install/hello_interfaces/local/lib/python3.10/dist-packages/hello_interfaces/__init__.py
-- Up-to-date: /home/otete/topic_communication_with_ps4controller/install/hello_interfaces/local/lib/python3.10/dist-packages/hello_interfaces/_hello_interfaces_s.ep.rosidl_typesupport_fastrtps_c.c
-- Up-to-date: /home/otete/topic_communication_with_ps4controller/install/hello_interfaces/local/lib/python3.10/dist-packages/hello_interfaces/msg
-- Up-to-date: /home/otete/topic_communication_with_ps4controller/install/hello_interfaces/local/lib/python3.10/dist-packages/hello_interfaces/msg/_my_string_s.c
-- Up-to-date: /home/otete/topic_communication_with_ps4controller/install/hello_interfaces/local/lib/python3.10/dist-packages/hello_interfaces/msg/_my_string.py
-- Up-to-date: /home/otete/topic_communication_with_ps4controller/install/hello_interfaces/local/lib/python3.10/dist-packages/hello_interfaces/msg/__init__.py
-- Up-to-date: /home/otete/topic_communication_with_ps4controller/install/hello_interfaces/local/lib/python3.10/dist-packages/hello_interfaces/_hello_interfaces_s.ep.rosidl_typesupport_introspection_c.c
Listing '/home/otete/topic_communication_with_ps4controller/install/hello_interfaces/local/lib/python3.10/dist-packages/hello_interfaces'...
Compiling '/home/otete/topic_communication_with_ps4controller/install/hello_interfaces/local/lib/python3.10/dist-packages/hello_interfaces/__init__.py'...
Listing '/home/otete/topic_communication_with_ps4controller/install/hello_interfaces/local/lib/python3.10/dist-packages/hello_interfaces/msg'...
-- Installing: /home/otete/topic_communication_with_ps4controller/install/hello_interfaces/local/lib/python3.10/dist-packages/hello_interfaces/hello_interfaces_s__rosidl_typesupport_fastrtps_c.cpython-310-x86_64-linux-gnu.so
-- Set runtime path of "/home/otete/topic_communication_with_ps4controller/install/hello_interfaces/local/lib/python3.10/dist-packages/hello_interfaces/hello_interfaces_s__rosidl_typesupport_fastrtps_c.cpython-310-x86_64-linux-gnu.so" to ""
-- Installing: /home/otete/topic_communication_with_ps4controller/install/hello_interfaces/local/lib/python3.10/dist-packages/hello_interfaces/hello_interfaces_s__rosidl_typesupport_introspection_c.cpython-310-x86_64-linux-gnu.so
-- Set runtime path of "/home/otete/topic_communication_with_ps4controller/install/hello_interfaces/local/lib/python3.10/dist-packages/hello_interfaces/hello_interfaces_s__rosidl_typesupport_introspection_c.cpython-310-x86_64-linux-gnu.so" to ""
-- Installing: /home/otete/topic_communication_with_ps4controller/install/hello_interfaces/local/lib/python3.10/dist-packages/hello_interfaces/hello_interfaces_s__rosidl_typesupport_c.cpython-310-x86_64-linux-gnu.so
-- Set runtime path of "/home/otete/topic_communication_with_ps4controller/install/hello_interfaces/local/lib/python3.10/dist-packages/hello_interfaces/hello_interfaces_s__rosidl_typesupport_c.cpython-310-x86_64-linux-gnu.so" to ""
-- Installing: /home/otete/topic_communication_with_ps4controller/install/hello_interfaces/lib/libhello_interfaces__rosidl_generator_py.so
-- Set runtime path of "/home/otete/topic_communication_with_ps4controller/install/hello_interfaces/lib/libhello_interfaces__rosidl_generator_py.so" to ""
-- Up-to-date: /home/otete/topic_communication_with_ps4controller/install/hello_interfaces/share/hello_interfaces/msg/MyString.idl
-- Up-to-date: /home/otete/topic_communication_with_ps4controller/install/hello_interfaces/share/hello_interfaces/msg/MyString.msg
-- Up-to-date: /home/otete/topic_communication_with_ps4controller/install/hello_interfaces/share/ament_index/resource_index/package_run_dependencies/hello_interfaces
-- Up-to-date: /home/otete/topic_communication_with_ps4controller/install/hello_interfaces/share/ament_index/resource_index/parent_prefix_path/hello_interfaces
-- Installing: /home/otete/topic_communication_with_ps4controller/install/hello_interfaces/share/hello_interfaces/environment/ament_prefix_path.sh
-- Installing: /home/otete/topic_communication_with_ps4controller/install/hello_interfaces/share/hello_interfaces/environment/ament_prefix_path.dsv
-- Installing: /home/otete/topic_communication_with_ps4controller/install/hello_interfaces/share/hello_interfaces/environment/path.sh
-- Installing: /home/otete/topic_communication_with_ps4controller/install/hello_interfaces/share/hello_interfaces/environment/path.dsv
-- Up-to-date: /home/otete/topic_communication_with_ps4controller/install/hello_interfaces/share/hello_interfaces/local_setup.bash
-- Up-to-date: /home/otete/topic_communication_with_ps4controller/install/hello_interfaces/share/hello_interfaces/local_setup.sh
-- Up-to-date: /home/otete/topic_communication_with_ps4controller/install/hello_interfaces/share/hello_interfaces/local_setup.zsh
-- Installing: /home/otete/topic_communication_with_ps4controller/install/hello_interfaces/share/hello_interfaces/local_setup.dsv
-- Installing: /home/otete/topic_communication_with_ps4controller/install/hello_interfaces/share/hello_interfaces/package.dsv
-- Up-to-date: /home/otete/topic_communication_with_ps4controller/install/hello_interfaces/share/ament_index/resource_index/packages/hello_interfaces
-- Up-to-date: /home/otete/topic_communication_with_ps4controller/install/hello_interfaces/share/hello_interfaces/cmake/export_hello_interfaces__rosidl_generator_cExport.cmake
-- Up-to-date: /home/otete/topic_communication_with_ps4controller/install/hello_interfaces/share/hello_interfaces/cmake/export_hello_interfaces__rosidl_generator_cExport-noconfig.cmake
-- Up-to-date: /home/otete/topic_communication_with_ps4controller/install/hello_interfaces/share/hello_interfaces/cmake/export_hello_interfaces__rosidl_typesupport_fastrtps_cExport.cmake
-- Up-to-date: /home/otete/topic_communication_with_ps4controller/install/hello_interfaces/share/hello_interfaces/cmake/export_hello_interfaces__rosidl_typesupport_fastrtps_cExport-noconfig.cmake
-- Up-to-date: /home/otete/topic_communication_with_ps4controller/install/hello_interfaces/share/hello_interfaces/cmake/hello_interfaces__rosidl_typesupport_introspection_cExport.cmake
-- Up-to-date: /home/otete/topic_communication_with_ps4controller/install/hello_interfaces/share/hello_interfaces/cmake/hello_interfaces__rosidl_typesupport_introspection_cExport-noconfig.cmake
-- Up-to-date: /home/otete/topic_communication_with_ps4controller/install/hello_interfaces/share/hello_interfaces/cmake/hello_interfaces__rosidl_typesupport_cExport.cmake
-- Up-to-date: /home/otete/topic_communication_with_ps4controller/install/hello_interfaces/share/hello_interfaces/cmake/hello_interfaces__rosidl_typesupport_cExport-noconfig.cmake
-- Up-to-date: /home/otete/topic_communication_with_ps4controller/install/hello_interfaces/share/hello_interfaces/cmake/export_hello_interfaces__rosidl_generator_cppExport.cmake
-- Up-to-date: /home/otete/topic_communication_with_ps4controller/install/hello_interfaces/share/hello_interfaces/cmake/export_hello_interfaces__rosidl_typesupport_fastrtps_cppExport.cmake
-- Up-to-date: /home/otete/topic_communication_with_ps4controller/install/hello_interfaces/share/hello_interfaces/cmake/export_hello_interfaces__rosidl_typesupport_fastrtps_cppExport-noconfig.cmake
-- Up-to-date: /home/otete/topic_communication_with_ps4controller/install/hello_interfaces/share/hello_interfaces/cmake/hello_interfaces__rosidl_typesupport_introspection_cppExport.cmake
-- Up-to-date: /home/otete/topic_communication_with_ps4controller/install/hello_interfaces/share/hello_interfaces/cmake/hello_interfaces__rosidl_typesupport_introspection_cppExport-noconfig.cmake
-- Up-to-date: /home/otete/topic_communication_with_ps4controller/install/hello_interfaces/share/hello_interfaces/cmake/hello_interfaces__rosidl_typesupport_cppExport.cmake
-- Up-to-date: /home/otete/topic_communication_with_ps4controller/install/hello_interfaces/share/hello_interfaces/cmake/hello_interfaces__rosidl_typesupport_cppExport-noconfig.cmake
-- Up-to-date: /home/otete/topic_communication_with_ps4controller/install/hello_interfaces/share/hello_interfaces/cmake/export_hello_interfaces__rosidl_generator_pyExport.cmake
-- Up-to-date: /home/otete/topic_communication_with_ps4controller/install/hello_interfaces/share/hello_interfaces/cmake/export_hello_interfaces__rosidl_generator_pyExport-noconfig.cmake
-- Up-to-date: /home/otete/topic_communication_with_ps4controller/install/hello_interfaces/share/hello_interfaces/cmake/rosidl_cmake-extras.cmake
-- Up-to-date: /home/otete/topic_communication_with_ps4controller/install/hello_interfaces/share/hello_interfaces/cmake/ament_cmake_export_include_directories-extras.cmake
-- Up-to-date: /home/otete/topic_communication_with_ps4controller/install/hello_interfaces/share/hello_interfaces/cmake/ament_cmake_export_libraries-extras.cmake
-- Up-to-date: /home/otete/topic_communication_with_ps4controller/install/hello_interfaces/share/hello_interfaces/cmake/ament_cmake_export_targets-extras.cmake
-- Up-to-date: /home/otete/topic_communication_with_ps4controller/install/hello_interfaces/share/hello_interfaces/cmake/rosidl_cmake_export_typesupport_targets-extras.cmake
-- Up-to-date: /home/otete/topic_communication_with_ps4controller/install/hello_interfaces/share/hello_interfaces/cmake/ament_cmake_export_dependencies-extras.cmake
-- Up-to-date: /home/otete/topic_communication_with_ps4controller/install/hello_interfaces/share/hello_interfaces/cmake/rosidl_cmake_export_typesupport_libraries-extras.cmake
-- Up-to-date: /home/otete/topic_communication_with_ps4controller/install/hello_interfaces/share/hello_interfaces/cmake/hello_interfacesConfig.cmake
-- Up-to-date: /home/otete/topic_communication_with_ps4controller/install/hello_interfaces/share/hello_interfaces/cmake/hello_interfacesConfig-version.cmake
-- Up-to-date: /home/otete/topic_communication_with_ps4controller/install/hello_interfaces/share/hello_interfaces/package.xml
