[0.070s] DEBUG:colcon:Command line arguments: ['/usr/bin/colcon', 'build']
[0.070s] DEBUG:colcon:Parsed command line arguments: Namespace(log_base=None, log_level=None, verb_name='build', build_base='build', install_base='install', merge_install=False, symlink_install=False, test_result_base=None, continue_on_error=False, executor='parallel', parallel_workers=16, event_handlers=None, ignore_user_meta=False, metas=['./colcon.meta'], base_paths=['.'], packages_ignore=None, packages_ignore_regex=None, paths=None, packages_up_to=None, packages_up_to_regex=None, packages_above=None, packages_above_and_dependencies=None, packages_above_depth=None, packages_select_by_dep=None, packages_skip_by_dep=None, packages_skip_up_to=None, packages_select_build_failed=False, packages_skip_build_finished=False, packages_select_test_failures=False, packages_skip_test_passed=False, packages_select=None, packages_skip=None, packages_select_regex=None, packages_skip_regex=None, packages_start=None, packages_end=None, allow_overriding=[], cmake_args=None, cmake_target=None, cmake_target_skip_unavailable=False, cmake_clean_cache=False, cmake_clean_first=False, cmake_force_configure=False, ament_cmake_args=None, catkin_cmake_args=None, catkin_skip_building_tests=False, mixin_files=None, mixin=None, verb_parser=<colcon_mixin.mixin.mixin_argument.MixinArgumentDecorator object at 0x76dd1817a8d0>, verb_extension=<colcon_core.verb.build.BuildVerb object at 0x76dd1817a780>, main=<bound method BuildVerb.main of <colcon_core.verb.build.BuildVerb object at 0x76dd1817a780>>, mixin_verb=('build',))
[0.091s] Level 1:colcon.colcon_core.package_discovery:discover_packages(colcon_meta) check parameters
[0.092s] Level 1:colcon.colcon_core.package_discovery:discover_packages(recursive) check parameters
[0.092s] Level 1:colcon.colcon_core.package_discovery:discover_packages(ignore) check parameters
[0.092s] Level 1:colcon.colcon_core.package_discovery:discover_packages(path) check parameters
[0.092s] Level 1:colcon.colcon_core.package_discovery:discover_packages(colcon_meta) discover
[0.092s] Level 1:colcon.colcon_core.package_discovery:discover_packages(recursive) discover
[0.092s] INFO:colcon.colcon_core.package_discovery:Crawling recursively for packages in '/home/hisa/ROS2/topic_communication_with_ps4controller'
[0.092s] Level 1:colcon.colcon_core.package_identification:_identify(.) by extensions ['ignore', 'ignore_ament_install']
[0.092s] Level 1:colcon.colcon_core.package_identification:_identify(.) by extension 'ignore'
[0.092s] Level 1:colcon.colcon_core.package_identification:_identify(.) by extension 'ignore_ament_install'
[0.092s] Level 1:colcon.colcon_core.package_identification:_identify(.) by extensions ['colcon_pkg']
[0.092s] Level 1:colcon.colcon_core.package_identification:_identify(.) by extension 'colcon_pkg'
[0.092s] Level 1:colcon.colcon_core.package_identification:_identify(.) by extensions ['colcon_meta']
[0.092s] Level 1:colcon.colcon_core.package_identification:_identify(.) by extension 'colcon_meta'
[0.092s] Level 1:colcon.colcon_core.package_identification:_identify(.) by extensions ['ros']
[0.092s] Level 1:colcon.colcon_core.package_identification:_identify(.) by extension 'ros'
[0.107s] Level 1:colcon.colcon_core.package_identification:_identify(.) by extensions ['cmake', 'python']
[0.107s] Level 1:colcon.colcon_core.package_identification:_identify(.) by extension 'cmake'
[0.107s] Level 1:colcon.colcon_core.package_identification:_identify(.) by extension 'python'
[0.107s] Level 1:colcon.colcon_core.package_identification:_identify(.) by extensions ['python_setup_py']
[0.107s] Level 1:colcon.colcon_core.package_identification:_identify(.) by extension 'python_setup_py'
[0.107s] Level 1:colcon.colcon_core.package_identification:_identify(build) by extensions ['ignore', 'ignore_ament_install']
[0.107s] Level 1:colcon.colcon_core.package_identification:_identify(build) by extension 'ignore'
[0.107s] Level 1:colcon.colcon_core.package_identification:_identify(build) ignored
[0.107s] Level 1:colcon.colcon_core.package_identification:_identify(install) by extensions ['ignore', 'ignore_ament_install']
[0.107s] Level 1:colcon.colcon_core.package_identification:_identify(install) by extension 'ignore'
[0.107s] Level 1:colcon.colcon_core.package_identification:_identify(install) ignored
[0.107s] Level 1:colcon.colcon_core.package_identification:_identify(log) by extensions ['ignore', 'ignore_ament_install']
[0.107s] Level 1:colcon.colcon_core.package_identification:_identify(log) by extension 'ignore'
[0.107s] Level 1:colcon.colcon_core.package_identification:_identify(log) ignored
[0.107s] Level 1:colcon.colcon_core.package_identification:_identify(src) by extensions ['ignore', 'ignore_ament_install']
[0.107s] Level 1:colcon.colcon_core.package_identification:_identify(src) by extension 'ignore'
[0.107s] Level 1:colcon.colcon_core.package_identification:_identify(src) by extension 'ignore_ament_install'
[0.107s] Level 1:colcon.colcon_core.package_identification:_identify(src) by extensions ['colcon_pkg']
[0.107s] Level 1:colcon.colcon_core.package_identification:_identify(src) by extension 'colcon_pkg'
[0.107s] Level 1:colcon.colcon_core.package_identification:_identify(src) by extensions ['colcon_meta']
[0.107s] Level 1:colcon.colcon_core.package_identification:_identify(src) by extension 'colcon_meta'
[0.107s] Level 1:colcon.colcon_core.package_identification:_identify(src) by extensions ['ros']
[0.107s] Level 1:colcon.colcon_core.package_identification:_identify(src) by extension 'ros'
[0.107s] Level 1:colcon.colcon_core.package_identification:_identify(src) by extensions ['cmake', 'python']
[0.107s] Level 1:colcon.colcon_core.package_identification:_identify(src) by extension 'cmake'
[0.107s] Level 1:colcon.colcon_core.package_identification:_identify(src) by extension 'python'
[0.107s] Level 1:colcon.colcon_core.package_identification:_identify(src) by extensions ['python_setup_py']
[0.107s] Level 1:colcon.colcon_core.package_identification:_identify(src) by extension 'python_setup_py'
[0.108s] Level 1:colcon.colcon_core.package_identification:_identify(src/hello) by extensions ['ignore', 'ignore_ament_install']
[0.108s] Level 1:colcon.colcon_core.package_identification:_identify(src/hello) by extension 'ignore'
[0.108s] Level 1:colcon.colcon_core.package_identification:_identify(src/hello) by extension 'ignore_ament_install'
[0.108s] Level 1:colcon.colcon_core.package_identification:_identify(src/hello) by extensions ['colcon_pkg']
[0.108s] Level 1:colcon.colcon_core.package_identification:_identify(src/hello) by extension 'colcon_pkg'
[0.108s] Level 1:colcon.colcon_core.package_identification:_identify(src/hello) by extensions ['colcon_meta']
[0.108s] Level 1:colcon.colcon_core.package_identification:_identify(src/hello) by extension 'colcon_meta'
[0.108s] Level 1:colcon.colcon_core.package_identification:_identify(src/hello) by extensions ['ros']
[0.108s] Level 1:colcon.colcon_core.package_identification:_identify(src/hello) by extension 'ros'
[0.109s] DEBUG:colcon.colcon_core.package_identification:Package 'src/hello' with type 'ros.ament_python' and name 'hello'
[0.109s] Level 1:colcon.colcon_core.package_identification:_identify(src/hello_interfaces) by extensions ['ignore', 'ignore_ament_install']
[0.109s] Level 1:colcon.colcon_core.package_identification:_identify(src/hello_interfaces) by extension 'ignore'
[0.109s] Level 1:colcon.colcon_core.package_identification:_identify(src/hello_interfaces) by extension 'ignore_ament_install'
[0.109s] Level 1:colcon.colcon_core.package_identification:_identify(src/hello_interfaces) by extensions ['colcon_pkg']
[0.109s] Level 1:colcon.colcon_core.package_identification:_identify(src/hello_interfaces) by extension 'colcon_pkg'
[0.109s] Level 1:colcon.colcon_core.package_identification:_identify(src/hello_interfaces) by extensions ['colcon_meta']
[0.109s] Level 1:colcon.colcon_core.package_identification:_identify(src/hello_interfaces) by extension 'colcon_meta'
[0.109s] Level 1:colcon.colcon_core.package_identification:_identify(src/hello_interfaces) by extensions ['ros']
[0.109s] Level 1:colcon.colcon_core.package_identification:_identify(src/hello_interfaces) by extension 'ros'
[0.109s] DEBUG:colcon.colcon_core.package_identification:Package 'src/hello_interfaces' with type 'ros.ament_cmake' and name 'hello_interfaces'
[0.110s] Level 1:colcon.colcon_core.package_discovery:discover_packages(recursive) using defaults
[0.110s] Level 1:colcon.colcon_core.package_discovery:discover_packages(ignore) discover
[0.110s] Level 1:colcon.colcon_core.package_discovery:discover_packages(ignore) using defaults
[0.110s] Level 1:colcon.colcon_core.package_discovery:discover_packages(path) discover
[0.110s] Level 1:colcon.colcon_core.package_discovery:discover_packages(path) using defaults
[0.120s] Level 1:colcon.colcon_core.package_discovery:discover_packages(prefix_path) check parameters
[0.120s] Level 1:colcon.colcon_core.package_discovery:discover_packages(prefix_path) discover
[0.121s] DEBUG:colcon.colcon_installed_package_information.package_discovery:Found 285 installed packages in /opt/ros/jazzy
[0.122s] Level 1:colcon.colcon_core.package_discovery:discover_packages(prefix_path) using defaults
[0.143s] Level 5:colcon.colcon_core.verb:set package 'hello' build argument 'cmake_args' from command line to 'None'
[0.143s] Level 5:colcon.colcon_core.verb:set package 'hello' build argument 'cmake_target' from command line to 'None'
[0.143s] Level 5:colcon.colcon_core.verb:set package 'hello' build argument 'cmake_target_skip_unavailable' from command line to 'False'
[0.143s] Level 5:colcon.colcon_core.verb:set package 'hello' build argument 'cmake_clean_cache' from command line to 'False'
[0.143s] Level 5:colcon.colcon_core.verb:set package 'hello' build argument 'cmake_clean_first' from command line to 'False'
[0.143s] Level 5:colcon.colcon_core.verb:set package 'hello' build argument 'cmake_force_configure' from command line to 'False'
[0.143s] Level 5:colcon.colcon_core.verb:set package 'hello' build argument 'ament_cmake_args' from command line to 'None'
[0.143s] Level 5:colcon.colcon_core.verb:set package 'hello' build argument 'catkin_cmake_args' from command line to 'None'
[0.143s] Level 5:colcon.colcon_core.verb:set package 'hello' build argument 'catkin_skip_building_tests' from command line to 'False'
[0.143s] DEBUG:colcon.colcon_core.verb:Building package 'hello' with the following arguments: {'ament_cmake_args': None, 'build_base': '/home/hisa/ROS2/topic_communication_with_ps4controller/build/hello', 'catkin_cmake_args': None, 'catkin_skip_building_tests': False, 'cmake_args': None, 'cmake_clean_cache': False, 'cmake_clean_first': False, 'cmake_force_configure': False, 'cmake_target': None, 'cmake_target_skip_unavailable': False, 'install_base': '/home/hisa/ROS2/topic_communication_with_ps4controller/install/hello', 'merge_install': False, 'path': '/home/hisa/ROS2/topic_communication_with_ps4controller/src/hello', 'symlink_install': False, 'test_result_base': None}
[0.143s] Level 5:colcon.colcon_core.verb:set package 'hello_interfaces' build argument 'cmake_args' from command line to 'None'
[0.143s] Level 5:colcon.colcon_core.verb:set package 'hello_interfaces' build argument 'cmake_target' from command line to 'None'
[0.143s] Level 5:colcon.colcon_core.verb:set package 'hello_interfaces' build argument 'cmake_target_skip_unavailable' from command line to 'False'
[0.143s] Level 5:colcon.colcon_core.verb:set package 'hello_interfaces' build argument 'cmake_clean_cache' from command line to 'False'
[0.143s] Level 5:colcon.colcon_core.verb:set package 'hello_interfaces' build argument 'cmake_clean_first' from command line to 'False'
[0.143s] Level 5:colcon.colcon_core.verb:set package 'hello_interfaces' build argument 'cmake_force_configure' from command line to 'False'
[0.143s] Level 5:colcon.colcon_core.verb:set package 'hello_interfaces' build argument 'ament_cmake_args' from command line to 'None'
[0.143s] Level 5:colcon.colcon_core.verb:set package 'hello_interfaces' build argument 'catkin_cmake_args' from command line to 'None'
[0.143s] Level 5:colcon.colcon_core.verb:set package 'hello_interfaces' build argument 'catkin_skip_building_tests' from command line to 'False'
[0.143s] DEBUG:colcon.colcon_core.verb:Building package 'hello_interfaces' with the following arguments: {'ament_cmake_args': None, 'build_base': '/home/hisa/ROS2/topic_communication_with_ps4controller/build/hello_interfaces', 'catkin_cmake_args': None, 'catkin_skip_building_tests': False, 'cmake_args': None, 'cmake_clean_cache': False, 'cmake_clean_first': False, 'cmake_force_configure': False, 'cmake_target': None, 'cmake_target_skip_unavailable': False, 'install_base': '/home/hisa/ROS2/topic_communication_with_ps4controller/install/hello_interfaces', 'merge_install': False, 'path': '/home/hisa/ROS2/topic_communication_with_ps4controller/src/hello_interfaces', 'symlink_install': False, 'test_result_base': None}
[0.143s] INFO:colcon.colcon_core.executor:Executing jobs using 'parallel' executor
[0.144s] DEBUG:colcon.colcon_parallel_executor.executor.parallel:run_until_complete
[0.144s] INFO:colcon.colcon_ros.task.ament_python.build:Building ROS package in '/home/hisa/ROS2/topic_communication_with_ps4controller/src/hello' with build type 'ament_python'
[0.144s] Level 1:colcon.colcon_core.shell:create_environment_hook('hello', 'ament_prefix_path')
[0.145s] INFO:colcon.colcon_core.plugin_system:Skipping extension 'colcon_core.shell.bat': Not used on non-Windows systems
[0.145s] INFO:colcon.colcon_core.shell:Creating environment hook '/home/hisa/ROS2/topic_communication_with_ps4controller/install/hello/share/hello/hook/ament_prefix_path.ps1'
[0.146s] INFO:colcon.colcon_core.shell:Creating environment descriptor '/home/hisa/ROS2/topic_communication_with_ps4controller/install/hello/share/hello/hook/ament_prefix_path.dsv'
[0.146s] INFO:colcon.colcon_core.shell:Creating environment hook '/home/hisa/ROS2/topic_communication_with_ps4controller/install/hello/share/hello/hook/ament_prefix_path.sh'
[0.146s] INFO:colcon.colcon_core.shell:Skip shell extension 'powershell' for command environment: Not usable outside of PowerShell
[0.146s] DEBUG:colcon.colcon_core.shell:Skip shell extension 'dsv' for command environment
[0.148s] INFO:colcon.colcon_ros.task.ament_cmake.build:Building ROS package in '/home/hisa/ROS2/topic_communication_with_ps4controller/src/hello_interfaces' with build type 'ament_cmake'
[0.148s] INFO:colcon.colcon_cmake.task.cmake.build:Building CMake package in '/home/hisa/ROS2/topic_communication_with_ps4controller/src/hello_interfaces'
[0.148s] INFO:colcon.colcon_core.shell:Skip shell extension 'powershell' for command environment: Not usable outside of PowerShell
[0.148s] DEBUG:colcon.colcon_core.shell:Skip shell extension 'dsv' for command environment
[0.299s] WARNING:colcon.colcon_ros.task.ament_python.build:Package 'hello' doesn't explicitly install a marker in the package index (colcon-ros currently does it implicitly but that fallback will be removed in the future)
[0.299s] INFO:colcon.colcon_core.task.python.build:Building Python package in '/home/hisa/ROS2/topic_communication_with_ps4controller/src/hello'
[0.299s] INFO:colcon.colcon_core.shell:Skip shell extension 'powershell' for command environment: Not usable outside of PowerShell
[0.299s] DEBUG:colcon.colcon_core.shell:Skip shell extension 'dsv' for command environment
[0.305s] DEBUG:colcon.colcon_core.event_handler.log_command:Invoking command in '/home/hisa/ROS2/topic_communication_with_ps4controller/build/hello_interfaces': CMAKE_PREFIX_PATH=${CMAKE_PREFIX_PATH}:/opt/ros/jazzy DEBUGINFOD_URLS=https://debuginfod.ubuntu.com /usr/bin/cmake --build /home/hisa/ROS2/topic_communication_with_ps4controller/build/hello_interfaces -- -j16 -l16
[0.749s] DEBUG:colcon.colcon_core.event_handler.log_command:Invoking command in '/home/hisa/ROS2/topic_communication_with_ps4controller/src/hello': DEBUGINFOD_URLS=https://debuginfod.ubuntu.com PYTHONPATH=/home/hisa/ROS2/topic_communication_with_ps4controller/build/hello/prefix_override:/usr/lib/python3/dist-packages/colcon_core/task/python/colcon_distutils_commands:/home/hisa/ROS2/topic_communication_with_ps4controller/install/hello/lib/python3.12/site-packages:${PYTHONPATH} /usr/bin/python3 -W ignore:setup.py install is deprecated setup.py egg_info --egg-base ../../build/hello build --build-base /home/hisa/ROS2/topic_communication_with_ps4controller/build/hello/build install --record /home/hisa/ROS2/topic_communication_with_ps4controller/build/hello/install.log --single-version-externally-managed install_data
[1.226s] DEBUG:colcon.colcon_core.event_handler.log_command:Invoked command in '/home/hisa/ROS2/topic_communication_with_ps4controller/src/hello' returned '0': DEBUGINFOD_URLS=https://debuginfod.ubuntu.com PYTHONPATH=/home/hisa/ROS2/topic_communication_with_ps4controller/build/hello/prefix_override:/usr/lib/python3/dist-packages/colcon_core/task/python/colcon_distutils_commands:/home/hisa/ROS2/topic_communication_with_ps4controller/install/hello/lib/python3.12/site-packages:${PYTHONPATH} /usr/bin/python3 -W ignore:setup.py install is deprecated setup.py egg_info --egg-base ../../build/hello build --build-base /home/hisa/ROS2/topic_communication_with_ps4controller/build/hello/build install --record /home/hisa/ROS2/topic_communication_with_ps4controller/build/hello/install.log --single-version-externally-managed install_data
[1.229s] Level 1:colcon.colcon_core.environment:checking '/home/hisa/ROS2/topic_communication_with_ps4controller/install/hello' for CMake module files
[1.229s] Level 1:colcon.colcon_core.environment:checking '/home/hisa/ROS2/topic_communication_with_ps4controller/install/hello' for CMake config files
[1.230s] Level 1:colcon.colcon_core.environment:checking '/home/hisa/ROS2/topic_communication_with_ps4controller/install/hello/lib'
[1.230s] Level 1:colcon.colcon_core.environment:checking '/home/hisa/ROS2/topic_communication_with_ps4controller/install/hello/bin'
[1.230s] Level 1:colcon.colcon_core.environment:checking '/home/hisa/ROS2/topic_communication_with_ps4controller/install/hello/lib/pkgconfig/hello.pc'
[1.230s] Level 1:colcon.colcon_core.environment:checking '/home/hisa/ROS2/topic_communication_with_ps4controller/install/hello/lib/python3.12/site-packages'
[1.231s] Level 1:colcon.colcon_core.shell:create_environment_hook('hello', 'pythonpath')
[1.231s] INFO:colcon.colcon_core.shell:Creating environment hook '/home/hisa/ROS2/topic_communication_with_ps4controller/install/hello/share/hello/hook/pythonpath.ps1'
[1.231s] INFO:colcon.colcon_core.shell:Creating environment descriptor '/home/hisa/ROS2/topic_communication_with_ps4controller/install/hello/share/hello/hook/pythonpath.dsv'
[1.232s] INFO:colcon.colcon_core.shell:Creating environment hook '/home/hisa/ROS2/topic_communication_with_ps4controller/install/hello/share/hello/hook/pythonpath.sh'
[1.232s] Level 1:colcon.colcon_core.environment:checking '/home/hisa/ROS2/topic_communication_with_ps4controller/install/hello/bin'
[1.232s] Level 1:colcon.colcon_core.environment:create_environment_scripts_only(hello)
[1.232s] INFO:colcon.colcon_core.shell:Creating package script '/home/hisa/ROS2/topic_communication_with_ps4controller/install/hello/share/hello/package.ps1'
[1.233s] INFO:colcon.colcon_core.shell:Creating package descriptor '/home/hisa/ROS2/topic_communication_with_ps4controller/install/hello/share/hello/package.dsv'
[1.233s] INFO:colcon.colcon_core.shell:Creating package script '/home/hisa/ROS2/topic_communication_with_ps4controller/install/hello/share/hello/package.sh'
[1.233s] INFO:colcon.colcon_core.shell:Creating package script '/home/hisa/ROS2/topic_communication_with_ps4controller/install/hello/share/hello/package.bash'
[1.234s] INFO:colcon.colcon_core.shell:Creating package script '/home/hisa/ROS2/topic_communication_with_ps4controller/install/hello/share/hello/package.zsh'
[1.234s] Level 1:colcon.colcon_core.environment:create_file_with_runtime_dependencies(/home/hisa/ROS2/topic_communication_with_ps4controller/install/hello/share/colcon-core/packages/hello)
[2.148s] DEBUG:colcon.colcon_core.event_handler.log_command:Invoked command in '/home/hisa/ROS2/topic_communication_with_ps4controller/build/hello_interfaces' returned '0': CMAKE_PREFIX_PATH=${CMAKE_PREFIX_PATH}:/opt/ros/jazzy DEBUGINFOD_URLS=https://debuginfod.ubuntu.com /usr/bin/cmake --build /home/hisa/ROS2/topic_communication_with_ps4controller/build/hello_interfaces -- -j16 -l16
[2.218s] DEBUG:colcon.colcon_core.event_handler.log_command:Invoking command in '/home/hisa/ROS2/topic_communication_with_ps4controller/build/hello_interfaces': CMAKE_PREFIX_PATH=${CMAKE_PREFIX_PATH}:/opt/ros/jazzy DEBUGINFOD_URLS=https://debuginfod.ubuntu.com /usr/bin/cmake --install /home/hisa/ROS2/topic_communication_with_ps4controller/build/hello_interfaces
[2.282s] Level 1:colcon.colcon_core.environment:create_environment_scripts_only(hello_interfaces)
[2.283s] Level 1:colcon.colcon_core.environment:checking '/home/hisa/ROS2/topic_communication_with_ps4controller/install/hello_interfaces' for CMake module files
[2.283s] DEBUG:colcon.colcon_core.event_handler.log_command:Invoked command in '/home/hisa/ROS2/topic_communication_with_ps4controller/build/hello_interfaces' returned '0': CMAKE_PREFIX_PATH=${CMAKE_PREFIX_PATH}:/opt/ros/jazzy DEBUGINFOD_URLS=https://debuginfod.ubuntu.com /usr/bin/cmake --install /home/hisa/ROS2/topic_communication_with_ps4controller/build/hello_interfaces
[2.284s] Level 1:colcon.colcon_core.environment:checking '/home/hisa/ROS2/topic_communication_with_ps4controller/install/hello_interfaces' for CMake config files
[2.284s] Level 1:colcon.colcon_core.shell:create_environment_hook('hello_interfaces', 'cmake_prefix_path')
[2.284s] INFO:colcon.colcon_core.shell:Creating environment hook '/home/hisa/ROS2/topic_communication_with_ps4controller/install/hello_interfaces/share/hello_interfaces/hook/cmake_prefix_path.ps1'
[2.284s] INFO:colcon.colcon_core.shell:Creating environment descriptor '/home/hisa/ROS2/topic_communication_with_ps4controller/install/hello_interfaces/share/hello_interfaces/hook/cmake_prefix_path.dsv'
[2.284s] INFO:colcon.colcon_core.shell:Creating environment hook '/home/hisa/ROS2/topic_communication_with_ps4controller/install/hello_interfaces/share/hello_interfaces/hook/cmake_prefix_path.sh'
[2.285s] Level 1:colcon.colcon_core.environment:checking '/home/hisa/ROS2/topic_communication_with_ps4controller/install/hello_interfaces/lib'
[2.285s] Level 1:colcon.colcon_core.shell:create_environment_hook('hello_interfaces', 'ld_library_path_lib')
[2.285s] INFO:colcon.colcon_core.shell:Creating environment hook '/home/hisa/ROS2/topic_communication_with_ps4controller/install/hello_interfaces/share/hello_interfaces/hook/ld_library_path_lib.ps1'
[2.285s] INFO:colcon.colcon_core.shell:Creating environment descriptor '/home/hisa/ROS2/topic_communication_with_ps4controller/install/hello_interfaces/share/hello_interfaces/hook/ld_library_path_lib.dsv'
[2.285s] INFO:colcon.colcon_core.shell:Creating environment hook '/home/hisa/ROS2/topic_communication_with_ps4controller/install/hello_interfaces/share/hello_interfaces/hook/ld_library_path_lib.sh'
[2.286s] Level 1:colcon.colcon_core.environment:checking '/home/hisa/ROS2/topic_communication_with_ps4controller/install/hello_interfaces/bin'
[2.286s] Level 1:colcon.colcon_core.environment:checking '/home/hisa/ROS2/topic_communication_with_ps4controller/install/hello_interfaces/lib/pkgconfig/hello_interfaces.pc'
[2.286s] Level 1:colcon.colcon_core.environment:checking '/home/hisa/ROS2/topic_communication_with_ps4controller/install/hello_interfaces/lib/python3.12/site-packages'
[2.286s] Level 1:colcon.colcon_core.shell:create_environment_hook('hello_interfaces', 'pythonpath')
[2.286s] INFO:colcon.colcon_core.shell:Creating environment hook '/home/hisa/ROS2/topic_communication_with_ps4controller/install/hello_interfaces/share/hello_interfaces/hook/pythonpath.ps1'
[2.286s] INFO:colcon.colcon_core.shell:Creating environment descriptor '/home/hisa/ROS2/topic_communication_with_ps4controller/install/hello_interfaces/share/hello_interfaces/hook/pythonpath.dsv'
[2.286s] INFO:colcon.colcon_core.shell:Creating environment hook '/home/hisa/ROS2/topic_communication_with_ps4controller/install/hello_interfaces/share/hello_interfaces/hook/pythonpath.sh'
[2.287s] Level 1:colcon.colcon_core.environment:checking '/home/hisa/ROS2/topic_communication_with_ps4controller/install/hello_interfaces/bin'
[2.287s] INFO:colcon.colcon_core.shell:Creating package script '/home/hisa/ROS2/topic_communication_with_ps4controller/install/hello_interfaces/share/hello_interfaces/package.ps1'
[2.287s] INFO:colcon.colcon_core.shell:Creating package descriptor '/home/hisa/ROS2/topic_communication_with_ps4controller/install/hello_interfaces/share/hello_interfaces/package.dsv'
[2.287s] INFO:colcon.colcon_core.shell:Creating package script '/home/hisa/ROS2/topic_communication_with_ps4controller/install/hello_interfaces/share/hello_interfaces/package.sh'
[2.288s] INFO:colcon.colcon_core.shell:Creating package script '/home/hisa/ROS2/topic_communication_with_ps4controller/install/hello_interfaces/share/hello_interfaces/package.bash'
[2.288s] INFO:colcon.colcon_core.shell:Creating package script '/home/hisa/ROS2/topic_communication_with_ps4controller/install/hello_interfaces/share/hello_interfaces/package.zsh'
[2.288s] Level 1:colcon.colcon_core.environment:create_file_with_runtime_dependencies(/home/hisa/ROS2/topic_communication_with_ps4controller/install/hello_interfaces/share/colcon-core/packages/hello_interfaces)
[2.347s] Level 1:colcon.colcon_core.environment:create_environment_scripts_only(hello_interfaces)
[2.347s] Level 1:colcon.colcon_core.environment:checking '/home/hisa/ROS2/topic_communication_with_ps4controller/install/hello_interfaces' for CMake module files
[2.348s] Level 1:colcon.colcon_core.environment:checking '/home/hisa/ROS2/topic_communication_with_ps4controller/install/hello_interfaces' for CMake config files
[2.348s] Level 1:colcon.colcon_core.shell:create_environment_hook('hello_interfaces', 'cmake_prefix_path')
[2.348s] INFO:colcon.colcon_core.shell:Creating environment hook '/home/hisa/ROS2/topic_communication_with_ps4controller/install/hello_interfaces/share/hello_interfaces/hook/cmake_prefix_path.ps1'
[2.349s] INFO:colcon.colcon_core.shell:Creating environment descriptor '/home/hisa/ROS2/topic_communication_with_ps4controller/install/hello_interfaces/share/hello_interfaces/hook/cmake_prefix_path.dsv'
[2.349s] INFO:colcon.colcon_core.shell:Creating environment hook '/home/hisa/ROS2/topic_communication_with_ps4controller/install/hello_interfaces/share/hello_interfaces/hook/cmake_prefix_path.sh'
[2.349s] Level 1:colcon.colcon_core.environment:checking '/home/hisa/ROS2/topic_communication_with_ps4controller/install/hello_interfaces/lib'
[2.350s] Level 1:colcon.colcon_core.shell:create_environment_hook('hello_interfaces', 'ld_library_path_lib')
[2.350s] INFO:colcon.colcon_core.shell:Creating environment hook '/home/hisa/ROS2/topic_communication_with_ps4controller/install/hello_interfaces/share/hello_interfaces/hook/ld_library_path_lib.ps1'
[2.350s] INFO:colcon.colcon_core.shell:Creating environment descriptor '/home/hisa/ROS2/topic_communication_with_ps4controller/install/hello_interfaces/share/hello_interfaces/hook/ld_library_path_lib.dsv'
[2.350s] INFO:colcon.colcon_core.shell:Creating environment hook '/home/hisa/ROS2/topic_communication_with_ps4controller/install/hello_interfaces/share/hello_interfaces/hook/ld_library_path_lib.sh'
[2.350s] Level 1:colcon.colcon_core.environment:checking '/home/hisa/ROS2/topic_communication_with_ps4controller/install/hello_interfaces/bin'
[2.350s] Level 1:colcon.colcon_core.environment:checking '/home/hisa/ROS2/topic_communication_with_ps4controller/install/hello_interfaces/lib/pkgconfig/hello_interfaces.pc'
[2.351s] Level 1:colcon.colcon_core.environment:checking '/home/hisa/ROS2/topic_communication_with_ps4controller/install/hello_interfaces/lib/python3.12/site-packages'
[2.351s] Level 1:colcon.colcon_core.shell:create_environment_hook('hello_interfaces', 'pythonpath')
[2.351s] INFO:colcon.colcon_core.shell:Creating environment hook '/home/hisa/ROS2/topic_communication_with_ps4controller/install/hello_interfaces/share/hello_interfaces/hook/pythonpath.ps1'
[2.351s] INFO:colcon.colcon_core.shell:Creating environment descriptor '/home/hisa/ROS2/topic_communication_with_ps4controller/install/hello_interfaces/share/hello_interfaces/hook/pythonpath.dsv'
[2.351s] INFO:colcon.colcon_core.shell:Creating environment hook '/home/hisa/ROS2/topic_communication_with_ps4controller/install/hello_interfaces/share/hello_interfaces/hook/pythonpath.sh'
[2.352s] Level 1:colcon.colcon_core.environment:checking '/home/hisa/ROS2/topic_communication_with_ps4controller/install/hello_interfaces/bin'
[2.352s] INFO:colcon.colcon_core.shell:Creating package script '/home/hisa/ROS2/topic_communication_with_ps4controller/install/hello_interfaces/share/hello_interfaces/package.ps1'
[2.352s] INFO:colcon.colcon_core.shell:Creating package descriptor '/home/hisa/ROS2/topic_communication_with_ps4controller/install/hello_interfaces/share/hello_interfaces/package.dsv'
[2.352s] INFO:colcon.colcon_core.shell:Creating package script '/home/hisa/ROS2/topic_communication_with_ps4controller/install/hello_interfaces/share/hello_interfaces/package.sh'
[2.353s] INFO:colcon.colcon_core.shell:Creating package script '/home/hisa/ROS2/topic_communication_with_ps4controller/install/hello_interfaces/share/hello_interfaces/package.bash'
[2.353s] INFO:colcon.colcon_core.shell:Creating package script '/home/hisa/ROS2/topic_communication_with_ps4controller/install/hello_interfaces/share/hello_interfaces/package.zsh'
[2.353s] Level 1:colcon.colcon_core.environment:create_file_with_runtime_dependencies(/home/hisa/ROS2/topic_communication_with_ps4controller/install/hello_interfaces/share/colcon-core/packages/hello_interfaces)
[2.353s] DEBUG:colcon.colcon_parallel_executor.executor.parallel:closing loop
[2.353s] DEBUG:colcon.colcon_parallel_executor.executor.parallel:loop closed
[2.354s] DEBUG:colcon.colcon_parallel_executor.executor.parallel:run_until_complete finished with '0'
[2.354s] DEBUG:colcon.colcon_core.event_reactor:joining thread
[2.358s] INFO:colcon.colcon_core.plugin_system:Skipping extension 'colcon_notification.desktop_notification.terminal_notifier': Not used on non-Darwin systems
[2.358s] INFO:colcon.colcon_core.plugin_system:Skipping extension 'colcon_notification.desktop_notification.win32': Not used on non-Windows systems
[2.358s] INFO:colcon.colcon_notification.desktop_notification:Sending desktop notification using 'notify2'
[2.373s] DEBUG:colcon.colcon_core.event_reactor:joined thread
[2.373s] INFO:colcon.colcon_core.shell:Creating prefix script '/home/hisa/ROS2/topic_communication_with_ps4controller/install/local_setup.ps1'
[2.374s] INFO:colcon.colcon_core.shell:Creating prefix util module '/home/hisa/ROS2/topic_communication_with_ps4controller/install/_local_setup_util_ps1.py'
[2.374s] INFO:colcon.colcon_core.shell:Creating prefix chain script '/home/hisa/ROS2/topic_communication_with_ps4controller/install/setup.ps1'
[2.375s] INFO:colcon.colcon_core.shell:Creating prefix script '/home/hisa/ROS2/topic_communication_with_ps4controller/install/local_setup.sh'
[2.375s] INFO:colcon.colcon_core.shell:Creating prefix util module '/home/hisa/ROS2/topic_communication_with_ps4controller/install/_local_setup_util_sh.py'
[2.375s] INFO:colcon.colcon_core.shell:Creating prefix chain script '/home/hisa/ROS2/topic_communication_with_ps4controller/install/setup.sh'
[2.376s] INFO:colcon.colcon_core.shell:Creating prefix script '/home/hisa/ROS2/topic_communication_with_ps4controller/install/local_setup.bash'
[2.376s] INFO:colcon.colcon_core.shell:Creating prefix chain script '/home/hisa/ROS2/topic_communication_with_ps4controller/install/setup.bash'
[2.376s] INFO:colcon.colcon_core.shell:Creating prefix script '/home/hisa/ROS2/topic_communication_with_ps4controller/install/local_setup.zsh'
[2.377s] INFO:colcon.colcon_core.shell:Creating prefix chain script '/home/hisa/ROS2/topic_communication_with_ps4controller/install/setup.zsh'
