[0.234s] DEBUG:colcon:Command line arguments: ['/usr/bin/colcon', 'build']
[0.235s] DEBUG:colcon:Parsed command line arguments: Namespace(log_base=None, log_level=None, verb_name='build', build_base='build', install_base='install', merge_install=False, symlink_install=False, test_result_base=None, continue_on_error=False, executor='parallel', parallel_workers=16, event_handlers=None, ignore_user_meta=False, metas=['./colcon.meta'], base_paths=['.'], packages_ignore=None, packages_ignore_regex=None, paths=None, packages_up_to=None, packages_up_to_regex=None, packages_above=None, packages_above_and_dependencies=None, packages_above_depth=None, packages_select_by_dep=None, packages_skip_by_dep=None, packages_skip_up_to=None, packages_select_build_failed=False, packages_skip_build_finished=False, packages_select_test_failures=False, packages_skip_test_passed=False, packages_select=None, packages_skip=None, packages_select_regex=None, packages_skip_regex=None, packages_start=None, packages_end=None, allow_overriding=[], cmake_args=None, cmake_target=None, cmake_target_skip_unavailable=False, cmake_clean_cache=False, cmake_clean_first=False, cmake_force_configure=False, ament_cmake_args=None, catkin_cmake_args=None, catkin_skip_building_tests=False, mixin_files=None, mixin=None, verb_parser=<colcon_mixin.mixin.mixin_argument.MixinArgumentDecorator object at 0x7f2f9f332980>, verb_extension=<colcon_core.verb.build.BuildVerb object at 0x7f2f9f3323b0>, main=<bound method BuildVerb.main of <colcon_core.verb.build.BuildVerb object at 0x7f2f9f3323b0>>, mixin_verb=('build',))
[0.393s] Level 1:colcon.colcon_core.package_discovery:discover_packages(colcon_meta) check parameters
[0.393s] Level 1:colcon.colcon_core.package_discovery:discover_packages(recursive) check parameters
[0.393s] Level 1:colcon.colcon_core.package_discovery:discover_packages(ignore) check parameters
[0.393s] Level 1:colcon.colcon_core.package_discovery:discover_packages(path) check parameters
[0.393s] Level 1:colcon.colcon_core.package_discovery:discover_packages(colcon_meta) discover
[0.393s] Level 1:colcon.colcon_core.package_discovery:discover_packages(recursive) discover
[0.394s] INFO:colcon.colcon_core.package_discovery:Crawling recursively for packages in '/home/otete/topic_communication_with_ps4controller'
[0.394s] Level 1:colcon.colcon_core.package_identification:_identify(.) by extensions ['ignore', 'ignore_ament_install']
[0.394s] Level 1:colcon.colcon_core.package_identification:_identify(.) by extension 'ignore'
[0.394s] Level 1:colcon.colcon_core.package_identification:_identify(.) by extension 'ignore_ament_install'
[0.394s] Level 1:colcon.colcon_core.package_identification:_identify(.) by extensions ['colcon_pkg']
[0.394s] Level 1:colcon.colcon_core.package_identification:_identify(.) by extension 'colcon_pkg'
[0.394s] Level 1:colcon.colcon_core.package_identification:_identify(.) by extensions ['colcon_meta']
[0.394s] Level 1:colcon.colcon_core.package_identification:_identify(.) by extension 'colcon_meta'
[0.394s] Level 1:colcon.colcon_core.package_identification:_identify(.) by extensions ['ros']
[0.394s] Level 1:colcon.colcon_core.package_identification:_identify(.) by extension 'ros'
[0.405s] Level 1:colcon.colcon_core.package_identification:_identify(.) by extensions ['cmake', 'python']
[0.405s] Level 1:colcon.colcon_core.package_identification:_identify(.) by extension 'cmake'
[0.405s] Level 1:colcon.colcon_core.package_identification:_identify(.) by extension 'python'
[0.405s] Level 1:colcon.colcon_core.package_identification:_identify(.) by extensions ['python_setup_py']
[0.405s] Level 1:colcon.colcon_core.package_identification:_identify(.) by extension 'python_setup_py'
[0.405s] Level 1:colcon.colcon_core.package_identification:_identify(build) by extensions ['ignore', 'ignore_ament_install']
[0.405s] Level 1:colcon.colcon_core.package_identification:_identify(build) by extension 'ignore'
[0.405s] Level 1:colcon.colcon_core.package_identification:_identify(build) ignored
[0.405s] Level 1:colcon.colcon_core.package_identification:_identify(install) by extensions ['ignore', 'ignore_ament_install']
[0.405s] Level 1:colcon.colcon_core.package_identification:_identify(install) by extension 'ignore'
[0.405s] Level 1:colcon.colcon_core.package_identification:_identify(install) ignored
[0.405s] Level 1:colcon.colcon_core.package_identification:_identify(log) by extensions ['ignore', 'ignore_ament_install']
[0.405s] Level 1:colcon.colcon_core.package_identification:_identify(log) by extension 'ignore'
[0.405s] Level 1:colcon.colcon_core.package_identification:_identify(log) ignored
[0.405s] Level 1:colcon.colcon_core.package_identification:_identify(src) by extensions ['ignore', 'ignore_ament_install']
[0.406s] Level 1:colcon.colcon_core.package_identification:_identify(src) by extension 'ignore'
[0.406s] Level 1:colcon.colcon_core.package_identification:_identify(src) by extension 'ignore_ament_install'
[0.406s] Level 1:colcon.colcon_core.package_identification:_identify(src) by extensions ['colcon_pkg']
[0.406s] Level 1:colcon.colcon_core.package_identification:_identify(src) by extension 'colcon_pkg'
[0.406s] Level 1:colcon.colcon_core.package_identification:_identify(src) by extensions ['colcon_meta']
[0.406s] Level 1:colcon.colcon_core.package_identification:_identify(src) by extension 'colcon_meta'
[0.406s] Level 1:colcon.colcon_core.package_identification:_identify(src) by extensions ['ros']
[0.406s] Level 1:colcon.colcon_core.package_identification:_identify(src) by extension 'ros'
[0.406s] Level 1:colcon.colcon_core.package_identification:_identify(src) by extensions ['cmake', 'python']
[0.406s] Level 1:colcon.colcon_core.package_identification:_identify(src) by extension 'cmake'
[0.406s] Level 1:colcon.colcon_core.package_identification:_identify(src) by extension 'python'
[0.406s] Level 1:colcon.colcon_core.package_identification:_identify(src) by extensions ['python_setup_py']
[0.406s] Level 1:colcon.colcon_core.package_identification:_identify(src) by extension 'python_setup_py'
[0.406s] Level 1:colcon.colcon_core.package_identification:_identify(src/hello) by extensions ['ignore', 'ignore_ament_install']
[0.407s] Level 1:colcon.colcon_core.package_identification:_identify(src/hello) by extension 'ignore'
[0.407s] Level 1:colcon.colcon_core.package_identification:_identify(src/hello) by extension 'ignore_ament_install'
[0.407s] Level 1:colcon.colcon_core.package_identification:_identify(src/hello) by extensions ['colcon_pkg']
[0.407s] Level 1:colcon.colcon_core.package_identification:_identify(src/hello) by extension 'colcon_pkg'
[0.407s] Level 1:colcon.colcon_core.package_identification:_identify(src/hello) by extensions ['colcon_meta']
[0.407s] Level 1:colcon.colcon_core.package_identification:_identify(src/hello) by extension 'colcon_meta'
[0.407s] Level 1:colcon.colcon_core.package_identification:_identify(src/hello) by extensions ['ros']
[0.407s] Level 1:colcon.colcon_core.package_identification:_identify(src/hello) by extension 'ros'
[0.410s] DEBUG:colcon.colcon_core.package_identification:Package 'src/hello' with type 'ros.ament_python' and name 'hello'
[0.410s] Level 1:colcon.colcon_core.package_identification:_identify(src/hello_interfaces) by extensions ['ignore', 'ignore_ament_install']
[0.410s] Level 1:colcon.colcon_core.package_identification:_identify(src/hello_interfaces) by extension 'ignore'
[0.411s] Level 1:colcon.colcon_core.package_identification:_identify(src/hello_interfaces) by extension 'ignore_ament_install'
[0.411s] Level 1:colcon.colcon_core.package_identification:_identify(src/hello_interfaces) by extensions ['colcon_pkg']
[0.411s] Level 1:colcon.colcon_core.package_identification:_identify(src/hello_interfaces) by extension 'colcon_pkg'
[0.411s] Level 1:colcon.colcon_core.package_identification:_identify(src/hello_interfaces) by extensions ['colcon_meta']
[0.411s] Level 1:colcon.colcon_core.package_identification:_identify(src/hello_interfaces) by extension 'colcon_meta'
[0.411s] Level 1:colcon.colcon_core.package_identification:_identify(src/hello_interfaces) by extensions ['ros']
[0.411s] Level 1:colcon.colcon_core.package_identification:_identify(src/hello_interfaces) by extension 'ros'
[0.411s] DEBUG:colcon.colcon_core.package_identification:Package 'src/hello_interfaces' with type 'ros.ament_cmake' and name 'hello_interfaces'
[0.411s] Level 1:colcon.colcon_core.package_discovery:discover_packages(recursive) using defaults
[0.411s] Level 1:colcon.colcon_core.package_discovery:discover_packages(ignore) discover
[0.411s] Level 1:colcon.colcon_core.package_discovery:discover_packages(ignore) using defaults
[0.411s] Level 1:colcon.colcon_core.package_discovery:discover_packages(path) discover
[0.411s] Level 1:colcon.colcon_core.package_discovery:discover_packages(path) using defaults
[0.429s] Level 1:colcon.colcon_core.package_discovery:discover_packages(prefix_path) check parameters
[0.429s] Level 1:colcon.colcon_core.package_discovery:discover_packages(prefix_path) discover
[0.433s] DEBUG:colcon.colcon_installed_package_information.package_discovery:Found 293 installed packages in /opt/ros/humble
[0.440s] Level 1:colcon.colcon_core.package_discovery:discover_packages(prefix_path) using defaults
[0.469s] Level 5:colcon.colcon_core.verb:set package 'hello' build argument 'cmake_args' from command line to 'None'
[0.469s] Level 5:colcon.colcon_core.verb:set package 'hello' build argument 'cmake_target' from command line to 'None'
[0.469s] Level 5:colcon.colcon_core.verb:set package 'hello' build argument 'cmake_target_skip_unavailable' from command line to 'False'
[0.469s] Level 5:colcon.colcon_core.verb:set package 'hello' build argument 'cmake_clean_cache' from command line to 'False'
[0.469s] Level 5:colcon.colcon_core.verb:set package 'hello' build argument 'cmake_clean_first' from command line to 'False'
[0.469s] Level 5:colcon.colcon_core.verb:set package 'hello' build argument 'cmake_force_configure' from command line to 'False'
[0.469s] Level 5:colcon.colcon_core.verb:set package 'hello' build argument 'ament_cmake_args' from command line to 'None'
[0.469s] Level 5:colcon.colcon_core.verb:set package 'hello' build argument 'catkin_cmake_args' from command line to 'None'
[0.470s] Level 5:colcon.colcon_core.verb:set package 'hello' build argument 'catkin_skip_building_tests' from command line to 'False'
[0.470s] DEBUG:colcon.colcon_core.verb:Building package 'hello' with the following arguments: {'ament_cmake_args': None, 'build_base': '/home/otete/topic_communication_with_ps4controller/build/hello', 'catkin_cmake_args': None, 'catkin_skip_building_tests': False, 'cmake_args': None, 'cmake_clean_cache': False, 'cmake_clean_first': False, 'cmake_force_configure': False, 'cmake_target': None, 'cmake_target_skip_unavailable': False, 'install_base': '/home/otete/topic_communication_with_ps4controller/install/hello', 'merge_install': False, 'path': '/home/otete/topic_communication_with_ps4controller/src/hello', 'symlink_install': False, 'test_result_base': None}
[0.470s] Level 5:colcon.colcon_core.verb:set package 'hello_interfaces' build argument 'cmake_args' from command line to 'None'
[0.470s] Level 5:colcon.colcon_core.verb:set package 'hello_interfaces' build argument 'cmake_target' from command line to 'None'
[0.470s] Level 5:colcon.colcon_core.verb:set package 'hello_interfaces' build argument 'cmake_target_skip_unavailable' from command line to 'False'
[0.470s] Level 5:colcon.colcon_core.verb:set package 'hello_interfaces' build argument 'cmake_clean_cache' from command line to 'False'
[0.470s] Level 5:colcon.colcon_core.verb:set package 'hello_interfaces' build argument 'cmake_clean_first' from command line to 'False'
[0.470s] Level 5:colcon.colcon_core.verb:set package 'hello_interfaces' build argument 'cmake_force_configure' from command line to 'False'
[0.470s] Level 5:colcon.colcon_core.verb:set package 'hello_interfaces' build argument 'ament_cmake_args' from command line to 'None'
[0.470s] Level 5:colcon.colcon_core.verb:set package 'hello_interfaces' build argument 'catkin_cmake_args' from command line to 'None'
[0.470s] Level 5:colcon.colcon_core.verb:set package 'hello_interfaces' build argument 'catkin_skip_building_tests' from command line to 'False'
[0.470s] DEBUG:colcon.colcon_core.verb:Building package 'hello_interfaces' with the following arguments: {'ament_cmake_args': None, 'build_base': '/home/otete/topic_communication_with_ps4controller/build/hello_interfaces', 'catkin_cmake_args': None, 'catkin_skip_building_tests': False, 'cmake_args': None, 'cmake_clean_cache': False, 'cmake_clean_first': False, 'cmake_force_configure': False, 'cmake_target': None, 'cmake_target_skip_unavailable': False, 'install_base': '/home/otete/topic_communication_with_ps4controller/install/hello_interfaces', 'merge_install': False, 'path': '/home/otete/topic_communication_with_ps4controller/src/hello_interfaces', 'symlink_install': False, 'test_result_base': None}
[0.470s] INFO:colcon.colcon_core.executor:Executing jobs using 'parallel' executor
[0.471s] DEBUG:colcon.colcon_parallel_executor.executor.parallel:run_until_complete
[0.471s] INFO:colcon.colcon_ros.task.ament_python.build:Building ROS package in '/home/otete/topic_communication_with_ps4controller/src/hello' with build type 'ament_python'
[0.471s] Level 1:colcon.colcon_core.shell:create_environment_hook('hello', 'ament_prefix_path')
[0.473s] INFO:colcon.colcon_core.plugin_system:Skipping extension 'colcon_core.shell.bat': Not used on non-Windows systems
[0.473s] INFO:colcon.colcon_core.shell:Creating environment hook '/home/otete/topic_communication_with_ps4controller/install/hello/share/hello/hook/ament_prefix_path.ps1'
[0.474s] INFO:colcon.colcon_core.shell:Creating environment descriptor '/home/otete/topic_communication_with_ps4controller/install/hello/share/hello/hook/ament_prefix_path.dsv'
[0.475s] INFO:colcon.colcon_core.shell:Creating environment hook '/home/otete/topic_communication_with_ps4controller/install/hello/share/hello/hook/ament_prefix_path.sh'
[0.475s] INFO:colcon.colcon_core.shell:Skip shell extension 'powershell' for command environment: Not usable outside of PowerShell
[0.475s] DEBUG:colcon.colcon_core.shell:Skip shell extension 'dsv' for command environment
[0.477s] INFO:colcon.colcon_ros.task.ament_cmake.build:Building ROS package in '/home/otete/topic_communication_with_ps4controller/src/hello_interfaces' with build type 'ament_cmake'
[0.477s] INFO:colcon.colcon_cmake.task.cmake.build:Building CMake package in '/home/otete/topic_communication_with_ps4controller/src/hello_interfaces'
[0.477s] INFO:colcon.colcon_core.shell:Skip shell extension 'powershell' for command environment: Not usable outside of PowerShell
[0.477s] DEBUG:colcon.colcon_core.shell:Skip shell extension 'dsv' for command environment
[0.653s] INFO:colcon.colcon_core.task.python.build:Building Python package in '/home/otete/topic_communication_with_ps4controller/src/hello'
[0.653s] INFO:colcon.colcon_core.shell:Skip shell extension 'powershell' for command environment: Not usable outside of PowerShell
[0.653s] DEBUG:colcon.colcon_core.shell:Skip shell extension 'dsv' for command environment
[0.658s] DEBUG:colcon.colcon_core.event_handler.log_command:Invoking command in '/home/otete/topic_communication_with_ps4controller/build/hello_interfaces': CMAKE_PREFIX_PATH=/opt/ros/humble /usr/bin/cmake --build /home/otete/topic_communication_with_ps4controller/build/hello_interfaces -- -j16 -l16
[0.903s] DEBUG:colcon.colcon_core.event_handler.log_command:Invoking command in '/home/otete/topic_communication_with_ps4controller/src/hello': PYTHONPATH=/home/otete/topic_communication_with_ps4controller/build/hello/prefix_override:/usr/lib/python3/dist-packages/colcon_core/task/python/colcon_distutils_commands:/home/otete/topic_communication_with_ps4controller/install/hello/lib/python3.10/site-packages:${PYTHONPATH} /usr/bin/python3 -W ignore:setup.py install is deprecated setup.py egg_info --egg-base ../../build/hello build --build-base /home/otete/topic_communication_with_ps4controller/build/hello/build install --record /home/otete/topic_communication_with_ps4controller/build/hello/install.log --single-version-externally-managed install_data
[0.907s] DEBUG:colcon.colcon_core.event_handler.log_command:Invoked command in '/home/otete/topic_communication_with_ps4controller/build/hello_interfaces' returned '0': CMAKE_PREFIX_PATH=/opt/ros/humble /usr/bin/cmake --build /home/otete/topic_communication_with_ps4controller/build/hello_interfaces -- -j16 -l16
[0.951s] DEBUG:colcon.colcon_core.event_handler.log_command:Invoking command in '/home/otete/topic_communication_with_ps4controller/build/hello_interfaces': CMAKE_PREFIX_PATH=/opt/ros/humble /usr/bin/cmake --install /home/otete/topic_communication_with_ps4controller/build/hello_interfaces
[0.999s] Level 1:colcon.colcon_core.environment:create_environment_scripts_only(hello_interfaces)
[1.000s] DEBUG:colcon.colcon_core.event_handler.log_command:Invoked command in '/home/otete/topic_communication_with_ps4controller/build/hello_interfaces' returned '0': CMAKE_PREFIX_PATH=/opt/ros/humble /usr/bin/cmake --install /home/otete/topic_communication_with_ps4controller/build/hello_interfaces
[1.005s] Level 1:colcon.colcon_core.environment:checking '/home/otete/topic_communication_with_ps4controller/install/hello_interfaces' for CMake module files
[1.006s] Level 1:colcon.colcon_core.environment:checking '/home/otete/topic_communication_with_ps4controller/install/hello_interfaces' for CMake config files
[1.006s] Level 1:colcon.colcon_core.shell:create_environment_hook('hello_interfaces', 'cmake_prefix_path')
[1.006s] INFO:colcon.colcon_core.shell:Creating environment hook '/home/otete/topic_communication_with_ps4controller/install/hello_interfaces/share/hello_interfaces/hook/cmake_prefix_path.ps1'
[1.007s] INFO:colcon.colcon_core.shell:Creating environment descriptor '/home/otete/topic_communication_with_ps4controller/install/hello_interfaces/share/hello_interfaces/hook/cmake_prefix_path.dsv'
[1.007s] INFO:colcon.colcon_core.shell:Creating environment hook '/home/otete/topic_communication_with_ps4controller/install/hello_interfaces/share/hello_interfaces/hook/cmake_prefix_path.sh'
[1.008s] Level 1:colcon.colcon_core.environment:checking '/home/otete/topic_communication_with_ps4controller/install/hello_interfaces/lib'
[1.008s] Level 1:colcon.colcon_core.shell:create_environment_hook('hello_interfaces', 'ld_library_path_lib')
[1.009s] INFO:colcon.colcon_core.shell:Creating environment hook '/home/otete/topic_communication_with_ps4controller/install/hello_interfaces/share/hello_interfaces/hook/ld_library_path_lib.ps1'
[1.009s] INFO:colcon.colcon_core.shell:Creating environment descriptor '/home/otete/topic_communication_with_ps4controller/install/hello_interfaces/share/hello_interfaces/hook/ld_library_path_lib.dsv'
[1.009s] INFO:colcon.colcon_core.shell:Creating environment hook '/home/otete/topic_communication_with_ps4controller/install/hello_interfaces/share/hello_interfaces/hook/ld_library_path_lib.sh'
[1.010s] Level 1:colcon.colcon_core.environment:checking '/home/otete/topic_communication_with_ps4controller/install/hello_interfaces/bin'
[1.010s] Level 1:colcon.colcon_core.environment:checking '/home/otete/topic_communication_with_ps4controller/install/hello_interfaces/lib/pkgconfig/hello_interfaces.pc'
[1.010s] Level 1:colcon.colcon_core.environment:checking '/home/otete/topic_communication_with_ps4controller/install/hello_interfaces/lib/python3.10/site-packages'
[1.010s] Level 1:colcon.colcon_core.environment:checking '/home/otete/topic_communication_with_ps4controller/install/hello_interfaces/bin'
[1.010s] INFO:colcon.colcon_core.shell:Creating package script '/home/otete/topic_communication_with_ps4controller/install/hello_interfaces/share/hello_interfaces/package.ps1'
[1.011s] INFO:colcon.colcon_core.shell:Creating package descriptor '/home/otete/topic_communication_with_ps4controller/install/hello_interfaces/share/hello_interfaces/package.dsv'
[1.012s] INFO:colcon.colcon_core.shell:Creating package script '/home/otete/topic_communication_with_ps4controller/install/hello_interfaces/share/hello_interfaces/package.sh'
[1.013s] INFO:colcon.colcon_core.shell:Creating package script '/home/otete/topic_communication_with_ps4controller/install/hello_interfaces/share/hello_interfaces/package.bash'
[1.014s] INFO:colcon.colcon_core.shell:Creating package script '/home/otete/topic_communication_with_ps4controller/install/hello_interfaces/share/hello_interfaces/package.zsh'
[1.015s] Level 1:colcon.colcon_core.environment:create_file_with_runtime_dependencies(/home/otete/topic_communication_with_ps4controller/install/hello_interfaces/share/colcon-core/packages/hello_interfaces)
[1.052s] Level 1:colcon.colcon_core.environment:create_environment_scripts_only(hello_interfaces)
[1.053s] Level 1:colcon.colcon_core.environment:checking '/home/otete/topic_communication_with_ps4controller/install/hello_interfaces' for CMake module files
[1.054s] Level 1:colcon.colcon_core.environment:checking '/home/otete/topic_communication_with_ps4controller/install/hello_interfaces' for CMake config files
[1.054s] Level 1:colcon.colcon_core.shell:create_environment_hook('hello_interfaces', 'cmake_prefix_path')
[1.054s] INFO:colcon.colcon_core.shell:Creating environment hook '/home/otete/topic_communication_with_ps4controller/install/hello_interfaces/share/hello_interfaces/hook/cmake_prefix_path.ps1'
[1.055s] INFO:colcon.colcon_core.shell:Creating environment descriptor '/home/otete/topic_communication_with_ps4controller/install/hello_interfaces/share/hello_interfaces/hook/cmake_prefix_path.dsv'
[1.055s] INFO:colcon.colcon_core.shell:Creating environment hook '/home/otete/topic_communication_with_ps4controller/install/hello_interfaces/share/hello_interfaces/hook/cmake_prefix_path.sh'
[1.056s] Level 1:colcon.colcon_core.environment:checking '/home/otete/topic_communication_with_ps4controller/install/hello_interfaces/lib'
[1.056s] Level 1:colcon.colcon_core.shell:create_environment_hook('hello_interfaces', 'ld_library_path_lib')
[1.056s] INFO:colcon.colcon_core.shell:Creating environment hook '/home/otete/topic_communication_with_ps4controller/install/hello_interfaces/share/hello_interfaces/hook/ld_library_path_lib.ps1'
[1.056s] INFO:colcon.colcon_core.shell:Creating environment descriptor '/home/otete/topic_communication_with_ps4controller/install/hello_interfaces/share/hello_interfaces/hook/ld_library_path_lib.dsv'
[1.057s] INFO:colcon.colcon_core.shell:Creating environment hook '/home/otete/topic_communication_with_ps4controller/install/hello_interfaces/share/hello_interfaces/hook/ld_library_path_lib.sh'
[1.057s] Level 1:colcon.colcon_core.environment:checking '/home/otete/topic_communication_with_ps4controller/install/hello_interfaces/bin'
[1.057s] Level 1:colcon.colcon_core.environment:checking '/home/otete/topic_communication_with_ps4controller/install/hello_interfaces/lib/pkgconfig/hello_interfaces.pc'
[1.057s] Level 1:colcon.colcon_core.environment:checking '/home/otete/topic_communication_with_ps4controller/install/hello_interfaces/lib/python3.10/site-packages'
[1.057s] Level 1:colcon.colcon_core.environment:checking '/home/otete/topic_communication_with_ps4controller/install/hello_interfaces/bin'
[1.058s] INFO:colcon.colcon_core.shell:Creating package script '/home/otete/topic_communication_with_ps4controller/install/hello_interfaces/share/hello_interfaces/package.ps1'
[1.058s] INFO:colcon.colcon_core.shell:Creating package descriptor '/home/otete/topic_communication_with_ps4controller/install/hello_interfaces/share/hello_interfaces/package.dsv'
[1.059s] INFO:colcon.colcon_core.shell:Creating package script '/home/otete/topic_communication_with_ps4controller/install/hello_interfaces/share/hello_interfaces/package.sh'
[1.059s] INFO:colcon.colcon_core.shell:Creating package script '/home/otete/topic_communication_with_ps4controller/install/hello_interfaces/share/hello_interfaces/package.bash'
[1.060s] INFO:colcon.colcon_core.shell:Creating package script '/home/otete/topic_communication_with_ps4controller/install/hello_interfaces/share/hello_interfaces/package.zsh'
[1.060s] Level 1:colcon.colcon_core.environment:create_file_with_runtime_dependencies(/home/otete/topic_communication_with_ps4controller/install/hello_interfaces/share/colcon-core/packages/hello_interfaces)
[1.123s] Level 1:colcon.colcon_core.environment:checking '/home/otete/topic_communication_with_ps4controller/install/hello' for CMake module files
[1.124s] DEBUG:colcon.colcon_core.event_handler.log_command:Invoked command in '/home/otete/topic_communication_with_ps4controller/src/hello' returned '0': PYTHONPATH=/home/otete/topic_communication_with_ps4controller/build/hello/prefix_override:/usr/lib/python3/dist-packages/colcon_core/task/python/colcon_distutils_commands:/home/otete/topic_communication_with_ps4controller/install/hello/lib/python3.10/site-packages:${PYTHONPATH} /usr/bin/python3 -W ignore:setup.py install is deprecated setup.py egg_info --egg-base ../../build/hello build --build-base /home/otete/topic_communication_with_ps4controller/build/hello/build install --record /home/otete/topic_communication_with_ps4controller/build/hello/install.log --single-version-externally-managed install_data
[1.124s] Level 1:colcon.colcon_core.environment:checking '/home/otete/topic_communication_with_ps4controller/install/hello' for CMake config files
[1.125s] Level 1:colcon.colcon_core.environment:checking '/home/otete/topic_communication_with_ps4controller/install/hello/lib'
[1.125s] Level 1:colcon.colcon_core.environment:checking '/home/otete/topic_communication_with_ps4controller/install/hello/bin'
[1.125s] Level 1:colcon.colcon_core.environment:checking '/home/otete/topic_communication_with_ps4controller/install/hello/lib/pkgconfig/hello.pc'
[1.126s] Level 1:colcon.colcon_core.environment:checking '/home/otete/topic_communication_with_ps4controller/install/hello/lib/python3.10/site-packages'
[1.126s] Level 1:colcon.colcon_core.shell:create_environment_hook('hello', 'pythonpath')
[1.126s] INFO:colcon.colcon_core.shell:Creating environment hook '/home/otete/topic_communication_with_ps4controller/install/hello/share/hello/hook/pythonpath.ps1'
[1.126s] INFO:colcon.colcon_core.shell:Creating environment descriptor '/home/otete/topic_communication_with_ps4controller/install/hello/share/hello/hook/pythonpath.dsv'
[1.127s] INFO:colcon.colcon_core.shell:Creating environment hook '/home/otete/topic_communication_with_ps4controller/install/hello/share/hello/hook/pythonpath.sh'
[1.127s] Level 1:colcon.colcon_core.environment:checking '/home/otete/topic_communication_with_ps4controller/install/hello/bin'
[1.127s] Level 1:colcon.colcon_core.environment:create_environment_scripts_only(hello)
[1.127s] INFO:colcon.colcon_core.shell:Creating package script '/home/otete/topic_communication_with_ps4controller/install/hello/share/hello/package.ps1'
[1.128s] INFO:colcon.colcon_core.shell:Creating package descriptor '/home/otete/topic_communication_with_ps4controller/install/hello/share/hello/package.dsv'
[1.128s] INFO:colcon.colcon_core.shell:Creating package script '/home/otete/topic_communication_with_ps4controller/install/hello/share/hello/package.sh'
[1.128s] INFO:colcon.colcon_core.shell:Creating package script '/home/otete/topic_communication_with_ps4controller/install/hello/share/hello/package.bash'
[1.128s] INFO:colcon.colcon_core.shell:Creating package script '/home/otete/topic_communication_with_ps4controller/install/hello/share/hello/package.zsh'
[1.129s] Level 1:colcon.colcon_core.environment:create_file_with_runtime_dependencies(/home/otete/topic_communication_with_ps4controller/install/hello/share/colcon-core/packages/hello)
[1.129s] DEBUG:colcon.colcon_parallel_executor.executor.parallel:closing loop
[1.129s] DEBUG:colcon.colcon_parallel_executor.executor.parallel:loop closed
[1.129s] DEBUG:colcon.colcon_parallel_executor.executor.parallel:run_until_complete finished with '0'
[1.129s] DEBUG:colcon.colcon_core.event_reactor:joining thread
[1.134s] INFO:colcon.colcon_core.plugin_system:Skipping extension 'colcon_notification.desktop_notification.terminal_notifier': Not used on non-Darwin systems
[1.134s] INFO:colcon.colcon_core.plugin_system:Skipping extension 'colcon_notification.desktop_notification.win32': Not used on non-Windows systems
[1.134s] INFO:colcon.colcon_notification.desktop_notification:Sending desktop notification using 'notify2'
[1.152s] DEBUG:colcon.colcon_core.event_reactor:joined thread
[1.152s] INFO:colcon.colcon_core.shell:Creating prefix script '/home/otete/topic_communication_with_ps4controller/install/local_setup.ps1'
[1.153s] INFO:colcon.colcon_core.shell:Creating prefix util module '/home/otete/topic_communication_with_ps4controller/install/_local_setup_util_ps1.py'
[1.154s] INFO:colcon.colcon_core.shell:Creating prefix chain script '/home/otete/topic_communication_with_ps4controller/install/setup.ps1'
[1.154s] INFO:colcon.colcon_core.shell:Creating prefix script '/home/otete/topic_communication_with_ps4controller/install/local_setup.sh'
[1.155s] INFO:colcon.colcon_core.shell:Creating prefix util module '/home/otete/topic_communication_with_ps4controller/install/_local_setup_util_sh.py'
[1.155s] INFO:colcon.colcon_core.shell:Creating prefix chain script '/home/otete/topic_communication_with_ps4controller/install/setup.sh'
[1.156s] INFO:colcon.colcon_core.shell:Creating prefix script '/home/otete/topic_communication_with_ps4controller/install/local_setup.bash'
[1.156s] INFO:colcon.colcon_core.shell:Creating prefix chain script '/home/otete/topic_communication_with_ps4controller/install/setup.bash'
[1.157s] INFO:colcon.colcon_core.shell:Creating prefix script '/home/otete/topic_communication_with_ps4controller/install/local_setup.zsh'
[1.158s] INFO:colcon.colcon_core.shell:Creating prefix chain script '/home/otete/topic_communication_with_ps4controller/install/setup.zsh'
