running egg_info
writing ../../build/hello/hello.egg-info/PKG-INFO
writing dependency_links to ../../build/hello/hello.egg-info/dependency_links.txt
writing entry points to ../../build/hello/hello.egg-info/entry_points.txt
writing requirements to ../../build/hello/hello.egg-info/requires.txt
writing top-level names to ../../build/hello/hello.egg-info/top_level.txt
reading manifest file '../../build/hello/hello.egg-info/SOURCES.txt'
writing manifest file '../../build/hello/hello.egg-info/SOURCES.txt'
running build
running build_py
running install
running install_lib
running install_data
copying package.xml -> /home/hisa/ROS2/topic_communication_with_ps4controller/install/hello/share/hello
creating /home/hisa/ROS2/topic_communication_with_ps4controller/install/hello/share/hello/resource
copying resource/hello -> /home/hisa/ROS2/topic_communication_with_ps4controller/install/hello/share/hello/resource
running install_egg_info
Copying ../../build/hello/hello.egg-info to /home/hisa/ROS2/topic_communication_with_ps4controller/install/hello/lib/python3.12/site-packages/hello-0.0.0-py3.12.egg-info
running install_scripts
Installing listener_robo1 script to /home/hisa/ROS2/topic_communication_with_ps4controller/install/hello/lib/hello
Installing listener_robo2-1 script to /home/hisa/ROS2/topic_communication_with_ps4controller/install/hello/lib/hello
Installing listener_robo2-2 script to /home/hisa/ROS2/topic_communication_with_ps4controller/install/hello/lib/hello
Installing talker_iseki script to /home/hisa/ROS2/topic_communication_with_ps4controller/install/hello/lib/hello
Installing talker_nari script to /home/hisa/ROS2/topic_communication_with_ps4controller/install/hello/lib/hello
writing list of installed files to '/home/hisa/ROS2/topic_communication_with_ps4controller/build/hello/install.log'
