[0.605s] Invoking command in '/home/hisa/ROS2/topic_communication_with_ps4controller/src/hello': DEBUGINFOD_URLS=https://debuginfod.ubuntu.com PYTHONPATH=/home/hisa/ROS2/topic_communication_with_ps4controller/build/hello/prefix_override:/usr/lib/python3/dist-packages/colcon_core/task/python/colcon_distutils_commands:/home/hisa/ROS2/topic_communication_with_ps4controller/install/hello/lib/python3.12/site-packages:${PYTHONPATH} /usr/bin/python3 -W ignore:setup.py install is deprecated setup.py egg_info --egg-base ../../build/hello build --build-base /home/hisa/ROS2/topic_communication_with_ps4controller/build/hello/build install --record /home/hisa/ROS2/topic_communication_with_ps4controller/build/hello/install.log --single-version-externally-managed install_data
[0.818s] running egg_info
[0.832s] writing ../../build/hello/hello.egg-info/PKG-INFO
[0.832s] writing dependency_links to ../../build/hello/hello.egg-info/dependency_links.txt
[0.832s] writing entry points to ../../build/hello/hello.egg-info/entry_points.txt
[0.833s] writing requirements to ../../build/hello/hello.egg-info/requires.txt
[0.833s] writing top-level names to ../../build/hello/hello.egg-info/top_level.txt
[0.864s] reading manifest file '../../build/hello/hello.egg-info/SOURCES.txt'
[0.865s] writing manifest file '../../build/hello/hello.egg-info/SOURCES.txt'
[0.865s] running build
[0.865s] running build_py
[0.865s] running install
[0.873s] running install_lib
[0.889s] running install_data
[0.889s] copying package.xml -> /home/hisa/ROS2/topic_communication_with_ps4controller/install/hello/share/hello
[0.889s] creating /home/hisa/ROS2/topic_communication_with_ps4controller/install/hello/share/hello/resource
[0.889s] copying resource/hello -> /home/hisa/ROS2/topic_communication_with_ps4controller/install/hello/share/hello/resource
[0.889s] running install_egg_info
[0.910s] Copying ../../build/hello/hello.egg-info to /home/hisa/ROS2/topic_communication_with_ps4controller/install/hello/lib/python3.12/site-packages/hello-0.0.0-py3.12.egg-info
[0.911s] running install_scripts
[1.020s] Installing listener_robo1 script to /home/hisa/ROS2/topic_communication_with_ps4controller/install/hello/lib/hello
[1.020s] Installing listener_robo2-1 script to /home/hisa/ROS2/topic_communication_with_ps4controller/install/hello/lib/hello
[1.020s] Installing listener_robo2-2 script to /home/hisa/ROS2/topic_communication_with_ps4controller/install/hello/lib/hello
[1.020s] Installing talker_iseki script to /home/hisa/ROS2/topic_communication_with_ps4controller/install/hello/lib/hello
[1.020s] Installing talker_nari script to /home/hisa/ROS2/topic_communication_with_ps4controller/install/hello/lib/hello
[1.020s] writing list of installed files to '/home/hisa/ROS2/topic_communication_with_ps4controller/build/hello/install.log'
[1.082s] Invoked command in '/home/hisa/ROS2/topic_communication_with_ps4controller/src/hello' returned '0': DEBUGINFOD_URLS=https://debuginfod.ubuntu.com PYTHONPATH=/home/hisa/ROS2/topic_communication_with_ps4controller/build/hello/prefix_override:/usr/lib/python3/dist-packages/colcon_core/task/python/colcon_distutils_commands:/home/hisa/ROS2/topic_communication_with_ps4controller/install/hello/lib/python3.12/site-packages:${PYTHONPATH} /usr/bin/python3 -W ignore:setup.py install is deprecated setup.py egg_info --egg-base ../../build/hello build --build-base /home/hisa/ROS2/topic_communication_with_ps4controller/build/hello/build install --record /home/hisa/ROS2/topic_communication_with_ps4controller/build/hello/install.log --single-version-externally-managed install_data
