[0.154s] Invoking command in '/home/otete/colcon_ws_controller/build/hello_interfaces': CMAKE_PREFIX_PATH=${CMAKE_PREFIX_PATH}:/home/otete/colcon_ws_controller/install/hello:/home/otete/install/hello:/home/otete/install/examples_rclpy_minimal_action_client:/home/otete/install/examples_rclpy_guard_conditions:/home/otete/install/examples_rclpy_executors:/opt/ros/humble /usr/bin/cmake /home/otete/colcon_ws_controller/src/hello_interfaces -DCMAKE_INSTALL_PREFIX=/home/otete/colcon_ws_controller/install/hello_interfaces
[0.191s] -- The C compiler identification is GNU 11.4.0
[0.227s] -- The CXX compiler identification is GNU 11.4.0
[0.233s] -- Detecting C compiler ABI info
[0.276s] -- Detecting C compiler ABI info - done
[0.282s] -- Check for working C compiler: /usr/bin/cc - skipped
[0.283s] -- Detecting C compile features
[0.283s] -- Detecting C compile features - done
[0.285s] -- Detecting CXX compiler ABI info
[0.348s] -- Detecting CXX compiler ABI info - done
[0.357s] -- Check for working CXX compiler: /usr/bin/c++ - skipped
[0.358s] -- Detecting CXX compile features
[0.358s] -- Detecting CXX compile features - done
[0.360s] -- Found ament_cmake: 1.3.8 (/opt/ros/humble/share/ament_cmake/cmake)
[0.465s] -- Found Python3: /usr/bin/python3 (found version "3.10.12") found components: Interpreter 
[0.528s] -- Found rosidl_default_generators: 1.2.0 (/opt/ros/humble/share/rosidl_default_generators/cmake)
[0.531s] -- Using all available rosidl_typesupport_c: rosidl_typesupport_fastrtps_c;rosidl_typesupport_introspection_c
[0.536s] -- Found rosidl_adapter: 3.1.5 (/opt/ros/humble/share/rosidl_adapter/cmake)
[0.565s] -- Using all available rosidl_typesupport_cpp: rosidl_typesupport_fastrtps_cpp;rosidl_typesupport_introspection_cpp
[0.751s] -- Found ament_cmake_ros: 0.10.0 (/opt/ros/humble/share/ament_cmake_ros/cmake)
[0.880s] -- Using all available rosidl_typesupport_c: rosidl_typesupport_fastrtps_c;rosidl_typesupport_introspection_c
[1.056s] -- Using all available rosidl_typesupport_cpp: rosidl_typesupport_fastrtps_cpp;rosidl_typesupport_introspection_cpp
[1.071s] -- Found PythonInterp: /usr/bin/python3 (found suitable version "3.10.12", minimum required is "3.6") 
[1.072s] -- Found python_cmake_module: 0.10.0 (/opt/ros/humble/share/python_cmake_module/cmake)
[1.090s] -- Found PythonLibs: /usr/lib/x86_64-linux-gnu/libpython3.10.so (found suitable version "3.10.12", minimum required is "3.5") 
[1.090s] -- Using PYTHON_EXECUTABLE: /usr/bin/python3
[1.090s] -- Using PYTHON_INCLUDE_DIRS: /usr/include/python3.10
[1.090s] -- Using PYTHON_LIBRARIES: /usr/lib/x86_64-linux-gnu/libpython3.10.so
[1.104s] -- Found PythonExtra: .so  
[1.129s] -- Found ament_lint_auto: 0.12.10 (/opt/ros/humble/share/ament_lint_auto/cmake)
[1.143s] -- Added test 'lint_cmake' to check CMake code style
[1.144s] -- Added test 'xmllint' to check XML markup files
[1.145s] -- Configuring done
[1.159s] -- Generating done
[1.161s] -- Build files have been written to: /home/otete/colcon_ws_controller/build/hello_interfaces
[1.165s] Invoked command in '/home/otete/colcon_ws_controller/build/hello_interfaces' returned '0': CMAKE_PREFIX_PATH=${CMAKE_PREFIX_PATH}:/home/otete/colcon_ws_controller/install/hello:/home/otete/install/hello:/home/otete/install/examples_rclpy_minimal_action_client:/home/otete/install/examples_rclpy_guard_conditions:/home/otete/install/examples_rclpy_executors:/opt/ros/humble /usr/bin/cmake /home/otete/colcon_ws_controller/src/hello_interfaces -DCMAKE_INSTALL_PREFIX=/home/otete/colcon_ws_controller/install/hello_interfaces
[1.167s] Invoking command in '/home/otete/colcon_ws_controller/build/hello_interfaces': CMAKE_PREFIX_PATH=${CMAKE_PREFIX_PATH}:/home/otete/colcon_ws_controller/install/hello:/home/otete/install/hello:/home/otete/install/examples_rclpy_minimal_action_client:/home/otete/install/examples_rclpy_guard_conditions:/home/otete/install/examples_rclpy_executors:/opt/ros/humble /usr/bin/cmake --build /home/otete/colcon_ws_controller/build/hello_interfaces -- -j16 -l16
[1.197s] [  3%] [34m[1mGenerating C code for ROS interfaces[0m
[1.202s] [  6%] [34m[1mGenerating C++ code for ROS interfaces[0m
[1.207s] [  6%] Built target ament_cmake_python_copy_hello_interfaces
[1.348s] [  6%] Built target hello_interfaces__cpp
[1.353s] [  9%] [32mBuilding C object CMakeFiles/hello_interfaces__rosidl_generator_c.dir/rosidl_generator_c/hello_interfaces/msg/detail/my_string__functions.c.o[0m
[1.354s] [ 12%] [34m[1mGenerating C++ type support dispatch for ROS interfaces[0m
[1.354s] [ 16%] [34m[1mGenerating C++ type support for eProsima Fast-RTPS[0m
[1.354s] [ 19%] [34m[1mGenerating C++ introspection for ROS interfaces[0m
[1.355s] running egg_info
[1.356s] creating hello_interfaces.egg-info
[1.356s] writing hello_interfaces.egg-info/PKG-INFO
[1.356s] writing dependency_links to hello_interfaces.egg-info/dependency_links.txt
[1.357s] writing top-level names to hello_interfaces.egg-info/top_level.txt
[1.357s] writing manifest file 'hello_interfaces.egg-info/SOURCES.txt'
[1.359s] reading manifest file 'hello_interfaces.egg-info/SOURCES.txt'
[1.360s] writing manifest file 'hello_interfaces.egg-info/SOURCES.txt'
[1.385s] [ 19%] Built target ament_cmake_python_build_hello_interfaces_egg
[1.387s] [ 22%] [32m[1mLinking C shared library libhello_interfaces__rosidl_generator_c.so[0m
[1.415s] [ 22%] Built target hello_interfaces__rosidl_generator_c
[1.423s] [ 25%] [34m[1mGenerating C type support for eProsima Fast-RTPS[0m
[1.426s] [ 29%] [34m[1mGenerating C introspection for ROS interfaces[0m
[1.427s] [ 32%] [34m[1mGenerating C type support dispatch for ROS interfaces[0m
[1.533s] [ 35%] [32mBuilding CXX object CMakeFiles/hello_interfaces__rosidl_typesupport_cpp.dir/rosidl_typesupport_cpp/hello_interfaces/msg/my_string__type_support.cpp.o[0m
[1.546s] [ 38%] [32mBuilding CXX object CMakeFiles/hello_interfaces__rosidl_typesupport_introspection_cpp.dir/rosidl_typesupport_introspection_cpp/hello_interfaces/msg/detail/my_string__type_support.cpp.o[0m
[1.559s] [ 41%] [32mBuilding CXX object CMakeFiles/hello_interfaces__rosidl_typesupport_fastrtps_cpp.dir/rosidl_typesupport_fastrtps_cpp/hello_interfaces/msg/detail/dds_fastrtps/my_string__type_support.cpp.o[0m
[1.675s] [ 45%] [32mBuilding CXX object CMakeFiles/hello_interfaces__rosidl_typesupport_c.dir/rosidl_typesupport_c/hello_interfaces/msg/my_string__type_support.cpp.o[0m
[1.675s] [ 48%] [32mBuilding CXX object CMakeFiles/hello_interfaces__rosidl_typesupport_fastrtps_c.dir/rosidl_typesupport_fastrtps_c/hello_interfaces/msg/detail/my_string__type_support_c.cpp.o[0m
[1.699s] [ 51%] [32m[1mLinking CXX shared library libhello_interfaces__rosidl_typesupport_c.so[0m
[1.733s] [ 51%] Built target hello_interfaces__rosidl_typesupport_c
[1.740s] [ 54%] [32m[1mLinking CXX shared library libhello_interfaces__rosidl_typesupport_cpp.so[0m
[1.775s] [ 54%] Built target hello_interfaces__rosidl_typesupport_cpp
[1.793s] [ 58%] [32mBuilding C object CMakeFiles/hello_interfaces__rosidl_typesupport_introspection_c.dir/rosidl_typesupport_introspection_c/hello_interfaces/msg/detail/my_string__type_support.c.o[0m
[1.819s] [ 61%] [32m[1mLinking C shared library libhello_interfaces__rosidl_typesupport_introspection_c.so[0m
[1.842s] [ 64%] [32m[1mLinking CXX shared library libhello_interfaces__rosidl_typesupport_introspection_cpp.so[0m
[1.842s] [ 64%] Built target hello_interfaces__rosidl_typesupport_introspection_c
[1.867s] [ 67%] [32m[1mLinking CXX shared library libhello_interfaces__rosidl_typesupport_fastrtps_cpp.so[0m
[1.891s] [ 67%] Built target hello_interfaces__rosidl_typesupport_introspection_cpp
[1.921s] [ 67%] Built target hello_interfaces__rosidl_typesupport_fastrtps_cpp
[1.950s] [ 70%] [32m[1mLinking CXX shared library libhello_interfaces__rosidl_typesupport_fastrtps_c.so[0m
[2.000s] [ 70%] Built target hello_interfaces__rosidl_typesupport_fastrtps_c
[2.014s] [ 70%] Built target hello_interfaces
[2.031s] [ 74%] [34m[1mGenerating Python code for ROS interfaces[0m
[2.205s] [ 74%] Built target hello_interfaces__py
[2.217s] [ 77%] [32mBuilding C object CMakeFiles/hello_interfaces__rosidl_generator_py.dir/rosidl_generator_py/hello_interfaces/msg/_my_string_s.c.o[0m
[2.281s] [ 80%] [32m[1mLinking C shared library rosidl_generator_py/hello_interfaces/libhello_interfaces__rosidl_generator_py.so[0m
[2.309s] [ 80%] Built target hello_interfaces__rosidl_generator_py
[2.323s] [ 90%] [32mBuilding C object CMakeFiles/hello_interfaces__rosidl_typesupport_introspection_c__pyext.dir/rosidl_generator_py/hello_interfaces/_hello_interfaces_s.ep.rosidl_typesupport_introspection_c.c.o[0m
[2.323s] [ 90%] [32mBuilding C object CMakeFiles/hello_interfaces__rosidl_typesupport_c__pyext.dir/rosidl_generator_py/hello_interfaces/_hello_interfaces_s.ep.rosidl_typesupport_c.c.o[0m
[2.323s] [ 90%] [32mBuilding C object CMakeFiles/hello_interfaces__rosidl_typesupport_fastrtps_c__pyext.dir/rosidl_generator_py/hello_interfaces/_hello_interfaces_s.ep.rosidl_typesupport_fastrtps_c.c.o[0m
[2.377s] [ 93%] [32m[1mLinking C shared library rosidl_generator_py/hello_interfaces/hello_interfaces_s__rosidl_typesupport_introspection_c.cpython-310-x86_64-linux-gnu.so[0m
[2.377s] [ 96%] [32m[1mLinking C shared library rosidl_generator_py/hello_interfaces/hello_interfaces_s__rosidl_typesupport_c.cpython-310-x86_64-linux-gnu.so[0m
[2.377s] [100%] [32m[1mLinking C shared library rosidl_generator_py/hello_interfaces/hello_interfaces_s__rosidl_typesupport_fastrtps_c.cpython-310-x86_64-linux-gnu.so[0m
[2.397s] [100%] Built target hello_interfaces__rosidl_typesupport_c__pyext
[2.397s] [100%] Built target hello_interfaces__rosidl_typesupport_introspection_c__pyext
[2.397s] [100%] Built target hello_interfaces__rosidl_typesupport_fastrtps_c__pyext
[2.405s] Invoked command in '/home/otete/colcon_ws_controller/build/hello_interfaces' returned '0': CMAKE_PREFIX_PATH=${CMAKE_PREFIX_PATH}:/home/otete/colcon_ws_controller/install/hello:/home/otete/install/hello:/home/otete/install/examples_rclpy_minimal_action_client:/home/otete/install/examples_rclpy_guard_conditions:/home/otete/install/examples_rclpy_executors:/opt/ros/humble /usr/bin/cmake --build /home/otete/colcon_ws_controller/build/hello_interfaces -- -j16 -l16
[2.456s] Invoking command in '/home/otete/colcon_ws_controller/build/hello_interfaces': CMAKE_PREFIX_PATH=${CMAKE_PREFIX_PATH}:/home/otete/colcon_ws_controller/install/hello:/home/otete/install/hello:/home/otete/install/examples_rclpy_minimal_action_client:/home/otete/install/examples_rclpy_guard_conditions:/home/otete/install/examples_rclpy_executors:/opt/ros/humble /usr/bin/cmake --install /home/otete/colcon_ws_controller/build/hello_interfaces
[2.462s] -- Install configuration: ""
[2.462s] -- Installing: /home/otete/colcon_ws_controller/install/hello_interfaces/share/ament_index/resource_index/rosidl_interfaces/hello_interfaces
[2.462s] -- Installing: /home/otete/colcon_ws_controller/install/hello_interfaces/include/hello_interfaces/hello_interfaces
[2.462s] -- Installing: /home/otete/colcon_ws_controller/install/hello_interfaces/include/hello_interfaces/hello_interfaces/msg
[2.463s] -- Installing: /home/otete/colcon_ws_controller/install/hello_interfaces/include/hello_interfaces/hello_interfaces/msg/detail
[2.463s] -- Installing: /home/otete/colcon_ws_controller/install/hello_interfaces/include/hello_interfaces/hello_interfaces/msg/detail/my_string__functions.h
[2.463s] -- Installing: /home/otete/colcon_ws_controller/install/hello_interfaces/include/hello_interfaces/hello_interfaces/msg/detail/my_string__functions.c
[2.463s] -- Installing: /home/otete/colcon_ws_controller/install/hello_interfaces/include/hello_interfaces/hello_interfaces/msg/detail/my_string__type_support.h
[2.463s] -- Installing: /home/otete/colcon_ws_controller/install/hello_interfaces/include/hello_interfaces/hello_interfaces/msg/detail/my_string__struct.h
[2.463s] -- Installing: /home/otete/colcon_ws_controller/install/hello_interfaces/include/hello_interfaces/hello_interfaces/msg/rosidl_generator_c__visibility_control.h
[2.463s] -- Installing: /home/otete/colcon_ws_controller/install/hello_interfaces/include/hello_interfaces/hello_interfaces/msg/my_string.h
[2.463s] -- Installing: /home/otete/colcon_ws_controller/install/hello_interfaces/share/hello_interfaces/environment/library_path.sh
[2.463s] -- Installing: /home/otete/colcon_ws_controller/install/hello_interfaces/share/hello_interfaces/environment/library_path.dsv
[2.463s] -- Installing: /home/otete/colcon_ws_controller/install/hello_interfaces/lib/libhello_interfaces__rosidl_generator_c.so
[2.464s] -- Set runtime path of "/home/otete/colcon_ws_controller/install/hello_interfaces/lib/libhello_interfaces__rosidl_generator_c.so" to ""
[2.464s] -- Up-to-date: /home/otete/colcon_ws_controller/install/hello_interfaces/include/hello_interfaces/hello_interfaces
[2.464s] -- Up-to-date: /home/otete/colcon_ws_controller/install/hello_interfaces/include/hello_interfaces/hello_interfaces/msg
[2.464s] -- Up-to-date: /home/otete/colcon_ws_controller/install/hello_interfaces/include/hello_interfaces/hello_interfaces/msg/detail
[2.464s] -- Installing: /home/otete/colcon_ws_controller/install/hello_interfaces/include/hello_interfaces/hello_interfaces/msg/detail/my_string__rosidl_typesupport_fastrtps_c.h
[2.464s] -- Installing: /home/otete/colcon_ws_controller/install/hello_interfaces/include/hello_interfaces/hello_interfaces/msg/rosidl_typesupport_fastrtps_c__visibility_control.h
[2.464s] -- Installing: /home/otete/colcon_ws_controller/install/hello_interfaces/lib/libhello_interfaces__rosidl_typesupport_fastrtps_c.so
[2.464s] -- Set runtime path of "/home/otete/colcon_ws_controller/install/hello_interfaces/lib/libhello_interfaces__rosidl_typesupport_fastrtps_c.so" to ""
[2.464s] -- Up-to-date: /home/otete/colcon_ws_controller/install/hello_interfaces/include/hello_interfaces/hello_interfaces
[2.464s] -- Up-to-date: /home/otete/colcon_ws_controller/install/hello_interfaces/include/hello_interfaces/hello_interfaces/msg
[2.464s] -- Up-to-date: /home/otete/colcon_ws_controller/install/hello_interfaces/include/hello_interfaces/hello_interfaces/msg/detail
[2.465s] -- Installing: /home/otete/colcon_ws_controller/install/hello_interfaces/include/hello_interfaces/hello_interfaces/msg/detail/my_string__rosidl_typesupport_introspection_c.h
[2.465s] -- Installing: /home/otete/colcon_ws_controller/install/hello_interfaces/include/hello_interfaces/hello_interfaces/msg/detail/my_string__type_support.c
[2.465s] -- Installing: /home/otete/colcon_ws_controller/install/hello_interfaces/include/hello_interfaces/hello_interfaces/msg/rosidl_typesupport_introspection_c__visibility_control.h
[2.465s] -- Installing: /home/otete/colcon_ws_controller/install/hello_interfaces/lib/libhello_interfaces__rosidl_typesupport_introspection_c.so
[2.465s] -- Set runtime path of "/home/otete/colcon_ws_controller/install/hello_interfaces/lib/libhello_interfaces__rosidl_typesupport_introspection_c.so" to ""
[2.465s] -- Installing: /home/otete/colcon_ws_controller/install/hello_interfaces/lib/libhello_interfaces__rosidl_typesupport_c.so
[2.465s] -- Set runtime path of "/home/otete/colcon_ws_controller/install/hello_interfaces/lib/libhello_interfaces__rosidl_typesupport_c.so" to ""
[2.465s] -- Up-to-date: /home/otete/colcon_ws_controller/install/hello_interfaces/include/hello_interfaces/hello_interfaces
[2.465s] -- Up-to-date: /home/otete/colcon_ws_controller/install/hello_interfaces/include/hello_interfaces/hello_interfaces/msg
[2.465s] -- Up-to-date: /home/otete/colcon_ws_controller/install/hello_interfaces/include/hello_interfaces/hello_interfaces/msg/detail
[2.466s] -- Installing: /home/otete/colcon_ws_controller/install/hello_interfaces/include/hello_interfaces/hello_interfaces/msg/detail/my_string__struct.hpp
[2.466s] -- Installing: /home/otete/colcon_ws_controller/install/hello_interfaces/include/hello_interfaces/hello_interfaces/msg/detail/my_string__builder.hpp
[2.466s] -- Installing: /home/otete/colcon_ws_controller/install/hello_interfaces/include/hello_interfaces/hello_interfaces/msg/detail/my_string__traits.hpp
[2.466s] -- Installing: /home/otete/colcon_ws_controller/install/hello_interfaces/include/hello_interfaces/hello_interfaces/msg/my_string.hpp
[2.466s] -- Up-to-date: /home/otete/colcon_ws_controller/install/hello_interfaces/include/hello_interfaces/hello_interfaces
[2.466s] -- Up-to-date: /home/otete/colcon_ws_controller/install/hello_interfaces/include/hello_interfaces/hello_interfaces/msg
[2.466s] -- Installing: /home/otete/colcon_ws_controller/install/hello_interfaces/include/hello_interfaces/hello_interfaces/msg/rosidl_typesupport_fastrtps_cpp__visibility_control.h
[2.466s] -- Up-to-date: /home/otete/colcon_ws_controller/install/hello_interfaces/include/hello_interfaces/hello_interfaces/msg/detail
[2.466s] -- Installing: /home/otete/colcon_ws_controller/install/hello_interfaces/include/hello_interfaces/hello_interfaces/msg/detail/dds_fastrtps
[2.466s] -- Installing: /home/otete/colcon_ws_controller/install/hello_interfaces/include/hello_interfaces/hello_interfaces/msg/detail/my_string__rosidl_typesupport_fastrtps_cpp.hpp
[2.466s] -- Installing: /home/otete/colcon_ws_controller/install/hello_interfaces/lib/libhello_interfaces__rosidl_typesupport_fastrtps_cpp.so
[2.466s] -- Set runtime path of "/home/otete/colcon_ws_controller/install/hello_interfaces/lib/libhello_interfaces__rosidl_typesupport_fastrtps_cpp.so" to ""
[2.466s] -- Up-to-date: /home/otete/colcon_ws_controller/install/hello_interfaces/include/hello_interfaces/hello_interfaces
[2.466s] -- Up-to-date: /home/otete/colcon_ws_controller/install/hello_interfaces/include/hello_interfaces/hello_interfaces/msg
[2.466s] -- Up-to-date: /home/otete/colcon_ws_controller/install/hello_interfaces/include/hello_interfaces/hello_interfaces/msg/detail
[2.466s] -- Installing: /home/otete/colcon_ws_controller/install/hello_interfaces/include/hello_interfaces/hello_interfaces/msg/detail/my_string__type_support.cpp
[2.466s] -- Installing: /home/otete/colcon_ws_controller/install/hello_interfaces/include/hello_interfaces/hello_interfaces/msg/detail/my_string__rosidl_typesupport_introspection_cpp.hpp
[2.466s] -- Installing: /home/otete/colcon_ws_controller/install/hello_interfaces/lib/libhello_interfaces__rosidl_typesupport_introspection_cpp.so
[2.466s] -- Set runtime path of "/home/otete/colcon_ws_controller/install/hello_interfaces/lib/libhello_interfaces__rosidl_typesupport_introspection_cpp.so" to ""
[2.467s] -- Installing: /home/otete/colcon_ws_controller/install/hello_interfaces/lib/libhello_interfaces__rosidl_typesupport_cpp.so
[2.467s] -- Set runtime path of "/home/otete/colcon_ws_controller/install/hello_interfaces/lib/libhello_interfaces__rosidl_typesupport_cpp.so" to ""
[2.467s] -- Installing: /home/otete/colcon_ws_controller/install/hello_interfaces/share/hello_interfaces/environment/pythonpath.sh
[2.467s] -- Installing: /home/otete/colcon_ws_controller/install/hello_interfaces/share/hello_interfaces/environment/pythonpath.dsv
[2.467s] -- Installing: /home/otete/colcon_ws_controller/install/hello_interfaces/local/lib/python3.10/dist-packages/hello_interfaces-0.0.0-py3.10.egg-info
[2.467s] -- Installing: /home/otete/colcon_ws_controller/install/hello_interfaces/local/lib/python3.10/dist-packages/hello_interfaces-0.0.0-py3.10.egg-info/PKG-INFO
[2.467s] -- Installing: /home/otete/colcon_ws_controller/install/hello_interfaces/local/lib/python3.10/dist-packages/hello_interfaces-0.0.0-py3.10.egg-info/top_level.txt
[2.467s] -- Installing: /home/otete/colcon_ws_controller/install/hello_interfaces/local/lib/python3.10/dist-packages/hello_interfaces-0.0.0-py3.10.egg-info/dependency_links.txt
[2.467s] -- Installing: /home/otete/colcon_ws_controller/install/hello_interfaces/local/lib/python3.10/dist-packages/hello_interfaces-0.0.0-py3.10.egg-info/SOURCES.txt
[2.467s] -- Installing: /home/otete/colcon_ws_controller/install/hello_interfaces/local/lib/python3.10/dist-packages/hello_interfaces
[2.467s] -- Installing: /home/otete/colcon_ws_controller/install/hello_interfaces/local/lib/python3.10/dist-packages/hello_interfaces/_hello_interfaces_s.ep.rosidl_typesupport_c.c
[2.467s] -- Installing: /home/otete/colcon_ws_controller/install/hello_interfaces/local/lib/python3.10/dist-packages/hello_interfaces/hello_interfaces_s__rosidl_typesupport_fastrtps_c.cpython-310-x86_64-linux-gnu.so
[2.467s] -- Installing: /home/otete/colcon_ws_controller/install/hello_interfaces/local/lib/python3.10/dist-packages/hello_interfaces/libhello_interfaces__rosidl_generator_py.so
[2.467s] -- Installing: /home/otete/colcon_ws_controller/install/hello_interfaces/local/lib/python3.10/dist-packages/hello_interfaces/hello_interfaces_s__rosidl_typesupport_introspection_c.cpython-310-x86_64-linux-gnu.so
[2.467s] -- Installing: /home/otete/colcon_ws_controller/install/hello_interfaces/local/lib/python3.10/dist-packages/hello_interfaces/hello_interfaces_s__rosidl_typesupport_c.cpython-310-x86_64-linux-gnu.so
[2.467s] -- Installing: /home/otete/colcon_ws_controller/install/hello_interfaces/local/lib/python3.10/dist-packages/hello_interfaces/__init__.py
[2.467s] -- Installing: /home/otete/colcon_ws_controller/install/hello_interfaces/local/lib/python3.10/dist-packages/hello_interfaces/_hello_interfaces_s.ep.rosidl_typesupport_fastrtps_c.c
[2.467s] -- Installing: /home/otete/colcon_ws_controller/install/hello_interfaces/local/lib/python3.10/dist-packages/hello_interfaces/msg
[2.467s] -- Installing: /home/otete/colcon_ws_controller/install/hello_interfaces/local/lib/python3.10/dist-packages/hello_interfaces/msg/_my_string_s.c
[2.467s] -- Installing: /home/otete/colcon_ws_controller/install/hello_interfaces/local/lib/python3.10/dist-packages/hello_interfaces/msg/_my_string.py
[2.467s] -- Installing: /home/otete/colcon_ws_controller/install/hello_interfaces/local/lib/python3.10/dist-packages/hello_interfaces/msg/__init__.py
[2.467s] -- Installing: /home/otete/colcon_ws_controller/install/hello_interfaces/local/lib/python3.10/dist-packages/hello_interfaces/_hello_interfaces_s.ep.rosidl_typesupport_introspection_c.c
[2.489s] Listing '/home/otete/colcon_ws_controller/install/hello_interfaces/local/lib/python3.10/dist-packages/hello_interfaces'...
[2.489s] Compiling '/home/otete/colcon_ws_controller/install/hello_interfaces/local/lib/python3.10/dist-packages/hello_interfaces/__init__.py'...
[2.489s] Listing '/home/otete/colcon_ws_controller/install/hello_interfaces/local/lib/python3.10/dist-packages/hello_interfaces/msg'...
[2.489s] Compiling '/home/otete/colcon_ws_controller/install/hello_interfaces/local/lib/python3.10/dist-packages/hello_interfaces/msg/__init__.py'...
[2.489s] Compiling '/home/otete/colcon_ws_controller/install/hello_interfaces/local/lib/python3.10/dist-packages/hello_interfaces/msg/_my_string.py'...
[2.492s] -- Installing: /home/otete/colcon_ws_controller/install/hello_interfaces/local/lib/python3.10/dist-packages/hello_interfaces/hello_interfaces_s__rosidl_typesupport_fastrtps_c.cpython-310-x86_64-linux-gnu.so
[2.492s] -- Set runtime path of "/home/otete/colcon_ws_controller/install/hello_interfaces/local/lib/python3.10/dist-packages/hello_interfaces/hello_interfaces_s__rosidl_typesupport_fastrtps_c.cpython-310-x86_64-linux-gnu.so" to ""
[2.492s] -- Installing: /home/otete/colcon_ws_controller/install/hello_interfaces/local/lib/python3.10/dist-packages/hello_interfaces/hello_interfaces_s__rosidl_typesupport_introspection_c.cpython-310-x86_64-linux-gnu.so
[2.493s] -- Set runtime path of "/home/otete/colcon_ws_controller/install/hello_interfaces/local/lib/python3.10/dist-packages/hello_interfaces/hello_interfaces_s__rosidl_typesupport_introspection_c.cpython-310-x86_64-linux-gnu.so" to ""
[2.493s] -- Installing: /home/otete/colcon_ws_controller/install/hello_interfaces/local/lib/python3.10/dist-packages/hello_interfaces/hello_interfaces_s__rosidl_typesupport_c.cpython-310-x86_64-linux-gnu.so
[2.493s] -- Set runtime path of "/home/otete/colcon_ws_controller/install/hello_interfaces/local/lib/python3.10/dist-packages/hello_interfaces/hello_interfaces_s__rosidl_typesupport_c.cpython-310-x86_64-linux-gnu.so" to ""
[2.493s] -- Installing: /home/otete/colcon_ws_controller/install/hello_interfaces/lib/libhello_interfaces__rosidl_generator_py.so
[2.493s] -- Set runtime path of "/home/otete/colcon_ws_controller/install/hello_interfaces/lib/libhello_interfaces__rosidl_generator_py.so" to ""
[2.493s] -- Installing: /home/otete/colcon_ws_controller/install/hello_interfaces/share/hello_interfaces/msg/MyString.idl
[2.493s] -- Installing: /home/otete/colcon_ws_controller/install/hello_interfaces/share/hello_interfaces/msg/MyString.msg
[2.493s] -- Installing: /home/otete/colcon_ws_controller/install/hello_interfaces/share/ament_index/resource_index/package_run_dependencies/hello_interfaces
[2.493s] -- Installing: /home/otete/colcon_ws_controller/install/hello_interfaces/share/ament_index/resource_index/parent_prefix_path/hello_interfaces
[2.493s] -- Installing: /home/otete/colcon_ws_controller/install/hello_interfaces/share/hello_interfaces/environment/ament_prefix_path.sh
[2.493s] -- Installing: /home/otete/colcon_ws_controller/install/hello_interfaces/share/hello_interfaces/environment/ament_prefix_path.dsv
[2.493s] -- Installing: /home/otete/colcon_ws_controller/install/hello_interfaces/share/hello_interfaces/environment/path.sh
[2.493s] -- Installing: /home/otete/colcon_ws_controller/install/hello_interfaces/share/hello_interfaces/environment/path.dsv
[2.493s] -- Installing: /home/otete/colcon_ws_controller/install/hello_interfaces/share/hello_interfaces/local_setup.bash
[2.493s] -- Installing: /home/otete/colcon_ws_controller/install/hello_interfaces/share/hello_interfaces/local_setup.sh
[2.493s] -- Installing: /home/otete/colcon_ws_controller/install/hello_interfaces/share/hello_interfaces/local_setup.zsh
[2.493s] -- Installing: /home/otete/colcon_ws_controller/install/hello_interfaces/share/hello_interfaces/local_setup.dsv
[2.493s] -- Installing: /home/otete/colcon_ws_controller/install/hello_interfaces/share/hello_interfaces/package.dsv
[2.493s] -- Installing: /home/otete/colcon_ws_controller/install/hello_interfaces/share/ament_index/resource_index/packages/hello_interfaces
[2.493s] -- Installing: /home/otete/colcon_ws_controller/install/hello_interfaces/share/hello_interfaces/cmake/export_hello_interfaces__rosidl_generator_cExport.cmake
[2.493s] -- Installing: /home/otete/colcon_ws_controller/install/hello_interfaces/share/hello_interfaces/cmake/export_hello_interfaces__rosidl_generator_cExport-noconfig.cmake
[2.493s] -- Installing: /home/otete/colcon_ws_controller/install/hello_interfaces/share/hello_interfaces/cmake/export_hello_interfaces__rosidl_typesupport_fastrtps_cExport.cmake
[2.493s] -- Installing: /home/otete/colcon_ws_controller/install/hello_interfaces/share/hello_interfaces/cmake/export_hello_interfaces__rosidl_typesupport_fastrtps_cExport-noconfig.cmake
[2.494s] -- Installing: /home/otete/colcon_ws_controller/install/hello_interfaces/share/hello_interfaces/cmake/hello_interfaces__rosidl_typesupport_introspection_cExport.cmake
[2.494s] -- Installing: /home/otete/colcon_ws_controller/install/hello_interfaces/share/hello_interfaces/cmake/hello_interfaces__rosidl_typesupport_introspection_cExport-noconfig.cmake
[2.494s] -- Installing: /home/otete/colcon_ws_controller/install/hello_interfaces/share/hello_interfaces/cmake/hello_interfaces__rosidl_typesupport_cExport.cmake
[2.494s] -- Installing: /home/otete/colcon_ws_controller/install/hello_interfaces/share/hello_interfaces/cmake/hello_interfaces__rosidl_typesupport_cExport-noconfig.cmake
[2.494s] -- Installing: /home/otete/colcon_ws_controller/install/hello_interfaces/share/hello_interfaces/cmake/export_hello_interfaces__rosidl_generator_cppExport.cmake
[2.494s] -- Installing: /home/otete/colcon_ws_controller/install/hello_interfaces/share/hello_interfaces/cmake/export_hello_interfaces__rosidl_typesupport_fastrtps_cppExport.cmake
[2.494s] -- Installing: /home/otete/colcon_ws_controller/install/hello_interfaces/share/hello_interfaces/cmake/export_hello_interfaces__rosidl_typesupport_fastrtps_cppExport-noconfig.cmake
[2.494s] -- Installing: /home/otete/colcon_ws_controller/install/hello_interfaces/share/hello_interfaces/cmake/hello_interfaces__rosidl_typesupport_introspection_cppExport.cmake
[2.494s] -- Installing: /home/otete/colcon_ws_controller/install/hello_interfaces/share/hello_interfaces/cmake/hello_interfaces__rosidl_typesupport_introspection_cppExport-noconfig.cmake
[2.494s] -- Installing: /home/otete/colcon_ws_controller/install/hello_interfaces/share/hello_interfaces/cmake/hello_interfaces__rosidl_typesupport_cppExport.cmake
[2.494s] -- Installing: /home/otete/colcon_ws_controller/install/hello_interfaces/share/hello_interfaces/cmake/hello_interfaces__rosidl_typesupport_cppExport-noconfig.cmake
[2.494s] -- Installing: /home/otete/colcon_ws_controller/install/hello_interfaces/share/hello_interfaces/cmake/export_hello_interfaces__rosidl_generator_pyExport.cmake
[2.494s] -- Installing: /home/otete/colcon_ws_controller/install/hello_interfaces/share/hello_interfaces/cmake/export_hello_interfaces__rosidl_generator_pyExport-noconfig.cmake
[2.494s] -- Installing: /home/otete/colcon_ws_controller/install/hello_interfaces/share/hello_interfaces/cmake/rosidl_cmake-extras.cmake
[2.494s] -- Installing: /home/otete/colcon_ws_controller/install/hello_interfaces/share/hello_interfaces/cmake/ament_cmake_export_include_directories-extras.cmake
[2.494s] -- Installing: /home/otete/colcon_ws_controller/install/hello_interfaces/share/hello_interfaces/cmake/ament_cmake_export_libraries-extras.cmake
[2.494s] -- Installing: /home/otete/colcon_ws_controller/install/hello_interfaces/share/hello_interfaces/cmake/ament_cmake_export_targets-extras.cmake
[2.494s] -- Installing: /home/otete/colcon_ws_controller/install/hello_interfaces/share/hello_interfaces/cmake/rosidl_cmake_export_typesupport_targets-extras.cmake
[2.494s] -- Installing: /home/otete/colcon_ws_controller/install/hello_interfaces/share/hello_interfaces/cmake/ament_cmake_export_dependencies-extras.cmake
[2.495s] -- Installing: /home/otete/colcon_ws_controller/install/hello_interfaces/share/hello_interfaces/cmake/rosidl_cmake_export_typesupport_libraries-extras.cmake
[2.495s] -- Installing: /home/otete/colcon_ws_controller/install/hello_interfaces/share/hello_interfaces/cmake/hello_interfacesConfig.cmake
[2.495s] -- Installing: /home/otete/colcon_ws_controller/install/hello_interfaces/share/hello_interfaces/cmake/hello_interfacesConfig-version.cmake
[2.495s] -- Installing: /home/otete/colcon_ws_controller/install/hello_interfaces/share/hello_interfaces/package.xml
[2.496s] Invoked command in '/home/otete/colcon_ws_controller/build/hello_interfaces' returned '0': CMAKE_PREFIX_PATH=${CMAKE_PREFIX_PATH}:/home/otete/colcon_ws_controller/install/hello:/home/otete/install/hello:/home/otete/install/examples_rclpy_minimal_action_client:/home/otete/install/examples_rclpy_guard_conditions:/home/otete/install/examples_rclpy_executors:/opt/ros/humble /usr/bin/cmake --install /home/otete/colcon_ws_controller/build/hello_interfaces
