[0.355s] Invoking command in '/home/otete/colcon_ws_controller/src/hello': PYTHONPATH=/home/otete/colcon_ws_controller/build/hello/prefix_override:/home/otete/colcon_ws_controller/install/hello/lib/python3.10/site-packages:${PYTHONPATH} /usr/bin/python3 -W ignore:setup.py install is deprecated setup.py egg_info --egg-base ../../build/hello build --build-base /home/otete/colcon_ws_controller/build/hello/build install --record /home/otete/colcon_ws_controller/build/hello/install.log --single-version-externally-managed install_data
[0.497s] running egg_info
[0.497s] writing ../../build/hello/hello.egg-info/PKG-INFO
[0.497s] writing dependency_links to ../../build/hello/hello.egg-info/dependency_links.txt
[0.497s] writing entry points to ../../build/hello/hello.egg-info/entry_points.txt
[0.497s] writing requirements to ../../build/hello/hello.egg-info/requires.txt
[0.497s] writing top-level names to ../../build/hello/hello.egg-info/top_level.txt
[0.498s] reading manifest file '../../build/hello/hello.egg-info/SOURCES.txt'
[0.499s] writing manifest file '../../build/hello/hello.egg-info/SOURCES.txt'
[0.499s] running build
[0.499s] running build_py
[0.499s] running install
[0.499s] running install_lib
[0.500s] running install_data
[0.500s] running install_egg_info
[0.501s] removing '/home/otete/colcon_ws_controller/install/hello/lib/python3.10/site-packages/hello-0.0.0-py3.10.egg-info' (and everything under it)
[0.501s] Copying ../../build/hello/hello.egg-info to /home/otete/colcon_ws_controller/install/hello/lib/python3.10/site-packages/hello-0.0.0-py3.10.egg-info
[0.501s] running install_scripts
[0.515s] Installing listener script to /home/otete/colcon_ws_controller/install/hello/lib/hello
[0.515s] Installing talker script to /home/otete/colcon_ws_controller/install/hello/lib/hello
[0.515s] writing list of installed files to '/home/otete/colcon_ws_controller/build/hello/install.log'
[0.529s] Invoked command in '/home/otete/colcon_ws_controller/src/hello' returned '0': PYTHONPATH=/home/otete/colcon_ws_controller/build/hello/prefix_override:/home/otete/colcon_ws_controller/install/hello/lib/python3.10/site-packages:${PYTHONPATH} /usr/bin/python3 -W ignore:setup.py install is deprecated setup.py egg_info --egg-base ../../build/hello build --build-base /home/otete/colcon_ws_controller/build/hello/build install --record /home/otete/colcon_ws_controller/build/hello/install.log --single-version-externally-managed install_data
