[0.365s] Invoking command in '/home/otete/colcon_ws_controller/src/hello': PYTHONPATH=/home/otete/colcon_ws_controller/build/hello/prefix_override:/home/otete/colcon_ws_controller/install/hello/lib/python3.10/site-packages:${PYTHONPATH} /usr/bin/python3 -W ignore:setup.py install is deprecated setup.py egg_info --egg-base ../../build/hello build --build-base /home/otete/colcon_ws_controller/build/hello/build install --record /home/otete/colcon_ws_controller/build/hello/install.log --single-version-externally-managed install_data
[0.507s] running egg_info
[0.507s] writing ../../build/hello/hello.egg-info/PKG-INFO
[0.507s] writing dependency_links to ../../build/hello/hello.egg-info/dependency_links.txt
[0.507s] writing entry points to ../../build/hello/hello.egg-info/entry_points.txt
[0.508s] writing requirements to ../../build/hello/hello.egg-info/requires.txt
[0.508s] writing top-level names to ../../build/hello/hello.egg-info/top_level.txt
[0.509s] reading manifest file '../../build/hello/hello.egg-info/SOURCES.txt'
[0.509s] writing manifest file '../../build/hello/hello.egg-info/SOURCES.txt'
[0.509s] running build
[0.509s] running build_py
[0.509s] copying hello/listener.py -> /home/otete/colcon_ws_controller/build/hello/build/lib/hello
[0.509s] running install
[0.509s] running install_lib
[0.510s] copying /home/otete/colcon_ws_controller/build/hello/build/lib/hello/listener.py -> /home/otete/colcon_ws_controller/install/hello/lib/python3.10/site-packages/hello
[0.510s] byte-compiling /home/otete/colcon_ws_controller/install/hello/lib/python3.10/site-packages/hello/listener.py to listener.cpython-310.pyc
[0.511s] running install_data
[0.511s] running install_egg_info
[0.512s] removing '/home/otete/colcon_ws_controller/install/hello/lib/python3.10/site-packages/hello-0.0.0-py3.10.egg-info' (and everything under it)
[0.512s] Copying ../../build/hello/hello.egg-info to /home/otete/colcon_ws_controller/install/hello/lib/python3.10/site-packages/hello-0.0.0-py3.10.egg-info
[0.512s] running install_scripts
[0.525s] Installing listener script to /home/otete/colcon_ws_controller/install/hello/lib/hello
[0.526s] Installing talker script to /home/otete/colcon_ws_controller/install/hello/lib/hello
[0.526s] writing list of installed files to '/home/otete/colcon_ws_controller/build/hello/install.log'
[0.539s] Invoked command in '/home/otete/colcon_ws_controller/src/hello' returned '0': PYTHONPATH=/home/otete/colcon_ws_controller/build/hello/prefix_override:/home/otete/colcon_ws_controller/install/hello/lib/python3.10/site-packages:${PYTHONPATH} /usr/bin/python3 -W ignore:setup.py install is deprecated setup.py egg_info --egg-base ../../build/hello build --build-base /home/otete/colcon_ws_controller/build/hello/build install --record /home/otete/colcon_ws_controller/build/hello/install.log --single-version-externally-managed install_data
