[0.156s] Invoking command in '/home/hisa/ROS2/topic_communication_with_ps4controller/build/hello_interfaces': CMAKE_PREFIX_PATH=${CMAKE_PREFIX_PATH}:/opt/ros/jazzy DEBUGINFOD_URLS=https://debuginfod.ubuntu.com /usr/bin/cmake --build /home/hisa/ROS2/topic_communication_with_ps4controller/build/hello_interfaces -- -j16 -l16
[0.212s] [  2%] [34m[1mGenerating type hashes for ROS interfaces[0m
[0.223s] [  2%] Built target ament_cmake_python_copy_hello_interfaces
[0.346s] [  2%] Built target hello_interfaces__rosidl_generator_type_description
[0.356s] [  5%] [34m[1mGenerating C code for ROS interfaces[0m
[0.365s] running egg_info
[0.366s] [  8%] [34m[1mGenerating C++ code for ROS interfaces[0m
[0.366s] creating hello_interfaces.egg-info
[0.378s] writing hello_interfaces.egg-info/PKG-INFO
[0.378s] writing dependency_links to hello_interfaces.egg-info/dependency_links.txt
[0.378s] writing top-level names to hello_interfaces.egg-info/top_level.txt
[0.378s] writing manifest file 'hello_interfaces.egg-info/SOURCES.txt'
[0.413s] reading manifest file 'hello_interfaces.egg-info/SOURCES.txt'
[0.413s] writing manifest file 'hello_interfaces.egg-info/SOURCES.txt'
[0.448s] [  8%] Built target ament_cmake_python_build_hello_interfaces_egg
[0.526s] [  8%] Built target hello_interfaces__cpp
[0.552s] [ 17%] [32mBuilding C object CMakeFiles/hello_interfaces__rosidl_generator_c.dir/rosidl_generator_c/hello_interfaces/msg/detail/my_string__type_support.c.o[0m
[0.552s] [ 17%] [32mBuilding C object CMakeFiles/hello_interfaces__rosidl_generator_c.dir/rosidl_generator_c/hello_interfaces/msg/detail/my_string__description.c.o[0m
[0.552s] [ 17%] [32mBuilding C object CMakeFiles/hello_interfaces__rosidl_generator_c.dir/rosidl_generator_c/hello_interfaces/msg/detail/my_string__functions.c.o[0m
[0.593s] [ 20%] [32m[1mLinking C shared library libhello_interfaces__rosidl_generator_c.so[0m
[0.633s] [ 20%] Built target hello_interfaces__rosidl_generator_c
[0.645s] [ 38%] [34m[1mGenerating C introspection for ROS interfaces[0m
[0.645s] [ 38%] [34m[1mGenerating C++ introspection for ROS interfaces[0m
[0.645s] [ 38%] [34m[1mGenerating C++ type support dispatch for ROS interfaces[0m
[0.645s] [ 38%] [34m[1mGenerating C type support for eProsima Fast-RTPS[0m
[0.645s] [ 38%] [34m[1mGenerating C type support dispatch for ROS interfaces[0m
[0.645s] [ 38%] [34m[1mGenerating C++ type support for eProsima Fast-RTPS[0m
[0.835s] [ 41%] [32mBuilding CXX object CMakeFiles/hello_interfaces__rosidl_typesupport_c.dir/rosidl_typesupport_c/hello_interfaces/msg/my_string__type_support.cpp.o[0m
[0.855s] [ 44%] [32mBuilding C object CMakeFiles/hello_interfaces__rosidl_typesupport_introspection_c.dir/rosidl_typesupport_introspection_c/hello_interfaces/msg/detail/my_string__type_support.c.o[0m
[0.877s] [ 50%] [32mBuilding CXX object CMakeFiles/hello_interfaces__rosidl_typesupport_fastrtps_cpp.dir/rosidl_typesupport_fastrtps_cpp/hello_interfaces/msg/detail/dds_fastrtps/my_string__type_support.cpp.o[0m
[0.877s] [ 50%] [32mBuilding CXX object CMakeFiles/hello_interfaces__rosidl_typesupport_introspection_cpp.dir/rosidl_typesupport_introspection_cpp/hello_interfaces/msg/detail/my_string__type_support.cpp.o[0m
[0.878s] [ 52%] [32m[1mLinking CXX shared library libhello_interfaces__rosidl_typesupport_c.so[0m
[0.892s] [ 55%] [32m[1mLinking C shared library libhello_interfaces__rosidl_typesupport_introspection_c.so[0m
[0.922s] [ 55%] Built target hello_interfaces__rosidl_typesupport_c
[0.928s] [ 55%] Built target hello_interfaces__rosidl_typesupport_introspection_c
[0.930s] [ 58%] [32mBuilding CXX object CMakeFiles/hello_interfaces__rosidl_typesupport_cpp.dir/rosidl_typesupport_cpp/hello_interfaces/msg/my_string__type_support.cpp.o[0m
[0.957s] [ 61%] [32mBuilding CXX object CMakeFiles/hello_interfaces__rosidl_typesupport_fastrtps_c.dir/rosidl_typesupport_fastrtps_c/hello_interfaces/msg/detail/my_string__type_support_c.cpp.o[0m
[1.186s] [ 64%] [32m[1mLinking CXX shared library libhello_interfaces__rosidl_typesupport_introspection_cpp.so[0m
[1.240s] [ 67%] [32m[1mLinking CXX shared library libhello_interfaces__rosidl_typesupport_cpp.so[0m
[1.242s] [ 67%] Built target hello_interfaces__rosidl_typesupport_introspection_cpp
[1.277s] [ 67%] Built target hello_interfaces__rosidl_typesupport_cpp
[1.324s] [ 70%] [32m[1mLinking CXX shared library libhello_interfaces__rosidl_typesupport_fastrtps_cpp.so[0m
[1.376s] [ 73%] [32m[1mLinking CXX shared library libhello_interfaces__rosidl_typesupport_fastrtps_c.so[0m
[1.383s] [ 73%] Built target hello_interfaces__rosidl_typesupport_fastrtps_cpp
[1.447s] [ 73%] Built target hello_interfaces__rosidl_typesupport_fastrtps_c
[1.467s] [ 73%] Built target hello_interfaces
[1.486s] [ 76%] [34m[1mGenerating Python code for ROS interfaces[0m
[1.670s] [ 76%] Built target hello_interfaces__py
[1.692s] [ 79%] [32mBuilding C object CMakeFiles/hello_interfaces__rosidl_generator_py.dir/rosidl_generator_py/hello_interfaces/msg/_my_string_s.c.o[0m
[1.791s] [ 82%] [32m[1mLinking C shared library libhello_interfaces__rosidl_generator_py.so[0m
[1.836s] [ 82%] Built target hello_interfaces__rosidl_generator_py
[1.860s] [ 91%] [32mBuilding C object CMakeFiles/hello_interfaces_s__rosidl_typesupport_c.dir/rosidl_generator_py/hello_interfaces/_hello_interfaces_s.ep.rosidl_typesupport_c.c.o[0m
[1.860s] [ 91%] [32mBuilding C object CMakeFiles/hello_interfaces_s__rosidl_typesupport_fastrtps_c.dir/rosidl_generator_py/hello_interfaces/_hello_interfaces_s.ep.rosidl_typesupport_fastrtps_c.c.o[0m
[1.860s] [ 91%] [32mBuilding C object CMakeFiles/hello_interfaces_s__rosidl_typesupport_introspection_c.dir/rosidl_generator_py/hello_interfaces/_hello_interfaces_s.ep.rosidl_typesupport_introspection_c.c.o[0m
[1.951s] [ 97%] [32m[1mLinking C shared module rosidl_generator_py/hello_interfaces/hello_interfaces_s__rosidl_typesupport_c.so[0m
[1.951s] [ 97%] [32m[1mLinking C shared module rosidl_generator_py/hello_interfaces/hello_interfaces_s__rosidl_typesupport_introspection_c.so[0m
[1.955s] [100%] [32m[1mLinking C shared module rosidl_generator_py/hello_interfaces/hello_interfaces_s__rosidl_typesupport_fastrtps_c.so[0m
[1.981s] [100%] Built target hello_interfaces_s__rosidl_typesupport_c
[1.981s] [100%] Built target hello_interfaces_s__rosidl_typesupport_introspection_c
[1.987s] [100%] Built target hello_interfaces_s__rosidl_typesupport_fastrtps_c
[2.000s] Invoked command in '/home/hisa/ROS2/topic_communication_with_ps4controller/build/hello_interfaces' returned '0': CMAKE_PREFIX_PATH=${CMAKE_PREFIX_PATH}:/opt/ros/jazzy DEBUGINFOD_URLS=https://debuginfod.ubuntu.com /usr/bin/cmake --build /home/hisa/ROS2/topic_communication_with_ps4controller/build/hello_interfaces -- -j16 -l16
[2.069s] Invoking command in '/home/hisa/ROS2/topic_communication_with_ps4controller/build/hello_interfaces': CMAKE_PREFIX_PATH=${CMAKE_PREFIX_PATH}:/opt/ros/jazzy DEBUGINFOD_URLS=https://debuginfod.ubuntu.com /usr/bin/cmake --install /home/hisa/ROS2/topic_communication_with_ps4controller/build/hello_interfaces
[2.077s] -- Install configuration: ""
[2.077s] -- Installing: /home/hisa/ROS2/topic_communication_with_ps4controller/install/hello_interfaces/share/ament_index/resource_index/rosidl_interfaces/hello_interfaces
[2.078s] -- Installing: /home/hisa/ROS2/topic_communication_with_ps4controller/install/hello_interfaces/share/hello_interfaces/msg/MyString.json
[2.078s] -- Installing: /home/hisa/ROS2/topic_communication_with_ps4controller/install/hello_interfaces/include/hello_interfaces/hello_interfaces
[2.078s] -- Installing: /home/hisa/ROS2/topic_communication_with_ps4controller/install/hello_interfaces/include/hello_interfaces/hello_interfaces/msg
[2.078s] -- Installing: /home/hisa/ROS2/topic_communication_with_ps4controller/install/hello_interfaces/include/hello_interfaces/hello_interfaces/msg/rosidl_generator_c__visibility_control.h
[2.078s] -- Installing: /home/hisa/ROS2/topic_communication_with_ps4controller/install/hello_interfaces/include/hello_interfaces/hello_interfaces/msg/my_string.h
[2.078s] -- Installing: /home/hisa/ROS2/topic_communication_with_ps4controller/install/hello_interfaces/include/hello_interfaces/hello_interfaces/msg/detail
[2.078s] -- Installing: /home/hisa/ROS2/topic_communication_with_ps4controller/install/hello_interfaces/include/hello_interfaces/hello_interfaces/msg/detail/my_string__struct.h
[2.078s] -- Installing: /home/hisa/ROS2/topic_communication_with_ps4controller/install/hello_interfaces/include/hello_interfaces/hello_interfaces/msg/detail/my_string__description.c
[2.078s] -- Installing: /home/hisa/ROS2/topic_communication_with_ps4controller/install/hello_interfaces/include/hello_interfaces/hello_interfaces/msg/detail/my_string__functions.h
[2.078s] -- Installing: /home/hisa/ROS2/topic_communication_with_ps4controller/install/hello_interfaces/include/hello_interfaces/hello_interfaces/msg/detail/my_string__functions.c
[2.079s] -- Installing: /home/hisa/ROS2/topic_communication_with_ps4controller/install/hello_interfaces/include/hello_interfaces/hello_interfaces/msg/detail/my_string__type_support.h
[2.079s] -- Installing: /home/hisa/ROS2/topic_communication_with_ps4controller/install/hello_interfaces/include/hello_interfaces/hello_interfaces/msg/detail/my_string__type_support.c
[2.079s] -- Installing: /home/hisa/ROS2/topic_communication_with_ps4controller/install/hello_interfaces/share/hello_interfaces/environment/library_path.sh
[2.079s] -- Installing: /home/hisa/ROS2/topic_communication_with_ps4controller/install/hello_interfaces/share/hello_interfaces/environment/library_path.dsv
[2.079s] -- Installing: /home/hisa/ROS2/topic_communication_with_ps4controller/install/hello_interfaces/lib/libhello_interfaces__rosidl_generator_c.so
[2.080s] -- Set non-toolchain portion of runtime path of "/home/hisa/ROS2/topic_communication_with_ps4controller/install/hello_interfaces/lib/libhello_interfaces__rosidl_generator_c.so" to ""
[2.080s] -- Up-to-date: /home/hisa/ROS2/topic_communication_with_ps4controller/install/hello_interfaces/include/hello_interfaces/hello_interfaces
[2.080s] -- Up-to-date: /home/hisa/ROS2/topic_communication_with_ps4controller/install/hello_interfaces/include/hello_interfaces/hello_interfaces/msg
[2.080s] -- Installing: /home/hisa/ROS2/topic_communication_with_ps4controller/install/hello_interfaces/include/hello_interfaces/hello_interfaces/msg/rosidl_typesupport_fastrtps_c__visibility_control.h
[2.080s] -- Up-to-date: /home/hisa/ROS2/topic_communication_with_ps4controller/install/hello_interfaces/include/hello_interfaces/hello_interfaces/msg/detail
[2.080s] -- Installing: /home/hisa/ROS2/topic_communication_with_ps4controller/install/hello_interfaces/include/hello_interfaces/hello_interfaces/msg/detail/my_string__rosidl_typesupport_fastrtps_c.h
[2.080s] -- Installing: /home/hisa/ROS2/topic_communication_with_ps4controller/install/hello_interfaces/lib/libhello_interfaces__rosidl_typesupport_fastrtps_c.so
[2.080s] -- Set non-toolchain portion of runtime path of "/home/hisa/ROS2/topic_communication_with_ps4controller/install/hello_interfaces/lib/libhello_interfaces__rosidl_typesupport_fastrtps_c.so" to ""
[2.080s] -- Up-to-date: /home/hisa/ROS2/topic_communication_with_ps4controller/install/hello_interfaces/include/hello_interfaces/hello_interfaces
[2.080s] -- Up-to-date: /home/hisa/ROS2/topic_communication_with_ps4controller/install/hello_interfaces/include/hello_interfaces/hello_interfaces/msg
[2.080s] -- Installing: /home/hisa/ROS2/topic_communication_with_ps4controller/install/hello_interfaces/include/hello_interfaces/hello_interfaces/msg/rosidl_typesupport_introspection_c__visibility_control.h
[2.081s] -- Up-to-date: /home/hisa/ROS2/topic_communication_with_ps4controller/install/hello_interfaces/include/hello_interfaces/hello_interfaces/msg/detail
[2.081s] -- Installing: /home/hisa/ROS2/topic_communication_with_ps4controller/install/hello_interfaces/include/hello_interfaces/hello_interfaces/msg/detail/my_string__rosidl_typesupport_introspection_c.h
[2.081s] -- Up-to-date: /home/hisa/ROS2/topic_communication_with_ps4controller/install/hello_interfaces/include/hello_interfaces/hello_interfaces/msg/detail/my_string__type_support.c
[2.081s] -- Installing: /home/hisa/ROS2/topic_communication_with_ps4controller/install/hello_interfaces/lib/libhello_interfaces__rosidl_typesupport_introspection_c.so
[2.081s] -- Set non-toolchain portion of runtime path of "/home/hisa/ROS2/topic_communication_with_ps4controller/install/hello_interfaces/lib/libhello_interfaces__rosidl_typesupport_introspection_c.so" to ""
[2.081s] -- Installing: /home/hisa/ROS2/topic_communication_with_ps4controller/install/hello_interfaces/lib/libhello_interfaces__rosidl_typesupport_c.so
[2.081s] -- Set non-toolchain portion of runtime path of "/home/hisa/ROS2/topic_communication_with_ps4controller/install/hello_interfaces/lib/libhello_interfaces__rosidl_typesupport_c.so" to ""
[2.081s] -- Up-to-date: /home/hisa/ROS2/topic_communication_with_ps4controller/install/hello_interfaces/include/hello_interfaces/hello_interfaces
[2.081s] -- Up-to-date: /home/hisa/ROS2/topic_communication_with_ps4controller/install/hello_interfaces/include/hello_interfaces/hello_interfaces/msg
[2.081s] -- Installing: /home/hisa/ROS2/topic_communication_with_ps4controller/install/hello_interfaces/include/hello_interfaces/hello_interfaces/msg/rosidl_generator_cpp__visibility_control.hpp
[2.082s] -- Up-to-date: /home/hisa/ROS2/topic_communication_with_ps4controller/install/hello_interfaces/include/hello_interfaces/hello_interfaces/msg/detail
[2.082s] -- Installing: /home/hisa/ROS2/topic_communication_with_ps4controller/install/hello_interfaces/include/hello_interfaces/hello_interfaces/msg/detail/my_string__struct.hpp
[2.082s] -- Installing: /home/hisa/ROS2/topic_communication_with_ps4controller/install/hello_interfaces/include/hello_interfaces/hello_interfaces/msg/detail/my_string__type_support.hpp
[2.082s] -- Installing: /home/hisa/ROS2/topic_communication_with_ps4controller/install/hello_interfaces/include/hello_interfaces/hello_interfaces/msg/detail/my_string__builder.hpp
[2.082s] -- Installing: /home/hisa/ROS2/topic_communication_with_ps4controller/install/hello_interfaces/include/hello_interfaces/hello_interfaces/msg/detail/my_string__traits.hpp
[2.082s] -- Installing: /home/hisa/ROS2/topic_communication_with_ps4controller/install/hello_interfaces/include/hello_interfaces/hello_interfaces/msg/my_string.hpp
[2.082s] -- Up-to-date: /home/hisa/ROS2/topic_communication_with_ps4controller/install/hello_interfaces/include/hello_interfaces/hello_interfaces
[2.082s] -- Up-to-date: /home/hisa/ROS2/topic_communication_with_ps4controller/install/hello_interfaces/include/hello_interfaces/hello_interfaces/msg
[2.082s] -- Up-to-date: /home/hisa/ROS2/topic_communication_with_ps4controller/install/hello_interfaces/include/hello_interfaces/hello_interfaces/msg/detail
[2.083s] -- Installing: /home/hisa/ROS2/topic_communication_with_ps4controller/install/hello_interfaces/include/hello_interfaces/hello_interfaces/msg/detail/my_string__rosidl_typesupport_fastrtps_cpp.hpp
[2.083s] -- Installing: /home/hisa/ROS2/topic_communication_with_ps4controller/install/hello_interfaces/include/hello_interfaces/hello_interfaces/msg/detail/dds_fastrtps
[2.083s] -- Installing: /home/hisa/ROS2/topic_communication_with_ps4controller/install/hello_interfaces/include/hello_interfaces/hello_interfaces/msg/rosidl_typesupport_fastrtps_cpp__visibility_control.h
[2.083s] -- Installing: /home/hisa/ROS2/topic_communication_with_ps4controller/install/hello_interfaces/lib/libhello_interfaces__rosidl_typesupport_fastrtps_cpp.so
[2.083s] -- Set non-toolchain portion of runtime path of "/home/hisa/ROS2/topic_communication_with_ps4controller/install/hello_interfaces/lib/libhello_interfaces__rosidl_typesupport_fastrtps_cpp.so" to ""
[2.083s] -- Up-to-date: /home/hisa/ROS2/topic_communication_with_ps4controller/install/hello_interfaces/include/hello_interfaces/hello_interfaces
[2.083s] -- Up-to-date: /home/hisa/ROS2/topic_communication_with_ps4controller/install/hello_interfaces/include/hello_interfaces/hello_interfaces/msg
[2.083s] -- Up-to-date: /home/hisa/ROS2/topic_communication_with_ps4controller/install/hello_interfaces/include/hello_interfaces/hello_interfaces/msg/detail
[2.083s] -- Installing: /home/hisa/ROS2/topic_communication_with_ps4controller/install/hello_interfaces/include/hello_interfaces/hello_interfaces/msg/detail/my_string__rosidl_typesupport_introspection_cpp.hpp
[2.083s] -- Installing: /home/hisa/ROS2/topic_communication_with_ps4controller/install/hello_interfaces/include/hello_interfaces/hello_interfaces/msg/detail/my_string__type_support.cpp
[2.083s] -- Installing: /home/hisa/ROS2/topic_communication_with_ps4controller/install/hello_interfaces/lib/libhello_interfaces__rosidl_typesupport_introspection_cpp.so
[2.084s] -- Set non-toolchain portion of runtime path of "/home/hisa/ROS2/topic_communication_with_ps4controller/install/hello_interfaces/lib/libhello_interfaces__rosidl_typesupport_introspection_cpp.so" to ""
[2.084s] -- Installing: /home/hisa/ROS2/topic_communication_with_ps4controller/install/hello_interfaces/lib/libhello_interfaces__rosidl_typesupport_cpp.so
[2.084s] -- Set non-toolchain portion of runtime path of "/home/hisa/ROS2/topic_communication_with_ps4controller/install/hello_interfaces/lib/libhello_interfaces__rosidl_typesupport_cpp.so" to ""
[2.084s] -- Installing: /home/hisa/ROS2/topic_communication_with_ps4controller/install/hello_interfaces/share/hello_interfaces/environment/pythonpath.sh
[2.084s] -- Installing: /home/hisa/ROS2/topic_communication_with_ps4controller/install/hello_interfaces/share/hello_interfaces/environment/pythonpath.dsv
[2.084s] -- Installing: /home/hisa/ROS2/topic_communication_with_ps4controller/install/hello_interfaces/lib/python3.12/site-packages/hello_interfaces-0.0.0-py3.12.egg-info
[2.084s] -- Installing: /home/hisa/ROS2/topic_communication_with_ps4controller/install/hello_interfaces/lib/python3.12/site-packages/hello_interfaces-0.0.0-py3.12.egg-info/dependency_links.txt
[2.084s] -- Installing: /home/hisa/ROS2/topic_communication_with_ps4controller/install/hello_interfaces/lib/python3.12/site-packages/hello_interfaces-0.0.0-py3.12.egg-info/top_level.txt
[2.085s] -- Installing: /home/hisa/ROS2/topic_communication_with_ps4controller/install/hello_interfaces/lib/python3.12/site-packages/hello_interfaces-0.0.0-py3.12.egg-info/SOURCES.txt
[2.085s] -- Installing: /home/hisa/ROS2/topic_communication_with_ps4controller/install/hello_interfaces/lib/python3.12/site-packages/hello_interfaces-0.0.0-py3.12.egg-info/PKG-INFO
[2.085s] -- Installing: /home/hisa/ROS2/topic_communication_with_ps4controller/install/hello_interfaces/lib/python3.12/site-packages/hello_interfaces
[2.085s] -- Installing: /home/hisa/ROS2/topic_communication_with_ps4controller/install/hello_interfaces/lib/python3.12/site-packages/hello_interfaces/__init__.py
[2.085s] -- Installing: /home/hisa/ROS2/topic_communication_with_ps4controller/install/hello_interfaces/lib/python3.12/site-packages/hello_interfaces/hello_interfaces_s__rosidl_typesupport_c.so
[2.085s] -- Installing: /home/hisa/ROS2/topic_communication_with_ps4controller/install/hello_interfaces/lib/python3.12/site-packages/hello_interfaces/_hello_interfaces_s.ep.rosidl_typesupport_introspection_c.c
[2.085s] -- Installing: /home/hisa/ROS2/topic_communication_with_ps4controller/install/hello_interfaces/lib/python3.12/site-packages/hello_interfaces/msg
[2.085s] -- Installing: /home/hisa/ROS2/topic_communication_with_ps4controller/install/hello_interfaces/lib/python3.12/site-packages/hello_interfaces/msg/__init__.py
[2.086s] -- Installing: /home/hisa/ROS2/topic_communication_with_ps4controller/install/hello_interfaces/lib/python3.12/site-packages/hello_interfaces/msg/_my_string.py
[2.086s] -- Installing: /home/hisa/ROS2/topic_communication_with_ps4controller/install/hello_interfaces/lib/python3.12/site-packages/hello_interfaces/msg/_my_string_s.c
[2.086s] -- Installing: /home/hisa/ROS2/topic_communication_with_ps4controller/install/hello_interfaces/lib/python3.12/site-packages/hello_interfaces/_hello_interfaces_s.ep.rosidl_typesupport_fastrtps_c.c
[2.086s] -- Installing: /home/hisa/ROS2/topic_communication_with_ps4controller/install/hello_interfaces/lib/python3.12/site-packages/hello_interfaces/hello_interfaces_s__rosidl_typesupport_fastrtps_c.so
[2.086s] -- Installing: /home/hisa/ROS2/topic_communication_with_ps4controller/install/hello_interfaces/lib/python3.12/site-packages/hello_interfaces/_hello_interfaces_s.ep.rosidl_typesupport_c.c
[2.086s] -- Installing: /home/hisa/ROS2/topic_communication_with_ps4controller/install/hello_interfaces/lib/python3.12/site-packages/hello_interfaces/hello_interfaces_s__rosidl_typesupport_introspection_c.so
[2.116s] Listing '/home/hisa/ROS2/topic_communication_with_ps4controller/install/hello_interfaces/lib/python3.12/site-packages/hello_interfaces'...
[2.117s] Compiling '/home/hisa/ROS2/topic_communication_with_ps4controller/install/hello_interfaces/lib/python3.12/site-packages/hello_interfaces/__init__.py'...
[2.117s] Listing '/home/hisa/ROS2/topic_communication_with_ps4controller/install/hello_interfaces/lib/python3.12/site-packages/hello_interfaces/msg'...
[2.117s] Compiling '/home/hisa/ROS2/topic_communication_with_ps4controller/install/hello_interfaces/lib/python3.12/site-packages/hello_interfaces/msg/__init__.py'...
[2.117s] Compiling '/home/hisa/ROS2/topic_communication_with_ps4controller/install/hello_interfaces/lib/python3.12/site-packages/hello_interfaces/msg/_my_string.py'...
[2.124s] -- Installing: /home/hisa/ROS2/topic_communication_with_ps4controller/install/hello_interfaces/lib/python3.12/site-packages/hello_interfaces/hello_interfaces_s__rosidl_typesupport_fastrtps_c.so
[2.125s] -- Set non-toolchain portion of runtime path of "/home/hisa/ROS2/topic_communication_with_ps4controller/install/hello_interfaces/lib/python3.12/site-packages/hello_interfaces/hello_interfaces_s__rosidl_typesupport_fastrtps_c.so" to ""
[2.125s] -- Installing: /home/hisa/ROS2/topic_communication_with_ps4controller/install/hello_interfaces/lib/python3.12/site-packages/hello_interfaces/hello_interfaces_s__rosidl_typesupport_introspection_c.so
[2.125s] -- Set non-toolchain portion of runtime path of "/home/hisa/ROS2/topic_communication_with_ps4controller/install/hello_interfaces/lib/python3.12/site-packages/hello_interfaces/hello_interfaces_s__rosidl_typesupport_introspection_c.so" to ""
[2.125s] -- Installing: /home/hisa/ROS2/topic_communication_with_ps4controller/install/hello_interfaces/lib/python3.12/site-packages/hello_interfaces/hello_interfaces_s__rosidl_typesupport_c.so
[2.125s] -- Set non-toolchain portion of runtime path of "/home/hisa/ROS2/topic_communication_with_ps4controller/install/hello_interfaces/lib/python3.12/site-packages/hello_interfaces/hello_interfaces_s__rosidl_typesupport_c.so" to ""
[2.125s] -- Installing: /home/hisa/ROS2/topic_communication_with_ps4controller/install/hello_interfaces/lib/libhello_interfaces__rosidl_generator_py.so
[2.126s] -- Set non-toolchain portion of runtime path of "/home/hisa/ROS2/topic_communication_with_ps4controller/install/hello_interfaces/lib/libhello_interfaces__rosidl_generator_py.so" to ""
[2.126s] -- Installing: /home/hisa/ROS2/topic_communication_with_ps4controller/install/hello_interfaces/share/hello_interfaces/msg/MyString.idl
[2.126s] -- Installing: /home/hisa/ROS2/topic_communication_with_ps4controller/install/hello_interfaces/share/hello_interfaces/msg/MyString.msg
[2.126s] -- Installing: /home/hisa/ROS2/topic_communication_with_ps4controller/install/hello_interfaces/share/ament_index/resource_index/package_run_dependencies/hello_interfaces
[2.126s] -- Installing: /home/hisa/ROS2/topic_communication_with_ps4controller/install/hello_interfaces/share/ament_index/resource_index/parent_prefix_path/hello_interfaces
[2.126s] -- Installing: /home/hisa/ROS2/topic_communication_with_ps4controller/install/hello_interfaces/share/hello_interfaces/environment/ament_prefix_path.sh
[2.126s] -- Installing: /home/hisa/ROS2/topic_communication_with_ps4controller/install/hello_interfaces/share/hello_interfaces/environment/ament_prefix_path.dsv
[2.127s] -- Installing: /home/hisa/ROS2/topic_communication_with_ps4controller/install/hello_interfaces/share/hello_interfaces/environment/path.sh
[2.127s] -- Installing: /home/hisa/ROS2/topic_communication_with_ps4controller/install/hello_interfaces/share/hello_interfaces/environment/path.dsv
[2.127s] -- Installing: /home/hisa/ROS2/topic_communication_with_ps4controller/install/hello_interfaces/share/hello_interfaces/local_setup.bash
[2.127s] -- Installing: /home/hisa/ROS2/topic_communication_with_ps4controller/install/hello_interfaces/share/hello_interfaces/local_setup.sh
[2.127s] -- Installing: /home/hisa/ROS2/topic_communication_with_ps4controller/install/hello_interfaces/share/hello_interfaces/local_setup.zsh
[2.127s] -- Installing: /home/hisa/ROS2/topic_communication_with_ps4controller/install/hello_interfaces/share/hello_interfaces/local_setup.dsv
[2.127s] -- Installing: /home/hisa/ROS2/topic_communication_with_ps4controller/install/hello_interfaces/share/hello_interfaces/package.dsv
[2.127s] -- Installing: /home/hisa/ROS2/topic_communication_with_ps4controller/install/hello_interfaces/share/ament_index/resource_index/packages/hello_interfaces
[2.128s] -- Installing: /home/hisa/ROS2/topic_communication_with_ps4controller/install/hello_interfaces/share/hello_interfaces/cmake/export_hello_interfaces__rosidl_generator_cExport.cmake
[2.128s] -- Installing: /home/hisa/ROS2/topic_communication_with_ps4controller/install/hello_interfaces/share/hello_interfaces/cmake/export_hello_interfaces__rosidl_generator_cExport-noconfig.cmake
[2.128s] -- Installing: /home/hisa/ROS2/topic_communication_with_ps4controller/install/hello_interfaces/share/hello_interfaces/cmake/export_hello_interfaces__rosidl_typesupport_fastrtps_cExport.cmake
[2.128s] -- Installing: /home/hisa/ROS2/topic_communication_with_ps4controller/install/hello_interfaces/share/hello_interfaces/cmake/export_hello_interfaces__rosidl_typesupport_fastrtps_cExport-noconfig.cmake
[2.128s] -- Installing: /home/hisa/ROS2/topic_communication_with_ps4controller/install/hello_interfaces/share/hello_interfaces/cmake/hello_interfaces__rosidl_typesupport_introspection_cExport.cmake
[2.128s] -- Installing: /home/hisa/ROS2/topic_communication_with_ps4controller/install/hello_interfaces/share/hello_interfaces/cmake/hello_interfaces__rosidl_typesupport_introspection_cExport-noconfig.cmake
[2.129s] -- Installing: /home/hisa/ROS2/topic_communication_with_ps4controller/install/hello_interfaces/share/hello_interfaces/cmake/hello_interfaces__rosidl_typesupport_cExport.cmake
[2.129s] -- Installing: /home/hisa/ROS2/topic_communication_with_ps4controller/install/hello_interfaces/share/hello_interfaces/cmake/hello_interfaces__rosidl_typesupport_cExport-noconfig.cmake
[2.129s] -- Installing: /home/hisa/ROS2/topic_communication_with_ps4controller/install/hello_interfaces/share/hello_interfaces/cmake/export_hello_interfaces__rosidl_generator_cppExport.cmake
[2.129s] -- Installing: /home/hisa/ROS2/topic_communication_with_ps4controller/install/hello_interfaces/share/hello_interfaces/cmake/export_hello_interfaces__rosidl_typesupport_fastrtps_cppExport.cmake
[2.129s] -- Installing: /home/hisa/ROS2/topic_communication_with_ps4controller/install/hello_interfaces/share/hello_interfaces/cmake/export_hello_interfaces__rosidl_typesupport_fastrtps_cppExport-noconfig.cmake
[2.129s] -- Installing: /home/hisa/ROS2/topic_communication_with_ps4controller/install/hello_interfaces/share/hello_interfaces/cmake/hello_interfaces__rosidl_typesupport_introspection_cppExport.cmake
[2.129s] -- Installing: /home/hisa/ROS2/topic_communication_with_ps4controller/install/hello_interfaces/share/hello_interfaces/cmake/hello_interfaces__rosidl_typesupport_introspection_cppExport-noconfig.cmake
[2.130s] -- Installing: /home/hisa/ROS2/topic_communication_with_ps4controller/install/hello_interfaces/share/hello_interfaces/cmake/hello_interfaces__rosidl_typesupport_cppExport.cmake
[2.130s] -- Installing: /home/hisa/ROS2/topic_communication_with_ps4controller/install/hello_interfaces/share/hello_interfaces/cmake/hello_interfaces__rosidl_typesupport_cppExport-noconfig.cmake
[2.130s] -- Installing: /home/hisa/ROS2/topic_communication_with_ps4controller/install/hello_interfaces/share/hello_interfaces/cmake/export_hello_interfaces__rosidl_generator_pyExport.cmake
[2.130s] -- Installing: /home/hisa/ROS2/topic_communication_with_ps4controller/install/hello_interfaces/share/hello_interfaces/cmake/export_hello_interfaces__rosidl_generator_pyExport-noconfig.cmake
[2.130s] -- Installing: /home/hisa/ROS2/topic_communication_with_ps4controller/install/hello_interfaces/share/hello_interfaces/cmake/rosidl_cmake-extras.cmake
[2.130s] -- Installing: /home/hisa/ROS2/topic_communication_with_ps4controller/install/hello_interfaces/share/hello_interfaces/cmake/ament_cmake_export_include_directories-extras.cmake
[2.130s] -- Installing: /home/hisa/ROS2/topic_communication_with_ps4controller/install/hello_interfaces/share/hello_interfaces/cmake/ament_cmake_export_libraries-extras.cmake
[2.130s] -- Installing: /home/hisa/ROS2/topic_communication_with_ps4controller/install/hello_interfaces/share/hello_interfaces/cmake/ament_cmake_export_targets-extras.cmake
[2.130s] -- Installing: /home/hisa/ROS2/topic_communication_with_ps4controller/install/hello_interfaces/share/hello_interfaces/cmake/rosidl_cmake_export_typesupport_targets-extras.cmake
[2.131s] -- Installing: /home/hisa/ROS2/topic_communication_with_ps4controller/install/hello_interfaces/share/hello_interfaces/cmake/ament_cmake_export_dependencies-extras.cmake
[2.131s] -- Installing: /home/hisa/ROS2/topic_communication_with_ps4controller/install/hello_interfaces/share/hello_interfaces/cmake/rosidl_cmake_export_typesupport_libraries-extras.cmake
[2.131s] -- Installing: /home/hisa/ROS2/topic_communication_with_ps4controller/install/hello_interfaces/share/hello_interfaces/cmake/hello_interfacesConfig.cmake
[2.131s] -- Installing: /home/hisa/ROS2/topic_communication_with_ps4controller/install/hello_interfaces/share/hello_interfaces/cmake/hello_interfacesConfig-version.cmake
[2.131s] -- Installing: /home/hisa/ROS2/topic_communication_with_ps4controller/install/hello_interfaces/share/hello_interfaces/package.xml
[2.135s] Invoked command in '/home/hisa/ROS2/topic_communication_with_ps4controller/build/hello_interfaces' returned '0': CMAKE_PREFIX_PATH=${CMAKE_PREFIX_PATH}:/opt/ros/jazzy DEBUGINFOD_URLS=https://debuginfod.ubuntu.com /usr/bin/cmake --install /home/hisa/ROS2/topic_communication_with_ps4controller/build/hello_interfaces
