[0.075s] DEBUG:colcon:Command line arguments: ['/usr/bin/colcon', 'build']
[0.075s] DEBUG:colcon:Parsed command line arguments: Namespace(log_base=None, log_level=None, verb_name='build', build_base='build', install_base='install', merge_install=False, symlink_install=False, test_result_base=None, continue_on_error=False, executor='parallel', parallel_workers=16, event_handlers=None, ignore_user_meta=False, metas=['./colcon.meta'], base_paths=['.'], packages_ignore=None, packages_ignore_regex=None, paths=None, packages_up_to=None, packages_up_to_regex=None, packages_above=None, packages_above_and_dependencies=None, packages_above_depth=None, packages_select_by_dep=None, packages_skip_by_dep=None, packages_skip_up_to=None, packages_select_build_failed=False, packages_skip_build_finished=False, packages_select_test_failures=False, packages_skip_test_passed=False, packages_select=None, packages_skip=None, packages_select_regex=None, packages_skip_regex=None, packages_start=None, packages_end=None, allow_overriding=[], cmake_args=None, cmake_target=None, cmake_target_skip_unavailable=False, cmake_clean_cache=False, cmake_clean_first=False, cmake_force_configure=False, ament_cmake_args=None, catkin_cmake_args=None, catkin_skip_building_tests=False, verb_parser=<colcon_defaults.argument_parser.defaults.DefaultArgumentsDecorator object at 0x7b0b869333a0>, verb_extension=<colcon_core.verb.build.BuildVerb object at 0x7b0b86a17fd0>, main=<bound method BuildVerb.main of <colcon_core.verb.build.BuildVerb object at 0x7b0b86a17fd0>>)
[0.182s] Level 1:colcon.colcon_core.package_discovery:discover_packages(colcon_meta) check parameters
[0.182s] Level 1:colcon.colcon_core.package_discovery:discover_packages(recursive) check parameters
[0.182s] Level 1:colcon.colcon_core.package_discovery:discover_packages(ignore) check parameters
[0.182s] Level 1:colcon.colcon_core.package_discovery:discover_packages(path) check parameters
[0.182s] Level 1:colcon.colcon_core.package_discovery:discover_packages(colcon_meta) discover
[0.182s] Level 1:colcon.colcon_core.package_discovery:discover_packages(recursive) discover
[0.182s] INFO:colcon.colcon_core.package_discovery:Crawling recursively for packages in '/home/otete/colcon_ws_controller'
[0.182s] Level 1:colcon.colcon_core.package_identification:_identify(.) by extensions ['ignore', 'ignore_ament_install']
[0.182s] Level 1:colcon.colcon_core.package_identification:_identify(.) by extension 'ignore'
[0.182s] Level 1:colcon.colcon_core.package_identification:_identify(.) by extension 'ignore_ament_install'
[0.182s] Level 1:colcon.colcon_core.package_identification:_identify(.) by extensions ['colcon_pkg']
[0.182s] Level 1:colcon.colcon_core.package_identification:_identify(.) by extension 'colcon_pkg'
[0.182s] Level 1:colcon.colcon_core.package_identification:_identify(.) by extensions ['colcon_meta']
[0.182s] Level 1:colcon.colcon_core.package_identification:_identify(.) by extension 'colcon_meta'
[0.182s] Level 1:colcon.colcon_core.package_identification:_identify(.) by extensions ['ros']
[0.182s] Level 1:colcon.colcon_core.package_identification:_identify(.) by extension 'ros'
[0.190s] Level 1:colcon.colcon_core.package_identification:_identify(.) by extensions ['cmake', 'python']
[0.190s] Level 1:colcon.colcon_core.package_identification:_identify(.) by extension 'cmake'
[0.190s] Level 1:colcon.colcon_core.package_identification:_identify(.) by extension 'python'
[0.190s] Level 1:colcon.colcon_core.package_identification:_identify(.) by extensions ['python_setup_py']
[0.190s] Level 1:colcon.colcon_core.package_identification:_identify(.) by extension 'python_setup_py'
[0.190s] Level 1:colcon.colcon_core.package_identification:_identify(build) by extensions ['ignore', 'ignore_ament_install']
[0.190s] Level 1:colcon.colcon_core.package_identification:_identify(build) by extension 'ignore'
[0.191s] Level 1:colcon.colcon_core.package_identification:_identify(build) ignored
[0.191s] Level 1:colcon.colcon_core.package_identification:_identify(install) by extensions ['ignore', 'ignore_ament_install']
[0.191s] Level 1:colcon.colcon_core.package_identification:_identify(install) by extension 'ignore'
[0.191s] Level 1:colcon.colcon_core.package_identification:_identify(install) ignored
[0.191s] Level 1:colcon.colcon_core.package_identification:_identify(log) by extensions ['ignore', 'ignore_ament_install']
[0.191s] Level 1:colcon.colcon_core.package_identification:_identify(log) by extension 'ignore'
[0.191s] Level 1:colcon.colcon_core.package_identification:_identify(log) ignored
[0.191s] Level 1:colcon.colcon_core.package_identification:_identify(src) by extensions ['ignore', 'ignore_ament_install']
[0.191s] Level 1:colcon.colcon_core.package_identification:_identify(src) by extension 'ignore'
[0.191s] Level 1:colcon.colcon_core.package_identification:_identify(src) by extension 'ignore_ament_install'
[0.191s] Level 1:colcon.colcon_core.package_identification:_identify(src) by extensions ['colcon_pkg']
[0.191s] Level 1:colcon.colcon_core.package_identification:_identify(src) by extension 'colcon_pkg'
[0.191s] Level 1:colcon.colcon_core.package_identification:_identify(src) by extensions ['colcon_meta']
[0.191s] Level 1:colcon.colcon_core.package_identification:_identify(src) by extension 'colcon_meta'
[0.191s] Level 1:colcon.colcon_core.package_identification:_identify(src) by extensions ['ros']
[0.191s] Level 1:colcon.colcon_core.package_identification:_identify(src) by extension 'ros'
[0.191s] Level 1:colcon.colcon_core.package_identification:_identify(src) by extensions ['cmake', 'python']
[0.191s] Level 1:colcon.colcon_core.package_identification:_identify(src) by extension 'cmake'
[0.191s] Level 1:colcon.colcon_core.package_identification:_identify(src) by extension 'python'
[0.191s] Level 1:colcon.colcon_core.package_identification:_identify(src) by extensions ['python_setup_py']
[0.191s] Level 1:colcon.colcon_core.package_identification:_identify(src) by extension 'python_setup_py'
[0.191s] Level 1:colcon.colcon_core.package_identification:_identify(src/hello) by extensions ['ignore', 'ignore_ament_install']
[0.191s] Level 1:colcon.colcon_core.package_identification:_identify(src/hello) by extension 'ignore'
[0.191s] Level 1:colcon.colcon_core.package_identification:_identify(src/hello) by extension 'ignore_ament_install'
[0.191s] Level 1:colcon.colcon_core.package_identification:_identify(src/hello) by extensions ['colcon_pkg']
[0.191s] Level 1:colcon.colcon_core.package_identification:_identify(src/hello) by extension 'colcon_pkg'
[0.191s] Level 1:colcon.colcon_core.package_identification:_identify(src/hello) by extensions ['colcon_meta']
[0.191s] Level 1:colcon.colcon_core.package_identification:_identify(src/hello) by extension 'colcon_meta'
[0.191s] Level 1:colcon.colcon_core.package_identification:_identify(src/hello) by extensions ['ros']
[0.191s] Level 1:colcon.colcon_core.package_identification:_identify(src/hello) by extension 'ros'
[0.193s] DEBUG:colcon.colcon_core.package_identification:Package 'src/hello' with type 'ros.ament_python' and name 'hello'
[0.193s] Level 1:colcon.colcon_core.package_identification:_identify(src/hello_interfaces) by extensions ['ignore', 'ignore_ament_install']
[0.193s] Level 1:colcon.colcon_core.package_identification:_identify(src/hello_interfaces) by extension 'ignore'
[0.193s] Level 1:colcon.colcon_core.package_identification:_identify(src/hello_interfaces) by extension 'ignore_ament_install'
[0.193s] Level 1:colcon.colcon_core.package_identification:_identify(src/hello_interfaces) by extensions ['colcon_pkg']
[0.193s] Level 1:colcon.colcon_core.package_identification:_identify(src/hello_interfaces) by extension 'colcon_pkg'
[0.193s] Level 1:colcon.colcon_core.package_identification:_identify(src/hello_interfaces) by extensions ['colcon_meta']
[0.193s] Level 1:colcon.colcon_core.package_identification:_identify(src/hello_interfaces) by extension 'colcon_meta'
[0.193s] Level 1:colcon.colcon_core.package_identification:_identify(src/hello_interfaces) by extensions ['ros']
[0.193s] Level 1:colcon.colcon_core.package_identification:_identify(src/hello_interfaces) by extension 'ros'
[0.194s] DEBUG:colcon.colcon_core.package_identification:Package 'src/hello_interfaces' with type 'ros.ament_cmake' and name 'hello_interfaces'
[0.194s] Level 1:colcon.colcon_core.package_discovery:discover_packages(recursive) using defaults
[0.194s] Level 1:colcon.colcon_core.package_discovery:discover_packages(ignore) discover
[0.194s] Level 1:colcon.colcon_core.package_discovery:discover_packages(ignore) using defaults
[0.194s] Level 1:colcon.colcon_core.package_discovery:discover_packages(path) discover
[0.194s] Level 1:colcon.colcon_core.package_discovery:discover_packages(path) using defaults
[0.212s] Level 1:colcon.colcon_core.package_discovery:discover_packages(prefix_path) check parameters
[0.212s] Level 1:colcon.colcon_core.package_discovery:discover_packages(prefix_path) discover
[0.212s] WARNING:colcon.colcon_core.prefix_path.colcon:The path '/home/otete/install' in the environment variable COLCON_PREFIX_PATH doesn't exist
[0.212s] WARNING:colcon.colcon_ros.prefix_path.ament:The path '/home/otete/colcon_ws_controller/install/hello_interfaces' in the environment variable AMENT_PREFIX_PATH doesn't exist
[0.213s] WARNING:colcon.colcon_ros.prefix_path.ament:The path '/home/otete/colcon_ws_controller/install/hello' in the environment variable AMENT_PREFIX_PATH doesn't exist
[0.213s] WARNING:colcon.colcon_ros.prefix_path.ament:The path '/home/otete/install/topic' in the environment variable AMENT_PREFIX_PATH doesn't exist
[0.213s] WARNING:colcon.colcon_ros.prefix_path.ament:The path '/home/otete/install/hello_interfaces' in the environment variable AMENT_PREFIX_PATH doesn't exist
[0.213s] WARNING:colcon.colcon_ros.prefix_path.ament:The path '/home/otete/install/hello' in the environment variable AMENT_PREFIX_PATH doesn't exist
[0.213s] WARNING:colcon.colcon_ros.prefix_path.ament:The path '/home/otete/install/examples_rclpy_minimal_action_client' in the environment variable AMENT_PREFIX_PATH doesn't exist
[0.213s] WARNING:colcon.colcon_ros.prefix_path.ament:The path '/home/otete/install/examples_rclpy_guard_conditions' in the environment variable AMENT_PREFIX_PATH doesn't exist
[0.213s] WARNING:colcon.colcon_ros.prefix_path.ament:The path '/home/otete/install/examples_rclpy_executors' in the environment variable AMENT_PREFIX_PATH doesn't exist
[0.213s] WARNING:colcon.colcon_ros.prefix_path.catkin:The path '/home/otete/colcon_ws_controller/install/hello_interfaces' in the environment variable CMAKE_PREFIX_PATH doesn't exist
[0.213s] WARNING:colcon.colcon_ros.prefix_path.catkin:The path '/home/otete/install/topic' in the environment variable CMAKE_PREFIX_PATH doesn't exist
[0.213s] WARNING:colcon.colcon_ros.prefix_path.catkin:The path '/home/otete/install/hello_interfaces' in the environment variable CMAKE_PREFIX_PATH doesn't exist
[0.213s] WARNING:colcon.colcon_ros.prefix_path.catkin:The path '/home/otete/install/examples_rclcpp_minimal_client' in the environment variable CMAKE_PREFIX_PATH doesn't exist
[0.213s] WARNING:colcon.colcon_ros.prefix_path.catkin:The path '/home/otete/install/examples_rclcpp_async_client' in the environment variable CMAKE_PREFIX_PATH doesn't exist
[0.213s] DEBUG:colcon.colcon_installed_package_information.package_discovery:Found 0 installed packages in /home/otete/colcon_ws_controller/install
[0.214s] DEBUG:colcon.colcon_installed_package_information.package_discovery:Found 288 installed packages in /opt/ros/humble
[0.215s] Level 1:colcon.colcon_core.package_discovery:discover_packages(prefix_path) using defaults
[0.237s] Level 5:colcon.colcon_core.verb:set package 'hello' build argument 'cmake_args' from command line to 'None'
[0.237s] Level 5:colcon.colcon_core.verb:set package 'hello' build argument 'cmake_target' from command line to 'None'
[0.237s] Level 5:colcon.colcon_core.verb:set package 'hello' build argument 'cmake_target_skip_unavailable' from command line to 'False'
[0.237s] Level 5:colcon.colcon_core.verb:set package 'hello' build argument 'cmake_clean_cache' from command line to 'False'
[0.237s] Level 5:colcon.colcon_core.verb:set package 'hello' build argument 'cmake_clean_first' from command line to 'False'
[0.237s] Level 5:colcon.colcon_core.verb:set package 'hello' build argument 'cmake_force_configure' from command line to 'False'
[0.237s] Level 5:colcon.colcon_core.verb:set package 'hello' build argument 'ament_cmake_args' from command line to 'None'
[0.237s] Level 5:colcon.colcon_core.verb:set package 'hello' build argument 'catkin_cmake_args' from command line to 'None'
[0.237s] Level 5:colcon.colcon_core.verb:set package 'hello' build argument 'catkin_skip_building_tests' from command line to 'False'
[0.237s] DEBUG:colcon.colcon_core.verb:Building package 'hello' with the following arguments: {'ament_cmake_args': None, 'build_base': '/home/otete/colcon_ws_controller/build/hello', 'catkin_cmake_args': None, 'catkin_skip_building_tests': False, 'cmake_args': None, 'cmake_clean_cache': False, 'cmake_clean_first': False, 'cmake_force_configure': False, 'cmake_target': None, 'cmake_target_skip_unavailable': False, 'install_base': '/home/otete/colcon_ws_controller/install/hello', 'merge_install': False, 'path': '/home/otete/colcon_ws_controller/src/hello', 'symlink_install': False, 'test_result_base': None}
[0.238s] Level 5:colcon.colcon_core.verb:set package 'hello_interfaces' build argument 'cmake_args' from command line to 'None'
[0.238s] Level 5:colcon.colcon_core.verb:set package 'hello_interfaces' build argument 'cmake_target' from command line to 'None'
[0.238s] Level 5:colcon.colcon_core.verb:set package 'hello_interfaces' build argument 'cmake_target_skip_unavailable' from command line to 'False'
[0.238s] Level 5:colcon.colcon_core.verb:set package 'hello_interfaces' build argument 'cmake_clean_cache' from command line to 'False'
[0.238s] Level 5:colcon.colcon_core.verb:set package 'hello_interfaces' build argument 'cmake_clean_first' from command line to 'False'
[0.238s] Level 5:colcon.colcon_core.verb:set package 'hello_interfaces' build argument 'cmake_force_configure' from command line to 'False'
[0.238s] Level 5:colcon.colcon_core.verb:set package 'hello_interfaces' build argument 'ament_cmake_args' from command line to 'None'
[0.238s] Level 5:colcon.colcon_core.verb:set package 'hello_interfaces' build argument 'catkin_cmake_args' from command line to 'None'
[0.238s] Level 5:colcon.colcon_core.verb:set package 'hello_interfaces' build argument 'catkin_skip_building_tests' from command line to 'False'
[0.238s] DEBUG:colcon.colcon_core.verb:Building package 'hello_interfaces' with the following arguments: {'ament_cmake_args': None, 'build_base': '/home/otete/colcon_ws_controller/build/hello_interfaces', 'catkin_cmake_args': None, 'catkin_skip_building_tests': False, 'cmake_args': None, 'cmake_clean_cache': False, 'cmake_clean_first': False, 'cmake_force_configure': False, 'cmake_target': None, 'cmake_target_skip_unavailable': False, 'install_base': '/home/otete/colcon_ws_controller/install/hello_interfaces', 'merge_install': False, 'path': '/home/otete/colcon_ws_controller/src/hello_interfaces', 'symlink_install': False, 'test_result_base': None}
[0.238s] INFO:colcon.colcon_core.executor:Executing jobs using 'parallel' executor
[0.239s] DEBUG:colcon.colcon_parallel_executor.executor.parallel:run_until_complete
[0.239s] INFO:colcon.colcon_ros.task.ament_python.build:Building ROS package in '/home/otete/colcon_ws_controller/src/hello' with build type 'ament_python'
[0.239s] Level 1:colcon.colcon_core.shell:create_environment_hook('hello', 'ament_prefix_path')
[0.240s] INFO:colcon.colcon_core.plugin_system:Skipping extension 'colcon_core.shell.bat': Not used on non-Windows systems
[0.240s] INFO:colcon.colcon_core.shell:Creating environment hook '/home/otete/colcon_ws_controller/install/hello/share/hello/hook/ament_prefix_path.ps1'
[0.241s] INFO:colcon.colcon_core.shell:Creating environment descriptor '/home/otete/colcon_ws_controller/install/hello/share/hello/hook/ament_prefix_path.dsv'
[0.241s] INFO:colcon.colcon_core.shell:Creating environment hook '/home/otete/colcon_ws_controller/install/hello/share/hello/hook/ament_prefix_path.sh'
[0.241s] INFO:colcon.colcon_core.shell:Skip shell extension 'powershell' for command environment: Not usable outside of PowerShell
[0.241s] DEBUG:colcon.colcon_core.shell:Skip shell extension 'dsv' for command environment
[0.243s] INFO:colcon.colcon_ros.task.ament_cmake.build:Building ROS package in '/home/otete/colcon_ws_controller/src/hello_interfaces' with build type 'ament_cmake'
[0.243s] INFO:colcon.colcon_cmake.task.cmake.build:Building CMake package in '/home/otete/colcon_ws_controller/src/hello_interfaces'
[0.244s] INFO:colcon.colcon_core.shell:Skip shell extension 'powershell' for command environment: Not usable outside of PowerShell
[0.244s] DEBUG:colcon.colcon_core.shell:Skip shell extension 'dsv' for command environment
[0.391s] INFO:colcon.colcon_core.task.python.build:Building Python package in '/home/otete/colcon_ws_controller/src/hello'
[0.391s] INFO:colcon.colcon_core.shell:Skip shell extension 'powershell' for command environment: Not usable outside of PowerShell
[0.391s] DEBUG:colcon.colcon_core.shell:Skip shell extension 'dsv' for command environment
[0.397s] DEBUG:colcon.colcon_core.event_handler.log_command:Invoking command in '/home/otete/colcon_ws_controller/build/hello_interfaces': CMAKE_PREFIX_PATH=${CMAKE_PREFIX_PATH}:/home/otete/colcon_ws_controller/install/hello:/home/otete/install/hello:/home/otete/install/examples_rclpy_minimal_action_client:/home/otete/install/examples_rclpy_guard_conditions:/home/otete/install/examples_rclpy_executors:/opt/ros/humble /usr/bin/cmake /home/otete/colcon_ws_controller/src/hello_interfaces -DCMAKE_INSTALL_PREFIX=/home/otete/colcon_ws_controller/install/hello_interfaces
[0.589s] DEBUG:colcon.colcon_core.event_handler.log_command:Invoking command in '/home/otete/colcon_ws_controller/src/hello': PYTHONPATH=/home/otete/colcon_ws_controller/build/hello/prefix_override:/home/otete/colcon_ws_controller/install/hello/lib/python3.10/site-packages:${PYTHONPATH} /usr/bin/python3 -W ignore:setup.py install is deprecated setup.py egg_info --egg-base ../../build/hello build --build-base /home/otete/colcon_ws_controller/build/hello/build install --record /home/otete/colcon_ws_controller/build/hello/install.log --single-version-externally-managed install_data
[0.760s] DEBUG:colcon.colcon_core.event_handler.log_command:Invoked command in '/home/otete/colcon_ws_controller/src/hello' returned '0': PYTHONPATH=/home/otete/colcon_ws_controller/build/hello/prefix_override:/home/otete/colcon_ws_controller/install/hello/lib/python3.10/site-packages:${PYTHONPATH} /usr/bin/python3 -W ignore:setup.py install is deprecated setup.py egg_info --egg-base ../../build/hello build --build-base /home/otete/colcon_ws_controller/build/hello/build install --record /home/otete/colcon_ws_controller/build/hello/install.log --single-version-externally-managed install_data
[0.762s] Level 1:colcon.colcon_core.environment:checking '/home/otete/colcon_ws_controller/install/hello' for CMake module files
[0.762s] Level 1:colcon.colcon_core.environment:checking '/home/otete/colcon_ws_controller/install/hello' for CMake config files
[0.763s] Level 1:colcon.colcon_core.environment:checking '/home/otete/colcon_ws_controller/install/hello/lib'
[0.763s] Level 1:colcon.colcon_core.environment:checking '/home/otete/colcon_ws_controller/install/hello/bin'
[0.763s] Level 1:colcon.colcon_core.environment:checking '/home/otete/colcon_ws_controller/install/hello/lib/pkgconfig/hello.pc'
[0.763s] Level 1:colcon.colcon_core.environment:checking '/home/otete/colcon_ws_controller/install/hello/lib/python3.10/site-packages'
[0.763s] Level 1:colcon.colcon_core.shell:create_environment_hook('hello', 'pythonpath')
[0.763s] INFO:colcon.colcon_core.shell:Creating environment hook '/home/otete/colcon_ws_controller/install/hello/share/hello/hook/pythonpath.ps1'
[0.763s] INFO:colcon.colcon_core.shell:Creating environment descriptor '/home/otete/colcon_ws_controller/install/hello/share/hello/hook/pythonpath.dsv'
[0.763s] INFO:colcon.colcon_core.shell:Creating environment hook '/home/otete/colcon_ws_controller/install/hello/share/hello/hook/pythonpath.sh'
[0.764s] Level 1:colcon.colcon_core.environment:checking '/home/otete/colcon_ws_controller/install/hello/bin'
[0.764s] Level 1:colcon.colcon_core.environment:create_environment_scripts_only(hello)
[0.764s] INFO:colcon.colcon_core.shell:Creating package script '/home/otete/colcon_ws_controller/install/hello/share/hello/package.ps1'
[0.764s] INFO:colcon.colcon_core.shell:Creating package descriptor '/home/otete/colcon_ws_controller/install/hello/share/hello/package.dsv'
[0.765s] INFO:colcon.colcon_core.shell:Creating package script '/home/otete/colcon_ws_controller/install/hello/share/hello/package.sh'
[0.765s] INFO:colcon.colcon_core.shell:Creating package script '/home/otete/colcon_ws_controller/install/hello/share/hello/package.bash'
[0.765s] INFO:colcon.colcon_core.shell:Creating package script '/home/otete/colcon_ws_controller/install/hello/share/hello/package.zsh'
[0.766s] Level 1:colcon.colcon_core.environment:create_file_with_runtime_dependencies(/home/otete/colcon_ws_controller/install/hello/share/colcon-core/packages/hello)
[1.408s] DEBUG:colcon.colcon_core.event_handler.log_command:Invoked command in '/home/otete/colcon_ws_controller/build/hello_interfaces' returned '0': CMAKE_PREFIX_PATH=${CMAKE_PREFIX_PATH}:/home/otete/colcon_ws_controller/install/hello:/home/otete/install/hello:/home/otete/install/examples_rclpy_minimal_action_client:/home/otete/install/examples_rclpy_guard_conditions:/home/otete/install/examples_rclpy_executors:/opt/ros/humble /usr/bin/cmake /home/otete/colcon_ws_controller/src/hello_interfaces -DCMAKE_INSTALL_PREFIX=/home/otete/colcon_ws_controller/install/hello_interfaces
[1.410s] DEBUG:colcon.colcon_core.event_handler.log_command:Invoking command in '/home/otete/colcon_ws_controller/build/hello_interfaces': CMAKE_PREFIX_PATH=${CMAKE_PREFIX_PATH}:/home/otete/colcon_ws_controller/install/hello:/home/otete/install/hello:/home/otete/install/examples_rclpy_minimal_action_client:/home/otete/install/examples_rclpy_guard_conditions:/home/otete/install/examples_rclpy_executors:/opt/ros/humble /usr/bin/cmake --build /home/otete/colcon_ws_controller/build/hello_interfaces -- -j16 -l16
[2.648s] DEBUG:colcon.colcon_core.event_handler.log_command:Invoked command in '/home/otete/colcon_ws_controller/build/hello_interfaces' returned '0': CMAKE_PREFIX_PATH=${CMAKE_PREFIX_PATH}:/home/otete/colcon_ws_controller/install/hello:/home/otete/install/hello:/home/otete/install/examples_rclpy_minimal_action_client:/home/otete/install/examples_rclpy_guard_conditions:/home/otete/install/examples_rclpy_executors:/opt/ros/humble /usr/bin/cmake --build /home/otete/colcon_ws_controller/build/hello_interfaces -- -j16 -l16
[2.700s] DEBUG:colcon.colcon_core.event_handler.log_command:Invoking command in '/home/otete/colcon_ws_controller/build/hello_interfaces': CMAKE_PREFIX_PATH=${CMAKE_PREFIX_PATH}:/home/otete/colcon_ws_controller/install/hello:/home/otete/install/hello:/home/otete/install/examples_rclpy_minimal_action_client:/home/otete/install/examples_rclpy_guard_conditions:/home/otete/install/examples_rclpy_executors:/opt/ros/humble /usr/bin/cmake --install /home/otete/colcon_ws_controller/build/hello_interfaces
[2.739s] Level 1:colcon.colcon_core.environment:create_environment_scripts_only(hello_interfaces)
[2.740s] Level 1:colcon.colcon_core.environment:checking '/home/otete/colcon_ws_controller/install/hello_interfaces' for CMake module files
[2.740s] DEBUG:colcon.colcon_core.event_handler.log_command:Invoked command in '/home/otete/colcon_ws_controller/build/hello_interfaces' returned '0': CMAKE_PREFIX_PATH=${CMAKE_PREFIX_PATH}:/home/otete/colcon_ws_controller/install/hello:/home/otete/install/hello:/home/otete/install/examples_rclpy_minimal_action_client:/home/otete/install/examples_rclpy_guard_conditions:/home/otete/install/examples_rclpy_executors:/opt/ros/humble /usr/bin/cmake --install /home/otete/colcon_ws_controller/build/hello_interfaces
[2.740s] Level 1:colcon.colcon_core.environment:checking '/home/otete/colcon_ws_controller/install/hello_interfaces' for CMake config files
[2.740s] Level 1:colcon.colcon_core.shell:create_environment_hook('hello_interfaces', 'cmake_prefix_path')
[2.740s] INFO:colcon.colcon_core.shell:Creating environment hook '/home/otete/colcon_ws_controller/install/hello_interfaces/share/hello_interfaces/hook/cmake_prefix_path.ps1'
[2.741s] INFO:colcon.colcon_core.shell:Creating environment descriptor '/home/otete/colcon_ws_controller/install/hello_interfaces/share/hello_interfaces/hook/cmake_prefix_path.dsv'
[2.741s] INFO:colcon.colcon_core.shell:Creating environment hook '/home/otete/colcon_ws_controller/install/hello_interfaces/share/hello_interfaces/hook/cmake_prefix_path.sh'
[2.741s] Level 1:colcon.colcon_core.environment:checking '/home/otete/colcon_ws_controller/install/hello_interfaces/lib'
[2.741s] Level 1:colcon.colcon_core.shell:create_environment_hook('hello_interfaces', 'ld_library_path_lib')
[2.741s] INFO:colcon.colcon_core.shell:Creating environment hook '/home/otete/colcon_ws_controller/install/hello_interfaces/share/hello_interfaces/hook/ld_library_path_lib.ps1'
[2.741s] INFO:colcon.colcon_core.shell:Creating environment descriptor '/home/otete/colcon_ws_controller/install/hello_interfaces/share/hello_interfaces/hook/ld_library_path_lib.dsv'
[2.742s] INFO:colcon.colcon_core.shell:Creating environment hook '/home/otete/colcon_ws_controller/install/hello_interfaces/share/hello_interfaces/hook/ld_library_path_lib.sh'
[2.742s] Level 1:colcon.colcon_core.environment:checking '/home/otete/colcon_ws_controller/install/hello_interfaces/bin'
[2.742s] Level 1:colcon.colcon_core.environment:checking '/home/otete/colcon_ws_controller/install/hello_interfaces/lib/pkgconfig/hello_interfaces.pc'
[2.742s] Level 1:colcon.colcon_core.environment:checking '/home/otete/colcon_ws_controller/install/hello_interfaces/lib/python3.10/site-packages'
[2.742s] Level 1:colcon.colcon_core.environment:checking '/home/otete/colcon_ws_controller/install/hello_interfaces/bin'
[2.742s] INFO:colcon.colcon_core.shell:Creating package script '/home/otete/colcon_ws_controller/install/hello_interfaces/share/hello_interfaces/package.ps1'
[2.743s] INFO:colcon.colcon_core.shell:Creating package descriptor '/home/otete/colcon_ws_controller/install/hello_interfaces/share/hello_interfaces/package.dsv'
[2.743s] INFO:colcon.colcon_core.shell:Creating package script '/home/otete/colcon_ws_controller/install/hello_interfaces/share/hello_interfaces/package.sh'
[2.743s] INFO:colcon.colcon_core.shell:Creating package script '/home/otete/colcon_ws_controller/install/hello_interfaces/share/hello_interfaces/package.bash'
[2.743s] INFO:colcon.colcon_core.shell:Creating package script '/home/otete/colcon_ws_controller/install/hello_interfaces/share/hello_interfaces/package.zsh'
[2.743s] Level 1:colcon.colcon_core.environment:create_file_with_runtime_dependencies(/home/otete/colcon_ws_controller/install/hello_interfaces/share/colcon-core/packages/hello_interfaces)
[2.795s] Level 1:colcon.colcon_core.environment:create_environment_scripts_only(hello_interfaces)
[2.795s] Level 1:colcon.colcon_core.environment:checking '/home/otete/colcon_ws_controller/install/hello_interfaces' for CMake module files
[2.796s] Level 1:colcon.colcon_core.environment:checking '/home/otete/colcon_ws_controller/install/hello_interfaces' for CMake config files
[2.796s] Level 1:colcon.colcon_core.shell:create_environment_hook('hello_interfaces', 'cmake_prefix_path')
[2.797s] INFO:colcon.colcon_core.shell:Creating environment hook '/home/otete/colcon_ws_controller/install/hello_interfaces/share/hello_interfaces/hook/cmake_prefix_path.ps1'
[2.797s] INFO:colcon.colcon_core.shell:Creating environment descriptor '/home/otete/colcon_ws_controller/install/hello_interfaces/share/hello_interfaces/hook/cmake_prefix_path.dsv'
[2.797s] INFO:colcon.colcon_core.shell:Creating environment hook '/home/otete/colcon_ws_controller/install/hello_interfaces/share/hello_interfaces/hook/cmake_prefix_path.sh'
[2.798s] Level 1:colcon.colcon_core.environment:checking '/home/otete/colcon_ws_controller/install/hello_interfaces/lib'
[2.798s] Level 1:colcon.colcon_core.shell:create_environment_hook('hello_interfaces', 'ld_library_path_lib')
[2.798s] INFO:colcon.colcon_core.shell:Creating environment hook '/home/otete/colcon_ws_controller/install/hello_interfaces/share/hello_interfaces/hook/ld_library_path_lib.ps1'
[2.798s] INFO:colcon.colcon_core.shell:Creating environment descriptor '/home/otete/colcon_ws_controller/install/hello_interfaces/share/hello_interfaces/hook/ld_library_path_lib.dsv'
[2.799s] INFO:colcon.colcon_core.shell:Creating environment hook '/home/otete/colcon_ws_controller/install/hello_interfaces/share/hello_interfaces/hook/ld_library_path_lib.sh'
[2.799s] Level 1:colcon.colcon_core.environment:checking '/home/otete/colcon_ws_controller/install/hello_interfaces/bin'
[2.799s] Level 1:colcon.colcon_core.environment:checking '/home/otete/colcon_ws_controller/install/hello_interfaces/lib/pkgconfig/hello_interfaces.pc'
[2.800s] Level 1:colcon.colcon_core.environment:checking '/home/otete/colcon_ws_controller/install/hello_interfaces/lib/python3.10/site-packages'
[2.800s] Level 1:colcon.colcon_core.environment:checking '/home/otete/colcon_ws_controller/install/hello_interfaces/bin'
[2.800s] INFO:colcon.colcon_core.shell:Creating package script '/home/otete/colcon_ws_controller/install/hello_interfaces/share/hello_interfaces/package.ps1'
[2.801s] INFO:colcon.colcon_core.shell:Creating package descriptor '/home/otete/colcon_ws_controller/install/hello_interfaces/share/hello_interfaces/package.dsv'
[2.801s] INFO:colcon.colcon_core.shell:Creating package script '/home/otete/colcon_ws_controller/install/hello_interfaces/share/hello_interfaces/package.sh'
[2.802s] INFO:colcon.colcon_core.shell:Creating package script '/home/otete/colcon_ws_controller/install/hello_interfaces/share/hello_interfaces/package.bash'
[2.802s] INFO:colcon.colcon_core.shell:Creating package script '/home/otete/colcon_ws_controller/install/hello_interfaces/share/hello_interfaces/package.zsh'
[2.802s] Level 1:colcon.colcon_core.environment:create_file_with_runtime_dependencies(/home/otete/colcon_ws_controller/install/hello_interfaces/share/colcon-core/packages/hello_interfaces)
[2.802s] DEBUG:colcon.colcon_parallel_executor.executor.parallel:closing loop
[2.803s] DEBUG:colcon.colcon_parallel_executor.executor.parallel:loop closed
[2.803s] DEBUG:colcon.colcon_parallel_executor.executor.parallel:run_until_complete finished with '0'
[2.803s] DEBUG:colcon.colcon_core.event_reactor:joining thread
[2.808s] INFO:colcon.colcon_core.plugin_system:Skipping extension 'colcon_notification.desktop_notification.terminal_notifier': Not used on non-Darwin systems
[2.808s] INFO:colcon.colcon_core.plugin_system:Skipping extension 'colcon_notification.desktop_notification.win32': Not used on non-Windows systems
[2.808s] INFO:colcon.colcon_notification.desktop_notification:Sending desktop notification using 'notify2'
[2.822s] DEBUG:colcon.colcon_core.event_reactor:joined thread
[2.822s] INFO:colcon.colcon_core.shell:Creating prefix script '/home/otete/colcon_ws_controller/install/local_setup.ps1'
[2.823s] INFO:colcon.colcon_core.shell:Creating prefix util module '/home/otete/colcon_ws_controller/install/_local_setup_util_ps1.py'
[2.824s] INFO:colcon.colcon_core.shell:Creating prefix chain script '/home/otete/colcon_ws_controller/install/setup.ps1'
[2.826s] INFO:colcon.colcon_core.shell:Creating prefix script '/home/otete/colcon_ws_controller/install/local_setup.sh'
[2.826s] INFO:colcon.colcon_core.shell:Creating prefix util module '/home/otete/colcon_ws_controller/install/_local_setup_util_sh.py'
[2.827s] INFO:colcon.colcon_core.shell:Creating prefix chain script '/home/otete/colcon_ws_controller/install/setup.sh'
[2.828s] INFO:colcon.colcon_core.shell:Creating prefix script '/home/otete/colcon_ws_controller/install/local_setup.bash'
[2.828s] INFO:colcon.colcon_core.shell:Creating prefix chain script '/home/otete/colcon_ws_controller/install/setup.bash'
[2.829s] INFO:colcon.colcon_core.shell:Creating prefix script '/home/otete/colcon_ws_controller/install/local_setup.zsh'
[2.830s] INFO:colcon.colcon_core.shell:Creating prefix chain script '/home/otete/colcon_ws_controller/install/setup.zsh'
