running egg_info
writing ../../build/hello/hello.egg-info/PKG-INFO
writing dependency_links to ../../build/hello/hello.egg-info/dependency_links.txt
writing entry points to ../../build/hello/hello.egg-info/entry_points.txt
writing requirements to ../../build/hello/hello.egg-info/requires.txt
writing top-level names to ../../build/hello/hello.egg-info/top_level.txt
reading manifest file '../../build/hello/hello.egg-info/SOURCES.txt'
writing manifest file '../../build/hello/hello.egg-info/SOURCES.txt'
running build
running build_py
copying hello/talker_ID12.py -> /home/hisa/ROS2/topic_communication_with_ps4controller/build/hello/build/lib/hello
copying hello/talker_ID23.py -> /home/hisa/ROS2/topic_communication_with_ps4controller/build/hello/build/lib/hello
running install
running install_lib
copying /home/hisa/ROS2/topic_communication_with_ps4controller/build/hello/build/lib/hello/talker_ID12.py -> /home/hisa/ROS2/topic_communication_with_ps4controller/install/hello/lib/python3.12/site-packages/hello
copying /home/hisa/ROS2/topic_communication_with_ps4controller/build/hello/build/lib/hello/talker_ID23.py -> /home/hisa/ROS2/topic_communication_with_ps4controller/install/hello/lib/python3.12/site-packages/hello
byte-compiling /home/hisa/ROS2/topic_communication_with_ps4controller/install/hello/lib/python3.12/site-packages/hello/talker_ID12.py to talker_ID12.cpython-312.pyc
byte-compiling /home/hisa/ROS2/topic_communication_with_ps4controller/install/hello/lib/python3.12/site-packages/hello/talker_ID23.py to talker_ID23.cpython-312.pyc
running install_data
running install_egg_info
removing '/home/hisa/ROS2/topic_communication_with_ps4controller/install/hello/lib/python3.12/site-packages/hello-0.0.0-py3.12.egg-info' (and everything under it)
Copying ../../build/hello/hello.egg-info to /home/hisa/ROS2/topic_communication_with_ps4controller/install/hello/lib/python3.12/site-packages/hello-0.0.0-py3.12.egg-info
running install_scripts
Installing listener_robo1 script to /home/hisa/ROS2/topic_communication_with_ps4controller/install/hello/lib/hello
Installing listener_robo2-1 script to /home/hisa/ROS2/topic_communication_with_ps4controller/install/hello/lib/hello
Installing listener_robo2-2 script to /home/hisa/ROS2/topic_communication_with_ps4controller/install/hello/lib/hello
Installing talker_iseki script to /home/hisa/ROS2/topic_communication_with_ps4controller/install/hello/lib/hello
Installing talker_nari script to /home/hisa/ROS2/topic_communication_with_ps4controller/install/hello/lib/hello
writing list of installed files to '/home/hisa/ROS2/topic_communication_with_ps4controller/build/hello/install.log'
