/home/hisa/ROS2/topic_communication_with_ps4controller/install/hello/lib/python3.12/site-packages/hello/talker_ID12.py
/home/hisa/ROS2/topic_communication_with_ps4controller/install/hello/lib/python3.12/site-packages/hello/talker_ID23.py
/home/hisa/ROS2/topic_communication_with_ps4controller/install/hello/lib/python3.12/site-packages/hello/__init__.py
/home/hisa/ROS2/topic_communication_with_ps4controller/install/hello/lib/python3.12/site-packages/hello/listener_ID2.py
/home/hisa/ROS2/topic_communication_with_ps4controller/install/hello/lib/python3.12/site-packages/hello/listener_ID1.py
/home/hisa/ROS2/topic_communication_with_ps4controller/install/hello/lib/python3.12/site-packages/hello/listener_ID3.py
/home/hisa/ROS2/topic_communication_with_ps4controller/install/hello/lib/python3.12/site-packages/hello/__pycache__/talker_ID12.cpython-312.pyc
/home/hisa/ROS2/topic_communication_with_ps4controller/install/hello/lib/python3.12/site-packages/hello/__pycache__/talker_ID23.cpython-312.pyc
/home/hisa/ROS2/topic_communication_with_ps4controller/install/hello/lib/python3.12/site-packages/hello/__pycache__/__init__.cpython-312.pyc
/home/hisa/ROS2/topic_communication_with_ps4controller/install/hello/lib/python3.12/site-packages/hello/__pycache__/listener_ID2.cpython-312.pyc
/home/hisa/ROS2/topic_communication_with_ps4controller/install/hello/lib/python3.12/site-packages/hello/__pycache__/listener_ID1.cpython-312.pyc
/home/hisa/ROS2/topic_communication_with_ps4controller/install/hello/lib/python3.12/site-packages/hello/__pycache__/listener_ID3.cpython-312.pyc
/home/hisa/ROS2/topic_communication_with_ps4controller/install/hello/share/ament_index/resource_index/packages/hello
/home/hisa/ROS2/topic_communication_with_ps4controller/install/hello/share/hello/package.xml
/home/hisa/ROS2/topic_communication_with_ps4controller/install/hello/share/hello/resource/hello
/home/hisa/ROS2/topic_communication_with_ps4controller/install/hello/lib/python3.12/site-packages/hello-0.0.0-py3.12.egg-info/zip-safe
/home/hisa/ROS2/topic_communication_with_ps4controller/install/hello/lib/python3.12/site-packages/hello-0.0.0-py3.12.egg-info/dependency_links.txt
/home/hisa/ROS2/topic_communication_with_ps4controller/install/hello/lib/python3.12/site-packages/hello-0.0.0-py3.12.egg-info/entry_points.txt
/home/hisa/ROS2/topic_communication_with_ps4controller/install/hello/lib/python3.12/site-packages/hello-0.0.0-py3.12.egg-info/top_level.txt
/home/hisa/ROS2/topic_communication_with_ps4controller/install/hello/lib/python3.12/site-packages/hello-0.0.0-py3.12.egg-info/SOURCES.txt
/home/hisa/ROS2/topic_communication_with_ps4controller/install/hello/lib/python3.12/site-packages/hello-0.0.0-py3.12.egg-info/PKG-INFO
/home/hisa/ROS2/topic_communication_with_ps4controller/install/hello/lib/python3.12/site-packages/hello-0.0.0-py3.12.egg-info/requires.txt
/home/hisa/ROS2/topic_communication_with_ps4controller/install/hello/lib/hello/listener_robo1
/home/hisa/ROS2/topic_communication_with_ps4controller/install/hello/lib/hello/listener_robo2-1
/home/hisa/ROS2/topic_communication_with_ps4controller/install/hello/lib/hello/listener_robo2-2
/home/hisa/ROS2/topic_communication_with_ps4controller/install/hello/lib/hello/talker_iseki
/home/hisa/ROS2/topic_communication_with_ps4controller/install/hello/lib/hello/talker_nari
