[0.417s] Invoking command in '/home/otete/colcon_ws_controller/src/hello': PYTHONPATH=/home/otete/colcon_ws_controller/build/hello/prefix_override:/home/otete/colcon_ws_controller/install/hello/lib/python3.10/site-packages:${PYTHONPATH} /usr/bin/python3 -W ignore:setup.py install is deprecated setup.py egg_info --egg-base ../../build/hello build --build-base /home/otete/colcon_ws_controller/build/hello/build install --record /home/otete/colcon_ws_controller/build/hello/install.log --single-version-externally-managed install_data
[0.600s] running egg_info
[0.600s] writing ../../build/hello/hello.egg-info/PKG-INFO
[0.600s] writing dependency_links to ../../build/hello/hello.egg-info/dependency_links.txt
[0.600s] writing entry points to ../../build/hello/hello.egg-info/entry_points.txt
[0.601s] writing requirements to ../../build/hello/hello.egg-info/requires.txt
[0.601s] writing top-level names to ../../build/hello/hello.egg-info/top_level.txt
[0.602s] reading manifest file '../../build/hello/hello.egg-info/SOURCES.txt'
[0.603s] writing manifest file '../../build/hello/hello.egg-info/SOURCES.txt'
[0.603s] running build
[0.603s] running build_py
[0.603s] running install
[0.604s] running install_lib
[0.605s] running install_data
[0.605s] running install_egg_info
[0.606s] removing '/home/otete/colcon_ws_controller/install/hello/lib/python3.10/site-packages/hello-0.0.0-py3.10.egg-info' (and everything under it)
[0.607s] Copying ../../build/hello/hello.egg-info to /home/otete/colcon_ws_controller/install/hello/lib/python3.10/site-packages/hello-0.0.0-py3.10.egg-info
[0.607s] running install_scripts
[0.625s] Installing listener script to /home/otete/colcon_ws_controller/install/hello/lib/hello
[0.626s] Installing talker script to /home/otete/colcon_ws_controller/install/hello/lib/hello
[0.626s] writing list of installed files to '/home/otete/colcon_ws_controller/build/hello/install.log'
[0.647s] Invoked command in '/home/otete/colcon_ws_controller/src/hello' returned '0': PYTHONPATH=/home/otete/colcon_ws_controller/build/hello/prefix_override:/home/otete/colcon_ws_controller/install/hello/lib/python3.10/site-packages:${PYTHONPATH} /usr/bin/python3 -W ignore:setup.py install is deprecated setup.py egg_info --egg-base ../../build/hello build --build-base /home/otete/colcon_ws_controller/build/hello/build install --record /home/otete/colcon_ws_controller/build/hello/install.log --single-version-externally-managed install_data
