[  3%] Built target hello_interfaces__cpp
[ 12%] Built target hello_interfaces__rosidl_generator_c
[ 12%] Built target ament_cmake_python_copy_hello_interfaces
[ 25%] Built target hello_interfaces__rosidl_typesupport_cpp
[ 32%] Built target hello_interfaces__rosidl_typesupport_introspection_cpp
[ 41%] Built target hello_interfaces__rosidl_typesupport_introspection_c
[ 70%] Built target hello_interfaces__rosidl_typesupport_fastrtps_cpp
[ 70%] Built target hello_interfaces__rosidl_typesupport_c
[ 70%] Built target hello_interfaces__rosidl_typesupport_fastrtps_c
[ 70%] Built target hello_interfaces
[ 74%] Built target hello_interfaces__py
[ 80%] Built target hello_interfaces__rosidl_generator_py
[ 93%] Built target hello_interfaces__rosidl_typesupport_fastrtps_c__pyext
[ 93%] Built target hello_interfaces__rosidl_typesupport_introspection_c__pyext
[100%] Built target hello_interfaces__rosidl_typesupport_c__pyext
running egg_info
writing hello_interfaces.egg-info/PKG-INFO
writing dependency_links to hello_interfaces.egg-info/dependency_links.txt
writing top-level names to hello_interfaces.egg-info/top_level.txt
reading manifest file 'hello_interfaces.egg-info/SOURCES.txt'
writing manifest file 'hello_interfaces.egg-info/SOURCES.txt'
[100%] Built target ament_cmake_python_build_hello_interfaces_egg
-- Install configuration: ""
-- Up-to-date: /home/otete/topic_communication_with_ps4controller/install/hello_interfaces/share/ament_index/resource_index/rosidl_interfaces/hello_interfaces
-- Up-to-date: /home/otete/topic_communication_with_ps4controller/install/hello_interfaces/include/hello_interfaces/hello_interfaces
-- Up-to-date: /home/otete/topic_communication_with_ps4controller/install/hello_interfaces/include/hello_interfaces/hello_interfaces/msg
-- Up-to-date: /home/otete/topic_communication_with_ps4controller/install/hello_interfaces/include/hello_interfaces/hello_interfaces/msg/detail
-- Up-to-date: /home/otete/topic_communication_with_ps4controller/install/hello_interfaces/include/hello_interfaces/hello_interfaces/msg/detail/my_string__functions.h
-- Up-to-date: /home/otete/topic_communication_with_ps4controller/install/hello_interfaces/include/hello_interfaces/hello_interfaces/msg/detail/my_string__functions.c
-- Up-to-date: /home/otete/topic_communication_with_ps4controller/install/hello_interfaces/include/hello_interfaces/hello_interfaces/msg/detail/my_string__type_support.h
-- Up-to-date: /home/otete/topic_communication_with_ps4controller/install/hello_interfaces/include/hello_interfaces/hello_interfaces/msg/detail/my_string__struct.h
-- Up-to-date: /home/otete/topic_communication_with_ps4controller/install/hello_interfaces/include/hello_interfaces/hello_interfaces/msg/rosidl_generator_c__visibility_control.h
-- Up-to-date: /home/otete/topic_communication_with_ps4controller/install/hello_interfaces/include/hello_interfaces/hello_interfaces/msg/my_string.h
-- Up-to-date: /home/otete/topic_communication_with_ps4controller/install/hello_interfaces/share/hello_interfaces/environment/library_path.sh
-- Up-to-date: /home/otete/topic_communication_with_ps4controller/install/hello_interfaces/share/hello_interfaces/environment/library_path.dsv
-- Up-to-date: /home/otete/topic_communication_with_ps4controller/install/hello_interfaces/lib/libhello_interfaces__rosidl_generator_c.so
-- Up-to-date: /home/otete/topic_communication_with_ps4controller/install/hello_interfaces/include/hello_interfaces/hello_interfaces
-- Up-to-date: /home/otete/topic_communication_with_ps4controller/install/hello_interfaces/include/hello_interfaces/hello_interfaces/msg
-- Up-to-date: /home/otete/topic_communication_with_ps4controller/install/hello_interfaces/include/hello_interfaces/hello_interfaces/msg/detail
-- Up-to-date: /home/otete/topic_communication_with_ps4controller/install/hello_interfaces/include/hello_interfaces/hello_interfaces/msg/detail/my_string__rosidl_typesupport_fastrtps_c.h
-- Up-to-date: /home/otete/topic_communication_with_ps4controller/install/hello_interfaces/include/hello_interfaces/hello_interfaces/msg/rosidl_typesupport_fastrtps_c__visibility_control.h
-- Up-to-date: /home/otete/topic_communication_with_ps4controller/install/hello_interfaces/lib/libhello_interfaces__rosidl_typesupport_fastrtps_c.so
-- Up-to-date: /home/otete/topic_communication_with_ps4controller/install/hello_interfaces/include/hello_interfaces/hello_interfaces
-- Up-to-date: /home/otete/topic_communication_with_ps4controller/install/hello_interfaces/include/hello_interfaces/hello_interfaces/msg
-- Up-to-date: /home/otete/topic_communication_with_ps4controller/install/hello_interfaces/include/hello_interfaces/hello_interfaces/msg/detail
-- Up-to-date: /home/otete/topic_communication_with_ps4controller/install/hello_interfaces/include/hello_interfaces/hello_interfaces/msg/detail/my_string__rosidl_typesupport_introspection_c.h
-- Up-to-date: /home/otete/topic_communication_with_ps4controller/install/hello_interfaces/include/hello_interfaces/hello_interfaces/msg/detail/my_string__type_support.c
-- Up-to-date: /home/otete/topic_communication_with_ps4controller/install/hello_interfaces/include/hello_interfaces/hello_interfaces/msg/rosidl_typesupport_introspection_c__visibility_control.h
-- Up-to-date: /home/otete/topic_communication_with_ps4controller/install/hello_interfaces/lib/libhello_interfaces__rosidl_typesupport_introspection_c.so
-- Up-to-date: /home/otete/topic_communication_with_ps4controller/install/hello_interfaces/lib/libhello_interfaces__rosidl_typesupport_c.so
-- Up-to-date: /home/otete/topic_communication_with_ps4controller/install/hello_interfaces/include/hello_interfaces/hello_interfaces
-- Up-to-date: /home/otete/topic_communication_with_ps4controller/install/hello_interfaces/include/hello_interfaces/hello_interfaces/msg
-- Up-to-date: /home/otete/topic_communication_with_ps4controller/install/hello_interfaces/include/hello_interfaces/hello_interfaces/msg/detail
-- Up-to-date: /home/otete/topic_communication_with_ps4controller/install/hello_interfaces/include/hello_interfaces/hello_interfaces/msg/detail/my_string__struct.hpp
-- Up-to-date: /home/otete/topic_communication_with_ps4controller/install/hello_interfaces/include/hello_interfaces/hello_interfaces/msg/detail/my_string__builder.hpp
-- Up-to-date: /home/otete/topic_communication_with_ps4controller/install/hello_interfaces/include/hello_interfaces/hello_interfaces/msg/detail/my_string__traits.hpp
-- Up-to-date: /home/otete/topic_communication_with_ps4controller/install/hello_interfaces/include/hello_interfaces/hello_interfaces/msg/my_string.hpp
-- Up-to-date: /home/otete/topic_communication_with_ps4controller/install/hello_interfaces/include/hello_interfaces/hello_interfaces
-- Up-to-date: /home/otete/topic_communication_with_ps4controller/install/hello_interfaces/include/hello_interfaces/hello_interfaces/msg
-- Up-to-date: /home/otete/topic_communication_with_ps4controller/install/hello_interfaces/include/hello_interfaces/hello_interfaces/msg/rosidl_typesupport_fastrtps_cpp__visibility_control.h
-- Up-to-date: /home/otete/topic_communication_with_ps4controller/install/hello_interfaces/include/hello_interfaces/hello_interfaces/msg/detail
-- Up-to-date: /home/otete/topic_communication_with_ps4controller/install/hello_interfaces/include/hello_interfaces/hello_interfaces/msg/detail/dds_fastrtps
-- Up-to-date: /home/otete/topic_communication_with_ps4controller/install/hello_interfaces/include/hello_interfaces/hello_interfaces/msg/detail/my_string__rosidl_typesupport_fastrtps_cpp.hpp
-- Up-to-date: /home/otete/topic_communication_with_ps4controller/install/hello_interfaces/lib/libhello_interfaces__rosidl_typesupport_fastrtps_cpp.so
-- Up-to-date: /home/otete/topic_communication_with_ps4controller/install/hello_interfaces/include/hello_interfaces/hello_interfaces
-- Up-to-date: /home/otete/topic_communication_with_ps4controller/install/hello_interfaces/include/hello_interfaces/hello_interfaces/msg
-- Up-to-date: /home/otete/topic_communication_with_ps4controller/install/hello_interfaces/include/hello_interfaces/hello_interfaces/msg/detail
-- Up-to-date: /home/otete/topic_communication_with_ps4controller/install/hello_interfaces/include/hello_interfaces/hello_interfaces/msg/detail/my_string__type_support.cpp
-- Up-to-date: /home/otete/topic_communication_with_ps4controller/install/hello_interfaces/include/hello_interfaces/hello_interfaces/msg/detail/my_string__rosidl_typesupport_introspection_cpp.hpp
-- Up-to-date: /home/otete/topic_communication_with_ps4controller/install/hello_interfaces/lib/libhello_interfaces__rosidl_typesupport_introspection_cpp.so
-- Up-to-date: /home/otete/topic_communication_with_ps4controller/install/hello_interfaces/lib/libhello_interfaces__rosidl_typesupport_cpp.so
-- Up-to-date: /home/otete/topic_communication_with_ps4controller/install/hello_interfaces/share/hello_interfaces/environment/pythonpath.sh
-- Up-to-date: /home/otete/topic_communication_with_ps4controller/install/hello_interfaces/share/hello_interfaces/environment/pythonpath.dsv
-- Up-to-date: /home/otete/topic_communication_with_ps4controller/install/hello_interfaces/local/lib/python3.10/dist-packages/hello_interfaces-0.0.0-py3.10.egg-info
-- Installing: /home/otete/topic_communication_with_ps4controller/install/hello_interfaces/local/lib/python3.10/dist-packages/hello_interfaces-0.0.0-py3.10.egg-info/PKG-INFO
-- Installing: /home/otete/topic_communication_with_ps4controller/install/hello_interfaces/local/lib/python3.10/dist-packages/hello_interfaces-0.0.0-py3.10.egg-info/top_level.txt
-- Installing: /home/otete/topic_communication_with_ps4controller/install/hello_interfaces/local/lib/python3.10/dist-packages/hello_interfaces-0.0.0-py3.10.egg-info/dependency_links.txt
-- Installing: /home/otete/topic_communication_with_ps4controller/install/hello_interfaces/local/lib/python3.10/dist-packages/hello_interfaces-0.0.0-py3.10.egg-info/SOURCES.txt
-- Up-to-date: /home/otete/topic_communication_with_ps4controller/install/hello_interfaces/local/lib/python3.10/dist-packages/hello_interfaces
-- Up-to-date: /home/otete/topic_communication_with_ps4controller/install/hello_interfaces/local/lib/python3.10/dist-packages/hello_interfaces/_hello_interfaces_s.ep.rosidl_typesupport_c.c
-- Up-to-date: /home/otete/topic_communication_with_ps4controller/install/hello_interfaces/local/lib/python3.10/dist-packages/hello_interfaces/hello_interfaces_s__rosidl_typesupport_fastrtps_c.cpython-310-x86_64-linux-gnu.so
-- Up-to-date: /home/otete/topic_communication_with_ps4controller/install/hello_interfaces/local/lib/python3.10/dist-packages/hello_interfaces/libhello_interfaces__rosidl_generator_py.so
-- Up-to-date: /home/otete/topic_communication_with_ps4controller/install/hello_interfaces/local/lib/python3.10/dist-packages/hello_interfaces/hello_interfaces_s__rosidl_typesupport_introspection_c.cpython-310-x86_64-linux-gnu.so
-- Up-to-date: /home/otete/topic_communication_with_ps4controller/install/hello_interfaces/local/lib/python3.10/dist-packages/hello_interfaces/hello_interfaces_s__rosidl_typesupport_c.cpython-310-x86_64-linux-gnu.so
-- Up-to-date: /home/otete/topic_communication_with_ps4controller/install/hello_interfaces/local/lib/python3.10/dist-packages/hello_interfaces/__init__.py
-- Up-to-date: /home/otete/topic_communication_with_ps4controller/install/hello_interfaces/local/lib/python3.10/dist-packages/hello_interfaces/_hello_interfaces_s.ep.rosidl_typesupport_fastrtps_c.c
-- Up-to-date: /home/otete/topic_communication_with_ps4controller/install/hello_interfaces/local/lib/python3.10/dist-packages/hello_interfaces/msg
-- Up-to-date: /home/otete/topic_communication_with_ps4controller/install/hello_interfaces/local/lib/python3.10/dist-packages/hello_interfaces/msg/_my_string_s.c
-- Up-to-date: /home/otete/topic_communication_with_ps4controller/install/hello_interfaces/local/lib/python3.10/dist-packages/hello_interfaces/msg/_my_string.py
-- Up-to-date: /home/otete/topic_communication_with_ps4controller/install/hello_interfaces/local/lib/python3.10/dist-packages/hello_interfaces/msg/__init__.py
-- Up-to-date: /home/otete/topic_communication_with_ps4controller/install/hello_interfaces/local/lib/python3.10/dist-packages/hello_interfaces/_hello_interfaces_s.ep.rosidl_typesupport_introspection_c.c
Listing '/home/otete/topic_communication_with_ps4controller/install/hello_interfaces/local/lib/python3.10/dist-packages/hello_interfaces'...
Listing '/home/otete/topic_communication_with_ps4controller/install/hello_interfaces/local/lib/python3.10/dist-packages/hello_interfaces/msg'...
-- Up-to-date: /home/otete/topic_communication_with_ps4controller/install/hello_interfaces/local/lib/python3.10/dist-packages/hello_interfaces/hello_interfaces_s__rosidl_typesupport_fastrtps_c.cpython-310-x86_64-linux-gnu.so
-- Up-to-date: /home/otete/topic_communication_with_ps4controller/install/hello_interfaces/local/lib/python3.10/dist-packages/hello_interfaces/hello_interfaces_s__rosidl_typesupport_introspection_c.cpython-310-x86_64-linux-gnu.so
-- Up-to-date: /home/otete/topic_communication_with_ps4controller/install/hello_interfaces/local/lib/python3.10/dist-packages/hello_interfaces/hello_interfaces_s__rosidl_typesupport_c.cpython-310-x86_64-linux-gnu.so
-- Up-to-date: /home/otete/topic_communication_with_ps4controller/install/hello_interfaces/lib/libhello_interfaces__rosidl_generator_py.so
-- Up-to-date: /home/otete/topic_communication_with_ps4controller/install/hello_interfaces/share/hello_interfaces/msg/MyString.idl
-- Up-to-date: /home/otete/topic_communication_with_ps4controller/install/hello_interfaces/share/hello_interfaces/msg/MyString.msg
-- Up-to-date: /home/otete/topic_communication_with_ps4controller/install/hello_interfaces/share/ament_index/resource_index/package_run_dependencies/hello_interfaces
-- Up-to-date: /home/otete/topic_communication_with_ps4controller/install/hello_interfaces/share/ament_index/resource_index/parent_prefix_path/hello_interfaces
-- Up-to-date: /home/otete/topic_communication_with_ps4controller/install/hello_interfaces/share/hello_interfaces/environment/ament_prefix_path.sh
-- Up-to-date: /home/otete/topic_communication_with_ps4controller/install/hello_interfaces/share/hello_interfaces/environment/ament_prefix_path.dsv
-- Up-to-date: /home/otete/topic_communication_with_ps4controller/install/hello_interfaces/share/hello_interfaces/environment/path.sh
-- Up-to-date: /home/otete/topic_communication_with_ps4controller/install/hello_interfaces/share/hello_interfaces/environment/path.dsv
-- Up-to-date: /home/otete/topic_communication_with_ps4controller/install/hello_interfaces/share/hello_interfaces/local_setup.bash
-- Up-to-date: /home/otete/topic_communication_with_ps4controller/install/hello_interfaces/share/hello_interfaces/local_setup.sh
-- Up-to-date: /home/otete/topic_communication_with_ps4controller/install/hello_interfaces/share/hello_interfaces/local_setup.zsh
-- Up-to-date: /home/otete/topic_communication_with_ps4controller/install/hello_interfaces/share/hello_interfaces/local_setup.dsv
-- Installing: /home/otete/topic_communication_with_ps4controller/install/hello_interfaces/share/hello_interfaces/package.dsv
-- Up-to-date: /home/otete/topic_communication_with_ps4controller/install/hello_interfaces/share/ament_index/resource_index/packages/hello_interfaces
-- Up-to-date: /home/otete/topic_communication_with_ps4controller/install/hello_interfaces/share/hello_interfaces/cmake/export_hello_interfaces__rosidl_generator_cExport.cmake
-- Up-to-date: /home/otete/topic_communication_with_ps4controller/install/hello_interfaces/share/hello_interfaces/cmake/export_hello_interfaces__rosidl_generator_cExport-noconfig.cmake
-- Up-to-date: /home/otete/topic_communication_with_ps4controller/install/hello_interfaces/share/hello_interfaces/cmake/export_hello_interfaces__rosidl_typesupport_fastrtps_cExport.cmake
-- Up-to-date: /home/otete/topic_communication_with_ps4controller/install/hello_interfaces/share/hello_interfaces/cmake/export_hello_interfaces__rosidl_typesupport_fastrtps_cExport-noconfig.cmake
-- Up-to-date: /home/otete/topic_communication_with_ps4controller/install/hello_interfaces/share/hello_interfaces/cmake/hello_interfaces__rosidl_typesupport_introspection_cExport.cmake
-- Up-to-date: /home/otete/topic_communication_with_ps4controller/install/hello_interfaces/share/hello_interfaces/cmake/hello_interfaces__rosidl_typesupport_introspection_cExport-noconfig.cmake
-- Up-to-date: /home/otete/topic_communication_with_ps4controller/install/hello_interfaces/share/hello_interfaces/cmake/hello_interfaces__rosidl_typesupport_cExport.cmake
-- Up-to-date: /home/otete/topic_communication_with_ps4controller/install/hello_interfaces/share/hello_interfaces/cmake/hello_interfaces__rosidl_typesupport_cExport-noconfig.cmake
-- Up-to-date: /home/otete/topic_communication_with_ps4controller/install/hello_interfaces/share/hello_interfaces/cmake/export_hello_interfaces__rosidl_generator_cppExport.cmake
-- Up-to-date: /home/otete/topic_communication_with_ps4controller/install/hello_interfaces/share/hello_interfaces/cmake/export_hello_interfaces__rosidl_typesupport_fastrtps_cppExport.cmake
-- Up-to-date: /home/otete/topic_communication_with_ps4controller/install/hello_interfaces/share/hello_interfaces/cmake/export_hello_interfaces__rosidl_typesupport_fastrtps_cppExport-noconfig.cmake
-- Up-to-date: /home/otete/topic_communication_with_ps4controller/install/hello_interfaces/share/hello_interfaces/cmake/hello_interfaces__rosidl_typesupport_introspection_cppExport.cmake
-- Up-to-date: /home/otete/topic_communication_with_ps4controller/install/hello_interfaces/share/hello_interfaces/cmake/hello_interfaces__rosidl_typesupport_introspection_cppExport-noconfig.cmake
-- Up-to-date: /home/otete/topic_communication_with_ps4controller/install/hello_interfaces/share/hello_interfaces/cmake/hello_interfaces__rosidl_typesupport_cppExport.cmake
-- Up-to-date: /home/otete/topic_communication_with_ps4controller/install/hello_interfaces/share/hello_interfaces/cmake/hello_interfaces__rosidl_typesupport_cppExport-noconfig.cmake
-- Up-to-date: /home/otete/topic_communication_with_ps4controller/install/hello_interfaces/share/hello_interfaces/cmake/export_hello_interfaces__rosidl_generator_pyExport.cmake
-- Up-to-date: /home/otete/topic_communication_with_ps4controller/install/hello_interfaces/share/hello_interfaces/cmake/export_hello_interfaces__rosidl_generator_pyExport-noconfig.cmake
-- Up-to-date: /home/otete/topic_communication_with_ps4controller/install/hello_interfaces/share/hello_interfaces/cmake/rosidl_cmake-extras.cmake
-- Up-to-date: /home/otete/topic_communication_with_ps4controller/install/hello_interfaces/share/hello_interfaces/cmake/ament_cmake_export_include_directories-extras.cmake
-- Up-to-date: /home/otete/topic_communication_with_ps4controller/install/hello_interfaces/share/hello_interfaces/cmake/ament_cmake_export_libraries-extras.cmake
-- Up-to-date: /home/otete/topic_communication_with_ps4controller/install/hello_interfaces/share/hello_interfaces/cmake/ament_cmake_export_targets-extras.cmake
-- Up-to-date: /home/otete/topic_communication_with_ps4controller/install/hello_interfaces/share/hello_interfaces/cmake/rosidl_cmake_export_typesupport_targets-extras.cmake
-- Up-to-date: /home/otete/topic_communication_with_ps4controller/install/hello_interfaces/share/hello_interfaces/cmake/ament_cmake_export_dependencies-extras.cmake
-- Up-to-date: /home/otete/topic_communication_with_ps4controller/install/hello_interfaces/share/hello_interfaces/cmake/rosidl_cmake_export_typesupport_libraries-extras.cmake
-- Up-to-date: /home/otete/topic_communication_with_ps4controller/install/hello_interfaces/share/hello_interfaces/cmake/hello_interfacesConfig.cmake
-- Up-to-date: /home/otete/topic_communication_with_ps4controller/install/hello_interfaces/share/hello_interfaces/cmake/hello_interfacesConfig-version.cmake
-- Up-to-date: /home/otete/topic_communication_with_ps4controller/install/hello_interfaces/share/hello_interfaces/package.xml
