[0.466s] Invoking command in '/home/otete/topic_communication_with_ps4controller/src/hello': PYTHONPATH=/home/otete/topic_communication_with_ps4controller/build/hello/prefix_override:/usr/lib/python3/dist-packages/colcon_core/task/python/colcon_distutils_commands:/home/otete/topic_communication_with_ps4controller/install/hello/lib/python3.10/site-packages:${PYTHONPATH} /usr/bin/python3 -W ignore:setup.py install is deprecated setup.py egg_info --egg-base ../../build/hello build --build-base /home/otete/topic_communication_with_ps4controller/build/hello/build install --record /home/otete/topic_communication_with_ps4controller/build/hello/install.log --single-version-externally-managed install_data
[0.646s] running egg_info
[0.647s] writing ../../build/hello/hello.egg-info/PKG-INFO
[0.647s] writing dependency_links to ../../build/hello/hello.egg-info/dependency_links.txt
[0.647s] writing entry points to ../../build/hello/hello.egg-info/entry_points.txt
[0.647s] writing requirements to ../../build/hello/hello.egg-info/requires.txt
[0.647s] writing top-level names to ../../build/hello/hello.egg-info/top_level.txt
[0.648s] reading manifest file '../../build/hello/hello.egg-info/SOURCES.txt'
[0.649s] writing manifest file '../../build/hello/hello.egg-info/SOURCES.txt'
[0.649s] running build
[0.649s] running build_py
[0.649s] running install
[0.650s] running install_lib
[0.650s] running install_data
[0.651s] running install_egg_info
[0.652s] removing '/home/otete/topic_communication_with_ps4controller/install/hello/lib/python3.10/site-packages/hello-0.0.0-py3.10.egg-info' (and everything under it)
[0.652s] Copying ../../build/hello/hello.egg-info to /home/otete/topic_communication_with_ps4controller/install/hello/lib/python3.10/site-packages/hello-0.0.0-py3.10.egg-info
[0.653s] running install_scripts
[0.670s] Installing listener script to /home/otete/topic_communication_with_ps4controller/install/hello/lib/hello
[0.670s] Installing talker script to /home/otete/topic_communication_with_ps4controller/install/hello/lib/hello
[0.670s] writing list of installed files to '/home/otete/topic_communication_with_ps4controller/build/hello/install.log'
[0.691s] Invoked command in '/home/otete/topic_communication_with_ps4controller/src/hello' returned '0': PYTHONPATH=/home/otete/topic_communication_with_ps4controller/build/hello/prefix_override:/usr/lib/python3/dist-packages/colcon_core/task/python/colcon_distutils_commands:/home/otete/topic_communication_with_ps4controller/install/hello/lib/python3.10/site-packages:${PYTHONPATH} /usr/bin/python3 -W ignore:setup.py install is deprecated setup.py egg_info --egg-base ../../build/hello build --build-base /home/otete/topic_communication_with_ps4controller/build/hello/build install --record /home/otete/topic_communication_with_ps4controller/build/hello/install.log --single-version-externally-managed install_data
