[0.350s] Invoking command in '/home/otete/colcon_ws_controller/src/hello': PYTHONPATH=/home/otete/colcon_ws_controller/build/hello/prefix_override:/home/otete/colcon_ws_controller/install/hello/lib/python3.10/site-packages:${PYTHONPATH} /usr/bin/python3 -W ignore:setup.py install is deprecated setup.py egg_info --egg-base ../../build/hello build --build-base /home/otete/colcon_ws_controller/build/hello/build install --record /home/otete/colcon_ws_controller/build/hello/install.log --single-version-externally-managed install_data
[0.488s] running egg_info
[0.488s] creating ../../build/hello/hello.egg-info
[0.488s] writing ../../build/hello/hello.egg-info/PKG-INFO
[0.488s] writing dependency_links to ../../build/hello/hello.egg-info/dependency_links.txt
[0.488s] writing entry points to ../../build/hello/hello.egg-info/entry_points.txt
[0.488s] writing requirements to ../../build/hello/hello.egg-info/requires.txt
[0.488s] writing top-level names to ../../build/hello/hello.egg-info/top_level.txt
[0.488s] writing manifest file '../../build/hello/hello.egg-info/SOURCES.txt'
[0.489s] reading manifest file '../../build/hello/hello.egg-info/SOURCES.txt'
[0.489s] writing manifest file '../../build/hello/hello.egg-info/SOURCES.txt'
[0.490s] running build
[0.490s] running build_py
[0.490s] creating /home/otete/colcon_ws_controller/build/hello/build
[0.490s] creating /home/otete/colcon_ws_controller/build/hello/build/lib
[0.490s] creating /home/otete/colcon_ws_controller/build/hello/build/lib/hello
[0.490s] copying hello/listener.py -> /home/otete/colcon_ws_controller/build/hello/build/lib/hello
[0.490s] copying hello/__init__.py -> /home/otete/colcon_ws_controller/build/hello/build/lib/hello
[0.490s] copying hello/talker.py -> /home/otete/colcon_ws_controller/build/hello/build/lib/hello
[0.490s] running install
[0.490s] running install_lib
[0.490s] creating /home/otete/colcon_ws_controller/install/hello/lib/python3.10/site-packages/hello
[0.491s] copying /home/otete/colcon_ws_controller/build/hello/build/lib/hello/listener.py -> /home/otete/colcon_ws_controller/install/hello/lib/python3.10/site-packages/hello
[0.491s] copying /home/otete/colcon_ws_controller/build/hello/build/lib/hello/__init__.py -> /home/otete/colcon_ws_controller/install/hello/lib/python3.10/site-packages/hello
[0.491s] copying /home/otete/colcon_ws_controller/build/hello/build/lib/hello/talker.py -> /home/otete/colcon_ws_controller/install/hello/lib/python3.10/site-packages/hello
[0.491s] byte-compiling /home/otete/colcon_ws_controller/install/hello/lib/python3.10/site-packages/hello/listener.py to listener.cpython-310.pyc
[0.491s] byte-compiling /home/otete/colcon_ws_controller/install/hello/lib/python3.10/site-packages/hello/__init__.py to __init__.cpython-310.pyc
[0.491s] byte-compiling /home/otete/colcon_ws_controller/install/hello/lib/python3.10/site-packages/hello/talker.py to talker.cpython-310.pyc
[0.492s] running install_data
[0.492s] creating /home/otete/colcon_ws_controller/install/hello/share/ament_index
[0.492s] creating /home/otete/colcon_ws_controller/install/hello/share/ament_index/resource_index
[0.492s] creating /home/otete/colcon_ws_controller/install/hello/share/ament_index/resource_index/packages
[0.492s] copying resource/hello -> /home/otete/colcon_ws_controller/install/hello/share/ament_index/resource_index/packages
[0.492s] copying package.xml -> /home/otete/colcon_ws_controller/install/hello/share/hello
[0.492s] running install_egg_info
[0.493s] Copying ../../build/hello/hello.egg-info to /home/otete/colcon_ws_controller/install/hello/lib/python3.10/site-packages/hello-0.0.0-py3.10.egg-info
[0.493s] running install_scripts
[0.506s] Installing listener script to /home/otete/colcon_ws_controller/install/hello/lib/hello
[0.506s] Installing talker script to /home/otete/colcon_ws_controller/install/hello/lib/hello
[0.506s] writing list of installed files to '/home/otete/colcon_ws_controller/build/hello/install.log'
[0.521s] Invoked command in '/home/otete/colcon_ws_controller/src/hello' returned '0': PYTHONPATH=/home/otete/colcon_ws_controller/build/hello/prefix_override:/home/otete/colcon_ws_controller/install/hello/lib/python3.10/site-packages:${PYTHONPATH} /usr/bin/python3 -W ignore:setup.py install is deprecated setup.py egg_info --egg-base ../../build/hello build --build-base /home/otete/colcon_ws_controller/build/hello/build install --record /home/otete/colcon_ws_controller/build/hello/install.log --single-version-externally-managed install_data
