[0.157s] Invoking command in '/home/otete/colcon_ws_controller/build/hello_interfaces': CMAKE_PREFIX_PATH=${CMAKE_PREFIX_PATH}:/home/otete/colcon_ws_controller/install/hello:/opt/ros/humble /usr/bin/cmake --build /home/otete/colcon_ws_controller/build/hello_interfaces -- -j16 -l16
[0.185s] [  3%] Built target hello_interfaces__cpp
[0.186s] [ 12%] Built target hello_interfaces__rosidl_generator_c
[0.191s] [ 12%] Built target ament_cmake_python_copy_hello_interfaces
[0.197s] [ 22%] Built target hello_interfaces__rosidl_typesupport_cpp
[0.202s] [ 32%] Built target hello_interfaces__rosidl_typesupport_fastrtps_cpp
[0.203s] [ 51%] Built target hello_interfaces__rosidl_typesupport_fastrtps_c
[0.203s] [ 51%] Built target hello_interfaces__rosidl_typesupport_introspection_c
[0.204s] [ 61%] Built target hello_interfaces__rosidl_typesupport_introspection_cpp
[0.208s] [ 70%] Built target hello_interfaces__rosidl_typesupport_c
[0.222s] [ 70%] Built target hello_interfaces
[0.234s] [ 74%] Built target hello_interfaces__py
[0.248s] [ 80%] Built target hello_interfaces__rosidl_generator_py
[0.261s] [ 87%] Built target hello_interfaces__rosidl_typesupport_introspection_c__pyext
[0.262s] [ 93%] Built target hello_interfaces__rosidl_typesupport_fastrtps_c__pyext
[0.269s] [100%] Built target hello_interfaces__rosidl_typesupport_c__pyext
[0.345s] running egg_info
[0.346s] writing hello_interfaces.egg-info/PKG-INFO
[0.346s] writing dependency_links to hello_interfaces.egg-info/dependency_links.txt
[0.346s] writing top-level names to hello_interfaces.egg-info/top_level.txt
[0.348s] reading manifest file 'hello_interfaces.egg-info/SOURCES.txt'
[0.348s] writing manifest file 'hello_interfaces.egg-info/SOURCES.txt'
[0.366s] [100%] Built target ament_cmake_python_build_hello_interfaces_egg
[0.374s] Invoked command in '/home/otete/colcon_ws_controller/build/hello_interfaces' returned '0': CMAKE_PREFIX_PATH=${CMAKE_PREFIX_PATH}:/home/otete/colcon_ws_controller/install/hello:/opt/ros/humble /usr/bin/cmake --build /home/otete/colcon_ws_controller/build/hello_interfaces -- -j16 -l16
[0.413s] Invoking command in '/home/otete/colcon_ws_controller/build/hello_interfaces': CMAKE_PREFIX_PATH=${CMAKE_PREFIX_PATH}:/home/otete/colcon_ws_controller/install/hello:/opt/ros/humble /usr/bin/cmake --install /home/otete/colcon_ws_controller/build/hello_interfaces
[0.418s] -- Install configuration: ""
[0.418s] -- Up-to-date: /home/otete/colcon_ws_controller/install/hello_interfaces/share/ament_index/resource_index/rosidl_interfaces/hello_interfaces
[0.419s] -- Up-to-date: /home/otete/colcon_ws_controller/install/hello_interfaces/include/hello_interfaces/hello_interfaces
[0.419s] -- Up-to-date: /home/otete/colcon_ws_controller/install/hello_interfaces/include/hello_interfaces/hello_interfaces/msg
[0.419s] -- Up-to-date: /home/otete/colcon_ws_controller/install/hello_interfaces/include/hello_interfaces/hello_interfaces/msg/detail
[0.419s] -- Up-to-date: /home/otete/colcon_ws_controller/install/hello_interfaces/include/hello_interfaces/hello_interfaces/msg/detail/my_string__functions.h
[0.419s] -- Up-to-date: /home/otete/colcon_ws_controller/install/hello_interfaces/include/hello_interfaces/hello_interfaces/msg/detail/my_string__functions.c
[0.419s] -- Up-to-date: /home/otete/colcon_ws_controller/install/hello_interfaces/include/hello_interfaces/hello_interfaces/msg/detail/my_string__type_support.h
[0.419s] -- Up-to-date: /home/otete/colcon_ws_controller/install/hello_interfaces/include/hello_interfaces/hello_interfaces/msg/detail/my_string__struct.h
[0.419s] -- Up-to-date: /home/otete/colcon_ws_controller/install/hello_interfaces/include/hello_interfaces/hello_interfaces/msg/rosidl_generator_c__visibility_control.h
[0.419s] -- Up-to-date: /home/otete/colcon_ws_controller/install/hello_interfaces/include/hello_interfaces/hello_interfaces/msg/my_string.h
[0.419s] -- Up-to-date: /home/otete/colcon_ws_controller/install/hello_interfaces/share/hello_interfaces/environment/library_path.sh
[0.420s] -- Up-to-date: /home/otete/colcon_ws_controller/install/hello_interfaces/share/hello_interfaces/environment/library_path.dsv
[0.420s] -- Up-to-date: /home/otete/colcon_ws_controller/install/hello_interfaces/lib/libhello_interfaces__rosidl_generator_c.so
[0.420s] -- Up-to-date: /home/otete/colcon_ws_controller/install/hello_interfaces/include/hello_interfaces/hello_interfaces
[0.420s] -- Up-to-date: /home/otete/colcon_ws_controller/install/hello_interfaces/include/hello_interfaces/hello_interfaces/msg
[0.420s] -- Up-to-date: /home/otete/colcon_ws_controller/install/hello_interfaces/include/hello_interfaces/hello_interfaces/msg/detail
[0.420s] -- Up-to-date: /home/otete/colcon_ws_controller/install/hello_interfaces/include/hello_interfaces/hello_interfaces/msg/detail/my_string__rosidl_typesupport_fastrtps_c.h
[0.420s] -- Up-to-date: /home/otete/colcon_ws_controller/install/hello_interfaces/include/hello_interfaces/hello_interfaces/msg/rosidl_typesupport_fastrtps_c__visibility_control.h
[0.420s] -- Up-to-date: /home/otete/colcon_ws_controller/install/hello_interfaces/lib/libhello_interfaces__rosidl_typesupport_fastrtps_c.so
[0.420s] -- Up-to-date: /home/otete/colcon_ws_controller/install/hello_interfaces/include/hello_interfaces/hello_interfaces
[0.420s] -- Up-to-date: /home/otete/colcon_ws_controller/install/hello_interfaces/include/hello_interfaces/hello_interfaces/msg
[0.420s] -- Up-to-date: /home/otete/colcon_ws_controller/install/hello_interfaces/include/hello_interfaces/hello_interfaces/msg/detail
[0.421s] -- Up-to-date: /home/otete/colcon_ws_controller/install/hello_interfaces/include/hello_interfaces/hello_interfaces/msg/detail/my_string__rosidl_typesupport_introspection_c.h
[0.421s] -- Up-to-date: /home/otete/colcon_ws_controller/install/hello_interfaces/include/hello_interfaces/hello_interfaces/msg/detail/my_string__type_support.c
[0.421s] -- Up-to-date: /home/otete/colcon_ws_controller/install/hello_interfaces/include/hello_interfaces/hello_interfaces/msg/rosidl_typesupport_introspection_c__visibility_control.h
[0.421s] -- Up-to-date: /home/otete/colcon_ws_controller/install/hello_interfaces/lib/libhello_interfaces__rosidl_typesupport_introspection_c.so
[0.421s] -- Up-to-date: /home/otete/colcon_ws_controller/install/hello_interfaces/lib/libhello_interfaces__rosidl_typesupport_c.so
[0.421s] -- Up-to-date: /home/otete/colcon_ws_controller/install/hello_interfaces/include/hello_interfaces/hello_interfaces
[0.421s] -- Up-to-date: /home/otete/colcon_ws_controller/install/hello_interfaces/include/hello_interfaces/hello_interfaces/msg
[0.421s] -- Up-to-date: /home/otete/colcon_ws_controller/install/hello_interfaces/include/hello_interfaces/hello_interfaces/msg/detail
[0.421s] -- Up-to-date: /home/otete/colcon_ws_controller/install/hello_interfaces/include/hello_interfaces/hello_interfaces/msg/detail/my_string__struct.hpp
[0.421s] -- Up-to-date: /home/otete/colcon_ws_controller/install/hello_interfaces/include/hello_interfaces/hello_interfaces/msg/detail/my_string__builder.hpp
[0.421s] -- Up-to-date: /home/otete/colcon_ws_controller/install/hello_interfaces/include/hello_interfaces/hello_interfaces/msg/detail/my_string__traits.hpp
[0.421s] -- Up-to-date: /home/otete/colcon_ws_controller/install/hello_interfaces/include/hello_interfaces/hello_interfaces/msg/my_string.hpp
[0.422s] -- Up-to-date: /home/otete/colcon_ws_controller/install/hello_interfaces/include/hello_interfaces/hello_interfaces
[0.422s] -- Up-to-date: /home/otete/colcon_ws_controller/install/hello_interfaces/include/hello_interfaces/hello_interfaces/msg
[0.422s] -- Up-to-date: /home/otete/colcon_ws_controller/install/hello_interfaces/include/hello_interfaces/hello_interfaces/msg/rosidl_typesupport_fastrtps_cpp__visibility_control.h
[0.422s] -- Up-to-date: /home/otete/colcon_ws_controller/install/hello_interfaces/include/hello_interfaces/hello_interfaces/msg/detail
[0.422s] -- Up-to-date: /home/otete/colcon_ws_controller/install/hello_interfaces/include/hello_interfaces/hello_interfaces/msg/detail/dds_fastrtps
[0.422s] -- Up-to-date: /home/otete/colcon_ws_controller/install/hello_interfaces/include/hello_interfaces/hello_interfaces/msg/detail/my_string__rosidl_typesupport_fastrtps_cpp.hpp
[0.422s] -- Up-to-date: /home/otete/colcon_ws_controller/install/hello_interfaces/lib/libhello_interfaces__rosidl_typesupport_fastrtps_cpp.so
[0.422s] -- Up-to-date: /home/otete/colcon_ws_controller/install/hello_interfaces/include/hello_interfaces/hello_interfaces
[0.422s] -- Up-to-date: /home/otete/colcon_ws_controller/install/hello_interfaces/include/hello_interfaces/hello_interfaces/msg
[0.422s] -- Up-to-date: /home/otete/colcon_ws_controller/install/hello_interfaces/include/hello_interfaces/hello_interfaces/msg/detail
[0.422s] -- Up-to-date: /home/otete/colcon_ws_controller/install/hello_interfaces/include/hello_interfaces/hello_interfaces/msg/detail/my_string__type_support.cpp
[0.422s] -- Up-to-date: /home/otete/colcon_ws_controller/install/hello_interfaces/include/hello_interfaces/hello_interfaces/msg/detail/my_string__rosidl_typesupport_introspection_cpp.hpp
[0.422s] -- Up-to-date: /home/otete/colcon_ws_controller/install/hello_interfaces/lib/libhello_interfaces__rosidl_typesupport_introspection_cpp.so
[0.423s] -- Up-to-date: /home/otete/colcon_ws_controller/install/hello_interfaces/lib/libhello_interfaces__rosidl_typesupport_cpp.so
[0.423s] -- Up-to-date: /home/otete/colcon_ws_controller/install/hello_interfaces/share/hello_interfaces/environment/pythonpath.sh
[0.423s] -- Up-to-date: /home/otete/colcon_ws_controller/install/hello_interfaces/share/hello_interfaces/environment/pythonpath.dsv
[0.423s] -- Up-to-date: /home/otete/colcon_ws_controller/install/hello_interfaces/local/lib/python3.10/dist-packages/hello_interfaces-0.0.0-py3.10.egg-info
[0.423s] -- Installing: /home/otete/colcon_ws_controller/install/hello_interfaces/local/lib/python3.10/dist-packages/hello_interfaces-0.0.0-py3.10.egg-info/PKG-INFO
[0.423s] -- Installing: /home/otete/colcon_ws_controller/install/hello_interfaces/local/lib/python3.10/dist-packages/hello_interfaces-0.0.0-py3.10.egg-info/top_level.txt
[0.423s] -- Installing: /home/otete/colcon_ws_controller/install/hello_interfaces/local/lib/python3.10/dist-packages/hello_interfaces-0.0.0-py3.10.egg-info/dependency_links.txt
[0.423s] -- Installing: /home/otete/colcon_ws_controller/install/hello_interfaces/local/lib/python3.10/dist-packages/hello_interfaces-0.0.0-py3.10.egg-info/SOURCES.txt
[0.423s] -- Up-to-date: /home/otete/colcon_ws_controller/install/hello_interfaces/local/lib/python3.10/dist-packages/hello_interfaces
[0.423s] -- Up-to-date: /home/otete/colcon_ws_controller/install/hello_interfaces/local/lib/python3.10/dist-packages/hello_interfaces/_hello_interfaces_s.ep.rosidl_typesupport_c.c
[0.423s] -- Up-to-date: /home/otete/colcon_ws_controller/install/hello_interfaces/local/lib/python3.10/dist-packages/hello_interfaces/hello_interfaces_s__rosidl_typesupport_fastrtps_c.cpython-310-x86_64-linux-gnu.so
[0.423s] -- Up-to-date: /home/otete/colcon_ws_controller/install/hello_interfaces/local/lib/python3.10/dist-packages/hello_interfaces/libhello_interfaces__rosidl_generator_py.so
[0.423s] -- Up-to-date: /home/otete/colcon_ws_controller/install/hello_interfaces/local/lib/python3.10/dist-packages/hello_interfaces/hello_interfaces_s__rosidl_typesupport_introspection_c.cpython-310-x86_64-linux-gnu.so
[0.424s] -- Up-to-date: /home/otete/colcon_ws_controller/install/hello_interfaces/local/lib/python3.10/dist-packages/hello_interfaces/hello_interfaces_s__rosidl_typesupport_c.cpython-310-x86_64-linux-gnu.so
[0.424s] -- Up-to-date: /home/otete/colcon_ws_controller/install/hello_interfaces/local/lib/python3.10/dist-packages/hello_interfaces/__init__.py
[0.424s] -- Up-to-date: /home/otete/colcon_ws_controller/install/hello_interfaces/local/lib/python3.10/dist-packages/hello_interfaces/_hello_interfaces_s.ep.rosidl_typesupport_fastrtps_c.c
[0.424s] -- Up-to-date: /home/otete/colcon_ws_controller/install/hello_interfaces/local/lib/python3.10/dist-packages/hello_interfaces/msg
[0.424s] -- Up-to-date: /home/otete/colcon_ws_controller/install/hello_interfaces/local/lib/python3.10/dist-packages/hello_interfaces/msg/_my_string_s.c
[0.424s] -- Up-to-date: /home/otete/colcon_ws_controller/install/hello_interfaces/local/lib/python3.10/dist-packages/hello_interfaces/msg/_my_string.py
[0.424s] -- Up-to-date: /home/otete/colcon_ws_controller/install/hello_interfaces/local/lib/python3.10/dist-packages/hello_interfaces/msg/__init__.py
[0.424s] -- Up-to-date: /home/otete/colcon_ws_controller/install/hello_interfaces/local/lib/python3.10/dist-packages/hello_interfaces/_hello_interfaces_s.ep.rosidl_typesupport_introspection_c.c
[0.442s] Listing '/home/otete/colcon_ws_controller/install/hello_interfaces/local/lib/python3.10/dist-packages/hello_interfaces'...
[0.442s] Listing '/home/otete/colcon_ws_controller/install/hello_interfaces/local/lib/python3.10/dist-packages/hello_interfaces/msg'...
[0.445s] -- Up-to-date: /home/otete/colcon_ws_controller/install/hello_interfaces/local/lib/python3.10/dist-packages/hello_interfaces/hello_interfaces_s__rosidl_typesupport_fastrtps_c.cpython-310-x86_64-linux-gnu.so
[0.445s] -- Up-to-date: /home/otete/colcon_ws_controller/install/hello_interfaces/local/lib/python3.10/dist-packages/hello_interfaces/hello_interfaces_s__rosidl_typesupport_introspection_c.cpython-310-x86_64-linux-gnu.so
[0.445s] -- Up-to-date: /home/otete/colcon_ws_controller/install/hello_interfaces/local/lib/python3.10/dist-packages/hello_interfaces/hello_interfaces_s__rosidl_typesupport_c.cpython-310-x86_64-linux-gnu.so
[0.445s] -- Up-to-date: /home/otete/colcon_ws_controller/install/hello_interfaces/lib/libhello_interfaces__rosidl_generator_py.so
[0.445s] -- Up-to-date: /home/otete/colcon_ws_controller/install/hello_interfaces/share/hello_interfaces/msg/MyString.idl
[0.445s] -- Up-to-date: /home/otete/colcon_ws_controller/install/hello_interfaces/share/hello_interfaces/msg/MyString.msg
[0.446s] -- Up-to-date: /home/otete/colcon_ws_controller/install/hello_interfaces/share/ament_index/resource_index/package_run_dependencies/hello_interfaces
[0.446s] -- Up-to-date: /home/otete/colcon_ws_controller/install/hello_interfaces/share/ament_index/resource_index/parent_prefix_path/hello_interfaces
[0.446s] -- Up-to-date: /home/otete/colcon_ws_controller/install/hello_interfaces/share/hello_interfaces/environment/ament_prefix_path.sh
[0.446s] -- Up-to-date: /home/otete/colcon_ws_controller/install/hello_interfaces/share/hello_interfaces/environment/ament_prefix_path.dsv
[0.446s] -- Up-to-date: /home/otete/colcon_ws_controller/install/hello_interfaces/share/hello_interfaces/environment/path.sh
[0.446s] -- Up-to-date: /home/otete/colcon_ws_controller/install/hello_interfaces/share/hello_interfaces/environment/path.dsv
[0.446s] -- Up-to-date: /home/otete/colcon_ws_controller/install/hello_interfaces/share/hello_interfaces/local_setup.bash
[0.446s] -- Up-to-date: /home/otete/colcon_ws_controller/install/hello_interfaces/share/hello_interfaces/local_setup.sh
[0.446s] -- Up-to-date: /home/otete/colcon_ws_controller/install/hello_interfaces/share/hello_interfaces/local_setup.zsh
[0.446s] -- Up-to-date: /home/otete/colcon_ws_controller/install/hello_interfaces/share/hello_interfaces/local_setup.dsv
[0.446s] -- Up-to-date: /home/otete/colcon_ws_controller/install/hello_interfaces/share/hello_interfaces/package.dsv
[0.446s] -- Up-to-date: /home/otete/colcon_ws_controller/install/hello_interfaces/share/ament_index/resource_index/packages/hello_interfaces
[0.446s] -- Up-to-date: /home/otete/colcon_ws_controller/install/hello_interfaces/share/hello_interfaces/cmake/export_hello_interfaces__rosidl_generator_cExport.cmake
[0.446s] -- Up-to-date: /home/otete/colcon_ws_controller/install/hello_interfaces/share/hello_interfaces/cmake/export_hello_interfaces__rosidl_generator_cExport-noconfig.cmake
[0.446s] -- Up-to-date: /home/otete/colcon_ws_controller/install/hello_interfaces/share/hello_interfaces/cmake/export_hello_interfaces__rosidl_typesupport_fastrtps_cExport.cmake
[0.446s] -- Up-to-date: /home/otete/colcon_ws_controller/install/hello_interfaces/share/hello_interfaces/cmake/export_hello_interfaces__rosidl_typesupport_fastrtps_cExport-noconfig.cmake
[0.446s] -- Up-to-date: /home/otete/colcon_ws_controller/install/hello_interfaces/share/hello_interfaces/cmake/hello_interfaces__rosidl_typesupport_introspection_cExport.cmake
[0.447s] -- Up-to-date: /home/otete/colcon_ws_controller/install/hello_interfaces/share/hello_interfaces/cmake/hello_interfaces__rosidl_typesupport_introspection_cExport-noconfig.cmake
[0.447s] -- Up-to-date: /home/otete/colcon_ws_controller/install/hello_interfaces/share/hello_interfaces/cmake/hello_interfaces__rosidl_typesupport_cExport.cmake
[0.447s] -- Up-to-date: /home/otete/colcon_ws_controller/install/hello_interfaces/share/hello_interfaces/cmake/hello_interfaces__rosidl_typesupport_cExport-noconfig.cmake
[0.447s] -- Up-to-date: /home/otete/colcon_ws_controller/install/hello_interfaces/share/hello_interfaces/cmake/export_hello_interfaces__rosidl_generator_cppExport.cmake
[0.447s] -- Up-to-date: /home/otete/colcon_ws_controller/install/hello_interfaces/share/hello_interfaces/cmake/export_hello_interfaces__rosidl_typesupport_fastrtps_cppExport.cmake
[0.447s] -- Up-to-date: /home/otete/colcon_ws_controller/install/hello_interfaces/share/hello_interfaces/cmake/export_hello_interfaces__rosidl_typesupport_fastrtps_cppExport-noconfig.cmake
[0.447s] -- Up-to-date: /home/otete/colcon_ws_controller/install/hello_interfaces/share/hello_interfaces/cmake/hello_interfaces__rosidl_typesupport_introspection_cppExport.cmake
[0.447s] -- Up-to-date: /home/otete/colcon_ws_controller/install/hello_interfaces/share/hello_interfaces/cmake/hello_interfaces__rosidl_typesupport_introspection_cppExport-noconfig.cmake
[0.447s] -- Up-to-date: /home/otete/colcon_ws_controller/install/hello_interfaces/share/hello_interfaces/cmake/hello_interfaces__rosidl_typesupport_cppExport.cmake
[0.447s] -- Up-to-date: /home/otete/colcon_ws_controller/install/hello_interfaces/share/hello_interfaces/cmake/hello_interfaces__rosidl_typesupport_cppExport-noconfig.cmake
[0.447s] -- Up-to-date: /home/otete/colcon_ws_controller/install/hello_interfaces/share/hello_interfaces/cmake/export_hello_interfaces__rosidl_generator_pyExport.cmake
[0.447s] -- Up-to-date: /home/otete/colcon_ws_controller/install/hello_interfaces/share/hello_interfaces/cmake/export_hello_interfaces__rosidl_generator_pyExport-noconfig.cmake
[0.447s] -- Up-to-date: /home/otete/colcon_ws_controller/install/hello_interfaces/share/hello_interfaces/cmake/rosidl_cmake-extras.cmake
[0.447s] -- Up-to-date: /home/otete/colcon_ws_controller/install/hello_interfaces/share/hello_interfaces/cmake/ament_cmake_export_include_directories-extras.cmake
[0.447s] -- Up-to-date: /home/otete/colcon_ws_controller/install/hello_interfaces/share/hello_interfaces/cmake/ament_cmake_export_libraries-extras.cmake
[0.447s] -- Up-to-date: /home/otete/colcon_ws_controller/install/hello_interfaces/share/hello_interfaces/cmake/ament_cmake_export_targets-extras.cmake
[0.447s] -- Up-to-date: /home/otete/colcon_ws_controller/install/hello_interfaces/share/hello_interfaces/cmake/rosidl_cmake_export_typesupport_targets-extras.cmake
[0.447s] -- Up-to-date: /home/otete/colcon_ws_controller/install/hello_interfaces/share/hello_interfaces/cmake/ament_cmake_export_dependencies-extras.cmake
[0.447s] -- Up-to-date: /home/otete/colcon_ws_controller/install/hello_interfaces/share/hello_interfaces/cmake/rosidl_cmake_export_typesupport_libraries-extras.cmake
[0.447s] -- Up-to-date: /home/otete/colcon_ws_controller/install/hello_interfaces/share/hello_interfaces/cmake/hello_interfacesConfig.cmake
[0.447s] -- Up-to-date: /home/otete/colcon_ws_controller/install/hello_interfaces/share/hello_interfaces/cmake/hello_interfacesConfig-version.cmake
[0.447s] -- Up-to-date: /home/otete/colcon_ws_controller/install/hello_interfaces/share/hello_interfaces/package.xml
[0.449s] Invoked command in '/home/otete/colcon_ws_controller/build/hello_interfaces' returned '0': CMAKE_PREFIX_PATH=${CMAKE_PREFIX_PATH}:/home/otete/colcon_ws_controller/install/hello:/opt/ros/humble /usr/bin/cmake --install /home/otete/colcon_ws_controller/build/hello_interfaces
