[0.172s] Invoking command in '/home/hisa/ROS2/topic_communication_with_ps4controller/build/hello_interfaces': CMAKE_PREFIX_PATH=${CMAKE_PREFIX_PATH}:/opt/ros/jazzy DEBUGINFOD_URLS=https://debuginfod.ubuntu.com /usr/bin/cmake --build /home/hisa/ROS2/topic_communication_with_ps4controller/build/hello_interfaces -- -j16 -l16
[0.263s] [  2%] Built target hello_interfaces__rosidl_generator_type_description
[0.273s] [  2%] Built target ament_cmake_python_copy_hello_interfaces
[0.283s] [  5%] Built target hello_interfaces__cpp
[0.288s] [ 20%] Built target hello_interfaces__rosidl_generator_c
[0.317s] [ 38%] Built target hello_interfaces__rosidl_typesupport_introspection_c
[0.317s] [ 38%] Built target hello_interfaces__rosidl_typesupport_c
[0.318s] [ 64%] Built target hello_interfaces__rosidl_typesupport_fastrtps_c
[0.318s] [ 64%] Built target hello_interfaces__rosidl_typesupport_introspection_cpp
[0.318s] [ 64%] Built target hello_interfaces__rosidl_typesupport_fastrtps_cpp
[0.319s] [ 73%] Built target hello_interfaces__rosidl_typesupport_cpp
[0.345s] [ 73%] Built target hello_interfaces
[0.366s] [ 76%] Built target hello_interfaces__py
[0.390s] [ 82%] Built target hello_interfaces__rosidl_generator_py
[0.416s] [100%] Built target hello_interfaces_s__rosidl_typesupport_introspection_c
[0.416s] [100%] Built target hello_interfaces_s__rosidl_typesupport_fastrtps_c
[0.416s] [100%] Built target hello_interfaces_s__rosidl_typesupport_c
[0.444s] running egg_info
[0.455s] writing hello_interfaces.egg-info/PKG-INFO
[0.455s] writing dependency_links to hello_interfaces.egg-info/dependency_links.txt
[0.455s] writing top-level names to hello_interfaces.egg-info/top_level.txt
[0.493s] reading manifest file 'hello_interfaces.egg-info/SOURCES.txt'
[0.494s] writing manifest file 'hello_interfaces.egg-info/SOURCES.txt'
[0.537s] [100%] Built target ament_cmake_python_build_hello_interfaces_egg
[0.554s] Invoked command in '/home/hisa/ROS2/topic_communication_with_ps4controller/build/hello_interfaces' returned '0': CMAKE_PREFIX_PATH=${CMAKE_PREFIX_PATH}:/opt/ros/jazzy DEBUGINFOD_URLS=https://debuginfod.ubuntu.com /usr/bin/cmake --build /home/hisa/ROS2/topic_communication_with_ps4controller/build/hello_interfaces -- -j16 -l16
[0.622s] Invoking command in '/home/hisa/ROS2/topic_communication_with_ps4controller/build/hello_interfaces': CMAKE_PREFIX_PATH=${CMAKE_PREFIX_PATH}:/opt/ros/jazzy DEBUGINFOD_URLS=https://debuginfod.ubuntu.com /usr/bin/cmake --install /home/hisa/ROS2/topic_communication_with_ps4controller/build/hello_interfaces
[0.635s] -- Install configuration: ""
[0.635s] -- Up-to-date: /home/hisa/ROS2/topic_communication_with_ps4controller/install/hello_interfaces/share/ament_index/resource_index/rosidl_interfaces/hello_interfaces
[0.635s] -- Up-to-date: /home/hisa/ROS2/topic_communication_with_ps4controller/install/hello_interfaces/share/hello_interfaces/msg/MyString.json
[0.635s] -- Up-to-date: /home/hisa/ROS2/topic_communication_with_ps4controller/install/hello_interfaces/include/hello_interfaces/hello_interfaces
[0.635s] -- Up-to-date: /home/hisa/ROS2/topic_communication_with_ps4controller/install/hello_interfaces/include/hello_interfaces/hello_interfaces/msg
[0.635s] -- Up-to-date: /home/hisa/ROS2/topic_communication_with_ps4controller/install/hello_interfaces/include/hello_interfaces/hello_interfaces/msg/rosidl_generator_c__visibility_control.h
[0.636s] -- Up-to-date: /home/hisa/ROS2/topic_communication_with_ps4controller/install/hello_interfaces/include/hello_interfaces/hello_interfaces/msg/my_string.h
[0.636s] -- Up-to-date: /home/hisa/ROS2/topic_communication_with_ps4controller/install/hello_interfaces/include/hello_interfaces/hello_interfaces/msg/detail
[0.636s] -- Up-to-date: /home/hisa/ROS2/topic_communication_with_ps4controller/install/hello_interfaces/include/hello_interfaces/hello_interfaces/msg/detail/my_string__struct.h
[0.636s] -- Up-to-date: /home/hisa/ROS2/topic_communication_with_ps4controller/install/hello_interfaces/include/hello_interfaces/hello_interfaces/msg/detail/my_string__description.c
[0.636s] -- Up-to-date: /home/hisa/ROS2/topic_communication_with_ps4controller/install/hello_interfaces/include/hello_interfaces/hello_interfaces/msg/detail/my_string__functions.h
[0.636s] -- Up-to-date: /home/hisa/ROS2/topic_communication_with_ps4controller/install/hello_interfaces/include/hello_interfaces/hello_interfaces/msg/detail/my_string__functions.c
[0.636s] -- Up-to-date: /home/hisa/ROS2/topic_communication_with_ps4controller/install/hello_interfaces/include/hello_interfaces/hello_interfaces/msg/detail/my_string__type_support.h
[0.636s] -- Up-to-date: /home/hisa/ROS2/topic_communication_with_ps4controller/install/hello_interfaces/include/hello_interfaces/hello_interfaces/msg/detail/my_string__type_support.c
[0.636s] -- Up-to-date: /home/hisa/ROS2/topic_communication_with_ps4controller/install/hello_interfaces/share/hello_interfaces/environment/library_path.sh
[0.636s] -- Up-to-date: /home/hisa/ROS2/topic_communication_with_ps4controller/install/hello_interfaces/share/hello_interfaces/environment/library_path.dsv
[0.636s] -- Up-to-date: /home/hisa/ROS2/topic_communication_with_ps4controller/install/hello_interfaces/lib/libhello_interfaces__rosidl_generator_c.so
[0.636s] -- Up-to-date: /home/hisa/ROS2/topic_communication_with_ps4controller/install/hello_interfaces/include/hello_interfaces/hello_interfaces
[0.637s] -- Up-to-date: /home/hisa/ROS2/topic_communication_with_ps4controller/install/hello_interfaces/include/hello_interfaces/hello_interfaces/msg
[0.637s] -- Up-to-date: /home/hisa/ROS2/topic_communication_with_ps4controller/install/hello_interfaces/include/hello_interfaces/hello_interfaces/msg/rosidl_typesupport_fastrtps_c__visibility_control.h
[0.637s] -- Up-to-date: /home/hisa/ROS2/topic_communication_with_ps4controller/install/hello_interfaces/include/hello_interfaces/hello_interfaces/msg/detail
[0.637s] -- Up-to-date: /home/hisa/ROS2/topic_communication_with_ps4controller/install/hello_interfaces/include/hello_interfaces/hello_interfaces/msg/detail/my_string__rosidl_typesupport_fastrtps_c.h
[0.637s] -- Up-to-date: /home/hisa/ROS2/topic_communication_with_ps4controller/install/hello_interfaces/lib/libhello_interfaces__rosidl_typesupport_fastrtps_c.so
[0.637s] -- Up-to-date: /home/hisa/ROS2/topic_communication_with_ps4controller/install/hello_interfaces/include/hello_interfaces/hello_interfaces
[0.637s] -- Up-to-date: /home/hisa/ROS2/topic_communication_with_ps4controller/install/hello_interfaces/include/hello_interfaces/hello_interfaces/msg
[0.637s] -- Up-to-date: /home/hisa/ROS2/topic_communication_with_ps4controller/install/hello_interfaces/include/hello_interfaces/hello_interfaces/msg/rosidl_typesupport_introspection_c__visibility_control.h
[0.637s] -- Up-to-date: /home/hisa/ROS2/topic_communication_with_ps4controller/install/hello_interfaces/include/hello_interfaces/hello_interfaces/msg/detail
[0.637s] -- Up-to-date: /home/hisa/ROS2/topic_communication_with_ps4controller/install/hello_interfaces/include/hello_interfaces/hello_interfaces/msg/detail/my_string__rosidl_typesupport_introspection_c.h
[0.637s] -- Up-to-date: /home/hisa/ROS2/topic_communication_with_ps4controller/install/hello_interfaces/include/hello_interfaces/hello_interfaces/msg/detail/my_string__type_support.c
[0.637s] -- Up-to-date: /home/hisa/ROS2/topic_communication_with_ps4controller/install/hello_interfaces/lib/libhello_interfaces__rosidl_typesupport_introspection_c.so
[0.638s] -- Up-to-date: /home/hisa/ROS2/topic_communication_with_ps4controller/install/hello_interfaces/lib/libhello_interfaces__rosidl_typesupport_c.so
[0.638s] -- Up-to-date: /home/hisa/ROS2/topic_communication_with_ps4controller/install/hello_interfaces/include/hello_interfaces/hello_interfaces
[0.638s] -- Up-to-date: /home/hisa/ROS2/topic_communication_with_ps4controller/install/hello_interfaces/include/hello_interfaces/hello_interfaces/msg
[0.638s] -- Up-to-date: /home/hisa/ROS2/topic_communication_with_ps4controller/install/hello_interfaces/include/hello_interfaces/hello_interfaces/msg/rosidl_generator_cpp__visibility_control.hpp
[0.638s] -- Up-to-date: /home/hisa/ROS2/topic_communication_with_ps4controller/install/hello_interfaces/include/hello_interfaces/hello_interfaces/msg/detail
[0.638s] -- Up-to-date: /home/hisa/ROS2/topic_communication_with_ps4controller/install/hello_interfaces/include/hello_interfaces/hello_interfaces/msg/detail/my_string__struct.hpp
[0.638s] -- Up-to-date: /home/hisa/ROS2/topic_communication_with_ps4controller/install/hello_interfaces/include/hello_interfaces/hello_interfaces/msg/detail/my_string__type_support.hpp
[0.638s] -- Up-to-date: /home/hisa/ROS2/topic_communication_with_ps4controller/install/hello_interfaces/include/hello_interfaces/hello_interfaces/msg/detail/my_string__builder.hpp
[0.638s] -- Up-to-date: /home/hisa/ROS2/topic_communication_with_ps4controller/install/hello_interfaces/include/hello_interfaces/hello_interfaces/msg/detail/my_string__traits.hpp
[0.638s] -- Up-to-date: /home/hisa/ROS2/topic_communication_with_ps4controller/install/hello_interfaces/include/hello_interfaces/hello_interfaces/msg/my_string.hpp
[0.638s] -- Up-to-date: /home/hisa/ROS2/topic_communication_with_ps4controller/install/hello_interfaces/include/hello_interfaces/hello_interfaces
[0.638s] -- Up-to-date: /home/hisa/ROS2/topic_communication_with_ps4controller/install/hello_interfaces/include/hello_interfaces/hello_interfaces/msg
[0.638s] -- Up-to-date: /home/hisa/ROS2/topic_communication_with_ps4controller/install/hello_interfaces/include/hello_interfaces/hello_interfaces/msg/detail
[0.638s] -- Up-to-date: /home/hisa/ROS2/topic_communication_with_ps4controller/install/hello_interfaces/include/hello_interfaces/hello_interfaces/msg/detail/my_string__rosidl_typesupport_fastrtps_cpp.hpp
[0.638s] -- Up-to-date: /home/hisa/ROS2/topic_communication_with_ps4controller/install/hello_interfaces/include/hello_interfaces/hello_interfaces/msg/detail/dds_fastrtps
[0.638s] -- Up-to-date: /home/hisa/ROS2/topic_communication_with_ps4controller/install/hello_interfaces/include/hello_interfaces/hello_interfaces/msg/rosidl_typesupport_fastrtps_cpp__visibility_control.h
[0.639s] -- Up-to-date: /home/hisa/ROS2/topic_communication_with_ps4controller/install/hello_interfaces/lib/libhello_interfaces__rosidl_typesupport_fastrtps_cpp.so
[0.639s] -- Up-to-date: /home/hisa/ROS2/topic_communication_with_ps4controller/install/hello_interfaces/include/hello_interfaces/hello_interfaces
[0.639s] -- Up-to-date: /home/hisa/ROS2/topic_communication_with_ps4controller/install/hello_interfaces/include/hello_interfaces/hello_interfaces/msg
[0.639s] -- Up-to-date: /home/hisa/ROS2/topic_communication_with_ps4controller/install/hello_interfaces/include/hello_interfaces/hello_interfaces/msg/detail
[0.639s] -- Up-to-date: /home/hisa/ROS2/topic_communication_with_ps4controller/install/hello_interfaces/include/hello_interfaces/hello_interfaces/msg/detail/my_string__rosidl_typesupport_introspection_cpp.hpp
[0.639s] -- Up-to-date: /home/hisa/ROS2/topic_communication_with_ps4controller/install/hello_interfaces/include/hello_interfaces/hello_interfaces/msg/detail/my_string__type_support.cpp
[0.639s] -- Up-to-date: /home/hisa/ROS2/topic_communication_with_ps4controller/install/hello_interfaces/lib/libhello_interfaces__rosidl_typesupport_introspection_cpp.so
[0.639s] -- Up-to-date: /home/hisa/ROS2/topic_communication_with_ps4controller/install/hello_interfaces/lib/libhello_interfaces__rosidl_typesupport_cpp.so
[0.640s] -- Up-to-date: /home/hisa/ROS2/topic_communication_with_ps4controller/install/hello_interfaces/share/hello_interfaces/environment/pythonpath.sh
[0.640s] -- Up-to-date: /home/hisa/ROS2/topic_communication_with_ps4controller/install/hello_interfaces/share/hello_interfaces/environment/pythonpath.dsv
[0.640s] -- Up-to-date: /home/hisa/ROS2/topic_communication_with_ps4controller/install/hello_interfaces/lib/python3.12/site-packages/hello_interfaces-0.0.0-py3.12.egg-info
[0.640s] -- Installing: /home/hisa/ROS2/topic_communication_with_ps4controller/install/hello_interfaces/lib/python3.12/site-packages/hello_interfaces-0.0.0-py3.12.egg-info/dependency_links.txt
[0.640s] -- Installing: /home/hisa/ROS2/topic_communication_with_ps4controller/install/hello_interfaces/lib/python3.12/site-packages/hello_interfaces-0.0.0-py3.12.egg-info/top_level.txt
[0.640s] -- Installing: /home/hisa/ROS2/topic_communication_with_ps4controller/install/hello_interfaces/lib/python3.12/site-packages/hello_interfaces-0.0.0-py3.12.egg-info/SOURCES.txt
[0.640s] -- Installing: /home/hisa/ROS2/topic_communication_with_ps4controller/install/hello_interfaces/lib/python3.12/site-packages/hello_interfaces-0.0.0-py3.12.egg-info/PKG-INFO
[0.641s] -- Up-to-date: /home/hisa/ROS2/topic_communication_with_ps4controller/install/hello_interfaces/lib/python3.12/site-packages/hello_interfaces
[0.641s] -- Up-to-date: /home/hisa/ROS2/topic_communication_with_ps4controller/install/hello_interfaces/lib/python3.12/site-packages/hello_interfaces/__init__.py
[0.641s] -- Up-to-date: /home/hisa/ROS2/topic_communication_with_ps4controller/install/hello_interfaces/lib/python3.12/site-packages/hello_interfaces/hello_interfaces_s__rosidl_typesupport_c.so
[0.641s] -- Up-to-date: /home/hisa/ROS2/topic_communication_with_ps4controller/install/hello_interfaces/lib/python3.12/site-packages/hello_interfaces/_hello_interfaces_s.ep.rosidl_typesupport_introspection_c.c
[0.641s] -- Up-to-date: /home/hisa/ROS2/topic_communication_with_ps4controller/install/hello_interfaces/lib/python3.12/site-packages/hello_interfaces/msg
[0.641s] -- Up-to-date: /home/hisa/ROS2/topic_communication_with_ps4controller/install/hello_interfaces/lib/python3.12/site-packages/hello_interfaces/msg/__init__.py
[0.641s] -- Up-to-date: /home/hisa/ROS2/topic_communication_with_ps4controller/install/hello_interfaces/lib/python3.12/site-packages/hello_interfaces/msg/_my_string.py
[0.641s] -- Up-to-date: /home/hisa/ROS2/topic_communication_with_ps4controller/install/hello_interfaces/lib/python3.12/site-packages/hello_interfaces/msg/_my_string_s.c
[0.641s] -- Up-to-date: /home/hisa/ROS2/topic_communication_with_ps4controller/install/hello_interfaces/lib/python3.12/site-packages/hello_interfaces/_hello_interfaces_s.ep.rosidl_typesupport_fastrtps_c.c
[0.641s] -- Up-to-date: /home/hisa/ROS2/topic_communication_with_ps4controller/install/hello_interfaces/lib/python3.12/site-packages/hello_interfaces/hello_interfaces_s__rosidl_typesupport_fastrtps_c.so
[0.641s] -- Up-to-date: /home/hisa/ROS2/topic_communication_with_ps4controller/install/hello_interfaces/lib/python3.12/site-packages/hello_interfaces/_hello_interfaces_s.ep.rosidl_typesupport_c.c
[0.641s] -- Up-to-date: /home/hisa/ROS2/topic_communication_with_ps4controller/install/hello_interfaces/lib/python3.12/site-packages/hello_interfaces/hello_interfaces_s__rosidl_typesupport_introspection_c.so
[0.670s] Listing '/home/hisa/ROS2/topic_communication_with_ps4controller/install/hello_interfaces/lib/python3.12/site-packages/hello_interfaces'...
[0.670s] Listing '/home/hisa/ROS2/topic_communication_with_ps4controller/install/hello_interfaces/lib/python3.12/site-packages/hello_interfaces/msg'...
[0.675s] -- Up-to-date: /home/hisa/ROS2/topic_communication_with_ps4controller/install/hello_interfaces/lib/python3.12/site-packages/hello_interfaces/hello_interfaces_s__rosidl_typesupport_fastrtps_c.so
[0.675s] -- Up-to-date: /home/hisa/ROS2/topic_communication_with_ps4controller/install/hello_interfaces/lib/python3.12/site-packages/hello_interfaces/hello_interfaces_s__rosidl_typesupport_introspection_c.so
[0.676s] -- Up-to-date: /home/hisa/ROS2/topic_communication_with_ps4controller/install/hello_interfaces/lib/python3.12/site-packages/hello_interfaces/hello_interfaces_s__rosidl_typesupport_c.so
[0.676s] -- Up-to-date: /home/hisa/ROS2/topic_communication_with_ps4controller/install/hello_interfaces/lib/libhello_interfaces__rosidl_generator_py.so
[0.676s] -- Up-to-date: /home/hisa/ROS2/topic_communication_with_ps4controller/install/hello_interfaces/share/hello_interfaces/msg/MyString.idl
[0.676s] -- Up-to-date: /home/hisa/ROS2/topic_communication_with_ps4controller/install/hello_interfaces/share/hello_interfaces/msg/MyString.msg
[0.676s] -- Up-to-date: /home/hisa/ROS2/topic_communication_with_ps4controller/install/hello_interfaces/share/ament_index/resource_index/package_run_dependencies/hello_interfaces
[0.676s] -- Up-to-date: /home/hisa/ROS2/topic_communication_with_ps4controller/install/hello_interfaces/share/ament_index/resource_index/parent_prefix_path/hello_interfaces
[0.677s] -- Up-to-date: /home/hisa/ROS2/topic_communication_with_ps4controller/install/hello_interfaces/share/hello_interfaces/environment/ament_prefix_path.sh
[0.677s] -- Up-to-date: /home/hisa/ROS2/topic_communication_with_ps4controller/install/hello_interfaces/share/hello_interfaces/environment/ament_prefix_path.dsv
[0.677s] -- Up-to-date: /home/hisa/ROS2/topic_communication_with_ps4controller/install/hello_interfaces/share/hello_interfaces/environment/path.sh
[0.677s] -- Up-to-date: /home/hisa/ROS2/topic_communication_with_ps4controller/install/hello_interfaces/share/hello_interfaces/environment/path.dsv
[0.677s] -- Up-to-date: /home/hisa/ROS2/topic_communication_with_ps4controller/install/hello_interfaces/share/hello_interfaces/local_setup.bash
[0.677s] -- Up-to-date: /home/hisa/ROS2/topic_communication_with_ps4controller/install/hello_interfaces/share/hello_interfaces/local_setup.sh
[0.677s] -- Up-to-date: /home/hisa/ROS2/topic_communication_with_ps4controller/install/hello_interfaces/share/hello_interfaces/local_setup.zsh
[0.677s] -- Up-to-date: /home/hisa/ROS2/topic_communication_with_ps4controller/install/hello_interfaces/share/hello_interfaces/local_setup.dsv
[0.677s] -- Installing: /home/hisa/ROS2/topic_communication_with_ps4controller/install/hello_interfaces/share/hello_interfaces/package.dsv
[0.677s] -- Up-to-date: /home/hisa/ROS2/topic_communication_with_ps4controller/install/hello_interfaces/share/ament_index/resource_index/packages/hello_interfaces
[0.677s] -- Up-to-date: /home/hisa/ROS2/topic_communication_with_ps4controller/install/hello_interfaces/share/hello_interfaces/cmake/export_hello_interfaces__rosidl_generator_cExport.cmake
[0.677s] -- Up-to-date: /home/hisa/ROS2/topic_communication_with_ps4controller/install/hello_interfaces/share/hello_interfaces/cmake/export_hello_interfaces__rosidl_generator_cExport-noconfig.cmake
[0.678s] -- Up-to-date: /home/hisa/ROS2/topic_communication_with_ps4controller/install/hello_interfaces/share/hello_interfaces/cmake/export_hello_interfaces__rosidl_typesupport_fastrtps_cExport.cmake
[0.678s] -- Up-to-date: /home/hisa/ROS2/topic_communication_with_ps4controller/install/hello_interfaces/share/hello_interfaces/cmake/export_hello_interfaces__rosidl_typesupport_fastrtps_cExport-noconfig.cmake
[0.678s] -- Up-to-date: /home/hisa/ROS2/topic_communication_with_ps4controller/install/hello_interfaces/share/hello_interfaces/cmake/hello_interfaces__rosidl_typesupport_introspection_cExport.cmake
[0.678s] -- Up-to-date: /home/hisa/ROS2/topic_communication_with_ps4controller/install/hello_interfaces/share/hello_interfaces/cmake/hello_interfaces__rosidl_typesupport_introspection_cExport-noconfig.cmake
[0.678s] -- Up-to-date: /home/hisa/ROS2/topic_communication_with_ps4controller/install/hello_interfaces/share/hello_interfaces/cmake/hello_interfaces__rosidl_typesupport_cExport.cmake
[0.678s] -- Up-to-date: /home/hisa/ROS2/topic_communication_with_ps4controller/install/hello_interfaces/share/hello_interfaces/cmake/hello_interfaces__rosidl_typesupport_cExport-noconfig.cmake
[0.678s] -- Up-to-date: /home/hisa/ROS2/topic_communication_with_ps4controller/install/hello_interfaces/share/hello_interfaces/cmake/export_hello_interfaces__rosidl_generator_cppExport.cmake
[0.679s] -- Up-to-date: /home/hisa/ROS2/topic_communication_with_ps4controller/install/hello_interfaces/share/hello_interfaces/cmake/export_hello_interfaces__rosidl_typesupport_fastrtps_cppExport.cmake
[0.679s] -- Up-to-date: /home/hisa/ROS2/topic_communication_with_ps4controller/install/hello_interfaces/share/hello_interfaces/cmake/export_hello_interfaces__rosidl_typesupport_fastrtps_cppExport-noconfig.cmake
[0.679s] -- Up-to-date: /home/hisa/ROS2/topic_communication_with_ps4controller/install/hello_interfaces/share/hello_interfaces/cmake/hello_interfaces__rosidl_typesupport_introspection_cppExport.cmake
[0.679s] -- Up-to-date: /home/hisa/ROS2/topic_communication_with_ps4controller/install/hello_interfaces/share/hello_interfaces/cmake/hello_interfaces__rosidl_typesupport_introspection_cppExport-noconfig.cmake
[0.679s] -- Up-to-date: /home/hisa/ROS2/topic_communication_with_ps4controller/install/hello_interfaces/share/hello_interfaces/cmake/hello_interfaces__rosidl_typesupport_cppExport.cmake
[0.679s] -- Up-to-date: /home/hisa/ROS2/topic_communication_with_ps4controller/install/hello_interfaces/share/hello_interfaces/cmake/hello_interfaces__rosidl_typesupport_cppExport-noconfig.cmake
[0.679s] -- Up-to-date: /home/hisa/ROS2/topic_communication_with_ps4controller/install/hello_interfaces/share/hello_interfaces/cmake/export_hello_interfaces__rosidl_generator_pyExport.cmake
[0.679s] -- Up-to-date: /home/hisa/ROS2/topic_communication_with_ps4controller/install/hello_interfaces/share/hello_interfaces/cmake/export_hello_interfaces__rosidl_generator_pyExport-noconfig.cmake
[0.680s] -- Up-to-date: /home/hisa/ROS2/topic_communication_with_ps4controller/install/hello_interfaces/share/hello_interfaces/cmake/rosidl_cmake-extras.cmake
[0.680s] -- Up-to-date: /home/hisa/ROS2/topic_communication_with_ps4controller/install/hello_interfaces/share/hello_interfaces/cmake/ament_cmake_export_include_directories-extras.cmake
[0.680s] -- Up-to-date: /home/hisa/ROS2/topic_communication_with_ps4controller/install/hello_interfaces/share/hello_interfaces/cmake/ament_cmake_export_libraries-extras.cmake
[0.680s] -- Up-to-date: /home/hisa/ROS2/topic_communication_with_ps4controller/install/hello_interfaces/share/hello_interfaces/cmake/ament_cmake_export_targets-extras.cmake
[0.680s] -- Up-to-date: /home/hisa/ROS2/topic_communication_with_ps4controller/install/hello_interfaces/share/hello_interfaces/cmake/rosidl_cmake_export_typesupport_targets-extras.cmake
[0.680s] -- Up-to-date: /home/hisa/ROS2/topic_communication_with_ps4controller/install/hello_interfaces/share/hello_interfaces/cmake/ament_cmake_export_dependencies-extras.cmake
[0.680s] -- Up-to-date: /home/hisa/ROS2/topic_communication_with_ps4controller/install/hello_interfaces/share/hello_interfaces/cmake/rosidl_cmake_export_typesupport_libraries-extras.cmake
[0.680s] -- Up-to-date: /home/hisa/ROS2/topic_communication_with_ps4controller/install/hello_interfaces/share/hello_interfaces/cmake/hello_interfacesConfig.cmake
[0.680s] -- Up-to-date: /home/hisa/ROS2/topic_communication_with_ps4controller/install/hello_interfaces/share/hello_interfaces/cmake/hello_interfacesConfig-version.cmake
[0.680s] -- Up-to-date: /home/hisa/ROS2/topic_communication_with_ps4controller/install/hello_interfaces/share/hello_interfaces/package.xml
[0.683s] Invoked command in '/home/hisa/ROS2/topic_communication_with_ps4controller/build/hello_interfaces' returned '0': CMAKE_PREFIX_PATH=${CMAKE_PREFIX_PATH}:/opt/ros/jazzy DEBUGINFOD_URLS=https://debuginfod.ubuntu.com /usr/bin/cmake --install /home/hisa/ROS2/topic_communication_with_ps4controller/build/hello_interfaces
