[0.152s] Invoking command in '/home/otete/colcon_ws_controller/build/hello_interfaces': CMAKE_PREFIX_PATH=/opt/ros/humble /usr/bin/cmake --build /home/otete/colcon_ws_controller/build/hello_interfaces -- -j16 -l16
[0.181s] [  3%] Built target hello_interfaces__cpp
[0.181s] [ 12%] Built target hello_interfaces__rosidl_generator_c
[0.188s] [ 12%] Built target ament_cmake_python_copy_hello_interfaces
[0.194s] [ 19%] [32mBuilding CXX object CMakeFiles/hello_interfaces__rosidl_typesupport_introspection_cpp.dir/rosidl_typesupport_introspection_cpp/hello_interfaces/msg/detail/my_string__type_support.cpp.o[0m
[0.194s] [ 19%] [32mBuilding CXX object CMakeFiles/hello_interfaces__rosidl_typesupport_fastrtps_cpp.dir/rosidl_typesupport_fastrtps_cpp/hello_interfaces/msg/detail/dds_fastrtps/my_string__type_support.cpp.o[0m
[0.200s] [ 22%] [32mBuilding CXX object CMakeFiles/hello_interfaces__rosidl_typesupport_fastrtps_c.dir/rosidl_typesupport_fastrtps_c/hello_interfaces/msg/detail/my_string__type_support_c.cpp.o[0m
[0.201s] [ 25%] [32mBuilding CXX object CMakeFiles/hello_interfaces__rosidl_typesupport_cpp.dir/rosidl_typesupport_cpp/hello_interfaces/msg/my_string__type_support.cpp.o[0m
[0.206s] [ 41%] Built target hello_interfaces__rosidl_typesupport_c
[0.206s] [ 45%] Built target hello_interfaces__rosidl_typesupport_introspection_c
[0.366s] running egg_info
[0.367s] writing hello_interfaces.egg-info/PKG-INFO
[0.367s] writing dependency_links to hello_interfaces.egg-info/dependency_links.txt
[0.367s] writing top-level names to hello_interfaces.egg-info/top_level.txt
[0.369s] reading manifest file 'hello_interfaces.egg-info/SOURCES.txt'
[0.369s] writing manifest file 'hello_interfaces.egg-info/SOURCES.txt'
[0.394s] [ 45%] Built target ament_cmake_python_build_hello_interfaces_egg
[0.595s] [ 48%] [32m[1mLinking CXX shared library libhello_interfaces__rosidl_typesupport_cpp.so[0m
[0.599s] [ 51%] [32m[1mLinking CXX shared library libhello_interfaces__rosidl_typesupport_fastrtps_cpp.so[0m
[0.599s] [ 54%] [32m[1mLinking CXX shared library libhello_interfaces__rosidl_typesupport_fastrtps_c.so[0m
[0.620s] [ 58%] [32m[1mLinking CXX shared library libhello_interfaces__rosidl_typesupport_introspection_cpp.so[0m
[0.638s] [ 61%] Built target hello_interfaces__rosidl_typesupport_cpp
[0.666s] [ 64%] Built target hello_interfaces__rosidl_typesupport_fastrtps_cpp
[0.666s] [ 67%] Built target hello_interfaces__rosidl_typesupport_fastrtps_c
[0.682s] [ 70%] Built target hello_interfaces__rosidl_typesupport_introspection_cpp
[0.697s] [ 70%] Built target hello_interfaces
[0.711s] [ 74%] Built target hello_interfaces__py
[0.733s] [ 77%] [32mBuilding C object CMakeFiles/hello_interfaces__rosidl_generator_py.dir/rosidl_generator_py/hello_interfaces/msg/_my_string_s.c.o[0m
[0.833s] [ 80%] [32m[1mLinking C shared library rosidl_generator_py/hello_interfaces/libhello_interfaces__rosidl_generator_py.so[0m
[0.859s] [ 80%] Built target hello_interfaces__rosidl_generator_py
[0.873s] [ 87%] [32mBuilding C object CMakeFiles/hello_interfaces__rosidl_typesupport_introspection_c__pyext.dir/rosidl_generator_py/hello_interfaces/_hello_interfaces_s.ep.rosidl_typesupport_introspection_c.c.o[0m
[0.873s] [ 87%] [32mBuilding C object CMakeFiles/hello_interfaces__rosidl_typesupport_fastrtps_c__pyext.dir/rosidl_generator_py/hello_interfaces/_hello_interfaces_s.ep.rosidl_typesupport_fastrtps_c.c.o[0m
[0.873s] [ 90%] [32mBuilding C object CMakeFiles/hello_interfaces__rosidl_typesupport_c__pyext.dir/rosidl_generator_py/hello_interfaces/_hello_interfaces_s.ep.rosidl_typesupport_c.c.o[0m
[0.928s] [100%] [32m[1mLinking C shared library rosidl_generator_py/hello_interfaces/hello_interfaces_s__rosidl_typesupport_c.cpython-310-x86_64-linux-gnu.so[0m
[0.928s] [100%] [32m[1mLinking C shared library rosidl_generator_py/hello_interfaces/hello_interfaces_s__rosidl_typesupport_fastrtps_c.cpython-310-x86_64-linux-gnu.so[0m
[0.928s] [100%] [32m[1mLinking C shared library rosidl_generator_py/hello_interfaces/hello_interfaces_s__rosidl_typesupport_introspection_c.cpython-310-x86_64-linux-gnu.so[0m
[0.948s] [100%] Built target hello_interfaces__rosidl_typesupport_c__pyext
[0.948s] [100%] Built target hello_interfaces__rosidl_typesupport_fastrtps_c__pyext
[0.951s] [100%] Built target hello_interfaces__rosidl_typesupport_introspection_c__pyext
[0.958s] Invoked command in '/home/otete/colcon_ws_controller/build/hello_interfaces' returned '0': CMAKE_PREFIX_PATH=/opt/ros/humble /usr/bin/cmake --build /home/otete/colcon_ws_controller/build/hello_interfaces -- -j16 -l16
[1.006s] Invoking command in '/home/otete/colcon_ws_controller/build/hello_interfaces': CMAKE_PREFIX_PATH=/opt/ros/humble /usr/bin/cmake --install /home/otete/colcon_ws_controller/build/hello_interfaces
[1.014s] -- Install configuration: ""
[1.014s] -- Up-to-date: /home/otete/colcon_ws_controller/install/hello_interfaces/share/ament_index/resource_index/rosidl_interfaces/hello_interfaces
[1.014s] -- Up-to-date: /home/otete/colcon_ws_controller/install/hello_interfaces/include/hello_interfaces/hello_interfaces
[1.014s] -- Up-to-date: /home/otete/colcon_ws_controller/install/hello_interfaces/include/hello_interfaces/hello_interfaces/msg
[1.014s] -- Up-to-date: /home/otete/colcon_ws_controller/install/hello_interfaces/include/hello_interfaces/hello_interfaces/msg/detail
[1.014s] -- Up-to-date: /home/otete/colcon_ws_controller/install/hello_interfaces/include/hello_interfaces/hello_interfaces/msg/detail/my_string__functions.h
[1.014s] -- Up-to-date: /home/otete/colcon_ws_controller/install/hello_interfaces/include/hello_interfaces/hello_interfaces/msg/detail/my_string__functions.c
[1.014s] -- Up-to-date: /home/otete/colcon_ws_controller/install/hello_interfaces/include/hello_interfaces/hello_interfaces/msg/detail/my_string__type_support.h
[1.014s] -- Up-to-date: /home/otete/colcon_ws_controller/install/hello_interfaces/include/hello_interfaces/hello_interfaces/msg/detail/my_string__struct.h
[1.014s] -- Up-to-date: /home/otete/colcon_ws_controller/install/hello_interfaces/include/hello_interfaces/hello_interfaces/msg/rosidl_generator_c__visibility_control.h
[1.014s] -- Up-to-date: /home/otete/colcon_ws_controller/install/hello_interfaces/include/hello_interfaces/hello_interfaces/msg/my_string.h
[1.015s] -- Up-to-date: /home/otete/colcon_ws_controller/install/hello_interfaces/share/hello_interfaces/environment/library_path.sh
[1.015s] -- Up-to-date: /home/otete/colcon_ws_controller/install/hello_interfaces/share/hello_interfaces/environment/library_path.dsv
[1.015s] -- Up-to-date: /home/otete/colcon_ws_controller/install/hello_interfaces/lib/libhello_interfaces__rosidl_generator_c.so
[1.015s] -- Up-to-date: /home/otete/colcon_ws_controller/install/hello_interfaces/include/hello_interfaces/hello_interfaces
[1.015s] -- Up-to-date: /home/otete/colcon_ws_controller/install/hello_interfaces/include/hello_interfaces/hello_interfaces/msg
[1.015s] -- Up-to-date: /home/otete/colcon_ws_controller/install/hello_interfaces/include/hello_interfaces/hello_interfaces/msg/detail
[1.015s] -- Up-to-date: /home/otete/colcon_ws_controller/install/hello_interfaces/include/hello_interfaces/hello_interfaces/msg/detail/my_string__rosidl_typesupport_fastrtps_c.h
[1.015s] -- Up-to-date: /home/otete/colcon_ws_controller/install/hello_interfaces/include/hello_interfaces/hello_interfaces/msg/rosidl_typesupport_fastrtps_c__visibility_control.h
[1.015s] -- Installing: /home/otete/colcon_ws_controller/install/hello_interfaces/lib/libhello_interfaces__rosidl_typesupport_fastrtps_c.so
[1.015s] -- Set runtime path of "/home/otete/colcon_ws_controller/install/hello_interfaces/lib/libhello_interfaces__rosidl_typesupport_fastrtps_c.so" to ""
[1.016s] -- Up-to-date: /home/otete/colcon_ws_controller/install/hello_interfaces/include/hello_interfaces/hello_interfaces
[1.016s] -- Up-to-date: /home/otete/colcon_ws_controller/install/hello_interfaces/include/hello_interfaces/hello_interfaces/msg
[1.016s] -- Up-to-date: /home/otete/colcon_ws_controller/install/hello_interfaces/include/hello_interfaces/hello_interfaces/msg/detail
[1.016s] -- Up-to-date: /home/otete/colcon_ws_controller/install/hello_interfaces/include/hello_interfaces/hello_interfaces/msg/detail/my_string__rosidl_typesupport_introspection_c.h
[1.016s] -- Up-to-date: /home/otete/colcon_ws_controller/install/hello_interfaces/include/hello_interfaces/hello_interfaces/msg/detail/my_string__type_support.c
[1.016s] -- Up-to-date: /home/otete/colcon_ws_controller/install/hello_interfaces/include/hello_interfaces/hello_interfaces/msg/rosidl_typesupport_introspection_c__visibility_control.h
[1.016s] -- Up-to-date: /home/otete/colcon_ws_controller/install/hello_interfaces/lib/libhello_interfaces__rosidl_typesupport_introspection_c.so
[1.016s] -- Up-to-date: /home/otete/colcon_ws_controller/install/hello_interfaces/lib/libhello_interfaces__rosidl_typesupport_c.so
[1.016s] -- Up-to-date: /home/otete/colcon_ws_controller/install/hello_interfaces/include/hello_interfaces/hello_interfaces
[1.016s] -- Up-to-date: /home/otete/colcon_ws_controller/install/hello_interfaces/include/hello_interfaces/hello_interfaces/msg
[1.016s] -- Up-to-date: /home/otete/colcon_ws_controller/install/hello_interfaces/include/hello_interfaces/hello_interfaces/msg/detail
[1.016s] -- Up-to-date: /home/otete/colcon_ws_controller/install/hello_interfaces/include/hello_interfaces/hello_interfaces/msg/detail/my_string__struct.hpp
[1.017s] -- Up-to-date: /home/otete/colcon_ws_controller/install/hello_interfaces/include/hello_interfaces/hello_interfaces/msg/detail/my_string__builder.hpp
[1.017s] -- Up-to-date: /home/otete/colcon_ws_controller/install/hello_interfaces/include/hello_interfaces/hello_interfaces/msg/detail/my_string__traits.hpp
[1.017s] -- Up-to-date: /home/otete/colcon_ws_controller/install/hello_interfaces/include/hello_interfaces/hello_interfaces/msg/my_string.hpp
[1.017s] -- Up-to-date: /home/otete/colcon_ws_controller/install/hello_interfaces/include/hello_interfaces/hello_interfaces
[1.017s] -- Up-to-date: /home/otete/colcon_ws_controller/install/hello_interfaces/include/hello_interfaces/hello_interfaces/msg
[1.017s] -- Up-to-date: /home/otete/colcon_ws_controller/install/hello_interfaces/include/hello_interfaces/hello_interfaces/msg/rosidl_typesupport_fastrtps_cpp__visibility_control.h
[1.017s] -- Up-to-date: /home/otete/colcon_ws_controller/install/hello_interfaces/include/hello_interfaces/hello_interfaces/msg/detail
[1.017s] -- Up-to-date: /home/otete/colcon_ws_controller/install/hello_interfaces/include/hello_interfaces/hello_interfaces/msg/detail/dds_fastrtps
[1.017s] -- Up-to-date: /home/otete/colcon_ws_controller/install/hello_interfaces/include/hello_interfaces/hello_interfaces/msg/detail/my_string__rosidl_typesupport_fastrtps_cpp.hpp
[1.017s] -- Installing: /home/otete/colcon_ws_controller/install/hello_interfaces/lib/libhello_interfaces__rosidl_typesupport_fastrtps_cpp.so
[1.017s] -- Set runtime path of "/home/otete/colcon_ws_controller/install/hello_interfaces/lib/libhello_interfaces__rosidl_typesupport_fastrtps_cpp.so" to ""
[1.017s] -- Up-to-date: /home/otete/colcon_ws_controller/install/hello_interfaces/include/hello_interfaces/hello_interfaces
[1.017s] -- Up-to-date: /home/otete/colcon_ws_controller/install/hello_interfaces/include/hello_interfaces/hello_interfaces/msg
[1.017s] -- Up-to-date: /home/otete/colcon_ws_controller/install/hello_interfaces/include/hello_interfaces/hello_interfaces/msg/detail
[1.017s] -- Up-to-date: /home/otete/colcon_ws_controller/install/hello_interfaces/include/hello_interfaces/hello_interfaces/msg/detail/my_string__type_support.cpp
[1.017s] -- Up-to-date: /home/otete/colcon_ws_controller/install/hello_interfaces/include/hello_interfaces/hello_interfaces/msg/detail/my_string__rosidl_typesupport_introspection_cpp.hpp
[1.017s] -- Installing: /home/otete/colcon_ws_controller/install/hello_interfaces/lib/libhello_interfaces__rosidl_typesupport_introspection_cpp.so
[1.018s] -- Set runtime path of "/home/otete/colcon_ws_controller/install/hello_interfaces/lib/libhello_interfaces__rosidl_typesupport_introspection_cpp.so" to ""
[1.018s] -- Installing: /home/otete/colcon_ws_controller/install/hello_interfaces/lib/libhello_interfaces__rosidl_typesupport_cpp.so
[1.018s] -- Set runtime path of "/home/otete/colcon_ws_controller/install/hello_interfaces/lib/libhello_interfaces__rosidl_typesupport_cpp.so" to ""
[1.018s] -- Up-to-date: /home/otete/colcon_ws_controller/install/hello_interfaces/share/hello_interfaces/environment/pythonpath.sh
[1.018s] -- Up-to-date: /home/otete/colcon_ws_controller/install/hello_interfaces/share/hello_interfaces/environment/pythonpath.dsv
[1.018s] -- Up-to-date: /home/otete/colcon_ws_controller/install/hello_interfaces/local/lib/python3.10/dist-packages/hello_interfaces-0.0.0-py3.10.egg-info
[1.018s] -- Installing: /home/otete/colcon_ws_controller/install/hello_interfaces/local/lib/python3.10/dist-packages/hello_interfaces-0.0.0-py3.10.egg-info/PKG-INFO
[1.018s] -- Installing: /home/otete/colcon_ws_controller/install/hello_interfaces/local/lib/python3.10/dist-packages/hello_interfaces-0.0.0-py3.10.egg-info/top_level.txt
[1.018s] -- Installing: /home/otete/colcon_ws_controller/install/hello_interfaces/local/lib/python3.10/dist-packages/hello_interfaces-0.0.0-py3.10.egg-info/dependency_links.txt
[1.018s] -- Installing: /home/otete/colcon_ws_controller/install/hello_interfaces/local/lib/python3.10/dist-packages/hello_interfaces-0.0.0-py3.10.egg-info/SOURCES.txt
[1.018s] -- Up-to-date: /home/otete/colcon_ws_controller/install/hello_interfaces/local/lib/python3.10/dist-packages/hello_interfaces
[1.018s] -- Up-to-date: /home/otete/colcon_ws_controller/install/hello_interfaces/local/lib/python3.10/dist-packages/hello_interfaces/_hello_interfaces_s.ep.rosidl_typesupport_c.c
[1.018s] -- Installing: /home/otete/colcon_ws_controller/install/hello_interfaces/local/lib/python3.10/dist-packages/hello_interfaces/hello_interfaces_s__rosidl_typesupport_fastrtps_c.cpython-310-x86_64-linux-gnu.so
[1.019s] -- Installing: /home/otete/colcon_ws_controller/install/hello_interfaces/local/lib/python3.10/dist-packages/hello_interfaces/libhello_interfaces__rosidl_generator_py.so
[1.019s] -- Installing: /home/otete/colcon_ws_controller/install/hello_interfaces/local/lib/python3.10/dist-packages/hello_interfaces/hello_interfaces_s__rosidl_typesupport_introspection_c.cpython-310-x86_64-linux-gnu.so
[1.019s] -- Installing: /home/otete/colcon_ws_controller/install/hello_interfaces/local/lib/python3.10/dist-packages/hello_interfaces/hello_interfaces_s__rosidl_typesupport_c.cpython-310-x86_64-linux-gnu.so
[1.019s] -- Up-to-date: /home/otete/colcon_ws_controller/install/hello_interfaces/local/lib/python3.10/dist-packages/hello_interfaces/__init__.py
[1.019s] -- Up-to-date: /home/otete/colcon_ws_controller/install/hello_interfaces/local/lib/python3.10/dist-packages/hello_interfaces/_hello_interfaces_s.ep.rosidl_typesupport_fastrtps_c.c
[1.019s] -- Up-to-date: /home/otete/colcon_ws_controller/install/hello_interfaces/local/lib/python3.10/dist-packages/hello_interfaces/msg
[1.019s] -- Up-to-date: /home/otete/colcon_ws_controller/install/hello_interfaces/local/lib/python3.10/dist-packages/hello_interfaces/msg/_my_string_s.c
[1.019s] -- Up-to-date: /home/otete/colcon_ws_controller/install/hello_interfaces/local/lib/python3.10/dist-packages/hello_interfaces/msg/_my_string.py
[1.019s] -- Up-to-date: /home/otete/colcon_ws_controller/install/hello_interfaces/local/lib/python3.10/dist-packages/hello_interfaces/msg/__init__.py
[1.019s] -- Up-to-date: /home/otete/colcon_ws_controller/install/hello_interfaces/local/lib/python3.10/dist-packages/hello_interfaces/_hello_interfaces_s.ep.rosidl_typesupport_introspection_c.c
[1.045s] Listing '/home/otete/colcon_ws_controller/install/hello_interfaces/local/lib/python3.10/dist-packages/hello_interfaces'...
[1.045s] Listing '/home/otete/colcon_ws_controller/install/hello_interfaces/local/lib/python3.10/dist-packages/hello_interfaces/msg'...
[1.047s] -- Installing: /home/otete/colcon_ws_controller/install/hello_interfaces/local/lib/python3.10/dist-packages/hello_interfaces/hello_interfaces_s__rosidl_typesupport_fastrtps_c.cpython-310-x86_64-linux-gnu.so
[1.047s] -- Set runtime path of "/home/otete/colcon_ws_controller/install/hello_interfaces/local/lib/python3.10/dist-packages/hello_interfaces/hello_interfaces_s__rosidl_typesupport_fastrtps_c.cpython-310-x86_64-linux-gnu.so" to ""
[1.047s] -- Installing: /home/otete/colcon_ws_controller/install/hello_interfaces/local/lib/python3.10/dist-packages/hello_interfaces/hello_interfaces_s__rosidl_typesupport_introspection_c.cpython-310-x86_64-linux-gnu.so
[1.048s] -- Set runtime path of "/home/otete/colcon_ws_controller/install/hello_interfaces/local/lib/python3.10/dist-packages/hello_interfaces/hello_interfaces_s__rosidl_typesupport_introspection_c.cpython-310-x86_64-linux-gnu.so" to ""
[1.048s] -- Installing: /home/otete/colcon_ws_controller/install/hello_interfaces/local/lib/python3.10/dist-packages/hello_interfaces/hello_interfaces_s__rosidl_typesupport_c.cpython-310-x86_64-linux-gnu.so
[1.048s] -- Set runtime path of "/home/otete/colcon_ws_controller/install/hello_interfaces/local/lib/python3.10/dist-packages/hello_interfaces/hello_interfaces_s__rosidl_typesupport_c.cpython-310-x86_64-linux-gnu.so" to ""
[1.048s] -- Installing: /home/otete/colcon_ws_controller/install/hello_interfaces/lib/libhello_interfaces__rosidl_generator_py.so
[1.048s] -- Set runtime path of "/home/otete/colcon_ws_controller/install/hello_interfaces/lib/libhello_interfaces__rosidl_generator_py.so" to ""
[1.048s] -- Up-to-date: /home/otete/colcon_ws_controller/install/hello_interfaces/share/hello_interfaces/msg/MyString.idl
[1.048s] -- Up-to-date: /home/otete/colcon_ws_controller/install/hello_interfaces/share/hello_interfaces/msg/MyString.msg
[1.048s] -- Up-to-date: /home/otete/colcon_ws_controller/install/hello_interfaces/share/ament_index/resource_index/package_run_dependencies/hello_interfaces
[1.048s] -- Up-to-date: /home/otete/colcon_ws_controller/install/hello_interfaces/share/ament_index/resource_index/parent_prefix_path/hello_interfaces
[1.048s] -- Up-to-date: /home/otete/colcon_ws_controller/install/hello_interfaces/share/hello_interfaces/environment/ament_prefix_path.sh
[1.048s] -- Up-to-date: /home/otete/colcon_ws_controller/install/hello_interfaces/share/hello_interfaces/environment/ament_prefix_path.dsv
[1.048s] -- Up-to-date: /home/otete/colcon_ws_controller/install/hello_interfaces/share/hello_interfaces/environment/path.sh
[1.049s] -- Up-to-date: /home/otete/colcon_ws_controller/install/hello_interfaces/share/hello_interfaces/environment/path.dsv
[1.049s] -- Up-to-date: /home/otete/colcon_ws_controller/install/hello_interfaces/share/hello_interfaces/local_setup.bash
[1.049s] -- Up-to-date: /home/otete/colcon_ws_controller/install/hello_interfaces/share/hello_interfaces/local_setup.sh
[1.049s] -- Up-to-date: /home/otete/colcon_ws_controller/install/hello_interfaces/share/hello_interfaces/local_setup.zsh
[1.049s] -- Up-to-date: /home/otete/colcon_ws_controller/install/hello_interfaces/share/hello_interfaces/local_setup.dsv
[1.049s] -- Installing: /home/otete/colcon_ws_controller/install/hello_interfaces/share/hello_interfaces/package.dsv
[1.049s] -- Up-to-date: /home/otete/colcon_ws_controller/install/hello_interfaces/share/ament_index/resource_index/packages/hello_interfaces
[1.049s] -- Up-to-date: /home/otete/colcon_ws_controller/install/hello_interfaces/share/hello_interfaces/cmake/export_hello_interfaces__rosidl_generator_cExport.cmake
[1.049s] -- Up-to-date: /home/otete/colcon_ws_controller/install/hello_interfaces/share/hello_interfaces/cmake/export_hello_interfaces__rosidl_generator_cExport-noconfig.cmake
[1.049s] -- Up-to-date: /home/otete/colcon_ws_controller/install/hello_interfaces/share/hello_interfaces/cmake/export_hello_interfaces__rosidl_typesupport_fastrtps_cExport.cmake
[1.049s] -- Up-to-date: /home/otete/colcon_ws_controller/install/hello_interfaces/share/hello_interfaces/cmake/export_hello_interfaces__rosidl_typesupport_fastrtps_cExport-noconfig.cmake
[1.049s] -- Up-to-date: /home/otete/colcon_ws_controller/install/hello_interfaces/share/hello_interfaces/cmake/hello_interfaces__rosidl_typesupport_introspection_cExport.cmake
[1.049s] -- Up-to-date: /home/otete/colcon_ws_controller/install/hello_interfaces/share/hello_interfaces/cmake/hello_interfaces__rosidl_typesupport_introspection_cExport-noconfig.cmake
[1.049s] -- Up-to-date: /home/otete/colcon_ws_controller/install/hello_interfaces/share/hello_interfaces/cmake/hello_interfaces__rosidl_typesupport_cExport.cmake
[1.049s] -- Up-to-date: /home/otete/colcon_ws_controller/install/hello_interfaces/share/hello_interfaces/cmake/hello_interfaces__rosidl_typesupport_cExport-noconfig.cmake
[1.049s] -- Up-to-date: /home/otete/colcon_ws_controller/install/hello_interfaces/share/hello_interfaces/cmake/export_hello_interfaces__rosidl_generator_cppExport.cmake
[1.049s] -- Up-to-date: /home/otete/colcon_ws_controller/install/hello_interfaces/share/hello_interfaces/cmake/export_hello_interfaces__rosidl_typesupport_fastrtps_cppExport.cmake
[1.049s] -- Up-to-date: /home/otete/colcon_ws_controller/install/hello_interfaces/share/hello_interfaces/cmake/export_hello_interfaces__rosidl_typesupport_fastrtps_cppExport-noconfig.cmake
[1.049s] -- Up-to-date: /home/otete/colcon_ws_controller/install/hello_interfaces/share/hello_interfaces/cmake/hello_interfaces__rosidl_typesupport_introspection_cppExport.cmake
[1.049s] -- Up-to-date: /home/otete/colcon_ws_controller/install/hello_interfaces/share/hello_interfaces/cmake/hello_interfaces__rosidl_typesupport_introspection_cppExport-noconfig.cmake
[1.049s] -- Up-to-date: /home/otete/colcon_ws_controller/install/hello_interfaces/share/hello_interfaces/cmake/hello_interfaces__rosidl_typesupport_cppExport.cmake
[1.049s] -- Up-to-date: /home/otete/colcon_ws_controller/install/hello_interfaces/share/hello_interfaces/cmake/hello_interfaces__rosidl_typesupport_cppExport-noconfig.cmake
[1.049s] -- Up-to-date: /home/otete/colcon_ws_controller/install/hello_interfaces/share/hello_interfaces/cmake/export_hello_interfaces__rosidl_generator_pyExport.cmake
[1.050s] -- Up-to-date: /home/otete/colcon_ws_controller/install/hello_interfaces/share/hello_interfaces/cmake/export_hello_interfaces__rosidl_generator_pyExport-noconfig.cmake
[1.050s] -- Up-to-date: /home/otete/colcon_ws_controller/install/hello_interfaces/share/hello_interfaces/cmake/rosidl_cmake-extras.cmake
[1.050s] -- Up-to-date: /home/otete/colcon_ws_controller/install/hello_interfaces/share/hello_interfaces/cmake/ament_cmake_export_include_directories-extras.cmake
[1.050s] -- Up-to-date: /home/otete/colcon_ws_controller/install/hello_interfaces/share/hello_interfaces/cmake/ament_cmake_export_libraries-extras.cmake
[1.050s] -- Up-to-date: /home/otete/colcon_ws_controller/install/hello_interfaces/share/hello_interfaces/cmake/ament_cmake_export_targets-extras.cmake
[1.050s] -- Up-to-date: /home/otete/colcon_ws_controller/install/hello_interfaces/share/hello_interfaces/cmake/rosidl_cmake_export_typesupport_targets-extras.cmake
[1.050s] -- Up-to-date: /home/otete/colcon_ws_controller/install/hello_interfaces/share/hello_interfaces/cmake/ament_cmake_export_dependencies-extras.cmake
[1.050s] -- Up-to-date: /home/otete/colcon_ws_controller/install/hello_interfaces/share/hello_interfaces/cmake/rosidl_cmake_export_typesupport_libraries-extras.cmake
[1.050s] -- Up-to-date: /home/otete/colcon_ws_controller/install/hello_interfaces/share/hello_interfaces/cmake/hello_interfacesConfig.cmake
[1.050s] -- Up-to-date: /home/otete/colcon_ws_controller/install/hello_interfaces/share/hello_interfaces/cmake/hello_interfacesConfig-version.cmake
[1.050s] -- Up-to-date: /home/otete/colcon_ws_controller/install/hello_interfaces/share/hello_interfaces/package.xml
[1.051s] Invoked command in '/home/otete/colcon_ws_controller/build/hello_interfaces' returned '0': CMAKE_PREFIX_PATH=/opt/ros/humble /usr/bin/cmake --install /home/otete/colcon_ws_controller/build/hello_interfaces
