running egg_info
creating ../../build/hello/hello.egg-info
writing ../../build/hello/hello.egg-info/PKG-INFO
writing dependency_links to ../../build/hello/hello.egg-info/dependency_links.txt
writing entry points to ../../build/hello/hello.egg-info/entry_points.txt
writing requirements to ../../build/hello/hello.egg-info/requires.txt
writing top-level names to ../../build/hello/hello.egg-info/top_level.txt
writing manifest file '../../build/hello/hello.egg-info/SOURCES.txt'
reading manifest file '../../build/hello/hello.egg-info/SOURCES.txt'
writing manifest file '../../build/hello/hello.egg-info/SOURCES.txt'
running build
running build_py
creating /home/otete/topic_communication_with_ps4controller/build/hello/build
creating /home/otete/topic_communication_with_ps4controller/build/hello/build/lib
creating /home/otete/topic_communication_with_ps4controller/build/hello/build/lib/hello
copying hello/listener.py -> /home/otete/topic_communication_with_ps4controller/build/hello/build/lib/hello
copying hello/__init__.py -> /home/otete/topic_communication_with_ps4controller/build/hello/build/lib/hello
copying hello/talker.py -> /home/otete/topic_communication_with_ps4controller/build/hello/build/lib/hello
running install
running install_lib
creating /home/otete/topic_communication_with_ps4controller/install/hello/lib/python3.10/site-packages/hello
copying /home/otete/topic_communication_with_ps4controller/build/hello/build/lib/hello/listener.py -> /home/otete/topic_communication_with_ps4controller/install/hello/lib/python3.10/site-packages/hello
copying /home/otete/topic_communication_with_ps4controller/build/hello/build/lib/hello/__init__.py -> /home/otete/topic_communication_with_ps4controller/install/hello/lib/python3.10/site-packages/hello
copying /home/otete/topic_communication_with_ps4controller/build/hello/build/lib/hello/talker.py -> /home/otete/topic_communication_with_ps4controller/install/hello/lib/python3.10/site-packages/hello
byte-compiling /home/otete/topic_communication_with_ps4controller/install/hello/lib/python3.10/site-packages/hello/listener.py to listener.cpython-310.pyc
byte-compiling /home/otete/topic_communication_with_ps4controller/install/hello/lib/python3.10/site-packages/hello/__init__.py to __init__.cpython-310.pyc
byte-compiling /home/otete/topic_communication_with_ps4controller/install/hello/lib/python3.10/site-packages/hello/talker.py to talker.cpython-310.pyc
running install_data
creating /home/otete/topic_communication_with_ps4controller/install/hello/share/ament_index
creating /home/otete/topic_communication_with_ps4controller/install/hello/share/ament_index/resource_index
creating /home/otete/topic_communication_with_ps4controller/install/hello/share/ament_index/resource_index/packages
copying resource/hello -> /home/otete/topic_communication_with_ps4controller/install/hello/share/ament_index/resource_index/packages
copying package.xml -> /home/otete/topic_communication_with_ps4controller/install/hello/share/hello
running install_egg_info
Copying ../../build/hello/hello.egg-info to /home/otete/topic_communication_with_ps4controller/install/hello/lib/python3.10/site-packages/hello-0.0.0-py3.10.egg-info
running install_scripts
Installing listener script to /home/otete/topic_communication_with_ps4controller/install/hello/lib/hello
Installing talker script to /home/otete/topic_communication_with_ps4controller/install/hello/lib/hello
writing list of installed files to '/home/otete/topic_communication_with_ps4controller/build/hello/install.log'
