[0.419s] Invoking command in '/home/otete/topic_communication_with_ps4controller/src/hello': PYTHONPATH=/home/otete/topic_communication_with_ps4controller/build/hello/prefix_override:/home/otete/topic_communication_with_ps4controller/install/hello/lib/python3.10/site-packages:${PYTHONPATH} /usr/bin/python3 -W ignore:setup.py install is deprecated setup.py egg_info --egg-base ../../build/hello build --build-base /home/otete/topic_communication_with_ps4controller/build/hello/build install --record /home/otete/topic_communication_with_ps4controller/build/hello/install.log --single-version-externally-managed install_data
[0.586s] running egg_info
[0.586s] creating ../../build/hello/hello.egg-info
[0.586s] writing ../../build/hello/hello.egg-info/PKG-INFO
[0.587s] writing dependency_links to ../../build/hello/hello.egg-info/dependency_links.txt
[0.587s] writing entry points to ../../build/hello/hello.egg-info/entry_points.txt
[0.587s] writing requirements to ../../build/hello/hello.egg-info/requires.txt
[0.587s] writing top-level names to ../../build/hello/hello.egg-info/top_level.txt
[0.587s] writing manifest file '../../build/hello/hello.egg-info/SOURCES.txt'
[0.588s] reading manifest file '../../build/hello/hello.egg-info/SOURCES.txt'
[0.589s] writing manifest file '../../build/hello/hello.egg-info/SOURCES.txt'
[0.589s] running build
[0.589s] running build_py
[0.589s] creating /home/otete/topic_communication_with_ps4controller/build/hello/build
[0.589s] creating /home/otete/topic_communication_with_ps4controller/build/hello/build/lib
[0.589s] creating /home/otete/topic_communication_with_ps4controller/build/hello/build/lib/hello
[0.589s] copying hello/listener.py -> /home/otete/topic_communication_with_ps4controller/build/hello/build/lib/hello
[0.589s] copying hello/__init__.py -> /home/otete/topic_communication_with_ps4controller/build/hello/build/lib/hello
[0.589s] copying hello/talker.py -> /home/otete/topic_communication_with_ps4controller/build/hello/build/lib/hello
[0.589s] running install
[0.590s] running install_lib
[0.590s] creating /home/otete/topic_communication_with_ps4controller/install/hello/lib/python3.10/site-packages/hello
[0.590s] copying /home/otete/topic_communication_with_ps4controller/build/hello/build/lib/hello/listener.py -> /home/otete/topic_communication_with_ps4controller/install/hello/lib/python3.10/site-packages/hello
[0.590s] copying /home/otete/topic_communication_with_ps4controller/build/hello/build/lib/hello/__init__.py -> /home/otete/topic_communication_with_ps4controller/install/hello/lib/python3.10/site-packages/hello
[0.590s] copying /home/otete/topic_communication_with_ps4controller/build/hello/build/lib/hello/talker.py -> /home/otete/topic_communication_with_ps4controller/install/hello/lib/python3.10/site-packages/hello
[0.591s] byte-compiling /home/otete/topic_communication_with_ps4controller/install/hello/lib/python3.10/site-packages/hello/listener.py to listener.cpython-310.pyc
[0.591s] byte-compiling /home/otete/topic_communication_with_ps4controller/install/hello/lib/python3.10/site-packages/hello/__init__.py to __init__.cpython-310.pyc
[0.591s] byte-compiling /home/otete/topic_communication_with_ps4controller/install/hello/lib/python3.10/site-packages/hello/talker.py to talker.cpython-310.pyc
[0.592s] running install_data
[0.592s] creating /home/otete/topic_communication_with_ps4controller/install/hello/share/ament_index
[0.592s] creating /home/otete/topic_communication_with_ps4controller/install/hello/share/ament_index/resource_index
[0.592s] creating /home/otete/topic_communication_with_ps4controller/install/hello/share/ament_index/resource_index/packages
[0.592s] copying resource/hello -> /home/otete/topic_communication_with_ps4controller/install/hello/share/ament_index/resource_index/packages
[0.592s] copying package.xml -> /home/otete/topic_communication_with_ps4controller/install/hello/share/hello
[0.592s] running install_egg_info
[0.593s] Copying ../../build/hello/hello.egg-info to /home/otete/topic_communication_with_ps4controller/install/hello/lib/python3.10/site-packages/hello-0.0.0-py3.10.egg-info
[0.594s] running install_scripts
[0.610s] Installing listener script to /home/otete/topic_communication_with_ps4controller/install/hello/lib/hello
[0.610s] Installing talker script to /home/otete/topic_communication_with_ps4controller/install/hello/lib/hello
[0.610s] writing list of installed files to '/home/otete/topic_communication_with_ps4controller/build/hello/install.log'
[0.630s] Invoked command in '/home/otete/topic_communication_with_ps4controller/src/hello' returned '0': PYTHONPATH=/home/otete/topic_communication_with_ps4controller/build/hello/prefix_override:/home/otete/topic_communication_with_ps4controller/install/hello/lib/python3.10/site-packages:${PYTHONPATH} /usr/bin/python3 -W ignore:setup.py install is deprecated setup.py egg_info --egg-base ../../build/hello build --build-base /home/otete/topic_communication_with_ps4controller/build/hello/build install --record /home/otete/topic_communication_with_ps4controller/build/hello/install.log --single-version-externally-managed install_data
