[0.578s] Invoking command in '/home/hisa/ROS2/topic_communication_with_ps4controller/src/hello': DEBUGINFOD_URLS=https://debuginfod.ubuntu.com PYTHONPATH=/home/hisa/ROS2/topic_communication_with_ps4controller/build/hello/prefix_override:/usr/lib/python3/dist-packages/colcon_core/task/python/colcon_distutils_commands:/home/hisa/ROS2/topic_communication_with_ps4controller/install/hello/lib/python3.12/site-packages:${PYTHONPATH} /usr/bin/python3 -W ignore:setup.py install is deprecated setup.py egg_info --egg-base ../../build/hello build --build-base /home/hisa/ROS2/topic_communication_with_ps4controller/build/hello/build install --record /home/hisa/ROS2/topic_communication_with_ps4controller/build/hello/install.log --single-version-externally-managed install_data
[0.746s] running egg_info
[0.747s] creating ../../build/hello/hello.egg-info
[0.758s] writing ../../build/hello/hello.egg-info/PKG-INFO
[0.758s] writing dependency_links to ../../build/hello/hello.egg-info/dependency_links.txt
[0.759s] writing entry points to ../../build/hello/hello.egg-info/entry_points.txt
[0.759s] writing requirements to ../../build/hello/hello.egg-info/requires.txt
[0.759s] writing top-level names to ../../build/hello/hello.egg-info/top_level.txt
[0.759s] writing manifest file '../../build/hello/hello.egg-info/SOURCES.txt'
[0.783s] reading manifest file '../../build/hello/hello.egg-info/SOURCES.txt'
[0.784s] writing manifest file '../../build/hello/hello.egg-info/SOURCES.txt'
[0.785s] running build
[0.785s] running build_py
[0.785s] creating /home/hisa/ROS2/topic_communication_with_ps4controller/build/hello/build
[0.785s] creating /home/hisa/ROS2/topic_communication_with_ps4controller/build/hello/build/lib
[0.785s] creating /home/hisa/ROS2/topic_communication_with_ps4controller/build/hello/build/lib/hello
[0.785s] copying hello/talker_ID12.py -> /home/hisa/ROS2/topic_communication_with_ps4controller/build/hello/build/lib/hello
[0.785s] copying hello/talker_ID23.py -> /home/hisa/ROS2/topic_communication_with_ps4controller/build/hello/build/lib/hello
[0.785s] copying hello/__init__.py -> /home/hisa/ROS2/topic_communication_with_ps4controller/build/hello/build/lib/hello
[0.785s] copying hello/listener_ID2.py -> /home/hisa/ROS2/topic_communication_with_ps4controller/build/hello/build/lib/hello
[0.785s] copying hello/listener_ID1.py -> /home/hisa/ROS2/topic_communication_with_ps4controller/build/hello/build/lib/hello
[0.785s] copying hello/listener_ID3.py -> /home/hisa/ROS2/topic_communication_with_ps4controller/build/hello/build/lib/hello
[0.786s] running install
[0.791s] running install_lib
[0.804s] creating /home/hisa/ROS2/topic_communication_with_ps4controller/install/hello/lib/python3.12/site-packages/hello
[0.804s] copying /home/hisa/ROS2/topic_communication_with_ps4controller/build/hello/build/lib/hello/talker_ID12.py -> /home/hisa/ROS2/topic_communication_with_ps4controller/install/hello/lib/python3.12/site-packages/hello
[0.804s] copying /home/hisa/ROS2/topic_communication_with_ps4controller/build/hello/build/lib/hello/talker_ID23.py -> /home/hisa/ROS2/topic_communication_with_ps4controller/install/hello/lib/python3.12/site-packages/hello
[0.804s] copying /home/hisa/ROS2/topic_communication_with_ps4controller/build/hello/build/lib/hello/__init__.py -> /home/hisa/ROS2/topic_communication_with_ps4controller/install/hello/lib/python3.12/site-packages/hello
[0.804s] copying /home/hisa/ROS2/topic_communication_with_ps4controller/build/hello/build/lib/hello/listener_ID2.py -> /home/hisa/ROS2/topic_communication_with_ps4controller/install/hello/lib/python3.12/site-packages/hello
[0.805s] copying /home/hisa/ROS2/topic_communication_with_ps4controller/build/hello/build/lib/hello/listener_ID1.py -> /home/hisa/ROS2/topic_communication_with_ps4controller/install/hello/lib/python3.12/site-packages/hello
[0.805s] copying /home/hisa/ROS2/topic_communication_with_ps4controller/build/hello/build/lib/hello/listener_ID3.py -> /home/hisa/ROS2/topic_communication_with_ps4controller/install/hello/lib/python3.12/site-packages/hello
[0.805s] byte-compiling /home/hisa/ROS2/topic_communication_with_ps4controller/install/hello/lib/python3.12/site-packages/hello/talker_ID12.py to talker_ID12.cpython-312.pyc
[0.807s] byte-compiling /home/hisa/ROS2/topic_communication_with_ps4controller/install/hello/lib/python3.12/site-packages/hello/talker_ID23.py to talker_ID23.cpython-312.pyc
[0.808s] byte-compiling /home/hisa/ROS2/topic_communication_with_ps4controller/install/hello/lib/python3.12/site-packages/hello/__init__.py to __init__.cpython-312.pyc
[0.808s] byte-compiling /home/hisa/ROS2/topic_communication_with_ps4controller/install/hello/lib/python3.12/site-packages/hello/listener_ID2.py to listener_ID2.cpython-312.pyc
[0.808s] byte-compiling /home/hisa/ROS2/topic_communication_with_ps4controller/install/hello/lib/python3.12/site-packages/hello/listener_ID1.py to listener_ID1.cpython-312.pyc
[0.809s] byte-compiling /home/hisa/ROS2/topic_communication_with_ps4controller/install/hello/lib/python3.12/site-packages/hello/listener_ID3.py to listener_ID3.cpython-312.pyc
[0.809s] running install_data
[0.809s] error: can't copy 'resource/hello': doesn't exist or not a regular file
[0.843s] Invoked command in '/home/hisa/ROS2/topic_communication_with_ps4controller/src/hello' returned '1': DEBUGINFOD_URLS=https://debuginfod.ubuntu.com PYTHONPATH=/home/hisa/ROS2/topic_communication_with_ps4controller/build/hello/prefix_override:/usr/lib/python3/dist-packages/colcon_core/task/python/colcon_distutils_commands:/home/hisa/ROS2/topic_communication_with_ps4controller/install/hello/lib/python3.12/site-packages:${PYTHONPATH} /usr/bin/python3 -W ignore:setup.py install is deprecated setup.py egg_info --egg-base ../../build/hello build --build-base /home/hisa/ROS2/topic_communication_with_ps4controller/build/hello/build install --record /home/hisa/ROS2/topic_communication_with_ps4controller/build/hello/install.log --single-version-externally-managed install_data
