[0.173s] Invoking command in '/home/otete/topic_communication_with_ps4controller/build/hello_interfaces': CMAKE_PREFIX_PATH=${CMAKE_PREFIX_PATH}:/home/otete/topic_communication_with_ps4controller/install/hello:/opt/ros/humble /usr/bin/cmake --build /home/otete/topic_communication_with_ps4controller/build/hello_interfaces -- -j16 -l16
[0.205s] [ 12%] Built target hello_interfaces__rosidl_generator_c
[0.205s] [ 12%] Built target hello_interfaces__cpp
[0.211s] [ 12%] Built target ament_cmake_python_copy_hello_interfaces
[0.219s] [ 25%] Built target hello_interfaces__rosidl_typesupport_introspection_cpp
[0.219s] [ 32%] Built target hello_interfaces__rosidl_typesupport_c
[0.225s] [ 41%] Built target hello_interfaces__rosidl_typesupport_cpp
[0.225s] [ 51%] Built target hello_interfaces__rosidl_typesupport_fastrtps_cpp
[0.226s] [ 70%] Built target hello_interfaces__rosidl_typesupport_introspection_c
[0.226s] [ 70%] Built target hello_interfaces__rosidl_typesupport_fastrtps_c
[0.240s] [ 70%] Built target hello_interfaces
[0.254s] [ 74%] Built target hello_interfaces__py
[0.269s] [ 80%] Built target hello_interfaces__rosidl_generator_py
[0.284s] [ 93%] Built target hello_interfaces__rosidl_typesupport_fastrtps_c__pyext
[0.284s] [ 93%] Built target hello_interfaces__rosidl_typesupport_introspection_c__pyext
[0.290s] [100%] Built target hello_interfaces__rosidl_typesupport_c__pyext
[0.380s] running egg_info
[0.381s] writing hello_interfaces.egg-info/PKG-INFO
[0.381s] writing dependency_links to hello_interfaces.egg-info/dependency_links.txt
[0.381s] writing top-level names to hello_interfaces.egg-info/top_level.txt
[0.383s] reading manifest file 'hello_interfaces.egg-info/SOURCES.txt'
[0.383s] writing manifest file 'hello_interfaces.egg-info/SOURCES.txt'
[0.411s] [100%] Built target ament_cmake_python_build_hello_interfaces_egg
[0.423s] Invoked command in '/home/otete/topic_communication_with_ps4controller/build/hello_interfaces' returned '0': CMAKE_PREFIX_PATH=${CMAKE_PREFIX_PATH}:/home/otete/topic_communication_with_ps4controller/install/hello:/opt/ros/humble /usr/bin/cmake --build /home/otete/topic_communication_with_ps4controller/build/hello_interfaces -- -j16 -l16
[0.490s] Invoking command in '/home/otete/topic_communication_with_ps4controller/build/hello_interfaces': CMAKE_PREFIX_PATH=${CMAKE_PREFIX_PATH}:/home/otete/topic_communication_with_ps4controller/install/hello:/opt/ros/humble /usr/bin/cmake --install /home/otete/topic_communication_with_ps4controller/build/hello_interfaces
[0.496s] -- Install configuration: ""
[0.496s] -- Up-to-date: /home/otete/topic_communication_with_ps4controller/install/hello_interfaces/share/ament_index/resource_index/rosidl_interfaces/hello_interfaces
[0.496s] -- Up-to-date: /home/otete/topic_communication_with_ps4controller/install/hello_interfaces/include/hello_interfaces/hello_interfaces
[0.496s] -- Up-to-date: /home/otete/topic_communication_with_ps4controller/install/hello_interfaces/include/hello_interfaces/hello_interfaces/msg
[0.497s] -- Up-to-date: /home/otete/topic_communication_with_ps4controller/install/hello_interfaces/include/hello_interfaces/hello_interfaces/msg/detail
[0.497s] -- Up-to-date: /home/otete/topic_communication_with_ps4controller/install/hello_interfaces/include/hello_interfaces/hello_interfaces/msg/detail/my_string__functions.h
[0.497s] -- Up-to-date: /home/otete/topic_communication_with_ps4controller/install/hello_interfaces/include/hello_interfaces/hello_interfaces/msg/detail/my_string__functions.c
[0.497s] -- Up-to-date: /home/otete/topic_communication_with_ps4controller/install/hello_interfaces/include/hello_interfaces/hello_interfaces/msg/detail/my_string__type_support.h
[0.497s] -- Up-to-date: /home/otete/topic_communication_with_ps4controller/install/hello_interfaces/include/hello_interfaces/hello_interfaces/msg/detail/my_string__struct.h
[0.497s] -- Up-to-date: /home/otete/topic_communication_with_ps4controller/install/hello_interfaces/include/hello_interfaces/hello_interfaces/msg/rosidl_generator_c__visibility_control.h
[0.497s] -- Up-to-date: /home/otete/topic_communication_with_ps4controller/install/hello_interfaces/include/hello_interfaces/hello_interfaces/msg/my_string.h
[0.497s] -- Up-to-date: /home/otete/topic_communication_with_ps4controller/install/hello_interfaces/share/hello_interfaces/environment/library_path.sh
[0.497s] -- Up-to-date: /home/otete/topic_communication_with_ps4controller/install/hello_interfaces/share/hello_interfaces/environment/library_path.dsv
[0.497s] -- Up-to-date: /home/otete/topic_communication_with_ps4controller/install/hello_interfaces/lib/libhello_interfaces__rosidl_generator_c.so
[0.498s] -- Up-to-date: /home/otete/topic_communication_with_ps4controller/install/hello_interfaces/include/hello_interfaces/hello_interfaces
[0.498s] -- Up-to-date: /home/otete/topic_communication_with_ps4controller/install/hello_interfaces/include/hello_interfaces/hello_interfaces/msg
[0.498s] -- Up-to-date: /home/otete/topic_communication_with_ps4controller/install/hello_interfaces/include/hello_interfaces/hello_interfaces/msg/detail
[0.498s] -- Up-to-date: /home/otete/topic_communication_with_ps4controller/install/hello_interfaces/include/hello_interfaces/hello_interfaces/msg/detail/my_string__rosidl_typesupport_fastrtps_c.h
[0.498s] -- Up-to-date: /home/otete/topic_communication_with_ps4controller/install/hello_interfaces/include/hello_interfaces/hello_interfaces/msg/rosidl_typesupport_fastrtps_c__visibility_control.h
[0.498s] -- Up-to-date: /home/otete/topic_communication_with_ps4controller/install/hello_interfaces/lib/libhello_interfaces__rosidl_typesupport_fastrtps_c.so
[0.498s] -- Up-to-date: /home/otete/topic_communication_with_ps4controller/install/hello_interfaces/include/hello_interfaces/hello_interfaces
[0.498s] -- Up-to-date: /home/otete/topic_communication_with_ps4controller/install/hello_interfaces/include/hello_interfaces/hello_interfaces/msg
[0.498s] -- Up-to-date: /home/otete/topic_communication_with_ps4controller/install/hello_interfaces/include/hello_interfaces/hello_interfaces/msg/detail
[0.498s] -- Up-to-date: /home/otete/topic_communication_with_ps4controller/install/hello_interfaces/include/hello_interfaces/hello_interfaces/msg/detail/my_string__rosidl_typesupport_introspection_c.h
[0.499s] -- Up-to-date: /home/otete/topic_communication_with_ps4controller/install/hello_interfaces/include/hello_interfaces/hello_interfaces/msg/detail/my_string__type_support.c
[0.499s] -- Up-to-date: /home/otete/topic_communication_with_ps4controller/install/hello_interfaces/include/hello_interfaces/hello_interfaces/msg/rosidl_typesupport_introspection_c__visibility_control.h
[0.499s] -- Up-to-date: /home/otete/topic_communication_with_ps4controller/install/hello_interfaces/lib/libhello_interfaces__rosidl_typesupport_introspection_c.so
[0.499s] -- Up-to-date: /home/otete/topic_communication_with_ps4controller/install/hello_interfaces/lib/libhello_interfaces__rosidl_typesupport_c.so
[0.499s] -- Up-to-date: /home/otete/topic_communication_with_ps4controller/install/hello_interfaces/include/hello_interfaces/hello_interfaces
[0.499s] -- Up-to-date: /home/otete/topic_communication_with_ps4controller/install/hello_interfaces/include/hello_interfaces/hello_interfaces/msg
[0.499s] -- Up-to-date: /home/otete/topic_communication_with_ps4controller/install/hello_interfaces/include/hello_interfaces/hello_interfaces/msg/detail
[0.499s] -- Up-to-date: /home/otete/topic_communication_with_ps4controller/install/hello_interfaces/include/hello_interfaces/hello_interfaces/msg/detail/my_string__struct.hpp
[0.499s] -- Up-to-date: /home/otete/topic_communication_with_ps4controller/install/hello_interfaces/include/hello_interfaces/hello_interfaces/msg/detail/my_string__builder.hpp
[0.499s] -- Up-to-date: /home/otete/topic_communication_with_ps4controller/install/hello_interfaces/include/hello_interfaces/hello_interfaces/msg/detail/my_string__traits.hpp
[0.499s] -- Up-to-date: /home/otete/topic_communication_with_ps4controller/install/hello_interfaces/include/hello_interfaces/hello_interfaces/msg/my_string.hpp
[0.500s] -- Up-to-date: /home/otete/topic_communication_with_ps4controller/install/hello_interfaces/include/hello_interfaces/hello_interfaces
[0.500s] -- Up-to-date: /home/otete/topic_communication_with_ps4controller/install/hello_interfaces/include/hello_interfaces/hello_interfaces/msg
[0.500s] -- Up-to-date: /home/otete/topic_communication_with_ps4controller/install/hello_interfaces/include/hello_interfaces/hello_interfaces/msg/rosidl_typesupport_fastrtps_cpp__visibility_control.h
[0.500s] -- Up-to-date: /home/otete/topic_communication_with_ps4controller/install/hello_interfaces/include/hello_interfaces/hello_interfaces/msg/detail
[0.500s] -- Up-to-date: /home/otete/topic_communication_with_ps4controller/install/hello_interfaces/include/hello_interfaces/hello_interfaces/msg/detail/dds_fastrtps
[0.500s] -- Up-to-date: /home/otete/topic_communication_with_ps4controller/install/hello_interfaces/include/hello_interfaces/hello_interfaces/msg/detail/my_string__rosidl_typesupport_fastrtps_cpp.hpp
[0.500s] -- Up-to-date: /home/otete/topic_communication_with_ps4controller/install/hello_interfaces/lib/libhello_interfaces__rosidl_typesupport_fastrtps_cpp.so
[0.500s] -- Up-to-date: /home/otete/topic_communication_with_ps4controller/install/hello_interfaces/include/hello_interfaces/hello_interfaces
[0.500s] -- Up-to-date: /home/otete/topic_communication_with_ps4controller/install/hello_interfaces/include/hello_interfaces/hello_interfaces/msg
[0.501s] -- Up-to-date: /home/otete/topic_communication_with_ps4controller/install/hello_interfaces/include/hello_interfaces/hello_interfaces/msg/detail
[0.501s] -- Up-to-date: /home/otete/topic_communication_with_ps4controller/install/hello_interfaces/include/hello_interfaces/hello_interfaces/msg/detail/my_string__type_support.cpp
[0.501s] -- Up-to-date: /home/otete/topic_communication_with_ps4controller/install/hello_interfaces/include/hello_interfaces/hello_interfaces/msg/detail/my_string__rosidl_typesupport_introspection_cpp.hpp
[0.501s] -- Up-to-date: /home/otete/topic_communication_with_ps4controller/install/hello_interfaces/lib/libhello_interfaces__rosidl_typesupport_introspection_cpp.so
[0.501s] -- Up-to-date: /home/otete/topic_communication_with_ps4controller/install/hello_interfaces/lib/libhello_interfaces__rosidl_typesupport_cpp.so
[0.501s] -- Up-to-date: /home/otete/topic_communication_with_ps4controller/install/hello_interfaces/share/hello_interfaces/environment/pythonpath.sh
[0.501s] -- Up-to-date: /home/otete/topic_communication_with_ps4controller/install/hello_interfaces/share/hello_interfaces/environment/pythonpath.dsv
[0.501s] -- Up-to-date: /home/otete/topic_communication_with_ps4controller/install/hello_interfaces/local/lib/python3.10/dist-packages/hello_interfaces-0.0.0-py3.10.egg-info
[0.501s] -- Installing: /home/otete/topic_communication_with_ps4controller/install/hello_interfaces/local/lib/python3.10/dist-packages/hello_interfaces-0.0.0-py3.10.egg-info/PKG-INFO
[0.501s] -- Installing: /home/otete/topic_communication_with_ps4controller/install/hello_interfaces/local/lib/python3.10/dist-packages/hello_interfaces-0.0.0-py3.10.egg-info/top_level.txt
[0.501s] -- Installing: /home/otete/topic_communication_with_ps4controller/install/hello_interfaces/local/lib/python3.10/dist-packages/hello_interfaces-0.0.0-py3.10.egg-info/dependency_links.txt
[0.501s] -- Installing: /home/otete/topic_communication_with_ps4controller/install/hello_interfaces/local/lib/python3.10/dist-packages/hello_interfaces-0.0.0-py3.10.egg-info/SOURCES.txt
[0.502s] -- Up-to-date: /home/otete/topic_communication_with_ps4controller/install/hello_interfaces/local/lib/python3.10/dist-packages/hello_interfaces
[0.502s] -- Up-to-date: /home/otete/topic_communication_with_ps4controller/install/hello_interfaces/local/lib/python3.10/dist-packages/hello_interfaces/_hello_interfaces_s.ep.rosidl_typesupport_c.c
[0.502s] -- Up-to-date: /home/otete/topic_communication_with_ps4controller/install/hello_interfaces/local/lib/python3.10/dist-packages/hello_interfaces/hello_interfaces_s__rosidl_typesupport_fastrtps_c.cpython-310-x86_64-linux-gnu.so
[0.502s] -- Up-to-date: /home/otete/topic_communication_with_ps4controller/install/hello_interfaces/local/lib/python3.10/dist-packages/hello_interfaces/libhello_interfaces__rosidl_generator_py.so
[0.502s] -- Up-to-date: /home/otete/topic_communication_with_ps4controller/install/hello_interfaces/local/lib/python3.10/dist-packages/hello_interfaces/hello_interfaces_s__rosidl_typesupport_introspection_c.cpython-310-x86_64-linux-gnu.so
[0.502s] -- Up-to-date: /home/otete/topic_communication_with_ps4controller/install/hello_interfaces/local/lib/python3.10/dist-packages/hello_interfaces/hello_interfaces_s__rosidl_typesupport_c.cpython-310-x86_64-linux-gnu.so
[0.502s] -- Up-to-date: /home/otete/topic_communication_with_ps4controller/install/hello_interfaces/local/lib/python3.10/dist-packages/hello_interfaces/__init__.py
[0.502s] -- Up-to-date: /home/otete/topic_communication_with_ps4controller/install/hello_interfaces/local/lib/python3.10/dist-packages/hello_interfaces/_hello_interfaces_s.ep.rosidl_typesupport_fastrtps_c.c
[0.502s] -- Up-to-date: /home/otete/topic_communication_with_ps4controller/install/hello_interfaces/local/lib/python3.10/dist-packages/hello_interfaces/msg
[0.502s] -- Up-to-date: /home/otete/topic_communication_with_ps4controller/install/hello_interfaces/local/lib/python3.10/dist-packages/hello_interfaces/msg/_my_string_s.c
[0.502s] -- Up-to-date: /home/otete/topic_communication_with_ps4controller/install/hello_interfaces/local/lib/python3.10/dist-packages/hello_interfaces/msg/_my_string.py
[0.502s] -- Up-to-date: /home/otete/topic_communication_with_ps4controller/install/hello_interfaces/local/lib/python3.10/dist-packages/hello_interfaces/msg/__init__.py
[0.503s] -- Up-to-date: /home/otete/topic_communication_with_ps4controller/install/hello_interfaces/local/lib/python3.10/dist-packages/hello_interfaces/_hello_interfaces_s.ep.rosidl_typesupport_introspection_c.c
[0.527s] Listing '/home/otete/topic_communication_with_ps4controller/install/hello_interfaces/local/lib/python3.10/dist-packages/hello_interfaces'...
[0.527s] Listing '/home/otete/topic_communication_with_ps4controller/install/hello_interfaces/local/lib/python3.10/dist-packages/hello_interfaces/msg'...
[0.531s] -- Up-to-date: /home/otete/topic_communication_with_ps4controller/install/hello_interfaces/local/lib/python3.10/dist-packages/hello_interfaces/hello_interfaces_s__rosidl_typesupport_fastrtps_c.cpython-310-x86_64-linux-gnu.so
[0.531s] -- Up-to-date: /home/otete/topic_communication_with_ps4controller/install/hello_interfaces/local/lib/python3.10/dist-packages/hello_interfaces/hello_interfaces_s__rosidl_typesupport_introspection_c.cpython-310-x86_64-linux-gnu.so
[0.531s] -- Up-to-date: /home/otete/topic_communication_with_ps4controller/install/hello_interfaces/local/lib/python3.10/dist-packages/hello_interfaces/hello_interfaces_s__rosidl_typesupport_c.cpython-310-x86_64-linux-gnu.so
[0.531s] -- Up-to-date: /home/otete/topic_communication_with_ps4controller/install/hello_interfaces/lib/libhello_interfaces__rosidl_generator_py.so
[0.532s] -- Up-to-date: /home/otete/topic_communication_with_ps4controller/install/hello_interfaces/share/hello_interfaces/msg/MyString.idl
[0.532s] -- Up-to-date: /home/otete/topic_communication_with_ps4controller/install/hello_interfaces/share/hello_interfaces/msg/MyString.msg
[0.532s] -- Up-to-date: /home/otete/topic_communication_with_ps4controller/install/hello_interfaces/share/ament_index/resource_index/package_run_dependencies/hello_interfaces
[0.532s] -- Up-to-date: /home/otete/topic_communication_with_ps4controller/install/hello_interfaces/share/ament_index/resource_index/parent_prefix_path/hello_interfaces
[0.532s] -- Up-to-date: /home/otete/topic_communication_with_ps4controller/install/hello_interfaces/share/hello_interfaces/environment/ament_prefix_path.sh
[0.532s] -- Up-to-date: /home/otete/topic_communication_with_ps4controller/install/hello_interfaces/share/hello_interfaces/environment/ament_prefix_path.dsv
[0.532s] -- Up-to-date: /home/otete/topic_communication_with_ps4controller/install/hello_interfaces/share/hello_interfaces/environment/path.sh
[0.532s] -- Up-to-date: /home/otete/topic_communication_with_ps4controller/install/hello_interfaces/share/hello_interfaces/environment/path.dsv
[0.532s] -- Up-to-date: /home/otete/topic_communication_with_ps4controller/install/hello_interfaces/share/hello_interfaces/local_setup.bash
[0.533s] -- Up-to-date: /home/otete/topic_communication_with_ps4controller/install/hello_interfaces/share/hello_interfaces/local_setup.sh
[0.533s] -- Up-to-date: /home/otete/topic_communication_with_ps4controller/install/hello_interfaces/share/hello_interfaces/local_setup.zsh
[0.533s] -- Up-to-date: /home/otete/topic_communication_with_ps4controller/install/hello_interfaces/share/hello_interfaces/local_setup.dsv
[0.533s] -- Installing: /home/otete/topic_communication_with_ps4controller/install/hello_interfaces/share/hello_interfaces/package.dsv
[0.533s] -- Up-to-date: /home/otete/topic_communication_with_ps4controller/install/hello_interfaces/share/ament_index/resource_index/packages/hello_interfaces
[0.533s] -- Up-to-date: /home/otete/topic_communication_with_ps4controller/install/hello_interfaces/share/hello_interfaces/cmake/export_hello_interfaces__rosidl_generator_cExport.cmake
[0.533s] -- Up-to-date: /home/otete/topic_communication_with_ps4controller/install/hello_interfaces/share/hello_interfaces/cmake/export_hello_interfaces__rosidl_generator_cExport-noconfig.cmake
[0.533s] -- Up-to-date: /home/otete/topic_communication_with_ps4controller/install/hello_interfaces/share/hello_interfaces/cmake/export_hello_interfaces__rosidl_typesupport_fastrtps_cExport.cmake
[0.533s] -- Up-to-date: /home/otete/topic_communication_with_ps4controller/install/hello_interfaces/share/hello_interfaces/cmake/export_hello_interfaces__rosidl_typesupport_fastrtps_cExport-noconfig.cmake
[0.534s] -- Up-to-date: /home/otete/topic_communication_with_ps4controller/install/hello_interfaces/share/hello_interfaces/cmake/hello_interfaces__rosidl_typesupport_introspection_cExport.cmake
[0.534s] -- Up-to-date: /home/otete/topic_communication_with_ps4controller/install/hello_interfaces/share/hello_interfaces/cmake/hello_interfaces__rosidl_typesupport_introspection_cExport-noconfig.cmake
[0.534s] -- Up-to-date: /home/otete/topic_communication_with_ps4controller/install/hello_interfaces/share/hello_interfaces/cmake/hello_interfaces__rosidl_typesupport_cExport.cmake
[0.534s] -- Up-to-date: /home/otete/topic_communication_with_ps4controller/install/hello_interfaces/share/hello_interfaces/cmake/hello_interfaces__rosidl_typesupport_cExport-noconfig.cmake
[0.534s] -- Up-to-date: /home/otete/topic_communication_with_ps4controller/install/hello_interfaces/share/hello_interfaces/cmake/export_hello_interfaces__rosidl_generator_cppExport.cmake
[0.534s] -- Up-to-date: /home/otete/topic_communication_with_ps4controller/install/hello_interfaces/share/hello_interfaces/cmake/export_hello_interfaces__rosidl_typesupport_fastrtps_cppExport.cmake
[0.534s] -- Up-to-date: /home/otete/topic_communication_with_ps4controller/install/hello_interfaces/share/hello_interfaces/cmake/export_hello_interfaces__rosidl_typesupport_fastrtps_cppExport-noconfig.cmake
[0.534s] -- Up-to-date: /home/otete/topic_communication_with_ps4controller/install/hello_interfaces/share/hello_interfaces/cmake/hello_interfaces__rosidl_typesupport_introspection_cppExport.cmake
[0.534s] -- Up-to-date: /home/otete/topic_communication_with_ps4controller/install/hello_interfaces/share/hello_interfaces/cmake/hello_interfaces__rosidl_typesupport_introspection_cppExport-noconfig.cmake
[0.534s] -- Up-to-date: /home/otete/topic_communication_with_ps4controller/install/hello_interfaces/share/hello_interfaces/cmake/hello_interfaces__rosidl_typesupport_cppExport.cmake
[0.534s] -- Up-to-date: /home/otete/topic_communication_with_ps4controller/install/hello_interfaces/share/hello_interfaces/cmake/hello_interfaces__rosidl_typesupport_cppExport-noconfig.cmake
[0.535s] -- Up-to-date: /home/otete/topic_communication_with_ps4controller/install/hello_interfaces/share/hello_interfaces/cmake/export_hello_interfaces__rosidl_generator_pyExport.cmake
[0.535s] -- Up-to-date: /home/otete/topic_communication_with_ps4controller/install/hello_interfaces/share/hello_interfaces/cmake/export_hello_interfaces__rosidl_generator_pyExport-noconfig.cmake
[0.535s] -- Up-to-date: /home/otete/topic_communication_with_ps4controller/install/hello_interfaces/share/hello_interfaces/cmake/rosidl_cmake-extras.cmake
[0.535s] -- Up-to-date: /home/otete/topic_communication_with_ps4controller/install/hello_interfaces/share/hello_interfaces/cmake/ament_cmake_export_include_directories-extras.cmake
[0.535s] -- Up-to-date: /home/otete/topic_communication_with_ps4controller/install/hello_interfaces/share/hello_interfaces/cmake/ament_cmake_export_libraries-extras.cmake
[0.535s] -- Up-to-date: /home/otete/topic_communication_with_ps4controller/install/hello_interfaces/share/hello_interfaces/cmake/ament_cmake_export_targets-extras.cmake
[0.535s] -- Up-to-date: /home/otete/topic_communication_with_ps4controller/install/hello_interfaces/share/hello_interfaces/cmake/rosidl_cmake_export_typesupport_targets-extras.cmake
[0.535s] -- Up-to-date: /home/otete/topic_communication_with_ps4controller/install/hello_interfaces/share/hello_interfaces/cmake/ament_cmake_export_dependencies-extras.cmake
[0.535s] -- Up-to-date: /home/otete/topic_communication_with_ps4controller/install/hello_interfaces/share/hello_interfaces/cmake/rosidl_cmake_export_typesupport_libraries-extras.cmake
[0.535s] -- Up-to-date: /home/otete/topic_communication_with_ps4controller/install/hello_interfaces/share/hello_interfaces/cmake/hello_interfacesConfig.cmake
[0.535s] -- Up-to-date: /home/otete/topic_communication_with_ps4controller/install/hello_interfaces/share/hello_interfaces/cmake/hello_interfacesConfig-version.cmake
[0.535s] -- Up-to-date: /home/otete/topic_communication_with_ps4controller/install/hello_interfaces/share/hello_interfaces/package.xml
[0.537s] Invoked command in '/home/otete/topic_communication_with_ps4controller/build/hello_interfaces' returned '0': CMAKE_PREFIX_PATH=${CMAKE_PREFIX_PATH}:/home/otete/topic_communication_with_ps4controller/install/hello:/opt/ros/humble /usr/bin/cmake --install /home/otete/topic_communication_with_ps4controller/build/hello_interfaces
